2020-11-10 12:09:57,423 INFO o.a.j.u.JMeterUtils: Setting Locale to en_EN
2020-11-10 12:09:57,487 INFO o.a.j.JMeter: Loading user properties from: /opt/apache-jmeter-5.3/bin/user.properties
2020-11-10 12:09:57,488 INFO o.a.j.JMeter: Loading system properties from: /opt/apache-jmeter-5.3/bin/system.properties
2020-11-10 12:09:57,491 INFO o.a.j.JMeter: Setting JMeter property: gate-url=gitpr-gate-nightly.oes.opsmx.com
2020-11-10 12:09:57,491 INFO o.a.j.JMeter: Setting JMeter property: ui-url=gitpr-ui-nightly.oes.opsmx.com
2020-11-10 12:09:57,491 WARN o.a.j.JMeter: Removing JMeter property: port
2020-11-10 12:09:57,491 INFO o.a.j.JMeter: Setting JMeter property: protocol=http
2020-11-10 12:09:57,491 INFO o.a.j.JMeter: Setting JMeter property: username=user2
2020-11-10 12:09:57,491 INFO o.a.j.JMeter: Setting JMeter property: password=user2password
2020-11-10 12:09:57,491 INFO o.a.j.JMeter: Setting JMeter property: endpoint=opa:8181
2020-11-10 12:09:57,491 INFO o.a.j.JMeter: Setting JMeter property: jmeterengine.force.system.exit=true
2020-11-10 12:09:57,493 INFO o.a.j.JMeter: Copyright (c) 1998-2020 The Apache Software Foundation
2020-11-10 12:09:57,493 INFO o.a.j.JMeter: Version 5.3
2020-11-10 12:09:57,493 INFO o.a.j.JMeter: java.version=1.8.0_252
2020-11-10 12:09:57,493 INFO o.a.j.JMeter: java.vm.name=OpenJDK 64-Bit Server VM
2020-11-10 12:09:57,494 INFO o.a.j.JMeter: os.name=Linux
2020-11-10 12:09:57,494 INFO o.a.j.JMeter: os.arch=amd64
2020-11-10 12:09:57,494 INFO o.a.j.JMeter: os.version=4.15.0-1092-azure
2020-11-10 12:09:57,494 INFO o.a.j.JMeter: file.encoding=UTF-8
2020-11-10 12:09:57,494 INFO o.a.j.JMeter: java.awt.headless=true
2020-11-10 12:09:57,494 INFO o.a.j.JMeter: Max memory     =1073741824
2020-11-10 12:09:57,494 INFO o.a.j.JMeter: Available Processors =1
2020-11-10 12:09:57,532 INFO o.a.j.JMeter: Default Locale=English (EN)
2020-11-10 12:09:57,532 INFO o.a.j.JMeter: JMeter  Locale=English (EN)
2020-11-10 12:09:57,533 INFO o.a.j.JMeter: JMeterHome=/opt/apache-jmeter-5.3
2020-11-10 12:09:57,533 INFO o.a.j.JMeter: user.dir  =/jmeter-testing/jmeter-scripts
2020-11-10 12:09:57,533 INFO o.a.j.JMeter: PWD       =/jmeter-testing/jmeter-scripts
2020-11-10 12:09:57,540 INFO o.a.j.JMeter: IP: 10.244.7.75 Name: jmeter-3feb38bb56b052cd-trmrf FullName: jmeter-3feb38bb56b052cd-trmrf
2020-11-10 12:09:57,561 INFO o.a.j.s.FileServer: Default base='/jmeter-testing/jmeter-scripts'
2020-11-10 12:09:57,592 INFO o.a.j.s.FileServer: Set new base='/jmeter-testing/jmeter-scripts'
2020-11-10 12:09:58,390 INFO o.a.j.s.SaveService: Testplan (JMX) version: 2.2. Testlog (JTL) version: 2.2
2020-11-10 12:09:58,477 INFO o.a.j.s.SaveService: Using SaveService properties file encoding UTF-8
2020-11-10 12:09:58,495 INFO o.a.j.s.SaveService: Using SaveService properties version 5.0
2020-11-10 12:09:58,516 INFO o.a.j.s.SaveService: Loading file: C-Application-creation.jmx
2020-11-10 12:09:58,643 INFO o.a.j.p.h.c.CookieManager: Settings: Delete null: true Check: true Allow variable: true Save: false Prefix: COOKIE_
2020-11-10 12:09:58,703 INFO o.a.j.p.h.s.HTTPSamplerBase: Parser for text/html is org.apache.jmeter.protocol.http.parser.LagartoBasedHtmlParser
2020-11-10 12:09:58,703 INFO o.a.j.p.h.s.HTTPSamplerBase: Parser for application/xhtml+xml is org.apache.jmeter.protocol.http.parser.LagartoBasedHtmlParser
2020-11-10 12:09:58,704 INFO o.a.j.p.h.s.HTTPSamplerBase: Parser for application/xml is org.apache.jmeter.protocol.http.parser.LagartoBasedHtmlParser
2020-11-10 12:09:58,704 INFO o.a.j.p.h.s.HTTPSamplerBase: Parser for text/xml is org.apache.jmeter.protocol.http.parser.LagartoBasedHtmlParser
2020-11-10 12:09:58,704 INFO o.a.j.p.h.s.HTTPSamplerBase: Parser for text/vnd.wap.wml is org.apache.jmeter.protocol.http.parser.RegexpHTMLParser
2020-11-10 12:09:58,704 INFO o.a.j.p.h.s.HTTPSamplerBase: Parser for text/css is org.apache.jmeter.protocol.http.parser.CssParser
2020-11-10 12:10:00,570 INFO o.a.j.e.KeyToolUtils: keytool found at 'keytool'
2020-11-10 12:10:00,571 INFO o.a.j.p.h.p.ProxyControl: HTTP(S) Test Script Recorder SSL Proxy will use keys that support embedded 3rd party resources in file /opt/apache-jmeter-5.3/bin/proxyserver.jks
2020-11-10 12:10:00,775 INFO o.a.j.JMeter: Creating summariser <summary>
2020-11-10 12:10:00,802 INFO o.a.j.e.StandardJMeterEngine: Running the test!
2020-11-10 12:10:00,803 INFO o.a.j.s.SampleEvent: List of sample_variables: []
2020-11-10 12:10:00,803 INFO o.a.j.s.SampleEvent: List of sample_variables: []
2020-11-10 12:10:00,855 INFO o.a.j.e.u.CompoundVariable: Note: Function class names must contain the string: '.functions.'
2020-11-10 12:10:00,855 INFO o.a.j.e.u.CompoundVariable: Note: Function class names must not contain the string: '.gui.'
2020-11-10 12:10:03,549 INFO o.a.j.JMeter: Running test (1605010203549)
2020-11-10 12:10:03,793 INFO o.a.j.e.StandardJMeterEngine: Starting ThreadGroup: 1 : Thread Group
2020-11-10 12:10:03,794 INFO o.a.j.e.StandardJMeterEngine: Starting 1 threads for group Thread Group.
2020-11-10 12:10:03,794 INFO o.a.j.e.StandardJMeterEngine: Thread will continue on error
2020-11-10 12:10:03,794 INFO o.a.j.t.ThreadGroup: Starting thread group... number=1 threads=1 ramp-up=1 delayedStart=false
2020-11-10 12:10:03,825 INFO o.a.j.t.ThreadGroup: Started thread group number 1
2020-11-10 12:10:03,825 INFO o.a.j.e.StandardJMeterEngine: All thread groups have been started
2020-11-10 12:10:03,863 INFO o.a.j.s.SampleResult: Note: Sample TimeStamps are START times
2020-11-10 12:10:03,864 INFO o.a.j.s.SampleResult: sampleresult.default.encoding is set to ISO-8859-1
2020-11-10 12:10:03,864 INFO o.a.j.s.SampleResult: sampleresult.useNanoTime=true
2020-11-10 12:10:03,864 INFO o.a.j.s.SampleResult: sampleresult.nanoThreadSleep=5000
2020-11-10 12:10:03,885 INFO o.a.j.t.JMeterThread: Thread started: Thread Group 1-1
2020-11-10 12:10:03,965 INFO o.a.j.p.h.s.HTTPHCAbstractImpl: Local host = jmeter-3feb38bb56b052cd-trmrf
2020-11-10 12:10:03,985 INFO o.a.j.p.h.s.HTTPHC4Impl: HTTP request retry count = 0
2020-11-10 12:10:04,501 INFO o.a.j.r.Summariser: summary +      1 in 00:00:01 =    1.1/s Avg:   201 Min:   201 Max:   201 Err:     1 (100.00%) Active: 1 Started: 1 Finished: 0
2020-11-10 12:10:04,974 ERROR o.a.j.e.j.j.JMESPathExtractor: Error processing JSON content in JSON JMESPath Extractor, message: Unexpected character ('<' (code 60)): expected a valid value (JSON String, Number, Array, Object or token 'null', 'true' or 'false')
 at [Source: (String)"<html>
<head><title>400 The plain HTTP request was sent to HTTPS port</title></head>
<body>
<center><h1>400 Bad Request</h1></center>
<center>The plain HTTP request was sent to HTTPS port</center>
<hr><center>openresty/1.15.8.2</center>
</body>
</html>
"; line: 1, column: 2]
2020-11-10 12:10:05,704 INFO o.a.j.t.JMeterThread: Thread is done: Thread Group 1-1
2020-11-10 12:10:05,704 INFO o.a.j.t.JMeterThread: Thread finished: Thread Group 1-1
2020-11-10 12:10:05,707 INFO o.a.j.e.StandardJMeterEngine: Notifying test listeners of end of test
2020-11-10 12:10:06,158 INFO o.a.j.r.Summariser: summary +     55 in 00:00:02 =   33.5/s Avg:    16 Min:     1 Max:    72 Err:    52 (94.55%) Active: 0 Started: 1 Finished: 1
2020-11-10 12:10:06,158 INFO o.a.j.r.Summariser: summary =     56 in 00:00:03 =   21.5/s Avg:    19 Min:     1 Max:   201 Err:    53 (94.64%)
2020-11-10 12:10:06,160 INFO o.a.j.e.StandardJMeterEngine: Forced JVM shutdown requested at end of test
