2020-11-06 11:44:13,620 INFO o.a.j.u.JMeterUtils: Setting Locale to en_EN
2020-11-06 11:44:13,670 INFO o.a.j.JMeter: Loading user properties from: /opt/apache-jmeter-5.3/bin/user.properties
2020-11-06 11:44:13,676 INFO o.a.j.JMeter: Loading system properties from: /opt/apache-jmeter-5.3/bin/system.properties
2020-11-06 11:44:13,676 INFO o.a.j.JMeter: Setting JMeter property: gate-url=gitpr-gate-nightly.oes.opsmx.com
2020-11-06 11:44:13,676 INFO o.a.j.JMeter: Setting JMeter property: ui-url=gitpr-ui-nightly.oes.opsmx.com
2020-11-06 11:44:13,676 WARN o.a.j.JMeter: Removing JMeter property: port
2020-11-06 11:44:13,676 INFO o.a.j.JMeter: Setting JMeter property: protocol=http
2020-11-06 11:44:13,676 INFO o.a.j.JMeter: Setting JMeter property: username=user2
2020-11-06 11:44:13,677 INFO o.a.j.JMeter: Setting JMeter property: password=user2password
2020-11-06 11:44:13,677 INFO o.a.j.JMeter: Setting JMeter property: endpoint=opa:8181
2020-11-06 11:44:13,677 INFO o.a.j.JMeter: Setting JMeter property: jmeterengine.force.system.exit=true
2020-11-06 11:44:13,678 INFO o.a.j.JMeter: Copyright (c) 1998-2020 The Apache Software Foundation
2020-11-06 11:44:13,678 INFO o.a.j.JMeter: Version 5.3
2020-11-06 11:44:13,678 INFO o.a.j.JMeter: java.version=1.8.0_252
2020-11-06 11:44:13,678 INFO o.a.j.JMeter: java.vm.name=OpenJDK 64-Bit Server VM
2020-11-06 11:44:13,678 INFO o.a.j.JMeter: os.name=Linux
2020-11-06 11:44:13,678 INFO o.a.j.JMeter: os.arch=amd64
2020-11-06 11:44:13,678 INFO o.a.j.JMeter: os.version=4.15.0-1092-azure
2020-11-06 11:44:13,678 INFO o.a.j.JMeter: file.encoding=UTF-8
2020-11-06 11:44:13,679 INFO o.a.j.JMeter: java.awt.headless=true
2020-11-06 11:44:13,679 INFO o.a.j.JMeter: Max memory     =1073741824
2020-11-06 11:44:13,679 INFO o.a.j.JMeter: Available Processors =1
2020-11-06 11:44:13,705 INFO o.a.j.JMeter: Default Locale=English (EN)
2020-11-06 11:44:13,706 INFO o.a.j.JMeter: JMeter  Locale=English (EN)
2020-11-06 11:44:13,706 INFO o.a.j.JMeter: JMeterHome=/opt/apache-jmeter-5.3
2020-11-06 11:44:13,706 INFO o.a.j.JMeter: user.dir  =/jmeter-testing/jmeter-scripts
2020-11-06 11:44:13,706 INFO o.a.j.JMeter: PWD       =/jmeter-testing/jmeter-scripts
2020-11-06 11:44:13,706 INFO o.a.j.JMeter: IP: 10.244.0.6 Name: jmeter-3fe7f57331c4cdc2-wk87x FullName: jmeter-3fe7f57331c4cdc2-wk87x
2020-11-06 11:44:13,725 INFO o.a.j.s.FileServer: Default base='/jmeter-testing/jmeter-scripts'
2020-11-06 11:44:13,737 INFO o.a.j.s.FileServer: Set new base='/jmeter-testing/jmeter-scripts'
2020-11-06 11:44:14,174 INFO o.a.j.s.SaveService: Testplan (JMX) version: 2.2. Testlog (JTL) version: 2.2
2020-11-06 11:44:14,276 INFO o.a.j.s.SaveService: Using SaveService properties file encoding UTF-8
2020-11-06 11:44:14,292 INFO o.a.j.s.SaveService: Using SaveService properties version 5.0
2020-11-06 11:44:14,321 INFO o.a.j.s.SaveService: Loading file: C-Application-creation.jmx
2020-11-06 11:44:14,447 INFO o.a.j.p.h.c.CookieManager: Settings: Delete null: true Check: true Allow variable: true Save: false Prefix: COOKIE_
2020-11-06 11:44:14,505 INFO o.a.j.p.h.s.HTTPSamplerBase: Parser for text/html is org.apache.jmeter.protocol.http.parser.LagartoBasedHtmlParser
2020-11-06 11:44:14,506 INFO o.a.j.p.h.s.HTTPSamplerBase: Parser for application/xhtml+xml is org.apache.jmeter.protocol.http.parser.LagartoBasedHtmlParser
2020-11-06 11:44:14,511 INFO o.a.j.p.h.s.HTTPSamplerBase: Parser for application/xml is org.apache.jmeter.protocol.http.parser.LagartoBasedHtmlParser
2020-11-06 11:44:14,511 INFO o.a.j.p.h.s.HTTPSamplerBase: Parser for text/xml is org.apache.jmeter.protocol.http.parser.LagartoBasedHtmlParser
2020-11-06 11:44:14,511 INFO o.a.j.p.h.s.HTTPSamplerBase: Parser for text/vnd.wap.wml is org.apache.jmeter.protocol.http.parser.RegexpHTMLParser
2020-11-06 11:44:14,511 INFO o.a.j.p.h.s.HTTPSamplerBase: Parser for text/css is org.apache.jmeter.protocol.http.parser.CssParser
2020-11-06 11:44:16,111 INFO o.a.j.e.KeyToolUtils: keytool found at 'keytool'
2020-11-06 11:44:16,112 INFO o.a.j.p.h.p.ProxyControl: HTTP(S) Test Script Recorder SSL Proxy will use keys that support embedded 3rd party resources in file /opt/apache-jmeter-5.3/bin/proxyserver.jks
2020-11-06 11:44:16,284 INFO o.a.j.JMeter: Creating summariser <summary>
2020-11-06 11:44:16,321 INFO o.a.j.e.StandardJMeterEngine: Running the test!
2020-11-06 11:44:16,323 INFO o.a.j.s.SampleEvent: List of sample_variables: []
2020-11-06 11:44:16,323 INFO o.a.j.s.SampleEvent: List of sample_variables: []
2020-11-06 11:44:16,352 INFO o.a.j.e.u.CompoundVariable: Note: Function class names must contain the string: '.functions.'
2020-11-06 11:44:16,352 INFO o.a.j.e.u.CompoundVariable: Note: Function class names must not contain the string: '.gui.'
2020-11-06 11:44:17,752 INFO o.a.j.JMeter: Running test (1604663057752)
2020-11-06 11:44:17,931 INFO o.a.j.e.StandardJMeterEngine: Starting ThreadGroup: 1 : Thread Group
2020-11-06 11:44:17,932 INFO o.a.j.e.StandardJMeterEngine: Starting 1 threads for group Thread Group.
2020-11-06 11:44:17,932 INFO o.a.j.e.StandardJMeterEngine: Thread will continue on error
2020-11-06 11:44:17,932 INFO o.a.j.t.ThreadGroup: Starting thread group... number=1 threads=1 ramp-up=1 delayedStart=false
2020-11-06 11:44:17,968 INFO o.a.j.t.ThreadGroup: Started thread group number 1
2020-11-06 11:44:17,968 INFO o.a.j.e.StandardJMeterEngine: All thread groups have been started
2020-11-06 11:44:18,000 INFO o.a.j.s.SampleResult: Note: Sample TimeStamps are START times
2020-11-06 11:44:18,000 INFO o.a.j.s.SampleResult: sampleresult.default.encoding is set to ISO-8859-1
2020-11-06 11:44:18,000 INFO o.a.j.s.SampleResult: sampleresult.useNanoTime=true
2020-11-06 11:44:18,000 INFO o.a.j.s.SampleResult: sampleresult.nanoThreadSleep=5000
2020-11-06 11:44:18,021 INFO o.a.j.t.JMeterThread: Thread started: Thread Group 1-1
2020-11-06 11:44:18,096 INFO o.a.j.p.h.s.HTTPHCAbstractImpl: Local host = jmeter-3fe7f57331c4cdc2-wk87x
2020-11-06 11:44:18,108 INFO o.a.j.p.h.s.HTTPHC4Impl: HTTP request retry count = 0
2020-11-06 11:44:18,740 ERROR o.a.j.e.j.j.JMESPathExtractor: Error processing JSON content in JSON JMESPath Extractor, message: Unexpected character ('<' (code 60)): expected a valid value (JSON String, Number, Array, Object or token 'null', 'true' or 'false')
 at [Source: (String)"<html>
<head><title>400 The plain HTTP request was sent to HTTPS port</title></head>
<body>
<center><h1>400 Bad Request</h1></center>
<center>The plain HTTP request was sent to HTTPS port</center>
<hr><center>openresty/1.15.8.2</center>
</body>
</html>
"; line: 1, column: 2]
2020-11-06 11:44:19,424 INFO o.a.j.t.JMeterThread: Thread is done: Thread Group 1-1
2020-11-06 11:44:19,424 INFO o.a.j.t.JMeterThread: Thread finished: Thread Group 1-1
2020-11-06 11:44:19,432 INFO o.a.j.e.StandardJMeterEngine: Notifying test listeners of end of test
2020-11-06 11:44:19,668 INFO o.a.j.r.Summariser: summary =     56 in 00:00:02 =   29.2/s Avg:    15 Min:     1 Max:   239 Err:    53 (94.64%)
2020-11-06 11:44:19,672 INFO o.a.j.e.StandardJMeterEngine: Forced JVM shutdown requested at end of test
