2020-09-22 10:40:25,590 INFO o.a.j.u.JMeterUtils: Setting Locale to en_EN
2020-09-22 10:40:25,679 INFO o.a.j.JMeter: Loading user properties from: /opt/apache-jmeter-5.1.1/bin/user.properties
2020-09-22 10:40:25,680 INFO o.a.j.JMeter: Loading system properties from: /opt/apache-jmeter-5.1.1/bin/system.properties
2020-09-22 10:40:25,680 INFO o.a.j.JMeter: Setting JMeter property: gate-url=40.64.111.180
2020-09-22 10:40:25,680 INFO o.a.j.JMeter: Setting JMeter property: ui-url=40.64.111.207
2020-09-22 10:40:25,696 INFO o.a.j.JMeter: Setting JMeter property: port=8084
2020-09-22 10:40:25,696 INFO o.a.j.JMeter: Setting JMeter property: protocol=http
2020-09-22 10:40:25,696 INFO o.a.j.JMeter: Setting JMeter property: username=user2
2020-09-22 10:40:25,696 INFO o.a.j.JMeter: Setting JMeter property: password=user2password
2020-09-22 10:40:25,696 INFO o.a.j.JMeter: Setting JMeter property: endpoint=opa-svc:8181
2020-09-22 10:40:25,720 INFO o.a.j.JMeter: Copyright (c) 1998-2019 The Apache Software Foundation
2020-09-22 10:40:25,720 INFO o.a.j.JMeter: Version 5.1.1 r1855137
2020-09-22 10:40:25,736 INFO o.a.j.JMeter: java.version=1.8.0_222
2020-09-22 10:40:25,736 INFO o.a.j.JMeter: java.vm.name=OpenJDK 64-Bit Server VM
2020-09-22 10:40:25,736 INFO o.a.j.JMeter: os.name=Linux
2020-09-22 10:40:25,736 INFO o.a.j.JMeter: os.arch=amd64
2020-09-22 10:40:25,736 INFO o.a.j.JMeter: os.version=4.15.0-1092-azure
2020-09-22 10:40:25,736 INFO o.a.j.JMeter: file.encoding=UTF-8
2020-09-22 10:40:25,736 INFO o.a.j.JMeter: java.awt.headless=true
2020-09-22 10:40:25,737 INFO o.a.j.JMeter: Max memory     =1073741824
2020-09-22 10:40:25,737 INFO o.a.j.JMeter: Available Processors =1
2020-09-22 10:40:25,769 INFO o.a.j.JMeter: Default Locale=English (EN)
2020-09-22 10:40:25,770 INFO o.a.j.JMeter: JMeter  Locale=English (EN)
2020-09-22 10:40:25,770 INFO o.a.j.JMeter: JMeterHome=/opt/apache-jmeter-5.1.1
2020-09-22 10:40:25,770 INFO o.a.j.JMeter: user.dir  =/jmeter-testing/jmeter-scripts
2020-09-22 10:40:25,771 INFO o.a.j.JMeter: PWD       =/jmeter-testing/jmeter-scripts
2020-09-22 10:40:25,771 INFO o.a.j.JMeter: IP: 10.244.3.46 Name: jmeter-3fe650687fab53e1-kf7fb FullName: jmeter-3fe650687fab53e1-kf7fb
2020-09-22 10:40:25,797 INFO o.a.j.s.FileServer: Default base='/jmeter-testing/jmeter-scripts'
2020-09-22 10:40:25,829 INFO o.a.j.s.FileServer: Set new base='/jmeter-testing/jmeter-scripts'
2020-09-22 10:40:26,794 INFO o.a.j.s.SaveService: Testplan (JMX) version: 2.2. Testlog (JTL) version: 2.2
2020-09-22 10:40:26,939 INFO o.a.j.s.SaveService: Using SaveService properties file encoding UTF-8
2020-09-22 10:40:26,983 INFO o.a.j.s.SaveService: Using SaveService properties version 5.0
2020-09-22 10:40:27,022 INFO o.a.j.s.SaveService: Loading file: B-DataSource-OES3.jmx
2020-09-22 10:40:27,229 INFO o.a.j.p.h.c.CookieManager: Settings: Delete null: true Check: true Allow variable: true Save: false Prefix: COOKIE_
2020-09-22 10:40:27,347 INFO o.a.j.p.h.s.HTTPSamplerBase: Parser for text/html is org.apache.jmeter.protocol.http.parser.LagartoBasedHtmlParser
2020-09-22 10:40:27,347 INFO o.a.j.p.h.s.HTTPSamplerBase: Parser for application/xhtml+xml is org.apache.jmeter.protocol.http.parser.LagartoBasedHtmlParser
2020-09-22 10:40:27,347 INFO o.a.j.p.h.s.HTTPSamplerBase: Parser for application/xml is org.apache.jmeter.protocol.http.parser.LagartoBasedHtmlParser
2020-09-22 10:40:27,347 INFO o.a.j.p.h.s.HTTPSamplerBase: Parser for text/xml is org.apache.jmeter.protocol.http.parser.LagartoBasedHtmlParser
2020-09-22 10:40:27,347 INFO o.a.j.p.h.s.HTTPSamplerBase: Parser for text/vnd.wap.wml is org.apache.jmeter.protocol.http.parser.RegexpHTMLParser
2020-09-22 10:40:27,347 INFO o.a.j.p.h.s.HTTPSamplerBase: Parser for text/css is org.apache.jmeter.protocol.http.parser.CssParser
2020-09-22 10:40:28,694 INFO o.a.j.e.KeyToolUtils: keytool found at 'keytool'
2020-09-22 10:40:28,695 INFO o.a.j.p.h.p.ProxyControl: HTTP(S) Test Script Recorder SSL Proxy will use keys that support embedded 3rd party resources in file /opt/apache-jmeter-5.1.1/bin/proxyserver.jks
2020-09-22 10:40:28,886 INFO o.a.j.JMeter: Creating summariser <summary>
2020-09-22 10:40:29,011 INFO o.a.j.e.StandardJMeterEngine: Running the test!
2020-09-22 10:40:29,012 INFO o.a.j.s.SampleEvent: List of sample_variables: []
2020-09-22 10:40:29,012 INFO o.a.j.s.SampleEvent: List of sample_variables: []
2020-09-22 10:40:29,093 INFO o.a.j.e.u.CompoundVariable: Note: Function class names must contain the string: '.functions.'
2020-09-22 10:40:29,123 INFO o.a.j.e.u.CompoundVariable: Note: Function class names must not contain the string: '.gui.'
2020-09-22 10:40:30,723 INFO o.a.j.JMeter: Running test (1600771230723)
2020-09-22 10:40:30,882 INFO o.a.j.e.StandardJMeterEngine: Starting ThreadGroup: 1 : Thread Group
2020-09-22 10:40:30,882 INFO o.a.j.e.StandardJMeterEngine: Starting 1 threads for group Thread Group.
2020-09-22 10:40:30,883 INFO o.a.j.e.StandardJMeterEngine: Thread will continue on error
2020-09-22 10:40:30,883 INFO o.a.j.t.ThreadGroup: Starting thread group... number=1 threads=1 ramp-up=1 delayedStart=false
2020-09-22 10:40:30,917 INFO o.a.j.t.ThreadGroup: Started thread group number 1
2020-09-22 10:40:30,918 INFO o.a.j.e.StandardJMeterEngine: All thread groups have been started
2020-09-22 10:40:30,957 INFO o.a.j.s.SampleResult: Note: Sample TimeStamps are START times
2020-09-22 10:40:30,967 INFO o.a.j.s.SampleResult: sampleresult.default.encoding is set to ISO-8859-1
2020-09-22 10:40:30,977 INFO o.a.j.s.SampleResult: sampleresult.useNanoTime=true
2020-09-22 10:40:30,977 INFO o.a.j.s.SampleResult: sampleresult.nanoThreadSleep=5000
2020-09-22 10:40:30,995 INFO o.a.j.t.JMeterThread: Thread started: Thread Group 1-1
2020-09-22 10:40:31,089 INFO o.a.j.p.h.s.HTTPHCAbstractImpl: Local host = jmeter-3fe650687fab53e1-kf7fb
2020-09-22 10:40:31,116 INFO o.a.j.p.h.s.HTTPHC4Impl: HTTP request retry count = 0
2020-09-22 10:47:04,658 INFO o.a.j.r.Summariser: summary +      3 in 00:06:34 =    0.0/s Avg: 131083 Min: 130963 Max: 131213 Err:     3 (100.00%) Active: 1 Started: 1 Finished: 0
2020-09-22 10:58:00,012 INFO o.a.j.r.Summariser: summary +      5 in 00:10:55 =    0.0/s Avg: 131068 Min: 131064 Max: 131071 Err:     5 (100.00%) Active: 1 Started: 1 Finished: 0
2020-09-22 10:58:00,012 INFO o.a.j.r.Summariser: summary =      8 in 00:17:29 =    0.0/s Avg: 131074 Min: 130963 Max: 131213 Err:     8 (100.00%)
2020-09-22 11:04:33,228 INFO o.a.j.r.Summariser: summary +      3 in 00:06:33 =    0.0/s Avg: 131070 Min: 131070 Max: 131071 Err:     3 (100.00%) Active: 1 Started: 1 Finished: 0
2020-09-22 11:04:33,228 INFO o.a.j.r.Summariser: summary =     11 in 00:24:03 =    0.0/s Avg: 131073 Min: 130963 Max: 131213 Err:    11 (100.00%)
2020-09-22 11:22:01,804 INFO o.a.j.r.Summariser: summary +      8 in 00:17:29 =    0.0/s Avg: 131067 Min: 131050 Max: 131075 Err:     8 (100.00%) Active: 1 Started: 1 Finished: 0
2020-09-22 11:22:01,804 INFO o.a.j.r.Summariser: summary =     19 in 00:41:31 =    0.0/s Avg: 131070 Min: 130963 Max: 131213 Err:    19 (100.00%)
2020-09-22 11:22:01,804 INFO o.a.j.t.JMeterThread: Thread is done: Thread Group 1-1
2020-09-22 11:22:01,805 INFO o.a.j.t.JMeterThread: Thread finished: Thread Group 1-1
2020-09-22 11:22:01,805 INFO o.a.j.e.StandardJMeterEngine: Notifying test listeners of end of test
2020-09-22 11:22:01,807 INFO o.a.j.r.Summariser: summary =     19 in 00:41:31 =    0.0/s Avg: 131070 Min: 130963 Max: 131213 Err:    19 (100.00%)
