2020-11-23 09:06:28,665 INFO o.a.j.u.JMeterUtils: Setting Locale to en_EN
2020-11-23 09:06:28,712 INFO o.a.j.JMeter: Loading user properties from: /opt/apache-jmeter-5.3/bin/user.properties
2020-11-23 09:06:28,712 INFO o.a.j.JMeter: Loading system properties from: /opt/apache-jmeter-5.3/bin/system.properties
2020-11-23 09:06:28,713 INFO o.a.j.JMeter: Setting JMeter property: gate-url=gitpr-gate-nightly.oes.opsmx.com
2020-11-23 09:06:28,713 INFO o.a.j.JMeter: Setting JMeter property: ui-url=gitpr-ui-nightly.oes.opsmx.com
2020-11-23 09:06:28,713 WARN o.a.j.JMeter: Removing JMeter property: port
2020-11-23 09:06:28,713 INFO o.a.j.JMeter: Setting JMeter property: protocol=http
2020-11-23 09:06:28,713 INFO o.a.j.JMeter: Setting JMeter property: username=user2
2020-11-23 09:06:28,713 INFO o.a.j.JMeter: Setting JMeter property: password=user2password
2020-11-23 09:06:28,713 INFO o.a.j.JMeter: Setting JMeter property: endpoint=opa:8181
2020-11-23 09:06:28,713 INFO o.a.j.JMeter: Setting JMeter property: jmeterengine.force.system.exit=true
2020-11-23 09:06:28,715 INFO o.a.j.JMeter: Copyright (c) 1998-2020 The Apache Software Foundation
2020-11-23 09:06:28,715 INFO o.a.j.JMeter: Version 5.3
2020-11-23 09:06:28,715 INFO o.a.j.JMeter: java.version=1.8.0_252
2020-11-23 09:06:28,715 INFO o.a.j.JMeter: java.vm.name=OpenJDK 64-Bit Server VM
2020-11-23 09:06:28,715 INFO o.a.j.JMeter: os.name=Linux
2020-11-23 09:06:28,715 INFO o.a.j.JMeter: os.arch=amd64
2020-11-23 09:06:28,716 INFO o.a.j.JMeter: os.version=4.15.0-1092-azure
2020-11-23 09:06:28,716 INFO o.a.j.JMeter: file.encoding=UTF-8
2020-11-23 09:06:28,716 INFO o.a.j.JMeter: java.awt.headless=true
2020-11-23 09:06:28,723 INFO o.a.j.JMeter: Max memory     =1073741824
2020-11-23 09:06:28,723 INFO o.a.j.JMeter: Available Processors =1
2020-11-23 09:06:28,743 INFO o.a.j.JMeter: Default Locale=English (EN)
2020-11-23 09:06:28,743 INFO o.a.j.JMeter: JMeter  Locale=English (EN)
2020-11-23 09:06:28,743 INFO o.a.j.JMeter: JMeterHome=/opt/apache-jmeter-5.3
2020-11-23 09:06:28,743 INFO o.a.j.JMeter: user.dir  =/jmeter-testing/jmeter-scripts
2020-11-23 09:06:28,744 INFO o.a.j.JMeter: PWD       =/jmeter-testing/jmeter-scripts
2020-11-23 09:06:28,744 INFO o.a.j.JMeter: IP: 10.244.8.229 Name: jmeter-3fd83233ed2b7d4a-qnnmm FullName: jmeter-3fd83233ed2b7d4a-qnnmm
2020-11-23 09:06:28,762 INFO o.a.j.s.FileServer: Default base='/jmeter-testing/jmeter-scripts'
2020-11-23 09:06:28,773 INFO o.a.j.s.FileServer: Set new base='/jmeter-testing/jmeter-scripts'
2020-11-23 09:06:29,284 INFO o.a.j.s.SaveService: Testplan (JMX) version: 2.2. Testlog (JTL) version: 2.2
2020-11-23 09:06:29,401 INFO o.a.j.s.SaveService: Using SaveService properties file encoding UTF-8
2020-11-23 09:06:29,421 INFO o.a.j.s.SaveService: Using SaveService properties version 5.0
2020-11-23 09:06:29,450 INFO o.a.j.s.SaveService: Loading file: B-DataSource-OES3.jmx
2020-11-23 09:06:29,579 INFO o.a.j.p.h.c.CookieManager: Settings: Delete null: true Check: true Allow variable: true Save: false Prefix: COOKIE_
2020-11-23 09:06:29,650 INFO o.a.j.p.h.s.HTTPSamplerBase: Parser for text/html is org.apache.jmeter.protocol.http.parser.LagartoBasedHtmlParser
2020-11-23 09:06:29,650 INFO o.a.j.p.h.s.HTTPSamplerBase: Parser for application/xhtml+xml is org.apache.jmeter.protocol.http.parser.LagartoBasedHtmlParser
2020-11-23 09:06:29,650 INFO o.a.j.p.h.s.HTTPSamplerBase: Parser for application/xml is org.apache.jmeter.protocol.http.parser.LagartoBasedHtmlParser
2020-11-23 09:06:29,650 INFO o.a.j.p.h.s.HTTPSamplerBase: Parser for text/xml is org.apache.jmeter.protocol.http.parser.LagartoBasedHtmlParser
2020-11-23 09:06:29,651 INFO o.a.j.p.h.s.HTTPSamplerBase: Parser for text/vnd.wap.wml is org.apache.jmeter.protocol.http.parser.RegexpHTMLParser
2020-11-23 09:06:29,651 INFO o.a.j.p.h.s.HTTPSamplerBase: Parser for text/css is org.apache.jmeter.protocol.http.parser.CssParser
2020-11-23 09:06:30,294 INFO o.a.j.e.KeyToolUtils: keytool found at 'keytool'
2020-11-23 09:06:30,295 INFO o.a.j.p.h.p.ProxyControl: HTTP(S) Test Script Recorder SSL Proxy will use keys that support embedded 3rd party resources in file /opt/apache-jmeter-5.3/bin/proxyserver.jks
2020-11-23 09:06:30,395 INFO o.a.j.JMeter: Creating summariser <summary>
2020-11-23 09:06:30,495 INFO o.a.j.e.StandardJMeterEngine: Running the test!
2020-11-23 09:06:30,496 INFO o.a.j.s.SampleEvent: List of sample_variables: []
2020-11-23 09:06:30,496 INFO o.a.j.s.SampleEvent: List of sample_variables: []
2020-11-23 09:06:30,524 INFO o.a.j.e.u.CompoundVariable: Note: Function class names must contain the string: '.functions.'
2020-11-23 09:06:30,524 INFO o.a.j.e.u.CompoundVariable: Note: Function class names must not contain the string: '.gui.'
2020-11-23 09:06:31,799 INFO o.a.j.JMeter: Running test (1606122391799)
2020-11-23 09:06:31,972 INFO o.a.j.e.StandardJMeterEngine: Starting ThreadGroup: 1 : Thread Group
2020-11-23 09:06:31,973 INFO o.a.j.e.StandardJMeterEngine: Starting 1 threads for group Thread Group.
2020-11-23 09:06:31,973 INFO o.a.j.e.StandardJMeterEngine: Thread will continue on error
2020-11-23 09:06:31,974 INFO o.a.j.t.ThreadGroup: Starting thread group... number=1 threads=1 ramp-up=1 delayedStart=false
2020-11-23 09:06:32,004 INFO o.a.j.t.ThreadGroup: Started thread group number 1
2020-11-23 09:06:32,005 INFO o.a.j.e.StandardJMeterEngine: All thread groups have been started
2020-11-23 09:06:32,032 INFO o.a.j.s.SampleResult: Note: Sample TimeStamps are START times
2020-11-23 09:06:32,033 INFO o.a.j.s.SampleResult: sampleresult.default.encoding is set to ISO-8859-1
2020-11-23 09:06:32,033 INFO o.a.j.s.SampleResult: sampleresult.useNanoTime=true
2020-11-23 09:06:32,033 INFO o.a.j.s.SampleResult: sampleresult.nanoThreadSleep=5000
2020-11-23 09:06:32,042 INFO o.a.j.t.JMeterThread: Thread started: Thread Group 1-1
2020-11-23 09:06:32,110 INFO o.a.j.p.h.s.HTTPHCAbstractImpl: Local host = jmeter-3fd83233ed2b7d4a-qnnmm
2020-11-23 09:06:32,129 INFO o.a.j.p.h.s.HTTPHC4Impl: HTTP request retry count = 0
2020-11-23 09:06:32,743 INFO o.a.j.r.Summariser: summary +      1 in 00:00:01 =    1.1/s Avg:   207 Min:   207 Max:   207 Err:     0 (0.00%) Active: 1 Started: 1 Finished: 0
2020-11-23 09:06:39,117 INFO o.a.j.t.JMeterThread: Thread is done: Thread Group 1-1
2020-11-23 09:06:39,118 INFO o.a.j.t.JMeterThread: Thread finished: Thread Group 1-1
2020-11-23 09:06:39,127 INFO o.a.j.e.StandardJMeterEngine: Notifying test listeners of end of test
2020-11-23 09:06:39,135 INFO o.a.j.r.Summariser: summary +     20 in 00:00:06 =    3.1/s Avg:   316 Min:    11 Max:  4419 Err:     0 (0.00%) Active: 0 Started: 1 Finished: 1
2020-11-23 09:06:39,136 INFO o.a.j.r.Summariser: summary =     21 in 00:00:07 =    2.9/s Avg:   311 Min:    11 Max:  4419 Err:     0 (0.00%)
2020-11-23 09:06:39,145 INFO o.a.j.e.StandardJMeterEngine: Forced JVM shutdown requested at end of test
