2020-12-11 09:17:42,956 INFO o.a.j.u.JMeterUtils: Setting Locale to en_EN
2020-12-11 09:17:42,979 INFO o.a.j.JMeter: Loading user properties from: /opt/apache-jmeter-5.3/bin/user.properties
2020-12-11 09:17:42,979 INFO o.a.j.JMeter: Loading system properties from: /opt/apache-jmeter-5.3/bin/system.properties
2020-12-11 09:17:42,979 INFO o.a.j.JMeter: Setting JMeter property: gate-url=gitpr-gate-nightly.oes.opsmx.com
2020-12-11 09:17:42,980 INFO o.a.j.JMeter: Setting JMeter property: ui-url=gitpr-ui-nightly.oes.opsmx.com
2020-12-11 09:17:42,980 WARN o.a.j.JMeter: Removing JMeter property: port
2020-12-11 09:17:42,980 INFO o.a.j.JMeter: Setting JMeter property: protocol=http
2020-12-11 09:17:42,980 INFO o.a.j.JMeter: Setting JMeter property: username=user2
2020-12-11 09:17:42,980 INFO o.a.j.JMeter: Setting JMeter property: password=user2password
2020-12-11 09:17:42,980 INFO o.a.j.JMeter: Setting JMeter property: endpoint=opa:8181
2020-12-11 09:17:42,980 INFO o.a.j.JMeter: Setting JMeter property: jmeterengine.force.system.exit=true
2020-12-11 09:17:42,982 INFO o.a.j.JMeter: Copyright (c) 1998-2020 The Apache Software Foundation
2020-12-11 09:17:42,982 INFO o.a.j.JMeter: Version 5.3
2020-12-11 09:17:42,982 INFO o.a.j.JMeter: java.version=1.8.0_252
2020-12-11 09:17:42,982 INFO o.a.j.JMeter: java.vm.name=OpenJDK 64-Bit Server VM
2020-12-11 09:17:42,982 INFO o.a.j.JMeter: os.name=Linux
2020-12-11 09:17:42,982 INFO o.a.j.JMeter: os.arch=amd64
2020-12-11 09:17:42,982 INFO o.a.j.JMeter: os.version=4.15.0-1098-azure
2020-12-11 09:17:42,982 INFO o.a.j.JMeter: file.encoding=UTF-8
2020-12-11 09:17:42,982 INFO o.a.j.JMeter: java.awt.headless=true
2020-12-11 09:17:42,983 INFO o.a.j.JMeter: Max memory     =1073741824
2020-12-11 09:17:42,983 INFO o.a.j.JMeter: Available Processors =1
2020-12-11 09:17:42,990 INFO o.a.j.JMeter: Default Locale=English (EN)
2020-12-11 09:17:42,990 INFO o.a.j.JMeter: JMeter  Locale=English (EN)
2020-12-11 09:17:42,990 INFO o.a.j.JMeter: JMeterHome=/opt/apache-jmeter-5.3
2020-12-11 09:17:42,990 INFO o.a.j.JMeter: user.dir  =/jmeter-testing/jmeter-scripts
2020-12-11 09:17:42,991 INFO o.a.j.JMeter: PWD       =/jmeter-testing/jmeter-scripts
2020-12-11 09:17:42,991 INFO o.a.j.JMeter: IP: 10.244.20.32 Name: jmeter-3fd1d7bffe2fb90c-jdwf4 FullName: jmeter-3fd1d7bffe2fb90c-jdwf4
2020-12-11 09:17:42,997 INFO o.a.j.s.FileServer: Default base='/jmeter-testing/jmeter-scripts'
2020-12-11 09:17:43,003 INFO o.a.j.s.FileServer: Set new base='/jmeter-testing/jmeter-scripts'
2020-12-11 09:17:43,175 INFO o.a.j.s.SaveService: Testplan (JMX) version: 2.2. Testlog (JTL) version: 2.2
2020-12-11 09:17:43,205 INFO o.a.j.s.SaveService: Using SaveService properties file encoding UTF-8
2020-12-11 09:17:43,211 INFO o.a.j.s.SaveService: Using SaveService properties version 5.0
2020-12-11 09:17:43,218 INFO o.a.j.s.SaveService: Loading file: G-sonarqube-create-delete.jmx
2020-12-11 09:17:43,266 INFO o.a.j.p.h.c.CookieManager: Settings: Delete null: true Check: true Allow variable: true Save: false Prefix: COOKIE_
2020-12-11 09:17:43,286 INFO o.a.j.p.h.s.HTTPSamplerBase: Parser for text/html is org.apache.jmeter.protocol.http.parser.LagartoBasedHtmlParser
2020-12-11 09:17:43,286 INFO o.a.j.p.h.s.HTTPSamplerBase: Parser for application/xhtml+xml is org.apache.jmeter.protocol.http.parser.LagartoBasedHtmlParser
2020-12-11 09:17:43,287 INFO o.a.j.p.h.s.HTTPSamplerBase: Parser for application/xml is org.apache.jmeter.protocol.http.parser.LagartoBasedHtmlParser
2020-12-11 09:17:43,287 INFO o.a.j.p.h.s.HTTPSamplerBase: Parser for text/xml is org.apache.jmeter.protocol.http.parser.LagartoBasedHtmlParser
2020-12-11 09:17:43,287 INFO o.a.j.p.h.s.HTTPSamplerBase: Parser for text/vnd.wap.wml is org.apache.jmeter.protocol.http.parser.RegexpHTMLParser
2020-12-11 09:17:43,287 INFO o.a.j.p.h.s.HTTPSamplerBase: Parser for text/css is org.apache.jmeter.protocol.http.parser.CssParser
2020-12-11 09:17:43,625 INFO o.a.j.e.KeyToolUtils: keytool found at 'keytool'
2020-12-11 09:17:43,626 INFO o.a.j.p.h.p.ProxyControl: HTTP(S) Test Script Recorder SSL Proxy will use keys that support embedded 3rd party resources in file /opt/apache-jmeter-5.3/bin/proxyserver.jks
2020-12-11 09:17:43,672 INFO o.a.j.JMeter: Creating summariser <summary>
2020-12-11 09:17:43,678 INFO o.a.j.e.StandardJMeterEngine: Running the test!
2020-12-11 09:17:43,679 INFO o.a.j.s.SampleEvent: List of sample_variables: []
2020-12-11 09:17:43,679 INFO o.a.j.s.SampleEvent: List of sample_variables: []
2020-12-11 09:17:43,685 INFO o.a.j.e.u.CompoundVariable: Note: Function class names must contain the string: '.functions.'
2020-12-11 09:17:43,685 INFO o.a.j.e.u.CompoundVariable: Note: Function class names must not contain the string: '.gui.'
2020-12-11 09:17:44,110 INFO o.a.j.JMeter: Running test (1607678264110)
2020-12-11 09:17:44,182 INFO o.a.j.e.StandardJMeterEngine: Starting ThreadGroup: 1 : Thread Group
2020-12-11 09:17:44,182 INFO o.a.j.e.StandardJMeterEngine: Starting 1 threads for group Thread Group.
2020-12-11 09:17:44,182 INFO o.a.j.e.StandardJMeterEngine: Thread will continue on error
2020-12-11 09:17:44,183 INFO o.a.j.t.ThreadGroup: Starting thread group... number=1 threads=1 ramp-up=1 delayedStart=false
2020-12-11 09:17:44,193 INFO o.a.j.t.ThreadGroup: Started thread group number 1
2020-12-11 09:17:44,193 INFO o.a.j.e.StandardJMeterEngine: All thread groups have been started
2020-12-11 09:17:44,196 INFO o.a.j.s.SampleResult: Note: Sample TimeStamps are START times
2020-12-11 09:17:44,196 INFO o.a.j.s.SampleResult: sampleresult.default.encoding is set to ISO-8859-1
2020-12-11 09:17:44,197 INFO o.a.j.s.SampleResult: sampleresult.useNanoTime=true
2020-12-11 09:17:44,197 INFO o.a.j.s.SampleResult: sampleresult.nanoThreadSleep=5000
2020-12-11 09:17:44,202 INFO o.a.j.t.JMeterThread: Thread started: Thread Group 1-1
2020-12-11 09:17:44,226 INFO o.a.j.p.h.s.HTTPHCAbstractImpl: Local host = jmeter-3fd1d7bffe2fb90c-jdwf4
2020-12-11 09:17:44,232 INFO o.a.j.p.h.s.HTTPHC4Impl: HTTP request retry count = 0
2020-12-11 09:17:44,338 INFO o.a.j.p.h.s.h.LazyLayeredConnectionSocketFactory: Setting up HTTPS TrustAll Socket Factory
2020-12-11 09:17:44,345 INFO o.a.j.u.JsseSSLManager: Using default SSL protocol: TLS
2020-12-11 09:17:44,345 INFO o.a.j.u.JsseSSLManager: SSL session context: per-thread
2020-12-11 09:17:44,403 INFO o.a.j.u.SSLManager: JmeterKeyStore Location:  type JKS
2020-12-11 09:17:44,407 INFO o.a.j.u.SSLManager: KeyStore created OK
2020-12-11 09:17:44,407 WARN o.a.j.u.SSLManager: Keystore file not found, loading empty keystore
2020-12-11 09:18:02,154 INFO o.a.j.r.Summariser: summary +     56 in 00:00:18 =    3.1/s Avg:    49 Min:     3 Max:   419 Err:     4 (7.14%) Active: 1 Started: 1 Finished: 0
2020-12-11 09:18:14,223 INFO o.a.j.t.JMeterThread: Thread is done: Thread Group 1-1
2020-12-11 09:18:14,223 INFO o.a.j.t.JMeterThread: Thread finished: Thread Group 1-1
2020-12-11 09:18:14,224 INFO o.a.j.e.StandardJMeterEngine: Notifying test listeners of end of test
2020-12-11 09:18:14,225 INFO o.a.j.r.Summariser: summary +      4 in 00:00:12 =    0.3/s Avg:    16 Min:     6 Max:    24 Err:     0 (0.00%) Active: 0 Started: 1 Finished: 1
2020-12-11 09:18:14,226 INFO o.a.j.r.Summariser: summary =     60 in 00:00:30 =    2.0/s Avg:    46 Min:     3 Max:   419 Err:     4 (6.67%)
2020-12-11 09:18:14,226 INFO o.a.j.e.StandardJMeterEngine: Forced JVM shutdown requested at end of test
