2020-12-04 12:39:53,531 INFO o.a.j.u.JMeterUtils: Setting Locale to en_EN
2020-12-04 12:39:53,577 INFO o.a.j.JMeter: Loading user properties from: /opt/apache-jmeter-5.3/bin/user.properties
2020-12-04 12:39:53,577 INFO o.a.j.JMeter: Loading system properties from: /opt/apache-jmeter-5.3/bin/system.properties
2020-12-04 12:39:53,578 INFO o.a.j.JMeter: Setting JMeter property: gate-url=gitpr-gate-nightly.oes.opsmx.com
2020-12-04 12:39:53,578 INFO o.a.j.JMeter: Setting JMeter property: ui-url=gitpr-ui-nightly.oes.opsmx.com
2020-12-04 12:39:53,578 WARN o.a.j.JMeter: Removing JMeter property: port
2020-12-04 12:39:53,578 INFO o.a.j.JMeter: Setting JMeter property: protocol=http
2020-12-04 12:39:53,578 INFO o.a.j.JMeter: Setting JMeter property: username=user2
2020-12-04 12:39:53,578 INFO o.a.j.JMeter: Setting JMeter property: password=user2password
2020-12-04 12:39:53,578 INFO o.a.j.JMeter: Setting JMeter property: endpoint=opa:8181
2020-12-04 12:39:53,584 INFO o.a.j.JMeter: Setting JMeter property: jmeterengine.force.system.exit=true
2020-12-04 12:39:53,586 INFO o.a.j.JMeter: Copyright (c) 1998-2020 The Apache Software Foundation
2020-12-04 12:39:53,586 INFO o.a.j.JMeter: Version 5.3
2020-12-04 12:39:53,586 INFO o.a.j.JMeter: java.version=1.8.0_252
2020-12-04 12:39:53,586 INFO o.a.j.JMeter: java.vm.name=OpenJDK 64-Bit Server VM
2020-12-04 12:39:53,586 INFO o.a.j.JMeter: os.name=Linux
2020-12-04 12:39:53,586 INFO o.a.j.JMeter: os.arch=amd64
2020-12-04 12:39:53,587 INFO o.a.j.JMeter: os.version=4.15.0-1092-azure
2020-12-04 12:39:53,587 INFO o.a.j.JMeter: file.encoding=UTF-8
2020-12-04 12:39:53,587 INFO o.a.j.JMeter: java.awt.headless=true
2020-12-04 12:39:53,587 INFO o.a.j.JMeter: Max memory     =1073741824
2020-12-04 12:39:53,587 INFO o.a.j.JMeter: Available Processors =1
2020-12-04 12:39:53,607 INFO o.a.j.JMeter: Default Locale=English (EN)
2020-12-04 12:39:53,608 INFO o.a.j.JMeter: JMeter  Locale=English (EN)
2020-12-04 12:39:53,608 INFO o.a.j.JMeter: JMeterHome=/opt/apache-jmeter-5.3
2020-12-04 12:39:53,615 INFO o.a.j.JMeter: user.dir  =/jmeter-testing/jmeter-scripts
2020-12-04 12:39:53,615 INFO o.a.j.JMeter: PWD       =/jmeter-testing/jmeter-scripts
2020-12-04 12:39:53,615 INFO o.a.j.JMeter: IP: 10.244.15.22 Name: jmeter-3fd7b30c6b6677dc-6xk24 FullName: jmeter-3fd7b30c6b6677dc-6xk24
2020-12-04 12:39:53,634 INFO o.a.j.s.FileServer: Default base='/jmeter-testing/jmeter-scripts'
2020-12-04 12:39:53,663 INFO o.a.j.s.FileServer: Set new base='/jmeter-testing/jmeter-scripts'
2020-12-04 12:39:54,174 INFO o.a.j.s.SaveService: Testplan (JMX) version: 2.2. Testlog (JTL) version: 2.2
2020-12-04 12:39:54,263 INFO o.a.j.s.SaveService: Using SaveService properties file encoding UTF-8
2020-12-04 12:39:54,303 INFO o.a.j.s.SaveService: Using SaveService properties version 5.0
2020-12-04 12:39:54,330 INFO o.a.j.s.SaveService: Loading file: B-DataSource-OES3.jmx
2020-12-04 12:39:54,472 INFO o.a.j.p.h.c.CookieManager: Settings: Delete null: true Check: true Allow variable: true Save: false Prefix: COOKIE_
2020-12-04 12:39:54,533 INFO o.a.j.p.h.s.HTTPSamplerBase: Parser for text/html is org.apache.jmeter.protocol.http.parser.LagartoBasedHtmlParser
2020-12-04 12:39:54,533 INFO o.a.j.p.h.s.HTTPSamplerBase: Parser for application/xhtml+xml is org.apache.jmeter.protocol.http.parser.LagartoBasedHtmlParser
2020-12-04 12:39:54,533 INFO o.a.j.p.h.s.HTTPSamplerBase: Parser for application/xml is org.apache.jmeter.protocol.http.parser.LagartoBasedHtmlParser
2020-12-04 12:39:54,533 INFO o.a.j.p.h.s.HTTPSamplerBase: Parser for text/xml is org.apache.jmeter.protocol.http.parser.LagartoBasedHtmlParser
2020-12-04 12:39:54,533 INFO o.a.j.p.h.s.HTTPSamplerBase: Parser for text/vnd.wap.wml is org.apache.jmeter.protocol.http.parser.RegexpHTMLParser
2020-12-04 12:39:54,533 INFO o.a.j.p.h.s.HTTPSamplerBase: Parser for text/css is org.apache.jmeter.protocol.http.parser.CssParser
2020-12-04 12:39:55,713 INFO o.a.j.e.KeyToolUtils: keytool found at 'keytool'
2020-12-04 12:39:55,714 INFO o.a.j.p.h.p.ProxyControl: HTTP(S) Test Script Recorder SSL Proxy will use keys that support embedded 3rd party resources in file /opt/apache-jmeter-5.3/bin/proxyserver.jks
2020-12-04 12:39:55,891 INFO o.a.j.JMeter: Creating summariser <summary>
2020-12-04 12:39:56,058 INFO o.a.j.e.StandardJMeterEngine: Running the test!
2020-12-04 12:39:56,058 INFO o.a.j.s.SampleEvent: List of sample_variables: []
2020-12-04 12:39:56,058 INFO o.a.j.s.SampleEvent: List of sample_variables: []
2020-12-04 12:39:56,095 INFO o.a.j.e.u.CompoundVariable: Note: Function class names must contain the string: '.functions.'
2020-12-04 12:39:56,095 INFO o.a.j.e.u.CompoundVariable: Note: Function class names must not contain the string: '.gui.'
2020-12-04 12:39:57,315 INFO o.a.j.JMeter: Running test (1607085597315)
2020-12-04 12:39:57,536 INFO o.a.j.e.StandardJMeterEngine: Starting ThreadGroup: 1 : Thread Group
2020-12-04 12:39:57,537 INFO o.a.j.e.StandardJMeterEngine: Starting 1 threads for group Thread Group.
2020-12-04 12:39:57,537 INFO o.a.j.e.StandardJMeterEngine: Thread will continue on error
2020-12-04 12:39:57,537 INFO o.a.j.t.ThreadGroup: Starting thread group... number=1 threads=1 ramp-up=1 delayedStart=false
2020-12-04 12:39:57,559 INFO o.a.j.t.ThreadGroup: Started thread group number 1
2020-12-04 12:39:57,559 INFO o.a.j.e.StandardJMeterEngine: All thread groups have been started
2020-12-04 12:39:57,577 INFO o.a.j.s.SampleResult: Note: Sample TimeStamps are START times
2020-12-04 12:39:57,577 INFO o.a.j.s.SampleResult: sampleresult.default.encoding is set to ISO-8859-1
2020-12-04 12:39:57,577 INFO o.a.j.s.SampleResult: sampleresult.useNanoTime=true
2020-12-04 12:39:57,577 INFO o.a.j.s.SampleResult: sampleresult.nanoThreadSleep=5000
2020-12-04 12:39:57,584 INFO o.a.j.t.JMeterThread: Thread started: Thread Group 1-1
2020-12-04 12:39:57,644 INFO o.a.j.p.h.s.HTTPHCAbstractImpl: Local host = jmeter-3fd7b30c6b6677dc-6xk24
2020-12-04 12:39:57,662 INFO o.a.j.p.h.s.HTTPHC4Impl: HTTP request retry count = 0
2020-12-04 12:40:00,968 INFO o.a.j.r.Summariser: summary +     10 in 00:00:04 =    2.7/s Avg:   310 Min:    12 Max:  2612 Err:     0 (0.00%) Active: 1 Started: 1 Finished: 0
2020-12-04 12:40:12,598 INFO o.a.j.t.JMeterThread: Thread is done: Thread Group 1-1
2020-12-04 12:40:12,598 INFO o.a.j.t.JMeterThread: Thread finished: Thread Group 1-1
2020-12-04 12:40:12,599 INFO o.a.j.e.StandardJMeterEngine: Notifying test listeners of end of test
2020-12-04 12:40:12,600 INFO o.a.j.r.Summariser: summary +     10 in 00:00:12 =    0.9/s Avg:  1162 Min:    14 Max: 10961 Err:     0 (0.00%) Active: 0 Started: 1 Finished: 1
2020-12-04 12:40:12,600 INFO o.a.j.r.Summariser: summary =     20 in 00:00:15 =    1.3/s Avg:   736 Min:    12 Max: 10961 Err:     0 (0.00%)
2020-12-04 12:40:12,604 INFO o.a.j.e.StandardJMeterEngine: Forced JVM shutdown requested at end of test
