2020-12-16 03:57:46,191 INFO o.a.j.u.JMeterUtils: Setting Locale to en_EN
2020-12-16 03:57:46,207 INFO o.a.j.JMeter: Loading user properties from: /opt/apache-jmeter-5.3/bin/user.properties
2020-12-16 03:57:46,207 INFO o.a.j.JMeter: Loading system properties from: /opt/apache-jmeter-5.3/bin/system.properties
2020-12-16 03:57:46,207 INFO o.a.j.JMeter: Setting JMeter property: gate-url=nightly-oes3-gate.opsmx.com
2020-12-16 03:57:46,208 INFO o.a.j.JMeter: Setting JMeter property: ui-url=nightly-oes3.opsmx.com
2020-12-16 03:57:46,208 INFO o.a.j.JMeter: Setting JMeter property: port=443
2020-12-16 03:57:46,208 INFO o.a.j.JMeter: Setting JMeter property: protocol=http
2020-12-16 03:57:46,208 INFO o.a.j.JMeter: Setting JMeter property: username=user2
2020-12-16 03:57:46,208 INFO o.a.j.JMeter: Setting JMeter property: password=user2password
2020-12-16 03:57:46,208 INFO o.a.j.JMeter: Setting JMeter property: endpoint=opa:8181
2020-12-16 03:57:46,208 INFO o.a.j.JMeter: Setting JMeter property: jmeterengine.force.system.exit=true
2020-12-16 03:57:46,209 INFO o.a.j.JMeter: Copyright (c) 1998-2020 The Apache Software Foundation
2020-12-16 03:57:46,209 INFO o.a.j.JMeter: Version 5.3
2020-12-16 03:57:46,209 INFO o.a.j.JMeter: java.version=1.8.0_252
2020-12-16 03:57:46,209 INFO o.a.j.JMeter: java.vm.name=OpenJDK 64-Bit Server VM
2020-12-16 03:57:46,210 INFO o.a.j.JMeter: os.name=Linux
2020-12-16 03:57:46,210 INFO o.a.j.JMeter: os.arch=amd64
2020-12-16 03:57:46,210 INFO o.a.j.JMeter: os.version=4.4.0-194-generic
2020-12-16 03:57:46,210 INFO o.a.j.JMeter: file.encoding=UTF-8
2020-12-16 03:57:46,210 INFO o.a.j.JMeter: java.awt.headless=true
2020-12-16 03:57:46,210 INFO o.a.j.JMeter: Max memory     =1073741824
2020-12-16 03:57:46,210 INFO o.a.j.JMeter: Available Processors =1
2020-12-16 03:57:46,217 INFO o.a.j.JMeter: Default Locale=English (EN)
2020-12-16 03:57:46,217 INFO o.a.j.JMeter: JMeter  Locale=English (EN)
2020-12-16 03:57:46,217 INFO o.a.j.JMeter: JMeterHome=/opt/apache-jmeter-5.3
2020-12-16 03:57:46,217 INFO o.a.j.JMeter: user.dir  =/jmeter-testing/jmeter-scripts
2020-12-16 03:57:46,218 INFO o.a.j.JMeter: PWD       =/jmeter-testing/jmeter-scripts
2020-12-16 03:57:46,218 INFO o.a.j.JMeter: IP: 10.244.0.6 Name: jmeter-3fe3090f71d6a0bd-wgtt7 FullName: jmeter-3fe3090f71d6a0bd-wgtt7
2020-12-16 03:57:46,226 INFO o.a.j.s.FileServer: Default base='/jmeter-testing/jmeter-scripts'
2020-12-16 03:57:46,233 INFO o.a.j.s.FileServer: Set new base='/jmeter-testing/jmeter-scripts'
2020-12-16 03:57:46,413 INFO o.a.j.s.SaveService: Testplan (JMX) version: 2.2. Testlog (JTL) version: 2.2
2020-12-16 03:57:46,449 INFO o.a.j.s.SaveService: Using SaveService properties file encoding UTF-8
2020-12-16 03:57:46,455 INFO o.a.j.s.SaveService: Using SaveService properties version 5.0
2020-12-16 03:57:46,465 INFO o.a.j.s.SaveService: Loading file: G-sonarqube-create-delete.jmx
2020-12-16 03:57:46,535 INFO o.a.j.p.h.c.CookieManager: Settings: Delete null: true Check: true Allow variable: true Save: false Prefix: COOKIE_
2020-12-16 03:57:46,566 INFO o.a.j.p.h.s.HTTPSamplerBase: Parser for text/html is org.apache.jmeter.protocol.http.parser.LagartoBasedHtmlParser
2020-12-16 03:57:46,566 INFO o.a.j.p.h.s.HTTPSamplerBase: Parser for application/xhtml+xml is org.apache.jmeter.protocol.http.parser.LagartoBasedHtmlParser
2020-12-16 03:57:46,567 INFO o.a.j.p.h.s.HTTPSamplerBase: Parser for application/xml is org.apache.jmeter.protocol.http.parser.LagartoBasedHtmlParser
2020-12-16 03:57:46,567 INFO o.a.j.p.h.s.HTTPSamplerBase: Parser for text/xml is org.apache.jmeter.protocol.http.parser.LagartoBasedHtmlParser
2020-12-16 03:57:46,567 INFO o.a.j.p.h.s.HTTPSamplerBase: Parser for text/vnd.wap.wml is org.apache.jmeter.protocol.http.parser.RegexpHTMLParser
2020-12-16 03:57:46,567 INFO o.a.j.p.h.s.HTTPSamplerBase: Parser for text/css is org.apache.jmeter.protocol.http.parser.CssParser
2020-12-16 03:57:46,928 INFO o.a.j.e.KeyToolUtils: keytool found at 'keytool'
2020-12-16 03:57:46,929 INFO o.a.j.p.h.p.ProxyControl: HTTP(S) Test Script Recorder SSL Proxy will use keys that support embedded 3rd party resources in file /opt/apache-jmeter-5.3/bin/proxyserver.jks
2020-12-16 03:57:47,025 INFO o.a.j.JMeter: Creating summariser <summary>
2020-12-16 03:57:47,038 INFO o.a.j.e.StandardJMeterEngine: Running the test!
2020-12-16 03:57:47,039 INFO o.a.j.s.SampleEvent: List of sample_variables: []
2020-12-16 03:57:47,039 INFO o.a.j.s.SampleEvent: List of sample_variables: []
2020-12-16 03:57:47,059 INFO o.a.j.e.u.CompoundVariable: Note: Function class names must contain the string: '.functions.'
2020-12-16 03:57:47,059 INFO o.a.j.e.u.CompoundVariable: Note: Function class names must not contain the string: '.gui.'
2020-12-16 03:57:47,578 INFO o.a.j.JMeter: Running test (1608091067578)
2020-12-16 03:57:47,642 INFO o.a.j.e.StandardJMeterEngine: Starting ThreadGroup: 1 : Thread Group
2020-12-16 03:57:47,643 INFO o.a.j.e.StandardJMeterEngine: Starting 1 threads for group Thread Group.
2020-12-16 03:57:47,643 INFO o.a.j.e.StandardJMeterEngine: Thread will continue on error
2020-12-16 03:57:47,643 INFO o.a.j.t.ThreadGroup: Starting thread group... number=1 threads=1 ramp-up=1 delayedStart=false
2020-12-16 03:57:47,651 INFO o.a.j.t.ThreadGroup: Started thread group number 1
2020-12-16 03:57:47,651 INFO o.a.j.e.StandardJMeterEngine: All thread groups have been started
2020-12-16 03:57:47,654 INFO o.a.j.s.SampleResult: Note: Sample TimeStamps are START times
2020-12-16 03:57:47,654 INFO o.a.j.s.SampleResult: sampleresult.default.encoding is set to ISO-8859-1
2020-12-16 03:57:47,654 INFO o.a.j.s.SampleResult: sampleresult.useNanoTime=true
2020-12-16 03:57:47,654 INFO o.a.j.s.SampleResult: sampleresult.nanoThreadSleep=5000
2020-12-16 03:57:47,660 INFO o.a.j.t.JMeterThread: Thread started: Thread Group 1-1
2020-12-16 03:57:47,678 INFO o.a.j.p.h.s.HTTPHCAbstractImpl: Local host = jmeter-3fe3090f71d6a0bd-wgtt7
2020-12-16 03:57:47,684 INFO o.a.j.p.h.s.HTTPHC4Impl: HTTP request retry count = 0
2020-12-16 03:57:47,763 INFO o.a.j.p.h.s.h.LazyLayeredConnectionSocketFactory: Setting up HTTPS TrustAll Socket Factory
2020-12-16 03:57:47,771 INFO o.a.j.u.JsseSSLManager: Using default SSL protocol: TLS
2020-12-16 03:57:47,771 INFO o.a.j.u.JsseSSLManager: SSL session context: per-thread
2020-12-16 03:57:48,216 INFO o.a.j.u.SSLManager: JmeterKeyStore Location:  type JKS
2020-12-16 03:57:48,220 INFO o.a.j.u.SSLManager: KeyStore created OK
2020-12-16 03:57:48,221 WARN o.a.j.u.SSLManager: Keystore file not found, loading empty keystore
2020-12-16 03:58:00,408 INFO o.a.j.r.Summariser: summary +     18 in 00:00:13 =    1.4/s Avg:   701 Min:   261 Max:  1837 Err:     2 (11.11%) Active: 1 Started: 1 Finished: 0
2020-12-16 03:58:32,000 INFO o.a.j.r.Summariser: summary +     37 in 00:00:32 =    1.2/s Avg:   524 Min:   288 Max:   970 Err:    10 (27.03%) Active: 1 Started: 1 Finished: 0
2020-12-16 03:58:32,001 INFO o.a.j.r.Summariser: summary =     55 in 00:00:44 =    1.2/s Avg:   582 Min:   261 Max:  1837 Err:    12 (21.82%)
2020-12-16 03:58:50,426 INFO o.a.j.t.JMeterThread: Thread is done: Thread Group 1-1
2020-12-16 03:58:50,426 INFO o.a.j.t.JMeterThread: Thread finished: Thread Group 1-1
2020-12-16 03:58:50,429 INFO o.a.j.e.StandardJMeterEngine: Notifying test listeners of end of test
2020-12-16 03:58:50,430 INFO o.a.j.r.Summariser: summary +      5 in 00:00:18 =    0.3/s Avg:   680 Min:   334 Max:  1500 Err:     0 (0.00%) Active: 0 Started: 1 Finished: 1
2020-12-16 03:58:50,430 INFO o.a.j.r.Summariser: summary =     60 in 00:01:03 =    1.0/s Avg:   590 Min:   261 Max:  1837 Err:    12 (20.00%)
2020-12-16 03:58:50,430 INFO o.a.j.e.StandardJMeterEngine: Forced JVM shutdown requested at end of test
