2020-11-17 09:39:14,245 INFO o.a.j.u.JMeterUtils: Setting Locale to en_EN
2020-11-17 09:39:14,312 INFO o.a.j.JMeter: Loading user properties from: /opt/apache-jmeter-5.3/bin/user.properties
2020-11-17 09:39:14,312 INFO o.a.j.JMeter: Loading system properties from: /opt/apache-jmeter-5.3/bin/system.properties
2020-11-17 09:39:14,313 INFO o.a.j.JMeter: Setting JMeter property: gate-url=gitpr-gate-nightly.oes.opsmx.com
2020-11-17 09:39:14,313 INFO o.a.j.JMeter: Setting JMeter property: ui-url=gitpr-ui-nightly.oes.opsmx.com
2020-11-17 09:39:14,313 WARN o.a.j.JMeter: Removing JMeter property: port
2020-11-17 09:39:14,313 INFO o.a.j.JMeter: Setting JMeter property: protocol=http
2020-11-17 09:39:14,313 INFO o.a.j.JMeter: Setting JMeter property: username=user2
2020-11-17 09:39:14,313 INFO o.a.j.JMeter: Setting JMeter property: password=user2password
2020-11-17 09:39:14,313 INFO o.a.j.JMeter: Setting JMeter property: endpoint=opa:8181
2020-11-17 09:39:14,313 INFO o.a.j.JMeter: Setting JMeter property: jmeterengine.force.system.exit=true
2020-11-17 09:39:14,321 INFO o.a.j.JMeter: Copyright (c) 1998-2020 The Apache Software Foundation
2020-11-17 09:39:14,321 INFO o.a.j.JMeter: Version 5.3
2020-11-17 09:39:14,321 INFO o.a.j.JMeter: java.version=1.8.0_252
2020-11-17 09:39:14,321 INFO o.a.j.JMeter: java.vm.name=OpenJDK 64-Bit Server VM
2020-11-17 09:39:14,321 INFO o.a.j.JMeter: os.name=Linux
2020-11-17 09:39:14,321 INFO o.a.j.JMeter: os.arch=amd64
2020-11-17 09:39:14,321 INFO o.a.j.JMeter: os.version=4.15.0-1092-azure
2020-11-17 09:39:14,321 INFO o.a.j.JMeter: file.encoding=UTF-8
2020-11-17 09:39:14,322 INFO o.a.j.JMeter: java.awt.headless=true
2020-11-17 09:39:14,322 INFO o.a.j.JMeter: Max memory     =1073741824
2020-11-17 09:39:14,322 INFO o.a.j.JMeter: Available Processors =1
2020-11-17 09:39:14,362 INFO o.a.j.JMeter: Default Locale=English (EN)
2020-11-17 09:39:14,363 INFO o.a.j.JMeter: JMeter  Locale=English (EN)
2020-11-17 09:39:14,363 INFO o.a.j.JMeter: JMeterHome=/opt/apache-jmeter-5.3
2020-11-17 09:39:14,363 INFO o.a.j.JMeter: user.dir  =/jmeter-testing/jmeter-scripts
2020-11-17 09:39:14,369 INFO o.a.j.JMeter: PWD       =/jmeter-testing/jmeter-scripts
2020-11-17 09:39:14,370 INFO o.a.j.JMeter: IP: 10.244.5.59 Name: jmeter-3fb066d723708540-v4vht FullName: jmeter-3fb066d723708540-v4vht
2020-11-17 09:39:14,404 INFO o.a.j.s.FileServer: Default base='/jmeter-testing/jmeter-scripts'
2020-11-17 09:39:14,422 INFO o.a.j.s.FileServer: Set new base='/jmeter-testing/jmeter-scripts'
2020-11-17 09:39:15,489 INFO o.a.j.s.SaveService: Testplan (JMX) version: 2.2. Testlog (JTL) version: 2.2
2020-11-17 09:39:15,781 INFO o.a.j.s.SaveService: Using SaveService properties file encoding UTF-8
2020-11-17 09:39:15,847 INFO o.a.j.s.SaveService: Using SaveService properties version 5.0
2020-11-17 09:39:15,867 INFO o.a.j.s.SaveService: Loading file: B-DataSource-OES3.jmx
2020-11-17 09:39:16,011 INFO o.a.j.p.h.c.CookieManager: Settings: Delete null: true Check: true Allow variable: true Save: false Prefix: COOKIE_
2020-11-17 09:39:16,243 INFO o.a.j.p.h.s.HTTPSamplerBase: Parser for text/html is org.apache.jmeter.protocol.http.parser.LagartoBasedHtmlParser
2020-11-17 09:39:16,243 INFO o.a.j.p.h.s.HTTPSamplerBase: Parser for application/xhtml+xml is org.apache.jmeter.protocol.http.parser.LagartoBasedHtmlParser
2020-11-17 09:39:16,243 INFO o.a.j.p.h.s.HTTPSamplerBase: Parser for application/xml is org.apache.jmeter.protocol.http.parser.LagartoBasedHtmlParser
2020-11-17 09:39:16,243 INFO o.a.j.p.h.s.HTTPSamplerBase: Parser for text/xml is org.apache.jmeter.protocol.http.parser.LagartoBasedHtmlParser
2020-11-17 09:39:16,243 INFO o.a.j.p.h.s.HTTPSamplerBase: Parser for text/vnd.wap.wml is org.apache.jmeter.protocol.http.parser.RegexpHTMLParser
2020-11-17 09:39:16,243 INFO o.a.j.p.h.s.HTTPSamplerBase: Parser for text/css is org.apache.jmeter.protocol.http.parser.CssParser
2020-11-17 09:39:17,909 INFO o.a.j.e.KeyToolUtils: keytool found at 'keytool'
2020-11-17 09:39:17,910 INFO o.a.j.p.h.p.ProxyControl: HTTP(S) Test Script Recorder SSL Proxy will use keys that support embedded 3rd party resources in file /opt/apache-jmeter-5.3/bin/proxyserver.jks
2020-11-17 09:39:18,122 INFO o.a.j.JMeter: Creating summariser <summary>
2020-11-17 09:39:18,181 INFO o.a.j.e.StandardJMeterEngine: Running the test!
2020-11-17 09:39:18,183 INFO o.a.j.s.SampleEvent: List of sample_variables: []
2020-11-17 09:39:18,183 INFO o.a.j.s.SampleEvent: List of sample_variables: []
2020-11-17 09:39:18,570 INFO o.a.j.e.u.CompoundVariable: Note: Function class names must contain the string: '.functions.'
2020-11-17 09:39:18,571 INFO o.a.j.e.u.CompoundVariable: Note: Function class names must not contain the string: '.gui.'
2020-11-17 09:39:22,332 INFO o.a.j.JMeter: Running test (1605605962332)
2020-11-17 09:39:23,005 INFO o.a.j.e.StandardJMeterEngine: Starting ThreadGroup: 1 : Thread Group
2020-11-17 09:39:23,006 INFO o.a.j.e.StandardJMeterEngine: Starting 1 threads for group Thread Group.
2020-11-17 09:39:23,006 INFO o.a.j.e.StandardJMeterEngine: Thread will continue on error
2020-11-17 09:39:23,006 INFO o.a.j.t.ThreadGroup: Starting thread group... number=1 threads=1 ramp-up=1 delayedStart=false
2020-11-17 09:39:23,096 INFO o.a.j.t.ThreadGroup: Started thread group number 1
2020-11-17 09:39:23,097 INFO o.a.j.e.StandardJMeterEngine: All thread groups have been started
2020-11-17 09:39:23,185 INFO o.a.j.s.SampleResult: Note: Sample TimeStamps are START times
2020-11-17 09:39:23,186 INFO o.a.j.s.SampleResult: sampleresult.default.encoding is set to ISO-8859-1
2020-11-17 09:39:23,186 INFO o.a.j.s.SampleResult: sampleresult.useNanoTime=true
2020-11-17 09:39:23,186 INFO o.a.j.s.SampleResult: sampleresult.nanoThreadSleep=5000
2020-11-17 09:39:23,232 INFO o.a.j.t.JMeterThread: Thread started: Thread Group 1-1
2020-11-17 09:39:23,505 INFO o.a.j.p.h.s.HTTPHCAbstractImpl: Local host = jmeter-3fb066d723708540-v4vht
2020-11-17 09:39:23,555 INFO o.a.j.p.h.s.HTTPHC4Impl: HTTP request retry count = 0
2020-11-17 09:39:31,719 INFO o.a.j.r.Summariser: summary +     11 in 00:00:09 =    1.2/s Avg:   712 Min:    29 Max:  6290 Err:     0 (0.00%) Active: 1 Started: 1 Finished: 0
2020-11-17 09:39:33,856 INFO o.a.j.t.JMeterThread: Thread is done: Thread Group 1-1
2020-11-17 09:39:33,856 INFO o.a.j.t.JMeterThread: Thread finished: Thread Group 1-1
2020-11-17 09:39:33,864 INFO o.a.j.e.StandardJMeterEngine: Notifying test listeners of end of test
2020-11-17 09:39:33,865 INFO o.a.j.r.Summariser: summary +     10 in 00:00:02 =    4.6/s Avg:   208 Min:    79 Max:   859 Err:     0 (0.00%) Active: 0 Started: 1 Finished: 1
2020-11-17 09:39:33,866 INFO o.a.j.r.Summariser: summary =     21 in 00:00:12 =    1.8/s Avg:   472 Min:    29 Max:  6290 Err:     0 (0.00%)
2020-11-17 09:39:33,876 INFO o.a.j.e.StandardJMeterEngine: Forced JVM shutdown requested at end of test
