2020-09-18 08:52:20,894 INFO o.a.j.u.JMeterUtils: Setting Locale to en_EN
2020-09-18 08:52:20,973 INFO o.a.j.JMeter: Loading user properties from: /opt/apache-jmeter-5.1.1/bin/user.properties
2020-09-18 08:52:20,991 INFO o.a.j.JMeter: Loading system properties from: /opt/apache-jmeter-5.1.1/bin/system.properties
2020-09-18 08:52:20,991 INFO o.a.j.JMeter: Setting JMeter property: gate-url=40.64.111.180
2020-09-18 08:52:20,992 INFO o.a.j.JMeter: Setting JMeter property: ui-url=40.64.111.207
2020-09-18 08:52:20,992 INFO o.a.j.JMeter: Setting JMeter property: port=8084
2020-09-18 08:52:20,992 INFO o.a.j.JMeter: Setting JMeter property: protocol=http
2020-09-18 08:52:20,992 INFO o.a.j.JMeter: Setting JMeter property: username=user2
2020-09-18 08:52:20,992 INFO o.a.j.JMeter: Setting JMeter property: password=user2password
2020-09-18 08:52:20,992 INFO o.a.j.JMeter: Setting JMeter property: endpoint=opa-svc:8181
2020-09-18 08:52:21,011 INFO o.a.j.JMeter: Copyright (c) 1998-2019 The Apache Software Foundation
2020-09-18 08:52:21,011 INFO o.a.j.JMeter: Version 5.1.1 r1855137
2020-09-18 08:52:21,012 INFO o.a.j.JMeter: java.version=1.8.0_222
2020-09-18 08:52:21,012 INFO o.a.j.JMeter: java.vm.name=OpenJDK 64-Bit Server VM
2020-09-18 08:52:21,012 INFO o.a.j.JMeter: os.name=Linux
2020-09-18 08:52:21,012 INFO o.a.j.JMeter: os.arch=amd64
2020-09-18 08:52:21,012 INFO o.a.j.JMeter: os.version=4.15.0-1092-azure
2020-09-18 08:52:21,012 INFO o.a.j.JMeter: file.encoding=UTF-8
2020-09-18 08:52:21,012 INFO o.a.j.JMeter: java.awt.headless=true
2020-09-18 08:52:21,012 INFO o.a.j.JMeter: Max memory     =1073741824
2020-09-18 08:52:21,013 INFO o.a.j.JMeter: Available Processors =1
2020-09-18 08:52:21,041 INFO o.a.j.JMeter: Default Locale=English (EN)
2020-09-18 08:52:21,041 INFO o.a.j.JMeter: JMeter  Locale=English (EN)
2020-09-18 08:52:21,041 INFO o.a.j.JMeter: JMeterHome=/opt/apache-jmeter-5.1.1
2020-09-18 08:52:21,042 INFO o.a.j.JMeter: user.dir  =/jmeter-testing/jmeter-scripts
2020-09-18 08:52:21,042 INFO o.a.j.JMeter: PWD       =/jmeter-testing/jmeter-scripts
2020-09-18 08:52:21,042 INFO o.a.j.JMeter: IP: 10.244.4.120 Name: jmeter-3fe8985032ccc45b-z4r4j FullName: jmeter-3fe8985032ccc45b-z4r4j
2020-09-18 08:52:21,068 INFO o.a.j.s.FileServer: Default base='/jmeter-testing/jmeter-scripts'
2020-09-18 08:52:21,082 INFO o.a.j.s.FileServer: Set new base='/jmeter-testing/jmeter-scripts'
2020-09-18 08:52:22,029 INFO o.a.j.s.SaveService: Testplan (JMX) version: 2.2. Testlog (JTL) version: 2.2
2020-09-18 08:52:22,234 INFO o.a.j.s.SaveService: Using SaveService properties file encoding UTF-8
2020-09-18 08:52:22,264 INFO o.a.j.s.SaveService: Using SaveService properties version 5.0
2020-09-18 08:52:22,285 INFO o.a.j.s.SaveService: Loading file: B-DataSource-OES3.jmx
2020-09-18 08:52:22,411 INFO o.a.j.p.h.c.CookieManager: Settings: Delete null: true Check: true Allow variable: true Save: false Prefix: COOKIE_
2020-09-18 08:52:22,519 INFO o.a.j.p.h.s.HTTPSamplerBase: Parser for text/html is org.apache.jmeter.protocol.http.parser.LagartoBasedHtmlParser
2020-09-18 08:52:22,519 INFO o.a.j.p.h.s.HTTPSamplerBase: Parser for application/xhtml+xml is org.apache.jmeter.protocol.http.parser.LagartoBasedHtmlParser
2020-09-18 08:52:22,519 INFO o.a.j.p.h.s.HTTPSamplerBase: Parser for application/xml is org.apache.jmeter.protocol.http.parser.LagartoBasedHtmlParser
2020-09-18 08:52:22,526 INFO o.a.j.p.h.s.HTTPSamplerBase: Parser for text/xml is org.apache.jmeter.protocol.http.parser.LagartoBasedHtmlParser
2020-09-18 08:52:22,526 INFO o.a.j.p.h.s.HTTPSamplerBase: Parser for text/vnd.wap.wml is org.apache.jmeter.protocol.http.parser.RegexpHTMLParser
2020-09-18 08:52:22,526 INFO o.a.j.p.h.s.HTTPSamplerBase: Parser for text/css is org.apache.jmeter.protocol.http.parser.CssParser
2020-09-18 08:52:24,595 INFO o.a.j.e.KeyToolUtils: keytool found at 'keytool'
2020-09-18 08:52:24,596 INFO o.a.j.p.h.p.ProxyControl: HTTP(S) Test Script Recorder SSL Proxy will use keys that support embedded 3rd party resources in file /opt/apache-jmeter-5.1.1/bin/proxyserver.jks
2020-09-18 08:52:24,827 INFO o.a.j.JMeter: Creating summariser <summary>
2020-09-18 08:52:24,853 INFO o.a.j.e.StandardJMeterEngine: Running the test!
2020-09-18 08:52:24,854 INFO o.a.j.s.SampleEvent: List of sample_variables: []
2020-09-18 08:52:24,854 INFO o.a.j.s.SampleEvent: List of sample_variables: []
2020-09-18 08:52:24,909 INFO o.a.j.e.u.CompoundVariable: Note: Function class names must contain the string: '.functions.'
2020-09-18 08:52:24,910 INFO o.a.j.e.u.CompoundVariable: Note: Function class names must not contain the string: '.gui.'
2020-09-18 08:52:31,726 INFO o.a.j.JMeter: Running test (1600419151726)
2020-09-18 08:52:32,114 INFO o.a.j.e.StandardJMeterEngine: Starting ThreadGroup: 1 : Thread Group
2020-09-18 08:52:32,115 INFO o.a.j.e.StandardJMeterEngine: Starting 1 threads for group Thread Group.
2020-09-18 08:52:32,115 INFO o.a.j.e.StandardJMeterEngine: Thread will continue on error
2020-09-18 08:52:32,115 INFO o.a.j.t.ThreadGroup: Starting thread group... number=1 threads=1 ramp-up=1 delayedStart=false
2020-09-18 08:52:32,184 INFO o.a.j.t.ThreadGroup: Started thread group number 1
2020-09-18 08:52:32,191 INFO o.a.j.e.StandardJMeterEngine: All thread groups have been started
2020-09-18 08:52:32,232 INFO o.a.j.s.SampleResult: Note: Sample TimeStamps are START times
2020-09-18 08:52:32,232 INFO o.a.j.s.SampleResult: sampleresult.default.encoding is set to ISO-8859-1
2020-09-18 08:52:32,233 INFO o.a.j.s.SampleResult: sampleresult.useNanoTime=true
2020-09-18 08:52:32,233 INFO o.a.j.s.SampleResult: sampleresult.nanoThreadSleep=5000
2020-09-18 08:52:32,243 INFO o.a.j.t.JMeterThread: Thread started: Thread Group 1-1
2020-09-18 08:52:32,368 INFO o.a.j.p.h.s.HTTPHCAbstractImpl: Local host = jmeter-3fe8985032ccc45b-z4r4j
2020-09-18 08:52:32,388 INFO o.a.j.p.h.s.HTTPHC4Impl: HTTP request retry count = 0
2020-09-18 08:52:34,237 INFO o.a.j.r.Summariser: summary +      1 in 00:00:03 =    0.4/s Avg:  1242 Min:  1242 Max:  1242 Err:     1 (100.00%) Active: 1 Started: 1 Finished: 0
2020-09-18 08:52:54,245 INFO o.a.j.t.JMeterThread: Thread is done: Thread Group 1-1
2020-09-18 08:52:54,245 INFO o.a.j.t.JMeterThread: Thread finished: Thread Group 1-1
2020-09-18 08:52:54,248 INFO o.a.j.e.StandardJMeterEngine: Notifying test listeners of end of test
2020-09-18 08:52:54,259 INFO o.a.j.r.Summariser: summary +     19 in 00:00:20 =    0.9/s Avg:  1035 Min:  1011 Max:  1070 Err:    19 (100.00%) Active: 0 Started: 1 Finished: 1
2020-09-18 08:52:54,260 INFO o.a.j.r.Summariser: summary =     20 in 00:00:23 =    0.9/s Avg:  1046 Min:  1011 Max:  1242 Err:    20 (100.00%)
