2020-11-03 02:50:57,227 INFO o.a.j.u.JMeterUtils: Setting Locale to en_EN
2020-11-03 02:50:57,276 INFO o.a.j.JMeter: Loading user properties from: /opt/apache-jmeter-5.3/bin/user.properties
2020-11-03 02:50:57,277 INFO o.a.j.JMeter: Loading system properties from: /opt/apache-jmeter-5.3/bin/system.properties
2020-11-03 02:50:57,277 INFO o.a.j.JMeter: Setting JMeter property: gate-url=nightly-oes3-gate.opsmx.com
2020-11-03 02:50:57,278 INFO o.a.j.JMeter: Setting JMeter property: ui-url=nightly-oes3.opsmx.com
2020-11-03 02:50:57,278 INFO o.a.j.JMeter: Setting JMeter property: port=443
2020-11-03 02:50:57,278 INFO o.a.j.JMeter: Setting JMeter property: protocol=https
2020-11-03 02:50:57,278 INFO o.a.j.JMeter: Setting JMeter property: username=user2
2020-11-03 02:50:57,278 INFO o.a.j.JMeter: Setting JMeter property: password=user2password
2020-11-03 02:50:57,278 INFO o.a.j.JMeter: Setting JMeter property: endpoint=opa:8181
2020-11-03 02:50:57,278 INFO o.a.j.JMeter: Setting JMeter property: jmeterengine.force.system.exit=true
2020-11-03 02:50:57,286 INFO o.a.j.JMeter: Copyright (c) 1998-2020 The Apache Software Foundation
2020-11-03 02:50:57,287 INFO o.a.j.JMeter: Version 5.3
2020-11-03 02:50:57,287 INFO o.a.j.JMeter: java.version=1.8.0_252
2020-11-03 02:50:57,287 INFO o.a.j.JMeter: java.vm.name=OpenJDK 64-Bit Server VM
2020-11-03 02:50:57,287 INFO o.a.j.JMeter: os.name=Linux
2020-11-03 02:50:57,287 INFO o.a.j.JMeter: os.arch=amd64
2020-11-03 02:50:57,287 INFO o.a.j.JMeter: os.version=4.15.0-1092-azure
2020-11-03 02:50:57,287 INFO o.a.j.JMeter: file.encoding=UTF-8
2020-11-03 02:50:57,287 INFO o.a.j.JMeter: java.awt.headless=true
2020-11-03 02:50:57,294 INFO o.a.j.JMeter: Max memory     =1073741824
2020-11-03 02:50:57,294 INFO o.a.j.JMeter: Available Processors =1
2020-11-03 02:50:57,337 INFO o.a.j.JMeter: Default Locale=English (EN)
2020-11-03 02:50:57,337 INFO o.a.j.JMeter: JMeter  Locale=English (EN)
2020-11-03 02:50:57,342 INFO o.a.j.JMeter: JMeterHome=/opt/apache-jmeter-5.3
2020-11-03 02:50:57,342 INFO o.a.j.JMeter: user.dir  =/jmeter-testing/jmeter-scripts
2020-11-03 02:50:57,343 INFO o.a.j.JMeter: PWD       =/jmeter-testing/jmeter-scripts
2020-11-03 02:50:57,344 INFO o.a.j.JMeter: IP: 10.244.0.245 Name: jmeter-3fe4e37e028cbdd8-4xknm FullName: jmeter-3fe4e37e028cbdd8-4xknm
2020-11-03 02:50:57,364 INFO o.a.j.s.FileServer: Default base='/jmeter-testing/jmeter-scripts'
2020-11-03 02:50:57,391 INFO o.a.j.s.FileServer: Set new base='/jmeter-testing/jmeter-scripts'
2020-11-03 02:50:57,930 INFO o.a.j.s.SaveService: Testplan (JMX) version: 2.2. Testlog (JTL) version: 2.2
2020-11-03 02:50:58,005 INFO o.a.j.s.SaveService: Using SaveService properties file encoding UTF-8
2020-11-03 02:50:58,016 INFO o.a.j.s.SaveService: Using SaveService properties version 5.0
2020-11-03 02:50:58,035 INFO o.a.j.s.SaveService: Loading file: C-Application-creation.jmx
2020-11-03 02:50:58,145 INFO o.a.j.p.h.c.CookieManager: Settings: Delete null: true Check: true Allow variable: true Save: false Prefix: COOKIE_
2020-11-03 02:50:58,195 INFO o.a.j.p.h.s.HTTPSamplerBase: Parser for text/html is org.apache.jmeter.protocol.http.parser.LagartoBasedHtmlParser
2020-11-03 02:50:58,195 INFO o.a.j.p.h.s.HTTPSamplerBase: Parser for application/xhtml+xml is org.apache.jmeter.protocol.http.parser.LagartoBasedHtmlParser
2020-11-03 02:50:58,195 INFO o.a.j.p.h.s.HTTPSamplerBase: Parser for application/xml is org.apache.jmeter.protocol.http.parser.LagartoBasedHtmlParser
2020-11-03 02:50:58,195 INFO o.a.j.p.h.s.HTTPSamplerBase: Parser for text/xml is org.apache.jmeter.protocol.http.parser.LagartoBasedHtmlParser
2020-11-03 02:50:58,195 INFO o.a.j.p.h.s.HTTPSamplerBase: Parser for text/vnd.wap.wml is org.apache.jmeter.protocol.http.parser.RegexpHTMLParser
2020-11-03 02:50:58,195 INFO o.a.j.p.h.s.HTTPSamplerBase: Parser for text/css is org.apache.jmeter.protocol.http.parser.CssParser
2020-11-03 02:51:00,121 INFO o.a.j.e.KeyToolUtils: keytool found at 'keytool'
2020-11-03 02:51:00,122 INFO o.a.j.p.h.p.ProxyControl: HTTP(S) Test Script Recorder SSL Proxy will use keys that support embedded 3rd party resources in file /opt/apache-jmeter-5.3/bin/proxyserver.jks
2020-11-03 02:51:00,243 INFO o.a.j.JMeter: Creating summariser <summary>
2020-11-03 02:51:00,279 INFO o.a.j.e.StandardJMeterEngine: Running the test!
2020-11-03 02:51:00,280 INFO o.a.j.s.SampleEvent: List of sample_variables: []
2020-11-03 02:51:00,280 INFO o.a.j.s.SampleEvent: List of sample_variables: []
2020-11-03 02:51:00,302 INFO o.a.j.e.u.CompoundVariable: Note: Function class names must contain the string: '.functions.'
2020-11-03 02:51:00,308 INFO o.a.j.e.u.CompoundVariable: Note: Function class names must not contain the string: '.gui.'
2020-11-03 02:51:01,555 INFO o.a.j.JMeter: Running test (1604371861554)
2020-11-03 02:51:01,798 INFO o.a.j.e.StandardJMeterEngine: Starting ThreadGroup: 1 : Thread Group
2020-11-03 02:51:01,798 INFO o.a.j.e.StandardJMeterEngine: Starting 1 threads for group Thread Group.
2020-11-03 02:51:01,798 INFO o.a.j.e.StandardJMeterEngine: Thread will continue on error
2020-11-03 02:51:01,799 INFO o.a.j.t.ThreadGroup: Starting thread group... number=1 threads=1 ramp-up=1 delayedStart=false
2020-11-03 02:51:01,829 INFO o.a.j.t.ThreadGroup: Started thread group number 1
2020-11-03 02:51:01,829 INFO o.a.j.e.StandardJMeterEngine: All thread groups have been started
2020-11-03 02:51:01,860 INFO o.a.j.s.SampleResult: Note: Sample TimeStamps are START times
2020-11-03 02:51:01,860 INFO o.a.j.s.SampleResult: sampleresult.default.encoding is set to ISO-8859-1
2020-11-03 02:51:01,860 INFO o.a.j.s.SampleResult: sampleresult.useNanoTime=true
2020-11-03 02:51:01,869 INFO o.a.j.s.SampleResult: sampleresult.nanoThreadSleep=5000
2020-11-03 02:51:01,880 INFO o.a.j.t.JMeterThread: Thread started: Thread Group 1-1
2020-11-03 02:51:01,944 INFO o.a.j.p.h.s.HTTPHCAbstractImpl: Local host = jmeter-3fe4e37e028cbdd8-4xknm
2020-11-03 02:51:01,958 INFO o.a.j.p.h.s.HTTPHC4Impl: HTTP request retry count = 0
2020-11-03 02:51:02,255 INFO o.a.j.p.h.s.h.LazyLayeredConnectionSocketFactory: Setting up HTTPS TrustAll Socket Factory
2020-11-03 02:51:02,271 INFO o.a.j.u.JsseSSLManager: Using default SSL protocol: TLS
2020-11-03 02:51:02,271 INFO o.a.j.u.JsseSSLManager: SSL session context: per-thread
2020-11-03 02:51:02,619 INFO o.a.j.u.SSLManager: JmeterKeyStore Location:  type JKS
2020-11-03 02:51:02,646 INFO o.a.j.u.SSLManager: KeyStore created OK
2020-11-03 02:51:02,646 WARN o.a.j.u.SSLManager: Keystore file not found, loading empty keystore
2020-11-03 02:51:03,676 INFO o.a.j.r.Summariser: summary +      1 in 00:00:02 =    0.5/s Avg:  1450 Min:  1450 Max:  1450 Err:     0 (0.00%) Active: 1 Started: 1 Finished: 0
2020-11-03 02:51:08,245 INFO o.a.j.t.JMeterThread: Thread is done: Thread Group 1-1
2020-11-03 02:51:08,245 INFO o.a.j.t.JMeterThread: Thread finished: Thread Group 1-1
2020-11-03 02:51:08,246 INFO o.a.j.e.StandardJMeterEngine: Notifying test listeners of end of test
2020-11-03 02:51:08,400 INFO o.a.j.r.Summariser: summary +     53 in 00:00:05 =   11.2/s Avg:    84 Min:    27 Max:   239 Err:     0 (0.00%) Active: 0 Started: 1 Finished: 1
2020-11-03 02:51:08,400 INFO o.a.j.r.Summariser: summary =     54 in 00:00:07 =    7.9/s Avg:   109 Min:    27 Max:  1450 Err:     0 (0.00%)
2020-11-03 02:51:08,406 INFO o.a.j.e.StandardJMeterEngine: Forced JVM shutdown requested at end of test
