2020-09-04 11:41:00,414 INFO o.a.j.u.JMeterUtils: Setting Locale to en_EN
2020-09-04 11:41:00,461 INFO o.a.j.JMeter: Loading user properties from: /opt/apache-jmeter-5.1.1/bin/user.properties
2020-09-04 11:41:00,462 INFO o.a.j.JMeter: Loading system properties from: /opt/apache-jmeter-5.1.1/bin/system.properties
2020-09-04 11:41:00,462 INFO o.a.j.JMeter: Setting JMeter property: gate-url=oes-demo-api.opsmx.com
2020-09-04 11:41:00,463 INFO o.a.j.JMeter: Setting JMeter property: ui-url=oes-demo.opsmx.com
2020-09-04 11:41:00,463 INFO o.a.j.JMeter: Setting JMeter property: port=443
2020-09-04 11:41:00,463 INFO o.a.j.JMeter: Setting JMeter property: protocol=https
2020-09-04 11:41:00,463 INFO o.a.j.JMeter: Setting JMeter property: username=admin
2020-09-04 11:41:00,463 INFO o.a.j.JMeter: Setting JMeter property: password=opsmx@123
2020-09-04 11:41:00,463 INFO o.a.j.JMeter: Setting JMeter property: endpoint=opa-svc.oes3:8181
2020-09-04 11:41:00,481 INFO o.a.j.JMeter: Copyright (c) 1998-2019 The Apache Software Foundation
2020-09-04 11:41:00,481 INFO o.a.j.JMeter: Version 5.1.1 r1855137
2020-09-04 11:41:00,481 INFO o.a.j.JMeter: java.version=1.8.0_222
2020-09-04 11:41:00,481 INFO o.a.j.JMeter: java.vm.name=OpenJDK 64-Bit Server VM
2020-09-04 11:41:00,481 INFO o.a.j.JMeter: os.name=Linux
2020-09-04 11:41:00,481 INFO o.a.j.JMeter: os.arch=amd64
2020-09-04 11:41:00,481 INFO o.a.j.JMeter: os.version=4.15.0-1092-azure
2020-09-04 11:41:00,481 INFO o.a.j.JMeter: file.encoding=UTF-8
2020-09-04 11:41:00,481 INFO o.a.j.JMeter: java.awt.headless=true
2020-09-04 11:41:00,482 INFO o.a.j.JMeter: Max memory     =1073741824
2020-09-04 11:41:00,482 INFO o.a.j.JMeter: Available Processors =1
2020-09-04 11:41:00,501 INFO o.a.j.JMeter: Default Locale=English (EN)
2020-09-04 11:41:00,501 INFO o.a.j.JMeter: JMeter  Locale=English (EN)
2020-09-04 11:41:00,501 INFO o.a.j.JMeter: JMeterHome=/opt/apache-jmeter-5.1.1
2020-09-04 11:41:00,502 INFO o.a.j.JMeter: user.dir  =/jmeter-testing/jmeter-scripts
2020-09-04 11:41:00,502 INFO o.a.j.JMeter: PWD       =/jmeter-testing/jmeter-scripts
2020-09-04 11:41:00,502 INFO o.a.j.JMeter: IP: 10.244.3.34 Name: jmeter-3fe75f6b47c67ce9-dtgn5 FullName: jmeter-3fe75f6b47c67ce9-dtgn5
2020-09-04 11:41:00,518 INFO o.a.j.s.FileServer: Default base='/jmeter-testing/jmeter-scripts'
2020-09-04 11:41:00,547 INFO o.a.j.s.FileServer: Set new base='/jmeter-testing/jmeter-scripts'
2020-09-04 11:41:01,001 INFO o.a.j.s.SaveService: Testplan (JMX) version: 2.2. Testlog (JTL) version: 2.2
2020-09-04 11:41:01,082 INFO o.a.j.s.SaveService: Using SaveService properties file encoding UTF-8
2020-09-04 11:41:01,099 INFO o.a.j.s.SaveService: Using SaveService properties version 5.0
2020-09-04 11:41:01,120 INFO o.a.j.s.SaveService: Loading file: F-oes-policy-edit-and-delete.jmx
2020-09-04 11:41:01,259 INFO o.a.j.p.h.c.CookieManager: Settings: Delete null: true Check: true Allow variable: true Save: false Prefix: COOKIE_
2020-09-04 11:41:01,308 INFO o.a.j.p.h.s.HTTPSamplerBase: Parser for text/html is org.apache.jmeter.protocol.http.parser.LagartoBasedHtmlParser
2020-09-04 11:41:01,308 INFO o.a.j.p.h.s.HTTPSamplerBase: Parser for application/xhtml+xml is org.apache.jmeter.protocol.http.parser.LagartoBasedHtmlParser
2020-09-04 11:41:01,308 INFO o.a.j.p.h.s.HTTPSamplerBase: Parser for application/xml is org.apache.jmeter.protocol.http.parser.LagartoBasedHtmlParser
2020-09-04 11:41:01,314 INFO o.a.j.p.h.s.HTTPSamplerBase: Parser for text/xml is org.apache.jmeter.protocol.http.parser.LagartoBasedHtmlParser
2020-09-04 11:41:01,314 INFO o.a.j.p.h.s.HTTPSamplerBase: Parser for text/vnd.wap.wml is org.apache.jmeter.protocol.http.parser.RegexpHTMLParser
2020-09-04 11:41:01,314 INFO o.a.j.p.h.s.HTTPSamplerBase: Parser for text/css is org.apache.jmeter.protocol.http.parser.CssParser
2020-09-04 11:41:02,091 INFO o.a.j.e.KeyToolUtils: keytool found at 'keytool'
2020-09-04 11:41:02,092 INFO o.a.j.p.h.p.ProxyControl: HTTP(S) Test Script Recorder SSL Proxy will use keys that support embedded 3rd party resources in file /opt/apache-jmeter-5.1.1/bin/proxyserver.jks
2020-09-04 11:41:02,137 INFO o.a.j.JMeter: Creating summariser <summary>
2020-09-04 11:41:02,175 INFO o.a.j.e.StandardJMeterEngine: Running the test!
2020-09-04 11:41:02,176 INFO o.a.j.s.SampleEvent: List of sample_variables: []
2020-09-04 11:41:02,176 INFO o.a.j.s.SampleEvent: List of sample_variables: []
2020-09-04 11:41:02,196 INFO o.a.j.e.u.CompoundVariable: Note: Function class names must contain the string: '.functions.'
2020-09-04 11:41:02,196 INFO o.a.j.e.u.CompoundVariable: Note: Function class names must not contain the string: '.gui.'
2020-09-04 11:41:03,622 INFO o.a.j.JMeter: Running test (1599219663622)
2020-09-04 11:41:03,856 INFO o.a.j.e.StandardJMeterEngine: Starting ThreadGroup: 1 : Thread Group
2020-09-04 11:41:03,857 INFO o.a.j.e.StandardJMeterEngine: Starting 1 threads for group Thread Group.
2020-09-04 11:41:03,857 INFO o.a.j.e.StandardJMeterEngine: Thread will continue on error
2020-09-04 11:41:03,860 INFO o.a.j.t.ThreadGroup: Starting thread group... number=1 threads=1 ramp-up=1 delayedStart=false
2020-09-04 11:41:03,897 INFO o.a.j.t.ThreadGroup: Started thread group number 1
2020-09-04 11:41:03,897 INFO o.a.j.e.StandardJMeterEngine: All thread groups have been started
2020-09-04 11:41:03,916 INFO o.a.j.s.SampleResult: Note: Sample TimeStamps are START times
2020-09-04 11:41:03,916 INFO o.a.j.s.SampleResult: sampleresult.default.encoding is set to ISO-8859-1
2020-09-04 11:41:03,917 INFO o.a.j.s.SampleResult: sampleresult.useNanoTime=true
2020-09-04 11:41:03,917 INFO o.a.j.s.SampleResult: sampleresult.nanoThreadSleep=5000
2020-09-04 11:41:03,919 INFO o.a.j.t.JMeterThread: Thread started: Thread Group 1-1
2020-09-04 11:41:03,988 INFO o.a.j.p.h.s.HTTPHCAbstractImpl: Local host = jmeter-3fe75f6b47c67ce9-dtgn5
2020-09-04 11:41:04,002 INFO o.a.j.p.h.s.HTTPHC4Impl: HTTP request retry count = 0
2020-09-04 11:41:04,306 INFO o.a.j.p.h.s.h.LazyLayeredConnectionSocketFactory: Setting up HTTPS TrustAll Socket Factory
2020-09-04 11:41:04,319 INFO o.a.j.u.JsseSSLManager: Using default SSL protocol: TLS
2020-09-04 11:41:04,320 INFO o.a.j.u.JsseSSLManager: SSL session context: per-thread
2020-09-04 11:41:04,520 INFO o.a.j.u.SSLManager: JmeterKeyStore Location:  type JKS
2020-09-04 11:41:04,530 INFO o.a.j.u.SSLManager: KeyStore created OK
2020-09-04 11:41:04,530 WARN o.a.j.u.SSLManager: Keystore file not found, loading empty keystore
2020-09-04 11:41:05,649 INFO o.a.j.r.Summariser: summary +      1 in 00:00:02 =    0.5/s Avg:  1478 Min:  1478 Max:  1478 Err:     1 (100.00%) Active: 1 Started: 1 Finished: 0
2020-09-04 11:41:12,224 INFO o.a.j.t.JMeterThread: Thread is done: Thread Group 1-1
2020-09-04 11:41:12,224 INFO o.a.j.t.JMeterThread: Thread finished: Thread Group 1-1
2020-09-04 11:41:12,225 INFO o.a.j.e.StandardJMeterEngine: Notifying test listeners of end of test
2020-09-04 11:41:12,227 INFO o.a.j.r.Summariser: summary +     29 in 00:00:07 =    4.4/s Avg:   225 Min:    66 Max:  1383 Err:     0 (0.00%) Active: 0 Started: 1 Finished: 1
2020-09-04 11:41:12,233 INFO o.a.j.r.Summariser: summary =     30 in 00:00:09 =    3.5/s Avg:   266 Min:    66 Max:  1478 Err:     1 (3.33%)
