2020-09-08 13:48:58,629 INFO o.a.j.u.JMeterUtils: Setting Locale to en_EN
2020-09-08 13:48:58,675 INFO o.a.j.JMeter: Loading user properties from: /opt/apache-jmeter-5.1.1/bin/user.properties
2020-09-08 13:48:58,675 INFO o.a.j.JMeter: Loading system properties from: /opt/apache-jmeter-5.1.1/bin/system.properties
2020-09-08 13:48:58,675 INFO o.a.j.JMeter: Setting JMeter property: gate-url=oes-demo-api.opsmx.com
2020-09-08 13:48:58,675 INFO o.a.j.JMeter: Setting JMeter property: ui-url=oes-demo.opsmx.com
2020-09-08 13:48:58,676 INFO o.a.j.JMeter: Setting JMeter property: port=443
2020-09-08 13:48:58,676 INFO o.a.j.JMeter: Setting JMeter property: protocol=https
2020-09-08 13:48:58,676 INFO o.a.j.JMeter: Setting JMeter property: username=admin
2020-09-08 13:48:58,676 INFO o.a.j.JMeter: Setting JMeter property: password=opsmx@123
2020-09-08 13:48:58,676 INFO o.a.j.JMeter: Setting JMeter property: endpoint=opa-svc.oes3:8181
2020-09-08 13:48:58,693 INFO o.a.j.JMeter: Copyright (c) 1998-2019 The Apache Software Foundation
2020-09-08 13:48:58,693 INFO o.a.j.JMeter: Version 5.1.1 r1855137
2020-09-08 13:48:58,694 INFO o.a.j.JMeter: java.version=1.8.0_222
2020-09-08 13:48:58,694 INFO o.a.j.JMeter: java.vm.name=OpenJDK 64-Bit Server VM
2020-09-08 13:48:58,694 INFO o.a.j.JMeter: os.name=Linux
2020-09-08 13:48:58,694 INFO o.a.j.JMeter: os.arch=amd64
2020-09-08 13:48:58,694 INFO o.a.j.JMeter: os.version=4.15.0-1092-azure
2020-09-08 13:48:58,694 INFO o.a.j.JMeter: file.encoding=UTF-8
2020-09-08 13:48:58,694 INFO o.a.j.JMeter: java.awt.headless=true
2020-09-08 13:48:58,694 INFO o.a.j.JMeter: Max memory     =1073741824
2020-09-08 13:48:58,695 INFO o.a.j.JMeter: Available Processors =1
2020-09-08 13:48:58,713 INFO o.a.j.JMeter: Default Locale=English (EN)
2020-09-08 13:48:58,714 INFO o.a.j.JMeter: JMeter  Locale=English (EN)
2020-09-08 13:48:58,714 INFO o.a.j.JMeter: JMeterHome=/opt/apache-jmeter-5.1.1
2020-09-08 13:48:58,714 INFO o.a.j.JMeter: user.dir  =/jmeter-testing/jmeter-scripts
2020-09-08 13:48:58,714 INFO o.a.j.JMeter: PWD       =/jmeter-testing/jmeter-scripts
2020-09-08 13:48:58,715 INFO o.a.j.JMeter: IP: 10.244.0.35 Name: jmeter-3fd39d36ae4c4e34-lh7xb FullName: jmeter-3fd39d36ae4c4e34-lh7xb
2020-09-08 13:48:58,732 INFO o.a.j.s.FileServer: Default base='/jmeter-testing/jmeter-scripts'
2020-09-08 13:48:58,745 INFO o.a.j.s.FileServer: Set new base='/jmeter-testing/jmeter-scripts'
2020-09-08 13:48:59,423 INFO o.a.j.s.SaveService: Testplan (JMX) version: 2.2. Testlog (JTL) version: 2.2
2020-09-08 13:48:59,580 INFO o.a.j.s.SaveService: Using SaveService properties file encoding UTF-8
2020-09-08 13:48:59,614 INFO o.a.j.s.SaveService: Using SaveService properties version 5.0
2020-09-08 13:48:59,668 INFO o.a.j.s.SaveService: Loading file: F-oes-policy-edit-and-delete.jmx
2020-09-08 13:48:59,868 INFO o.a.j.p.h.c.CookieManager: Settings: Delete null: true Check: true Allow variable: true Save: false Prefix: COOKIE_
2020-09-08 13:48:59,934 INFO o.a.j.p.h.s.HTTPSamplerBase: Parser for text/html is org.apache.jmeter.protocol.http.parser.LagartoBasedHtmlParser
2020-09-08 13:48:59,935 INFO o.a.j.p.h.s.HTTPSamplerBase: Parser for application/xhtml+xml is org.apache.jmeter.protocol.http.parser.LagartoBasedHtmlParser
2020-09-08 13:48:59,935 INFO o.a.j.p.h.s.HTTPSamplerBase: Parser for application/xml is org.apache.jmeter.protocol.http.parser.LagartoBasedHtmlParser
2020-09-08 13:48:59,935 INFO o.a.j.p.h.s.HTTPSamplerBase: Parser for text/xml is org.apache.jmeter.protocol.http.parser.LagartoBasedHtmlParser
2020-09-08 13:48:59,935 INFO o.a.j.p.h.s.HTTPSamplerBase: Parser for text/vnd.wap.wml is org.apache.jmeter.protocol.http.parser.RegexpHTMLParser
2020-09-08 13:48:59,935 INFO o.a.j.p.h.s.HTTPSamplerBase: Parser for text/css is org.apache.jmeter.protocol.http.parser.CssParser
2020-09-08 13:49:00,837 INFO o.a.j.e.KeyToolUtils: keytool found at 'keytool'
2020-09-08 13:49:00,838 INFO o.a.j.p.h.p.ProxyControl: HTTP(S) Test Script Recorder SSL Proxy will use keys that support embedded 3rd party resources in file /opt/apache-jmeter-5.1.1/bin/proxyserver.jks
2020-09-08 13:49:00,951 INFO o.a.j.JMeter: Creating summariser <summary>
2020-09-08 13:49:00,976 INFO o.a.j.e.StandardJMeterEngine: Running the test!
2020-09-08 13:49:00,977 INFO o.a.j.s.SampleEvent: List of sample_variables: []
2020-09-08 13:49:00,978 INFO o.a.j.s.SampleEvent: List of sample_variables: []
2020-09-08 13:49:01,006 INFO o.a.j.e.u.CompoundVariable: Note: Function class names must contain the string: '.functions.'
2020-09-08 13:49:01,007 INFO o.a.j.e.u.CompoundVariable: Note: Function class names must not contain the string: '.gui.'
2020-09-08 13:49:03,115 INFO o.a.j.JMeter: Running test (1599572943115)
2020-09-08 13:49:03,254 INFO o.a.j.e.StandardJMeterEngine: Starting ThreadGroup: 1 : Thread Group
2020-09-08 13:49:03,254 INFO o.a.j.e.StandardJMeterEngine: Starting 1 threads for group Thread Group.
2020-09-08 13:49:03,254 INFO o.a.j.e.StandardJMeterEngine: Thread will continue on error
2020-09-08 13:49:03,255 INFO o.a.j.t.ThreadGroup: Starting thread group... number=1 threads=1 ramp-up=1 delayedStart=false
2020-09-08 13:49:03,285 INFO o.a.j.t.ThreadGroup: Started thread group number 1
2020-09-08 13:49:03,286 INFO o.a.j.e.StandardJMeterEngine: All thread groups have been started
2020-09-08 13:49:03,315 INFO o.a.j.s.SampleResult: Note: Sample TimeStamps are START times
2020-09-08 13:49:03,315 INFO o.a.j.s.SampleResult: sampleresult.default.encoding is set to ISO-8859-1
2020-09-08 13:49:03,315 INFO o.a.j.s.SampleResult: sampleresult.useNanoTime=true
2020-09-08 13:49:03,322 INFO o.a.j.s.SampleResult: sampleresult.nanoThreadSleep=5000
2020-09-08 13:49:03,332 INFO o.a.j.t.JMeterThread: Thread started: Thread Group 1-1
2020-09-08 13:49:03,394 INFO o.a.j.p.h.s.HTTPHCAbstractImpl: Local host = jmeter-3fd39d36ae4c4e34-lh7xb
2020-09-08 13:49:03,412 INFO o.a.j.p.h.s.HTTPHC4Impl: HTTP request retry count = 0
2020-09-08 13:49:03,695 INFO o.a.j.p.h.s.h.LazyLayeredConnectionSocketFactory: Setting up HTTPS TrustAll Socket Factory
2020-09-08 13:49:03,767 INFO o.a.j.u.JsseSSLManager: Using default SSL protocol: TLS
2020-09-08 13:49:03,767 INFO o.a.j.u.JsseSSLManager: SSL session context: per-thread
2020-09-08 13:49:04,175 INFO o.a.j.u.SSLManager: JmeterKeyStore Location:  type JKS
2020-09-08 13:49:04,186 INFO o.a.j.u.SSLManager: KeyStore created OK
2020-09-08 13:49:04,186 WARN o.a.j.u.SSLManager: Keystore file not found, loading empty keystore
2020-09-08 13:49:08,941 INFO o.a.j.t.JMeterThread: Thread is done: Thread Group 1-1
2020-09-08 13:49:08,942 INFO o.a.j.t.JMeterThread: Thread finished: Thread Group 1-1
2020-09-08 13:49:08,952 INFO o.a.j.e.StandardJMeterEngine: Notifying test listeners of end of test
2020-09-08 13:49:08,954 INFO o.a.j.r.Summariser: summary =     30 in 00:00:06 =    5.1/s Avg:   172 Min:    47 Max:  2511 Err:     1 (3.33%)
