2020-09-27 02:46:52,283 INFO o.a.j.u.JMeterUtils: Setting Locale to en_EN
2020-09-27 02:46:52,372 INFO o.a.j.JMeter: Loading user properties from: /opt/apache-jmeter-5.1.1/bin/user.properties
2020-09-27 02:46:52,372 INFO o.a.j.JMeter: Loading system properties from: /opt/apache-jmeter-5.1.1/bin/system.properties
2020-09-27 02:46:52,373 INFO o.a.j.JMeter: Setting JMeter property: gate-url=nightly-oes3-gate.opsmx.com
2020-09-27 02:46:52,373 INFO o.a.j.JMeter: Setting JMeter property: ui-url=nightly-oes3.opsmx.com
2020-09-27 02:46:52,373 INFO o.a.j.JMeter: Setting JMeter property: port=443
2020-09-27 02:46:52,373 INFO o.a.j.JMeter: Setting JMeter property: protocol=https
2020-09-27 02:46:52,373 INFO o.a.j.JMeter: Setting JMeter property: username=user2
2020-09-27 02:46:52,373 INFO o.a.j.JMeter: Setting JMeter property: password=user2password
2020-09-27 02:46:52,373 INFO o.a.j.JMeter: Setting JMeter property: endpoint=opa:8181
2020-09-27 02:46:52,411 INFO o.a.j.JMeter: Copyright (c) 1998-2019 The Apache Software Foundation
2020-09-27 02:46:52,411 INFO o.a.j.JMeter: Version 5.1.1 r1855137
2020-09-27 02:46:52,411 INFO o.a.j.JMeter: java.version=1.8.0_222
2020-09-27 02:46:52,411 INFO o.a.j.JMeter: java.vm.name=OpenJDK 64-Bit Server VM
2020-09-27 02:46:52,411 INFO o.a.j.JMeter: os.name=Linux
2020-09-27 02:46:52,412 INFO o.a.j.JMeter: os.arch=amd64
2020-09-27 02:46:52,412 INFO o.a.j.JMeter: os.version=4.15.0-1092-azure
2020-09-27 02:46:52,412 INFO o.a.j.JMeter: file.encoding=UTF-8
2020-09-27 02:46:52,412 INFO o.a.j.JMeter: java.awt.headless=true
2020-09-27 02:46:52,412 INFO o.a.j.JMeter: Max memory     =1073741824
2020-09-27 02:46:52,412 INFO o.a.j.JMeter: Available Processors =1
2020-09-27 02:46:52,433 INFO o.a.j.JMeter: Default Locale=English (EN)
2020-09-27 02:46:52,433 INFO o.a.j.JMeter: JMeter  Locale=English (EN)
2020-09-27 02:46:52,433 INFO o.a.j.JMeter: JMeterHome=/opt/apache-jmeter-5.1.1
2020-09-27 02:46:52,433 INFO o.a.j.JMeter: user.dir  =/jmeter-testing/jmeter-scripts
2020-09-27 02:46:52,434 INFO o.a.j.JMeter: PWD       =/jmeter-testing/jmeter-scripts
2020-09-27 02:46:52,434 INFO o.a.j.JMeter: IP: 10.244.4.15 Name: jmeter-3fe64a65d79f2053-6xn8f FullName: jmeter-3fe64a65d79f2053-6xn8f
2020-09-27 02:46:52,489 INFO o.a.j.s.FileServer: Default base='/jmeter-testing/jmeter-scripts'
2020-09-27 02:46:52,508 INFO o.a.j.s.FileServer: Set new base='/jmeter-testing/jmeter-scripts'
2020-09-27 02:46:54,033 INFO o.a.j.s.SaveService: Testplan (JMX) version: 2.2. Testlog (JTL) version: 2.2
2020-09-27 02:46:54,244 INFO o.a.j.s.SaveService: Using SaveService properties file encoding UTF-8
2020-09-27 02:46:54,284 INFO o.a.j.s.SaveService: Using SaveService properties version 5.0
2020-09-27 02:46:54,323 INFO o.a.j.s.SaveService: Loading file: B-DataSource-OES3.jmx
2020-09-27 02:46:54,554 INFO o.a.j.p.h.c.CookieManager: Settings: Delete null: true Check: true Allow variable: true Save: false Prefix: COOKIE_
2020-09-27 02:46:54,642 INFO o.a.j.p.h.s.HTTPSamplerBase: Parser for text/html is org.apache.jmeter.protocol.http.parser.LagartoBasedHtmlParser
2020-09-27 02:46:54,642 INFO o.a.j.p.h.s.HTTPSamplerBase: Parser for application/xhtml+xml is org.apache.jmeter.protocol.http.parser.LagartoBasedHtmlParser
2020-09-27 02:46:54,642 INFO o.a.j.p.h.s.HTTPSamplerBase: Parser for application/xml is org.apache.jmeter.protocol.http.parser.LagartoBasedHtmlParser
2020-09-27 02:46:54,642 INFO o.a.j.p.h.s.HTTPSamplerBase: Parser for text/xml is org.apache.jmeter.protocol.http.parser.LagartoBasedHtmlParser
2020-09-27 02:46:54,642 INFO o.a.j.p.h.s.HTTPSamplerBase: Parser for text/vnd.wap.wml is org.apache.jmeter.protocol.http.parser.RegexpHTMLParser
2020-09-27 02:46:54,643 INFO o.a.j.p.h.s.HTTPSamplerBase: Parser for text/css is org.apache.jmeter.protocol.http.parser.CssParser
2020-09-27 02:46:56,527 INFO o.a.j.e.KeyToolUtils: keytool found at 'keytool'
2020-09-27 02:46:56,528 INFO o.a.j.p.h.p.ProxyControl: HTTP(S) Test Script Recorder SSL Proxy will use keys that support embedded 3rd party resources in file /opt/apache-jmeter-5.1.1/bin/proxyserver.jks
2020-09-27 02:46:56,701 INFO o.a.j.JMeter: Creating summariser <summary>
2020-09-27 02:46:56,752 INFO o.a.j.e.StandardJMeterEngine: Running the test!
2020-09-27 02:46:56,869 INFO o.a.j.s.SampleEvent: List of sample_variables: []
2020-09-27 02:46:56,869 INFO o.a.j.s.SampleEvent: List of sample_variables: []
2020-09-27 02:46:56,991 INFO o.a.j.e.u.CompoundVariable: Note: Function class names must contain the string: '.functions.'
2020-09-27 02:46:56,991 INFO o.a.j.e.u.CompoundVariable: Note: Function class names must not contain the string: '.gui.'
2020-09-27 02:47:00,783 INFO o.a.j.JMeter: Running test (1601174820783)
2020-09-27 02:47:01,297 INFO o.a.j.e.StandardJMeterEngine: Starting ThreadGroup: 1 : Thread Group
2020-09-27 02:47:01,298 INFO o.a.j.e.StandardJMeterEngine: Starting 1 threads for group Thread Group.
2020-09-27 02:47:01,298 INFO o.a.j.e.StandardJMeterEngine: Thread will continue on error
2020-09-27 02:47:01,298 INFO o.a.j.t.ThreadGroup: Starting thread group... number=1 threads=1 ramp-up=1 delayedStart=false
2020-09-27 02:47:01,387 INFO o.a.j.t.ThreadGroup: Started thread group number 1
2020-09-27 02:47:01,387 INFO o.a.j.e.StandardJMeterEngine: All thread groups have been started
2020-09-27 02:47:01,540 INFO o.a.j.s.SampleResult: Note: Sample TimeStamps are START times
2020-09-27 02:47:01,540 INFO o.a.j.s.SampleResult: sampleresult.default.encoding is set to ISO-8859-1
2020-09-27 02:47:01,541 INFO o.a.j.s.SampleResult: sampleresult.useNanoTime=true
2020-09-27 02:47:01,541 INFO o.a.j.s.SampleResult: sampleresult.nanoThreadSleep=5000
2020-09-27 02:47:01,549 INFO o.a.j.t.JMeterThread: Thread started: Thread Group 1-1
2020-09-27 02:47:01,850 INFO o.a.j.p.h.s.HTTPHCAbstractImpl: Local host = jmeter-3fe64a65d79f2053-6xn8f
2020-09-27 02:47:01,889 INFO o.a.j.p.h.s.HTTPHC4Impl: HTTP request retry count = 0
2020-09-27 02:47:02,493 INFO o.a.j.p.h.s.h.LazyLayeredConnectionSocketFactory: Setting up HTTPS TrustAll Socket Factory
2020-09-27 02:47:02,524 INFO o.a.j.u.JsseSSLManager: Using default SSL protocol: TLS
2020-09-27 02:47:02,524 INFO o.a.j.u.JsseSSLManager: SSL session context: per-thread
2020-09-27 02:47:03,005 INFO o.a.j.u.SSLManager: JmeterKeyStore Location:  type JKS
2020-09-27 02:47:03,043 INFO o.a.j.u.SSLManager: KeyStore created OK
2020-09-27 02:47:03,043 WARN o.a.j.u.SSLManager: Keystore file not found, loading empty keystore
2020-09-27 02:47:05,180 INFO o.a.j.r.Summariser: summary +      1 in 00:00:04 =    0.2/s Avg:  2770 Min:  2770 Max:  2770 Err:     0 (0.00%) Active: 1 Started: 1 Finished: 0
2020-09-27 02:47:10,148 INFO o.a.j.t.JMeterThread: Thread is done: Thread Group 1-1
2020-09-27 02:47:10,148 INFO o.a.j.t.JMeterThread: Thread finished: Thread Group 1-1
2020-09-27 02:47:10,187 INFO o.a.j.e.StandardJMeterEngine: Notifying test listeners of end of test
2020-09-27 02:47:10,242 INFO o.a.j.r.Summariser: summary +     20 in 00:00:05 =    4.0/s Avg:   234 Min:    30 Max:  1985 Err:     0 (0.00%) Active: 0 Started: 1 Finished: 1
2020-09-27 02:47:10,242 INFO o.a.j.r.Summariser: summary =     21 in 00:00:09 =    2.2/s Avg:   355 Min:    30 Max:  2770 Err:     0 (0.00%)
