2020-11-04 04:53:22,650 INFO o.a.j.u.JMeterUtils: Setting Locale to en_EN
2020-11-04 04:53:22,698 INFO o.a.j.JMeter: Loading user properties from: /opt/apache-jmeter-5.3/bin/user.properties
2020-11-04 04:53:22,699 INFO o.a.j.JMeter: Loading system properties from: /opt/apache-jmeter-5.3/bin/system.properties
2020-11-04 04:53:22,699 INFO o.a.j.JMeter: Setting JMeter property: gate-url=gitpr-gate-nightly.oes.opsmx.com
2020-11-04 04:53:22,699 INFO o.a.j.JMeter: Setting JMeter property: ui-url=gitpr-ui-nightly.oes.opsmx.com
2020-11-04 04:53:22,699 WARN o.a.j.JMeter: Removing JMeter property: port
2020-11-04 04:53:22,699 INFO o.a.j.JMeter: Setting JMeter property: protocol=http
2020-11-04 04:53:22,700 INFO o.a.j.JMeter: Setting JMeter property: username=user2
2020-11-04 04:53:22,700 INFO o.a.j.JMeter: Setting JMeter property: password=user2password
2020-11-04 04:53:22,700 INFO o.a.j.JMeter: Setting JMeter property: endpoint=opa:8181
2020-11-04 04:53:22,700 INFO o.a.j.JMeter: Setting JMeter property: jmeterengine.force.system.exit=true
2020-11-04 04:53:22,701 INFO o.a.j.JMeter: Copyright (c) 1998-2020 The Apache Software Foundation
2020-11-04 04:53:22,701 INFO o.a.j.JMeter: Version 5.3
2020-11-04 04:53:22,701 INFO o.a.j.JMeter: java.version=1.8.0_252
2020-11-04 04:53:22,702 INFO o.a.j.JMeter: java.vm.name=OpenJDK 64-Bit Server VM
2020-11-04 04:53:22,702 INFO o.a.j.JMeter: os.name=Linux
2020-11-04 04:53:22,708 INFO o.a.j.JMeter: os.arch=amd64
2020-11-04 04:53:22,708 INFO o.a.j.JMeter: os.version=4.15.0-1092-azure
2020-11-04 04:53:22,708 INFO o.a.j.JMeter: file.encoding=UTF-8
2020-11-04 04:53:22,708 INFO o.a.j.JMeter: java.awt.headless=true
2020-11-04 04:53:22,708 INFO o.a.j.JMeter: Max memory     =1073741824
2020-11-04 04:53:22,708 INFO o.a.j.JMeter: Available Processors =1
2020-11-04 04:53:22,721 INFO o.a.j.JMeter: Default Locale=English (EN)
2020-11-04 04:53:22,727 INFO o.a.j.JMeter: JMeter  Locale=English (EN)
2020-11-04 04:53:22,728 INFO o.a.j.JMeter: JMeterHome=/opt/apache-jmeter-5.3
2020-11-04 04:53:22,728 INFO o.a.j.JMeter: user.dir  =/jmeter-testing/jmeter-scripts
2020-11-04 04:53:22,728 INFO o.a.j.JMeter: PWD       =/jmeter-testing/jmeter-scripts
2020-11-04 04:53:22,728 INFO o.a.j.JMeter: IP: 10.244.9.48 Name: jmeter-3fe4b7e13415ad9a-954hr FullName: jmeter-3fe4b7e13415ad9a-954hr
2020-11-04 04:53:22,740 INFO o.a.j.s.FileServer: Default base='/jmeter-testing/jmeter-scripts'
2020-11-04 04:53:22,758 INFO o.a.j.s.FileServer: Set new base='/jmeter-testing/jmeter-scripts'
2020-11-04 04:53:23,171 INFO o.a.j.s.SaveService: Testplan (JMX) version: 2.2. Testlog (JTL) version: 2.2
2020-11-04 04:53:23,251 INFO o.a.j.s.SaveService: Using SaveService properties file encoding UTF-8
2020-11-04 04:53:23,269 INFO o.a.j.s.SaveService: Using SaveService properties version 5.0
2020-11-04 04:53:23,288 INFO o.a.j.s.SaveService: Loading file: C-Application-creation.jmx
2020-11-04 04:53:23,395 INFO o.a.j.p.h.c.CookieManager: Settings: Delete null: true Check: true Allow variable: true Save: false Prefix: COOKIE_
2020-11-04 04:53:23,443 INFO o.a.j.p.h.s.HTTPSamplerBase: Parser for text/html is org.apache.jmeter.protocol.http.parser.LagartoBasedHtmlParser
2020-11-04 04:53:23,443 INFO o.a.j.p.h.s.HTTPSamplerBase: Parser for application/xhtml+xml is org.apache.jmeter.protocol.http.parser.LagartoBasedHtmlParser
2020-11-04 04:53:23,444 INFO o.a.j.p.h.s.HTTPSamplerBase: Parser for application/xml is org.apache.jmeter.protocol.http.parser.LagartoBasedHtmlParser
2020-11-04 04:53:23,444 INFO o.a.j.p.h.s.HTTPSamplerBase: Parser for text/xml is org.apache.jmeter.protocol.http.parser.LagartoBasedHtmlParser
2020-11-04 04:53:23,444 INFO o.a.j.p.h.s.HTTPSamplerBase: Parser for text/vnd.wap.wml is org.apache.jmeter.protocol.http.parser.RegexpHTMLParser
2020-11-04 04:53:23,444 INFO o.a.j.p.h.s.HTTPSamplerBase: Parser for text/css is org.apache.jmeter.protocol.http.parser.CssParser
2020-11-04 04:53:24,704 INFO o.a.j.e.KeyToolUtils: keytool found at 'keytool'
2020-11-04 04:53:24,710 INFO o.a.j.p.h.p.ProxyControl: HTTP(S) Test Script Recorder SSL Proxy will use keys that support embedded 3rd party resources in file /opt/apache-jmeter-5.3/bin/proxyserver.jks
2020-11-04 04:53:24,858 INFO o.a.j.JMeter: Creating summariser <summary>
2020-11-04 04:53:24,887 INFO o.a.j.e.StandardJMeterEngine: Running the test!
2020-11-04 04:53:24,887 INFO o.a.j.s.SampleEvent: List of sample_variables: []
2020-11-04 04:53:24,887 INFO o.a.j.s.SampleEvent: List of sample_variables: []
2020-11-04 04:53:24,906 INFO o.a.j.e.u.CompoundVariable: Note: Function class names must contain the string: '.functions.'
2020-11-04 04:53:24,906 INFO o.a.j.e.u.CompoundVariable: Note: Function class names must not contain the string: '.gui.'
2020-11-04 04:53:26,105 INFO o.a.j.JMeter: Running test (1604465606104)
2020-11-04 04:53:26,307 INFO o.a.j.e.StandardJMeterEngine: Starting ThreadGroup: 1 : Thread Group
2020-11-04 04:53:26,308 INFO o.a.j.e.StandardJMeterEngine: Starting 1 threads for group Thread Group.
2020-11-04 04:53:26,308 INFO o.a.j.e.StandardJMeterEngine: Thread will continue on error
2020-11-04 04:53:26,308 INFO o.a.j.t.ThreadGroup: Starting thread group... number=1 threads=1 ramp-up=1 delayedStart=false
2020-11-04 04:53:26,333 INFO o.a.j.t.ThreadGroup: Started thread group number 1
2020-11-04 04:53:26,333 INFO o.a.j.e.StandardJMeterEngine: All thread groups have been started
2020-11-04 04:53:26,356 INFO o.a.j.s.SampleResult: Note: Sample TimeStamps are START times
2020-11-04 04:53:26,358 INFO o.a.j.s.SampleResult: sampleresult.default.encoding is set to ISO-8859-1
2020-11-04 04:53:26,358 INFO o.a.j.s.SampleResult: sampleresult.useNanoTime=true
2020-11-04 04:53:26,359 INFO o.a.j.s.SampleResult: sampleresult.nanoThreadSleep=5000
2020-11-04 04:53:26,368 INFO o.a.j.t.JMeterThread: Thread started: Thread Group 1-1
2020-11-04 04:53:26,490 INFO o.a.j.p.h.s.HTTPHCAbstractImpl: Local host = jmeter-3fe4b7e13415ad9a-954hr
2020-11-04 04:53:26,509 INFO o.a.j.p.h.s.HTTPHC4Impl: HTTP request retry count = 0
2020-11-04 04:53:27,185 ERROR o.a.j.e.j.j.JMESPathExtractor: Error processing JSON content in JSON JMESPath Extractor, message: Unexpected character ('<' (code 60)): expected a valid value (JSON String, Number, Array, Object or token 'null', 'true' or 'false')
 at [Source: (String)"<html>
<head><title>400 The plain HTTP request was sent to HTTPS port</title></head>
<body>
<center><h1>400 Bad Request</h1></center>
<center>The plain HTTP request was sent to HTTPS port</center>
<hr><center>openresty/1.15.8.2</center>
</body>
</html>
"; line: 1, column: 2]
2020-11-04 04:53:27,662 INFO o.a.j.t.JMeterThread: Thread is done: Thread Group 1-1
2020-11-04 04:53:27,663 INFO o.a.j.t.JMeterThread: Thread finished: Thread Group 1-1
2020-11-04 04:53:27,672 INFO o.a.j.e.StandardJMeterEngine: Notifying test listeners of end of test
2020-11-04 04:53:27,896 INFO o.a.j.r.Summariser: summary =     56 in 00:00:02 =   31.3/s Avg:    13 Min:     1 Max:   134 Err:    53 (94.64%)
2020-11-04 04:53:27,896 INFO o.a.j.e.StandardJMeterEngine: Forced JVM shutdown requested at end of test
