2020-11-11 04:42:12,747 INFO o.a.j.u.JMeterUtils: Setting Locale to en_EN
2020-11-11 04:42:12,793 INFO o.a.j.JMeter: Loading user properties from: /opt/apache-jmeter-5.3/bin/user.properties
2020-11-11 04:42:12,793 INFO o.a.j.JMeter: Loading system properties from: /opt/apache-jmeter-5.3/bin/system.properties
2020-11-11 04:42:12,794 INFO o.a.j.JMeter: Setting JMeter property: gate-url=nightly-oes3-gate.opsmx.com
2020-11-11 04:42:12,794 INFO o.a.j.JMeter: Setting JMeter property: ui-url=nightly-oes3.opsmx.com
2020-11-11 04:42:12,794 INFO o.a.j.JMeter: Setting JMeter property: port=443
2020-11-11 04:42:12,794 INFO o.a.j.JMeter: Setting JMeter property: protocol=https
2020-11-11 04:42:12,794 INFO o.a.j.JMeter: Setting JMeter property: username=user2
2020-11-11 04:42:12,795 INFO o.a.j.JMeter: Setting JMeter property: password=user2password
2020-11-11 04:42:12,795 INFO o.a.j.JMeter: Setting JMeter property: endpoint=opa:8181
2020-11-11 04:42:12,795 INFO o.a.j.JMeter: Setting JMeter property: jmeterengine.force.system.exit=true
2020-11-11 04:42:12,796 INFO o.a.j.JMeter: Copyright (c) 1998-2020 The Apache Software Foundation
2020-11-11 04:42:12,796 INFO o.a.j.JMeter: Version 5.3
2020-11-11 04:42:12,796 INFO o.a.j.JMeter: java.version=1.8.0_252
2020-11-11 04:42:12,797 INFO o.a.j.JMeter: java.vm.name=OpenJDK 64-Bit Server VM
2020-11-11 04:42:12,797 INFO o.a.j.JMeter: os.name=Linux
2020-11-11 04:42:12,797 INFO o.a.j.JMeter: os.arch=amd64
2020-11-11 04:42:12,802 INFO o.a.j.JMeter: os.version=4.15.0-1092-azure
2020-11-11 04:42:12,803 INFO o.a.j.JMeter: file.encoding=UTF-8
2020-11-11 04:42:12,803 INFO o.a.j.JMeter: java.awt.headless=true
2020-11-11 04:42:12,803 INFO o.a.j.JMeter: Max memory     =1073741824
2020-11-11 04:42:12,803 INFO o.a.j.JMeter: Available Processors =1
2020-11-11 04:42:12,822 INFO o.a.j.JMeter: Default Locale=English (EN)
2020-11-11 04:42:12,822 INFO o.a.j.JMeter: JMeter  Locale=English (EN)
2020-11-11 04:42:12,822 INFO o.a.j.JMeter: JMeterHome=/opt/apache-jmeter-5.3
2020-11-11 04:42:12,822 INFO o.a.j.JMeter: user.dir  =/jmeter-testing/jmeter-scripts
2020-11-11 04:42:12,822 INFO o.a.j.JMeter: PWD       =/jmeter-testing/jmeter-scripts
2020-11-11 04:42:12,822 INFO o.a.j.JMeter: IP: 10.244.0.62 Name: jmeter-3fd548ec9119f87c-dgjq4 FullName: jmeter-3fd548ec9119f87c-dgjq4
2020-11-11 04:42:12,841 INFO o.a.j.s.FileServer: Default base='/jmeter-testing/jmeter-scripts'
2020-11-11 04:42:12,853 INFO o.a.j.s.FileServer: Set new base='/jmeter-testing/jmeter-scripts'
2020-11-11 04:42:13,968 INFO o.a.j.s.SaveService: Testplan (JMX) version: 2.2. Testlog (JTL) version: 2.2
2020-11-11 04:42:14,043 INFO o.a.j.s.SaveService: Using SaveService properties file encoding UTF-8
2020-11-11 04:42:14,055 INFO o.a.j.s.SaveService: Using SaveService properties version 5.0
2020-11-11 04:42:14,083 INFO o.a.j.s.SaveService: Loading file: C-Application-creation.jmx
2020-11-11 04:42:14,698 INFO o.a.j.p.h.c.CookieManager: Settings: Delete null: true Check: true Allow variable: true Save: false Prefix: COOKIE_
2020-11-11 04:42:14,863 INFO o.a.j.p.h.s.HTTPSamplerBase: Parser for text/html is org.apache.jmeter.protocol.http.parser.LagartoBasedHtmlParser
2020-11-11 04:42:14,863 INFO o.a.j.p.h.s.HTTPSamplerBase: Parser for application/xhtml+xml is org.apache.jmeter.protocol.http.parser.LagartoBasedHtmlParser
2020-11-11 04:42:14,863 INFO o.a.j.p.h.s.HTTPSamplerBase: Parser for application/xml is org.apache.jmeter.protocol.http.parser.LagartoBasedHtmlParser
2020-11-11 04:42:14,863 INFO o.a.j.p.h.s.HTTPSamplerBase: Parser for text/xml is org.apache.jmeter.protocol.http.parser.LagartoBasedHtmlParser
2020-11-11 04:42:14,863 INFO o.a.j.p.h.s.HTTPSamplerBase: Parser for text/vnd.wap.wml is org.apache.jmeter.protocol.http.parser.RegexpHTMLParser
2020-11-11 04:42:14,863 INFO o.a.j.p.h.s.HTTPSamplerBase: Parser for text/css is org.apache.jmeter.protocol.http.parser.CssParser
2020-11-11 04:42:17,682 INFO o.a.j.e.KeyToolUtils: keytool found at 'keytool'
2020-11-11 04:42:17,688 INFO o.a.j.p.h.p.ProxyControl: HTTP(S) Test Script Recorder SSL Proxy will use keys that support embedded 3rd party resources in file /opt/apache-jmeter-5.3/bin/proxyserver.jks
2020-11-11 04:42:17,829 INFO o.a.j.JMeter: Creating summariser <summary>
2020-11-11 04:42:17,869 INFO o.a.j.e.StandardJMeterEngine: Running the test!
2020-11-11 04:42:17,904 INFO o.a.j.s.SampleEvent: List of sample_variables: []
2020-11-11 04:42:17,904 INFO o.a.j.s.SampleEvent: List of sample_variables: []
2020-11-11 04:42:17,926 INFO o.a.j.e.u.CompoundVariable: Note: Function class names must contain the string: '.functions.'
2020-11-11 04:42:17,958 INFO o.a.j.e.u.CompoundVariable: Note: Function class names must not contain the string: '.gui.'
2020-11-11 04:42:22,920 INFO o.a.j.JMeter: Running test (1605069742920)
2020-11-11 04:42:23,565 INFO o.a.j.e.StandardJMeterEngine: Starting ThreadGroup: 1 : Thread Group
2020-11-11 04:42:23,587 INFO o.a.j.e.StandardJMeterEngine: Starting 1 threads for group Thread Group.
2020-11-11 04:42:23,612 INFO o.a.j.e.StandardJMeterEngine: Thread will continue on error
2020-11-11 04:42:23,612 INFO o.a.j.t.ThreadGroup: Starting thread group... number=1 threads=1 ramp-up=1 delayedStart=false
2020-11-11 04:42:23,710 INFO o.a.j.t.ThreadGroup: Started thread group number 1
2020-11-11 04:42:23,710 INFO o.a.j.e.StandardJMeterEngine: All thread groups have been started
2020-11-11 04:42:23,794 INFO o.a.j.s.SampleResult: Note: Sample TimeStamps are START times
2020-11-11 04:42:23,802 INFO o.a.j.s.SampleResult: sampleresult.default.encoding is set to ISO-8859-1
2020-11-11 04:42:23,802 INFO o.a.j.s.SampleResult: sampleresult.useNanoTime=true
2020-11-11 04:42:23,802 INFO o.a.j.s.SampleResult: sampleresult.nanoThreadSleep=5000
2020-11-11 04:42:23,818 INFO o.a.j.t.JMeterThread: Thread started: Thread Group 1-1
2020-11-11 04:42:23,908 INFO o.a.j.p.h.s.HTTPHCAbstractImpl: Local host = jmeter-3fd548ec9119f87c-dgjq4
2020-11-11 04:42:23,925 INFO o.a.j.p.h.s.HTTPHC4Impl: HTTP request retry count = 0
2020-11-11 04:42:24,367 INFO o.a.j.p.h.s.h.LazyLayeredConnectionSocketFactory: Setting up HTTPS TrustAll Socket Factory
2020-11-11 04:42:24,388 INFO o.a.j.u.JsseSSLManager: Using default SSL protocol: TLS
2020-11-11 04:42:24,406 INFO o.a.j.u.JsseSSLManager: SSL session context: per-thread
2020-11-11 04:42:24,969 INFO o.a.j.u.SSLManager: JmeterKeyStore Location:  type JKS
2020-11-11 04:42:24,996 INFO o.a.j.u.SSLManager: KeyStore created OK
2020-11-11 04:42:24,996 WARN o.a.j.u.SSLManager: Keystore file not found, loading empty keystore
2020-11-11 04:42:30,045 INFO o.a.j.r.Summariser: summary +     26 in 00:00:07 =    3.7/s Avg:   219 Min:    29 Max:  3190 Err:     0 (0.00%) Active: 1 Started: 1 Finished: 0
2020-11-11 04:42:32,339 INFO o.a.j.t.JMeterThread: Thread is done: Thread Group 1-1
2020-11-11 04:42:32,339 INFO o.a.j.t.JMeterThread: Thread finished: Thread Group 1-1
2020-11-11 04:42:32,349 INFO o.a.j.e.StandardJMeterEngine: Notifying test listeners of end of test
2020-11-11 04:42:32,528 INFO o.a.j.r.Summariser: summary +     30 in 00:00:02 =   12.1/s Avg:    73 Min:     1 Max:   204 Err:     0 (0.00%) Active: 0 Started: 1 Finished: 1
2020-11-11 04:42:32,528 INFO o.a.j.r.Summariser: summary =     56 in 00:00:10 =    5.8/s Avg:   140 Min:     1 Max:  3190 Err:     0 (0.00%)
2020-11-11 04:42:32,536 INFO o.a.j.e.StandardJMeterEngine: Forced JVM shutdown requested at end of test
