2020-11-13 05:21:24,003 INFO o.a.j.u.JMeterUtils: Setting Locale to en_EN
2020-11-13 05:21:24,051 INFO o.a.j.JMeter: Loading user properties from: /opt/apache-jmeter-5.3/bin/user.properties
2020-11-13 05:21:24,051 INFO o.a.j.JMeter: Loading system properties from: /opt/apache-jmeter-5.3/bin/system.properties
2020-11-13 05:21:24,051 INFO o.a.j.JMeter: Setting JMeter property: gate-url=gitpr-gate-nightly.oes.opsmx.com
2020-11-13 05:21:24,051 INFO o.a.j.JMeter: Setting JMeter property: ui-url=gitpr-ui-nightly.oes.opsmx.com
2020-11-13 05:21:24,052 WARN o.a.j.JMeter: Removing JMeter property: port
2020-11-13 05:21:24,052 INFO o.a.j.JMeter: Setting JMeter property: protocol=http
2020-11-13 05:21:24,052 INFO o.a.j.JMeter: Setting JMeter property: username=user2
2020-11-13 05:21:24,052 INFO o.a.j.JMeter: Setting JMeter property: password=user2password
2020-11-13 05:21:24,052 INFO o.a.j.JMeter: Setting JMeter property: endpoint=opa:8181
2020-11-13 05:21:24,052 INFO o.a.j.JMeter: Setting JMeter property: jmeterengine.force.system.exit=true
2020-11-13 05:21:24,053 INFO o.a.j.JMeter: Copyright (c) 1998-2020 The Apache Software Foundation
2020-11-13 05:21:24,053 INFO o.a.j.JMeter: Version 5.3
2020-11-13 05:21:24,054 INFO o.a.j.JMeter: java.version=1.8.0_252
2020-11-13 05:21:24,054 INFO o.a.j.JMeter: java.vm.name=OpenJDK 64-Bit Server VM
2020-11-13 05:21:24,054 INFO o.a.j.JMeter: os.name=Linux
2020-11-13 05:21:24,054 INFO o.a.j.JMeter: os.arch=amd64
2020-11-13 05:21:24,054 INFO o.a.j.JMeter: os.version=4.15.0-1092-azure
2020-11-13 05:21:24,054 INFO o.a.j.JMeter: file.encoding=UTF-8
2020-11-13 05:21:24,054 INFO o.a.j.JMeter: java.awt.headless=true
2020-11-13 05:21:24,054 INFO o.a.j.JMeter: Max memory     =1073741824
2020-11-13 05:21:24,060 INFO o.a.j.JMeter: Available Processors =1
2020-11-13 05:21:24,073 INFO o.a.j.JMeter: Default Locale=English (EN)
2020-11-13 05:21:24,074 INFO o.a.j.JMeter: JMeter  Locale=English (EN)
2020-11-13 05:21:24,074 INFO o.a.j.JMeter: JMeterHome=/opt/apache-jmeter-5.3
2020-11-13 05:21:24,074 INFO o.a.j.JMeter: user.dir  =/jmeter-testing/jmeter-scripts
2020-11-13 05:21:24,080 INFO o.a.j.JMeter: PWD       =/jmeter-testing/jmeter-scripts
2020-11-13 05:21:24,080 INFO o.a.j.JMeter: IP: 10.244.8.210 Name: jmeter-3febb790f93c0a2d-p9wpz FullName: jmeter-3febb790f93c0a2d-p9wpz
2020-11-13 05:21:24,092 INFO o.a.j.s.FileServer: Default base='/jmeter-testing/jmeter-scripts'
2020-11-13 05:21:24,111 INFO o.a.j.s.FileServer: Set new base='/jmeter-testing/jmeter-scripts'
2020-11-13 05:21:24,650 INFO o.a.j.s.SaveService: Testplan (JMX) version: 2.2. Testlog (JTL) version: 2.2
2020-11-13 05:21:24,737 INFO o.a.j.s.SaveService: Using SaveService properties file encoding UTF-8
2020-11-13 05:21:24,758 INFO o.a.j.s.SaveService: Using SaveService properties version 5.0
2020-11-13 05:21:24,787 INFO o.a.j.s.SaveService: Loading file: B-DataSource-OES3.jmx
2020-11-13 05:21:24,905 INFO o.a.j.p.h.c.CookieManager: Settings: Delete null: true Check: true Allow variable: true Save: false Prefix: COOKIE_
2020-11-13 05:21:24,963 INFO o.a.j.p.h.s.HTTPSamplerBase: Parser for text/html is org.apache.jmeter.protocol.http.parser.LagartoBasedHtmlParser
2020-11-13 05:21:24,964 INFO o.a.j.p.h.s.HTTPSamplerBase: Parser for application/xhtml+xml is org.apache.jmeter.protocol.http.parser.LagartoBasedHtmlParser
2020-11-13 05:21:24,964 INFO o.a.j.p.h.s.HTTPSamplerBase: Parser for application/xml is org.apache.jmeter.protocol.http.parser.LagartoBasedHtmlParser
2020-11-13 05:21:24,964 INFO o.a.j.p.h.s.HTTPSamplerBase: Parser for text/xml is org.apache.jmeter.protocol.http.parser.LagartoBasedHtmlParser
2020-11-13 05:21:24,964 INFO o.a.j.p.h.s.HTTPSamplerBase: Parser for text/vnd.wap.wml is org.apache.jmeter.protocol.http.parser.RegexpHTMLParser
2020-11-13 05:21:24,964 INFO o.a.j.p.h.s.HTTPSamplerBase: Parser for text/css is org.apache.jmeter.protocol.http.parser.CssParser
2020-11-13 05:21:25,777 INFO o.a.j.e.KeyToolUtils: keytool found at 'keytool'
2020-11-13 05:21:25,778 INFO o.a.j.p.h.p.ProxyControl: HTTP(S) Test Script Recorder SSL Proxy will use keys that support embedded 3rd party resources in file /opt/apache-jmeter-5.3/bin/proxyserver.jks
2020-11-13 05:21:25,863 INFO o.a.j.JMeter: Creating summariser <summary>
2020-11-13 05:21:25,940 INFO o.a.j.e.StandardJMeterEngine: Running the test!
2020-11-13 05:21:25,941 INFO o.a.j.s.SampleEvent: List of sample_variables: []
2020-11-13 05:21:25,941 INFO o.a.j.s.SampleEvent: List of sample_variables: []
2020-11-13 05:21:25,969 INFO o.a.j.e.u.CompoundVariable: Note: Function class names must contain the string: '.functions.'
2020-11-13 05:21:25,969 INFO o.a.j.e.u.CompoundVariable: Note: Function class names must not contain the string: '.gui.'
2020-11-13 05:21:27,366 INFO o.a.j.JMeter: Running test (1605244887366)
2020-11-13 05:21:27,621 INFO o.a.j.e.StandardJMeterEngine: Starting ThreadGroup: 1 : Thread Group
2020-11-13 05:21:27,621 INFO o.a.j.e.StandardJMeterEngine: Starting 1 threads for group Thread Group.
2020-11-13 05:21:27,621 INFO o.a.j.e.StandardJMeterEngine: Thread will continue on error
2020-11-13 05:21:27,621 INFO o.a.j.t.ThreadGroup: Starting thread group... number=1 threads=1 ramp-up=1 delayedStart=false
2020-11-13 05:21:27,652 INFO o.a.j.t.ThreadGroup: Started thread group number 1
2020-11-13 05:21:27,652 INFO o.a.j.e.StandardJMeterEngine: All thread groups have been started
2020-11-13 05:21:27,678 INFO o.a.j.s.SampleResult: Note: Sample TimeStamps are START times
2020-11-13 05:21:27,678 INFO o.a.j.s.SampleResult: sampleresult.default.encoding is set to ISO-8859-1
2020-11-13 05:21:27,678 INFO o.a.j.s.SampleResult: sampleresult.useNanoTime=true
2020-11-13 05:21:27,678 INFO o.a.j.s.SampleResult: sampleresult.nanoThreadSleep=5000
2020-11-13 05:21:27,679 INFO o.a.j.t.JMeterThread: Thread started: Thread Group 1-1
2020-11-13 05:21:27,738 INFO o.a.j.p.h.s.HTTPHCAbstractImpl: Local host = jmeter-3febb790f93c0a2d-p9wpz
2020-11-13 05:21:27,769 INFO o.a.j.p.h.s.HTTPHC4Impl: HTTP request retry count = 0
2020-11-13 05:21:30,881 INFO o.a.j.r.Summariser: summary +     11 in 00:00:04 =    3.1/s Avg:   264 Min:    26 Max:  1728 Err:     0 (0.00%) Active: 1 Started: 1 Finished: 0
2020-11-13 05:21:32,852 INFO o.a.j.t.JMeterThread: Thread is done: Thread Group 1-1
2020-11-13 05:21:32,852 INFO o.a.j.t.JMeterThread: Thread finished: Thread Group 1-1
2020-11-13 05:21:32,854 INFO o.a.j.e.StandardJMeterEngine: Notifying test listeners of end of test
2020-11-13 05:21:32,854 INFO o.a.j.r.Summariser: summary +     10 in 00:00:02 =    5.1/s Avg:   195 Min:    78 Max:   649 Err:     0 (0.00%) Active: 0 Started: 1 Finished: 1
2020-11-13 05:21:32,871 INFO o.a.j.r.Summariser: summary =     21 in 00:00:05 =    3.8/s Avg:   231 Min:    26 Max:  1728 Err:     0 (0.00%)
2020-11-13 05:21:32,872 INFO o.a.j.e.StandardJMeterEngine: Forced JVM shutdown requested at end of test
