2020-11-05 13:15:34,901 INFO o.a.j.u.JMeterUtils: Setting Locale to en_EN
2020-11-05 13:15:34,960 INFO o.a.j.JMeter: Loading user properties from: /opt/apache-jmeter-5.3/bin/user.properties
2020-11-05 13:15:34,960 INFO o.a.j.JMeter: Loading system properties from: /opt/apache-jmeter-5.3/bin/system.properties
2020-11-05 13:15:34,961 INFO o.a.j.JMeter: Setting JMeter property: gate-url=gitpr-gate-nightly.oes.opsmx.com
2020-11-05 13:15:34,961 INFO o.a.j.JMeter: Setting JMeter property: ui-url=gitpr-ui-nightly.oes.opsmx.com
2020-11-05 13:15:34,961 WARN o.a.j.JMeter: Removing JMeter property: port
2020-11-05 13:15:34,961 INFO o.a.j.JMeter: Setting JMeter property: protocol=http
2020-11-05 13:15:34,961 INFO o.a.j.JMeter: Setting JMeter property: username=user2
2020-11-05 13:15:34,961 INFO o.a.j.JMeter: Setting JMeter property: password=user2password
2020-11-05 13:15:34,962 INFO o.a.j.JMeter: Setting JMeter property: endpoint=opa:8181
2020-11-05 13:15:34,962 INFO o.a.j.JMeter: Setting JMeter property: jmeterengine.force.system.exit=true
2020-11-05 13:15:34,977 INFO o.a.j.JMeter: Copyright (c) 1998-2020 The Apache Software Foundation
2020-11-05 13:15:34,978 INFO o.a.j.JMeter: Version 5.3
2020-11-05 13:15:34,978 INFO o.a.j.JMeter: java.version=1.8.0_252
2020-11-05 13:15:34,978 INFO o.a.j.JMeter: java.vm.name=OpenJDK 64-Bit Server VM
2020-11-05 13:15:34,978 INFO o.a.j.JMeter: os.name=Linux
2020-11-05 13:15:34,978 INFO o.a.j.JMeter: os.arch=amd64
2020-11-05 13:15:34,978 INFO o.a.j.JMeter: os.version=4.15.0-1092-azure
2020-11-05 13:15:34,978 INFO o.a.j.JMeter: file.encoding=UTF-8
2020-11-05 13:15:34,978 INFO o.a.j.JMeter: java.awt.headless=true
2020-11-05 13:15:34,978 INFO o.a.j.JMeter: Max memory     =1073741824
2020-11-05 13:15:34,979 INFO o.a.j.JMeter: Available Processors =1
2020-11-05 13:15:35,008 INFO o.a.j.JMeter: Default Locale=English (EN)
2020-11-05 13:15:35,009 INFO o.a.j.JMeter: JMeter  Locale=English (EN)
2020-11-05 13:15:35,009 INFO o.a.j.JMeter: JMeterHome=/opt/apache-jmeter-5.3
2020-11-05 13:15:35,009 INFO o.a.j.JMeter: user.dir  =/jmeter-testing/jmeter-scripts
2020-11-05 13:15:35,010 INFO o.a.j.JMeter: PWD       =/jmeter-testing/jmeter-scripts
2020-11-05 13:15:35,010 INFO o.a.j.JMeter: IP: 10.244.1.248 Name: jmeter-3fce5921c4315794-gdqqh FullName: jmeter-3fce5921c4315794-gdqqh
2020-11-05 13:15:35,030 INFO o.a.j.s.FileServer: Default base='/jmeter-testing/jmeter-scripts'
2020-11-05 13:15:35,056 INFO o.a.j.s.FileServer: Set new base='/jmeter-testing/jmeter-scripts'
2020-11-05 13:15:35,609 INFO o.a.j.s.SaveService: Testplan (JMX) version: 2.2. Testlog (JTL) version: 2.2
2020-11-05 13:15:35,695 INFO o.a.j.s.SaveService: Using SaveService properties file encoding UTF-8
2020-11-05 13:15:35,707 INFO o.a.j.s.SaveService: Using SaveService properties version 5.0
2020-11-05 13:15:35,727 INFO o.a.j.s.SaveService: Loading file: C-Application-creation.jmx
2020-11-05 13:15:35,836 INFO o.a.j.p.h.c.CookieManager: Settings: Delete null: true Check: true Allow variable: true Save: false Prefix: COOKIE_
2020-11-05 13:15:35,892 INFO o.a.j.p.h.s.HTTPSamplerBase: Parser for text/html is org.apache.jmeter.protocol.http.parser.LagartoBasedHtmlParser
2020-11-05 13:15:35,892 INFO o.a.j.p.h.s.HTTPSamplerBase: Parser for application/xhtml+xml is org.apache.jmeter.protocol.http.parser.LagartoBasedHtmlParser
2020-11-05 13:15:35,892 INFO o.a.j.p.h.s.HTTPSamplerBase: Parser for application/xml is org.apache.jmeter.protocol.http.parser.LagartoBasedHtmlParser
2020-11-05 13:15:35,892 INFO o.a.j.p.h.s.HTTPSamplerBase: Parser for text/xml is org.apache.jmeter.protocol.http.parser.LagartoBasedHtmlParser
2020-11-05 13:15:35,893 INFO o.a.j.p.h.s.HTTPSamplerBase: Parser for text/vnd.wap.wml is org.apache.jmeter.protocol.http.parser.RegexpHTMLParser
2020-11-05 13:15:35,893 INFO o.a.j.p.h.s.HTTPSamplerBase: Parser for text/css is org.apache.jmeter.protocol.http.parser.CssParser
2020-11-05 13:15:37,963 INFO o.a.j.e.KeyToolUtils: keytool found at 'keytool'
2020-11-05 13:15:37,964 INFO o.a.j.p.h.p.ProxyControl: HTTP(S) Test Script Recorder SSL Proxy will use keys that support embedded 3rd party resources in file /opt/apache-jmeter-5.3/bin/proxyserver.jks
2020-11-05 13:15:38,113 INFO o.a.j.JMeter: Creating summariser <summary>
2020-11-05 13:15:38,149 INFO o.a.j.e.StandardJMeterEngine: Running the test!
2020-11-05 13:15:38,150 INFO o.a.j.s.SampleEvent: List of sample_variables: []
2020-11-05 13:15:38,150 INFO o.a.j.s.SampleEvent: List of sample_variables: []
2020-11-05 13:15:38,173 INFO o.a.j.e.u.CompoundVariable: Note: Function class names must contain the string: '.functions.'
2020-11-05 13:15:38,174 INFO o.a.j.e.u.CompoundVariable: Note: Function class names must not contain the string: '.gui.'
2020-11-05 13:15:39,715 INFO o.a.j.JMeter: Running test (1604582139715)
2020-11-05 13:15:40,019 INFO o.a.j.e.StandardJMeterEngine: Starting ThreadGroup: 1 : Thread Group
2020-11-05 13:15:40,019 INFO o.a.j.e.StandardJMeterEngine: Starting 1 threads for group Thread Group.
2020-11-05 13:15:40,019 INFO o.a.j.e.StandardJMeterEngine: Thread will continue on error
2020-11-05 13:15:40,019 INFO o.a.j.t.ThreadGroup: Starting thread group... number=1 threads=1 ramp-up=1 delayedStart=false
2020-11-05 13:15:40,059 INFO o.a.j.t.ThreadGroup: Started thread group number 1
2020-11-05 13:15:40,060 INFO o.a.j.e.StandardJMeterEngine: All thread groups have been started
2020-11-05 13:15:40,081 INFO o.a.j.s.SampleResult: Note: Sample TimeStamps are START times
2020-11-05 13:15:40,090 INFO o.a.j.s.SampleResult: sampleresult.default.encoding is set to ISO-8859-1
2020-11-05 13:15:40,090 INFO o.a.j.s.SampleResult: sampleresult.useNanoTime=true
2020-11-05 13:15:40,090 INFO o.a.j.s.SampleResult: sampleresult.nanoThreadSleep=5000
2020-11-05 13:15:40,099 INFO o.a.j.t.JMeterThread: Thread started: Thread Group 1-1
2020-11-05 13:15:40,209 INFO o.a.j.p.h.s.HTTPHCAbstractImpl: Local host = jmeter-3fce5921c4315794-gdqqh
2020-11-05 13:15:40,236 INFO o.a.j.p.h.s.HTTPHC4Impl: HTTP request retry count = 0
2020-11-05 13:15:41,058 ERROR o.a.j.e.j.j.JMESPathExtractor: Error processing JSON content in JSON JMESPath Extractor, message: Unexpected character ('<' (code 60)): expected a valid value (JSON String, Number, Array, Object or token 'null', 'true' or 'false')
 at [Source: (String)"<html>
<head><title>400 The plain HTTP request was sent to HTTPS port</title></head>
<body>
<center><h1>400 Bad Request</h1></center>
<center>The plain HTTP request was sent to HTTPS port</center>
<hr><center>openresty/1.15.8.2</center>
</body>
</html>
"; line: 1, column: 2]
2020-11-05 13:15:41,859 INFO o.a.j.t.JMeterThread: Thread is done: Thread Group 1-1
2020-11-05 13:15:41,860 INFO o.a.j.t.JMeterThread: Thread finished: Thread Group 1-1
2020-11-05 13:15:41,877 INFO o.a.j.e.StandardJMeterEngine: Notifying test listeners of end of test
2020-11-05 13:15:42,237 INFO o.a.j.r.Summariser: summary =     56 in 00:00:03 =   22.3/s Avg:    17 Min:     2 Max:   223 Err:    53 (94.64%)
2020-11-05 13:15:42,237 INFO o.a.j.e.StandardJMeterEngine: Forced JVM shutdown requested at end of test
