2020-10-27 02:47:08,020 INFO o.a.j.u.JMeterUtils: Setting Locale to en_EN
2020-10-27 02:47:08,070 INFO o.a.j.JMeter: Loading user properties from: /opt/apache-jmeter-5.1.1/bin/user.properties
2020-10-27 02:47:08,070 INFO o.a.j.JMeter: Loading system properties from: /opt/apache-jmeter-5.1.1/bin/system.properties
2020-10-27 02:47:08,071 INFO o.a.j.JMeter: Setting JMeter property: gate-url=nightly-oes3-gate.opsmx.com
2020-10-27 02:47:08,071 INFO o.a.j.JMeter: Setting JMeter property: ui-url=nightly-oes3.opsmx.com
2020-10-27 02:47:08,071 INFO o.a.j.JMeter: Setting JMeter property: port=443
2020-10-27 02:47:08,071 INFO o.a.j.JMeter: Setting JMeter property: protocol=https
2020-10-27 02:47:08,071 INFO o.a.j.JMeter: Setting JMeter property: username=user2
2020-10-27 02:47:08,071 INFO o.a.j.JMeter: Setting JMeter property: password=user2password
2020-10-27 02:47:08,071 INFO o.a.j.JMeter: Setting JMeter property: endpoint=opa:8181
2020-10-27 02:47:08,091 INFO o.a.j.JMeter: Copyright (c) 1998-2019 The Apache Software Foundation
2020-10-27 02:47:08,091 INFO o.a.j.JMeter: Version 5.1.1 r1855137
2020-10-27 02:47:08,091 INFO o.a.j.JMeter: java.version=1.8.0_222
2020-10-27 02:47:08,091 INFO o.a.j.JMeter: java.vm.name=OpenJDK 64-Bit Server VM
2020-10-27 02:47:08,091 INFO o.a.j.JMeter: os.name=Linux
2020-10-27 02:47:08,091 INFO o.a.j.JMeter: os.arch=amd64
2020-10-27 02:47:08,091 INFO o.a.j.JMeter: os.version=4.15.0-1092-azure
2020-10-27 02:47:08,091 INFO o.a.j.JMeter: file.encoding=UTF-8
2020-10-27 02:47:08,091 INFO o.a.j.JMeter: java.awt.headless=true
2020-10-27 02:47:08,091 INFO o.a.j.JMeter: Max memory     =1073741824
2020-10-27 02:47:08,091 INFO o.a.j.JMeter: Available Processors =1
2020-10-27 02:47:08,110 INFO o.a.j.JMeter: Default Locale=English (EN)
2020-10-27 02:47:08,110 INFO o.a.j.JMeter: JMeter  Locale=English (EN)
2020-10-27 02:47:08,110 INFO o.a.j.JMeter: JMeterHome=/opt/apache-jmeter-5.1.1
2020-10-27 02:47:08,110 INFO o.a.j.JMeter: user.dir  =/jmeter-testing/jmeter-scripts
2020-10-27 02:47:08,110 INFO o.a.j.JMeter: PWD       =/jmeter-testing/jmeter-scripts
2020-10-27 02:47:08,111 INFO o.a.j.JMeter: IP: 10.244.6.80 Name: jmeter-3fd900540cfa180a-2s55p FullName: jmeter-3fd900540cfa180a-2s55p
2020-10-27 02:47:08,120 INFO o.a.j.s.FileServer: Default base='/jmeter-testing/jmeter-scripts'
2020-10-27 02:47:08,139 INFO o.a.j.s.FileServer: Set new base='/jmeter-testing/jmeter-scripts'
2020-10-27 02:47:08,851 INFO o.a.j.s.SaveService: Testplan (JMX) version: 2.2. Testlog (JTL) version: 2.2
2020-10-27 02:47:08,944 INFO o.a.j.s.SaveService: Using SaveService properties file encoding UTF-8
2020-10-27 02:47:08,964 INFO o.a.j.s.SaveService: Using SaveService properties version 5.0
2020-10-27 02:47:08,994 INFO o.a.j.s.SaveService: Loading file: B-DataSource-OES3.jmx
2020-10-27 02:47:09,275 INFO o.a.j.p.h.c.CookieManager: Settings: Delete null: true Check: true Allow variable: true Save: false Prefix: COOKIE_
2020-10-27 02:47:09,373 INFO o.a.j.p.h.s.HTTPSamplerBase: Parser for text/html is org.apache.jmeter.protocol.http.parser.LagartoBasedHtmlParser
2020-10-27 02:47:09,373 INFO o.a.j.p.h.s.HTTPSamplerBase: Parser for application/xhtml+xml is org.apache.jmeter.protocol.http.parser.LagartoBasedHtmlParser
2020-10-27 02:47:09,373 INFO o.a.j.p.h.s.HTTPSamplerBase: Parser for application/xml is org.apache.jmeter.protocol.http.parser.LagartoBasedHtmlParser
2020-10-27 02:47:09,373 INFO o.a.j.p.h.s.HTTPSamplerBase: Parser for text/xml is org.apache.jmeter.protocol.http.parser.LagartoBasedHtmlParser
2020-10-27 02:47:09,373 INFO o.a.j.p.h.s.HTTPSamplerBase: Parser for text/vnd.wap.wml is org.apache.jmeter.protocol.http.parser.RegexpHTMLParser
2020-10-27 02:47:09,373 INFO o.a.j.p.h.s.HTTPSamplerBase: Parser for text/css is org.apache.jmeter.protocol.http.parser.CssParser
2020-10-27 02:47:10,631 INFO o.a.j.e.KeyToolUtils: keytool found at 'keytool'
2020-10-27 02:47:10,631 INFO o.a.j.p.h.p.ProxyControl: HTTP(S) Test Script Recorder SSL Proxy will use keys that support embedded 3rd party resources in file /opt/apache-jmeter-5.1.1/bin/proxyserver.jks
2020-10-27 02:47:10,693 INFO o.a.j.JMeter: Creating summariser <summary>
2020-10-27 02:47:10,740 INFO o.a.j.e.StandardJMeterEngine: Running the test!
2020-10-27 02:47:10,741 INFO o.a.j.s.SampleEvent: List of sample_variables: []
2020-10-27 02:47:10,741 INFO o.a.j.s.SampleEvent: List of sample_variables: []
2020-10-27 02:47:10,811 INFO o.a.j.e.u.CompoundVariable: Note: Function class names must contain the string: '.functions.'
2020-10-27 02:47:10,812 INFO o.a.j.e.u.CompoundVariable: Note: Function class names must not contain the string: '.gui.'
2020-10-27 02:47:12,501 INFO o.a.j.JMeter: Running test (1603766832501)
2020-10-27 02:47:12,672 INFO o.a.j.e.StandardJMeterEngine: Starting ThreadGroup: 1 : Thread Group
2020-10-27 02:47:12,672 INFO o.a.j.e.StandardJMeterEngine: Starting 1 threads for group Thread Group.
2020-10-27 02:47:12,672 INFO o.a.j.e.StandardJMeterEngine: Thread will continue on error
2020-10-27 02:47:12,672 INFO o.a.j.t.ThreadGroup: Starting thread group... number=1 threads=1 ramp-up=1 delayedStart=false
2020-10-27 02:47:12,698 INFO o.a.j.t.ThreadGroup: Started thread group number 1
2020-10-27 02:47:12,698 INFO o.a.j.e.StandardJMeterEngine: All thread groups have been started
2020-10-27 02:47:12,731 INFO o.a.j.s.SampleResult: Note: Sample TimeStamps are START times
2020-10-27 02:47:12,731 INFO o.a.j.s.SampleResult: sampleresult.default.encoding is set to ISO-8859-1
2020-10-27 02:47:12,731 INFO o.a.j.s.SampleResult: sampleresult.useNanoTime=true
2020-10-27 02:47:12,731 INFO o.a.j.s.SampleResult: sampleresult.nanoThreadSleep=5000
2020-10-27 02:47:12,788 INFO o.a.j.t.JMeterThread: Thread started: Thread Group 1-1
2020-10-27 02:47:12,869 INFO o.a.j.p.h.s.HTTPHCAbstractImpl: Local host = jmeter-3fd900540cfa180a-2s55p
2020-10-27 02:47:12,887 INFO o.a.j.p.h.s.HTTPHC4Impl: HTTP request retry count = 0
2020-10-27 02:47:13,139 INFO o.a.j.p.h.s.h.LazyLayeredConnectionSocketFactory: Setting up HTTPS TrustAll Socket Factory
2020-10-27 02:47:13,149 INFO o.a.j.u.JsseSSLManager: Using default SSL protocol: TLS
2020-10-27 02:47:13,149 INFO o.a.j.u.JsseSSLManager: SSL session context: per-thread
2020-10-27 02:47:13,295 INFO o.a.j.u.SSLManager: JmeterKeyStore Location:  type JKS
2020-10-27 02:47:13,298 INFO o.a.j.u.SSLManager: KeyStore created OK
2020-10-27 02:47:13,299 WARN o.a.j.u.SSLManager: Keystore file not found, loading empty keystore
2020-10-27 02:47:21,357 INFO o.a.j.t.JMeterThread: Thread is done: Thread Group 1-1
2020-10-27 02:47:21,357 INFO o.a.j.t.JMeterThread: Thread finished: Thread Group 1-1
2020-10-27 02:47:21,358 INFO o.a.j.e.StandardJMeterEngine: Notifying test listeners of end of test
2020-10-27 02:47:21,370 INFO o.a.j.r.Summariser: summary =     21 in 00:00:09 =    2.4/s Avg:   385 Min:    47 Max:  2059 Err:     0 (0.00%)
