2020-11-23 16:06:24,314 INFO o.a.j.u.JMeterUtils: Setting Locale to en_EN
2020-11-23 16:06:24,359 INFO o.a.j.JMeter: Loading user properties from: /opt/apache-jmeter-5.3/bin/user.properties
2020-11-23 16:06:24,360 INFO o.a.j.JMeter: Loading system properties from: /opt/apache-jmeter-5.3/bin/system.properties
2020-11-23 16:06:24,360 INFO o.a.j.JMeter: Setting JMeter property: gate-url=gitpr-gate-nightly.oes.opsmx.com
2020-11-23 16:06:24,360 INFO o.a.j.JMeter: Setting JMeter property: ui-url=gitpr-ui-nightly.oes.opsmx.com
2020-11-23 16:06:24,360 WARN o.a.j.JMeter: Removing JMeter property: port
2020-11-23 16:06:24,360 INFO o.a.j.JMeter: Setting JMeter property: protocol=http
2020-11-23 16:06:24,360 INFO o.a.j.JMeter: Setting JMeter property: username=user2
2020-11-23 16:06:24,360 INFO o.a.j.JMeter: Setting JMeter property: password=user2password
2020-11-23 16:06:24,361 INFO o.a.j.JMeter: Setting JMeter property: endpoint=opa:8181
2020-11-23 16:06:24,361 INFO o.a.j.JMeter: Setting JMeter property: jmeterengine.force.system.exit=true
2020-11-23 16:06:24,368 INFO o.a.j.JMeter: Copyright (c) 1998-2020 The Apache Software Foundation
2020-11-23 16:06:24,368 INFO o.a.j.JMeter: Version 5.3
2020-11-23 16:06:24,369 INFO o.a.j.JMeter: java.version=1.8.0_252
2020-11-23 16:06:24,369 INFO o.a.j.JMeter: java.vm.name=OpenJDK 64-Bit Server VM
2020-11-23 16:06:24,369 INFO o.a.j.JMeter: os.name=Linux
2020-11-23 16:06:24,369 INFO o.a.j.JMeter: os.arch=amd64
2020-11-23 16:06:24,369 INFO o.a.j.JMeter: os.version=4.15.0-1092-azure
2020-11-23 16:06:24,369 INFO o.a.j.JMeter: file.encoding=UTF-8
2020-11-23 16:06:24,369 INFO o.a.j.JMeter: java.awt.headless=true
2020-11-23 16:06:24,369 INFO o.a.j.JMeter: Max memory     =1073741824
2020-11-23 16:06:24,369 INFO o.a.j.JMeter: Available Processors =1
2020-11-23 16:06:24,388 INFO o.a.j.JMeter: Default Locale=English (EN)
2020-11-23 16:06:24,394 INFO o.a.j.JMeter: JMeter  Locale=English (EN)
2020-11-23 16:06:24,394 INFO o.a.j.JMeter: JMeterHome=/opt/apache-jmeter-5.3
2020-11-23 16:06:24,394 INFO o.a.j.JMeter: user.dir  =/jmeter-testing/jmeter-scripts
2020-11-23 16:06:24,395 INFO o.a.j.JMeter: PWD       =/jmeter-testing/jmeter-scripts
2020-11-23 16:06:24,395 INFO o.a.j.JMeter: IP: 10.244.10.124 Name: jmeter-3feda6b733aa36e9-rdzwn FullName: jmeter-3feda6b733aa36e9-rdzwn
2020-11-23 16:06:24,414 INFO o.a.j.s.FileServer: Default base='/jmeter-testing/jmeter-scripts'
2020-11-23 16:06:24,441 INFO o.a.j.s.FileServer: Set new base='/jmeter-testing/jmeter-scripts'
2020-11-23 16:06:24,918 INFO o.a.j.s.SaveService: Testplan (JMX) version: 2.2. Testlog (JTL) version: 2.2
2020-11-23 16:06:24,994 INFO o.a.j.s.SaveService: Using SaveService properties file encoding UTF-8
2020-11-23 16:06:25,022 INFO o.a.j.s.SaveService: Using SaveService properties version 5.0
2020-11-23 16:06:25,041 INFO o.a.j.s.SaveService: Loading file: B-DataSource-OES3.jmx
2020-11-23 16:06:25,207 INFO o.a.j.p.h.c.CookieManager: Settings: Delete null: true Check: true Allow variable: true Save: false Prefix: COOKIE_
2020-11-23 16:06:25,283 INFO o.a.j.p.h.s.HTTPSamplerBase: Parser for text/html is org.apache.jmeter.protocol.http.parser.LagartoBasedHtmlParser
2020-11-23 16:06:25,284 INFO o.a.j.p.h.s.HTTPSamplerBase: Parser for application/xhtml+xml is org.apache.jmeter.protocol.http.parser.LagartoBasedHtmlParser
2020-11-23 16:06:25,284 INFO o.a.j.p.h.s.HTTPSamplerBase: Parser for application/xml is org.apache.jmeter.protocol.http.parser.LagartoBasedHtmlParser
2020-11-23 16:06:25,284 INFO o.a.j.p.h.s.HTTPSamplerBase: Parser for text/xml is org.apache.jmeter.protocol.http.parser.LagartoBasedHtmlParser
2020-11-23 16:06:25,284 INFO o.a.j.p.h.s.HTTPSamplerBase: Parser for text/vnd.wap.wml is org.apache.jmeter.protocol.http.parser.RegexpHTMLParser
2020-11-23 16:06:25,284 INFO o.a.j.p.h.s.HTTPSamplerBase: Parser for text/css is org.apache.jmeter.protocol.http.parser.CssParser
2020-11-23 16:06:26,117 INFO o.a.j.e.KeyToolUtils: keytool found at 'keytool'
2020-11-23 16:06:26,118 INFO o.a.j.p.h.p.ProxyControl: HTTP(S) Test Script Recorder SSL Proxy will use keys that support embedded 3rd party resources in file /opt/apache-jmeter-5.3/bin/proxyserver.jks
2020-11-23 16:06:26,233 INFO o.a.j.JMeter: Creating summariser <summary>
2020-11-23 16:06:26,351 INFO o.a.j.e.StandardJMeterEngine: Running the test!
2020-11-23 16:06:26,363 INFO o.a.j.s.SampleEvent: List of sample_variables: []
2020-11-23 16:06:26,363 INFO o.a.j.s.SampleEvent: List of sample_variables: []
2020-11-23 16:06:26,427 INFO o.a.j.e.u.CompoundVariable: Note: Function class names must contain the string: '.functions.'
2020-11-23 16:06:26,427 INFO o.a.j.e.u.CompoundVariable: Note: Function class names must not contain the string: '.gui.'
2020-11-23 16:06:28,306 INFO o.a.j.JMeter: Running test (1606147588306)
2020-11-23 16:06:28,475 INFO o.a.j.e.StandardJMeterEngine: Starting ThreadGroup: 1 : Thread Group
2020-11-23 16:06:28,476 INFO o.a.j.e.StandardJMeterEngine: Starting 1 threads for group Thread Group.
2020-11-23 16:06:28,476 INFO o.a.j.e.StandardJMeterEngine: Thread will continue on error
2020-11-23 16:06:28,476 INFO o.a.j.t.ThreadGroup: Starting thread group... number=1 threads=1 ramp-up=1 delayedStart=false
2020-11-23 16:06:28,497 INFO o.a.j.t.ThreadGroup: Started thread group number 1
2020-11-23 16:06:28,497 INFO o.a.j.e.StandardJMeterEngine: All thread groups have been started
2020-11-23 16:06:28,518 INFO o.a.j.s.SampleResult: Note: Sample TimeStamps are START times
2020-11-23 16:06:28,518 INFO o.a.j.s.SampleResult: sampleresult.default.encoding is set to ISO-8859-1
2020-11-23 16:06:28,518 INFO o.a.j.s.SampleResult: sampleresult.useNanoTime=true
2020-11-23 16:06:28,518 INFO o.a.j.s.SampleResult: sampleresult.nanoThreadSleep=5000
2020-11-23 16:06:28,526 INFO o.a.j.t.JMeterThread: Thread started: Thread Group 1-1
2020-11-23 16:06:28,587 INFO o.a.j.p.h.s.HTTPHCAbstractImpl: Local host = jmeter-3feda6b733aa36e9-rdzwn
2020-11-23 16:06:28,603 INFO o.a.j.p.h.s.HTTPHC4Impl: HTTP request retry count = 0
2020-11-23 16:06:30,811 INFO o.a.j.r.Summariser: summary +     11 in 00:00:03 =    4.4/s Avg:   174 Min:    19 Max:   983 Err:     0 (0.00%) Active: 1 Started: 1 Finished: 0
2020-11-23 16:06:39,067 INFO o.a.j.t.JMeterThread: Thread is done: Thread Group 1-1
2020-11-23 16:06:39,067 INFO o.a.j.t.JMeterThread: Thread finished: Thread Group 1-1
2020-11-23 16:06:39,068 INFO o.a.j.e.StandardJMeterEngine: Notifying test listeners of end of test
2020-11-23 16:06:39,070 INFO o.a.j.r.Summariser: summary +     10 in 00:00:08 =    1.2/s Avg:   824 Min:    10 Max:  7969 Err:     0 (0.00%) Active: 0 Started: 1 Finished: 1
2020-11-23 16:06:39,070 INFO o.a.j.r.Summariser: summary =     21 in 00:00:11 =    2.0/s Avg:   483 Min:    10 Max:  7969 Err:     0 (0.00%)
2020-11-23 16:06:39,071 INFO o.a.j.e.StandardJMeterEngine: Forced JVM shutdown requested at end of test
