2020-09-08 13:39:43,546 INFO o.a.j.u.JMeterUtils: Setting Locale to en_EN
2020-09-08 13:39:43,595 INFO o.a.j.JMeter: Loading user properties from: /opt/apache-jmeter-5.1.1/bin/user.properties
2020-09-08 13:39:43,595 INFO o.a.j.JMeter: Loading system properties from: /opt/apache-jmeter-5.1.1/bin/system.properties
2020-09-08 13:39:43,596 INFO o.a.j.JMeter: Setting JMeter property: gate-url=oes-demo-api.opsmx.com
2020-09-08 13:39:43,596 INFO o.a.j.JMeter: Setting JMeter property: ui-url=oes-demo.opsmx.com
2020-09-08 13:39:43,596 INFO o.a.j.JMeter: Setting JMeter property: port=443
2020-09-08 13:39:43,602 INFO o.a.j.JMeter: Setting JMeter property: protocol=https
2020-09-08 13:39:43,602 INFO o.a.j.JMeter: Setting JMeter property: username=admin
2020-09-08 13:39:43,602 INFO o.a.j.JMeter: Setting JMeter property: password=opsmx@123
2020-09-08 13:39:43,602 INFO o.a.j.JMeter: Setting JMeter property: endpoint=opa-svc.oes3:8181
2020-09-08 13:39:43,613 INFO o.a.j.JMeter: Copyright (c) 1998-2019 The Apache Software Foundation
2020-09-08 13:39:43,613 INFO o.a.j.JMeter: Version 5.1.1 r1855137
2020-09-08 13:39:43,613 INFO o.a.j.JMeter: java.version=1.8.0_222
2020-09-08 13:39:43,613 INFO o.a.j.JMeter: java.vm.name=OpenJDK 64-Bit Server VM
2020-09-08 13:39:43,613 INFO o.a.j.JMeter: os.name=Linux
2020-09-08 13:39:43,613 INFO o.a.j.JMeter: os.arch=amd64
2020-09-08 13:39:43,613 INFO o.a.j.JMeter: os.version=4.15.0-1092-azure
2020-09-08 13:39:43,613 INFO o.a.j.JMeter: file.encoding=UTF-8
2020-09-08 13:39:43,613 INFO o.a.j.JMeter: java.awt.headless=true
2020-09-08 13:39:43,613 INFO o.a.j.JMeter: Max memory     =1073741824
2020-09-08 13:39:43,614 INFO o.a.j.JMeter: Available Processors =1
2020-09-08 13:39:43,634 INFO o.a.j.JMeter: Default Locale=English (EN)
2020-09-08 13:39:43,634 INFO o.a.j.JMeter: JMeter  Locale=English (EN)
2020-09-08 13:39:43,634 INFO o.a.j.JMeter: JMeterHome=/opt/apache-jmeter-5.1.1
2020-09-08 13:39:43,634 INFO o.a.j.JMeter: user.dir  =/jmeter-testing/jmeter-scripts
2020-09-08 13:39:43,635 INFO o.a.j.JMeter: PWD       =/jmeter-testing/jmeter-scripts
2020-09-08 13:39:43,641 INFO o.a.j.JMeter: IP: 10.244.0.34 Name: jmeter-3fdae43dbd0bd428-8nj7c FullName: jmeter-3fdae43dbd0bd428-8nj7c
2020-09-08 13:39:43,652 INFO o.a.j.s.FileServer: Default base='/jmeter-testing/jmeter-scripts'
2020-09-08 13:39:43,681 INFO o.a.j.s.FileServer: Set new base='/jmeter-testing/jmeter-scripts'
2020-09-08 13:39:44,140 INFO o.a.j.s.SaveService: Testplan (JMX) version: 2.2. Testlog (JTL) version: 2.2
2020-09-08 13:39:44,188 INFO o.a.j.s.SaveService: Using SaveService properties file encoding UTF-8
2020-09-08 13:39:44,198 INFO o.a.j.s.SaveService: Using SaveService properties version 5.0
2020-09-08 13:39:44,219 INFO o.a.j.s.SaveService: Loading file: F-oes-policy-edit-and-delete.jmx
2020-09-08 13:39:44,351 INFO o.a.j.p.h.c.CookieManager: Settings: Delete null: true Check: true Allow variable: true Save: false Prefix: COOKIE_
2020-09-08 13:39:44,399 INFO o.a.j.p.h.s.HTTPSamplerBase: Parser for text/html is org.apache.jmeter.protocol.http.parser.LagartoBasedHtmlParser
2020-09-08 13:39:44,399 INFO o.a.j.p.h.s.HTTPSamplerBase: Parser for application/xhtml+xml is org.apache.jmeter.protocol.http.parser.LagartoBasedHtmlParser
2020-09-08 13:39:44,399 INFO o.a.j.p.h.s.HTTPSamplerBase: Parser for application/xml is org.apache.jmeter.protocol.http.parser.LagartoBasedHtmlParser
2020-09-08 13:39:44,399 INFO o.a.j.p.h.s.HTTPSamplerBase: Parser for text/xml is org.apache.jmeter.protocol.http.parser.LagartoBasedHtmlParser
2020-09-08 13:39:44,399 INFO o.a.j.p.h.s.HTTPSamplerBase: Parser for text/vnd.wap.wml is org.apache.jmeter.protocol.http.parser.RegexpHTMLParser
2020-09-08 13:39:44,399 INFO o.a.j.p.h.s.HTTPSamplerBase: Parser for text/css is org.apache.jmeter.protocol.http.parser.CssParser
2020-09-08 13:39:45,072 INFO o.a.j.e.KeyToolUtils: keytool found at 'keytool'
2020-09-08 13:39:45,073 INFO o.a.j.p.h.p.ProxyControl: HTTP(S) Test Script Recorder SSL Proxy will use keys that support embedded 3rd party resources in file /opt/apache-jmeter-5.1.1/bin/proxyserver.jks
2020-09-08 13:39:45,138 INFO o.a.j.JMeter: Creating summariser <summary>
2020-09-08 13:39:45,162 INFO o.a.j.e.StandardJMeterEngine: Running the test!
2020-09-08 13:39:45,196 INFO o.a.j.s.SampleEvent: List of sample_variables: []
2020-09-08 13:39:45,197 INFO o.a.j.s.SampleEvent: List of sample_variables: []
2020-09-08 13:39:45,219 INFO o.a.j.e.u.CompoundVariable: Note: Function class names must contain the string: '.functions.'
2020-09-08 13:39:45,232 INFO o.a.j.e.u.CompoundVariable: Note: Function class names must not contain the string: '.gui.'
2020-09-08 13:39:46,764 INFO o.a.j.JMeter: Running test (1599572386764)
2020-09-08 13:39:47,065 INFO o.a.j.e.StandardJMeterEngine: Starting ThreadGroup: 1 : Thread Group
2020-09-08 13:39:47,065 INFO o.a.j.e.StandardJMeterEngine: Starting 1 threads for group Thread Group.
2020-09-08 13:39:47,065 INFO o.a.j.e.StandardJMeterEngine: Thread will continue on error
2020-09-08 13:39:47,066 INFO o.a.j.t.ThreadGroup: Starting thread group... number=1 threads=1 ramp-up=1 delayedStart=false
2020-09-08 13:39:47,121 INFO o.a.j.t.ThreadGroup: Started thread group number 1
2020-09-08 13:39:47,121 INFO o.a.j.e.StandardJMeterEngine: All thread groups have been started
2020-09-08 13:39:47,138 INFO o.a.j.s.SampleResult: Note: Sample TimeStamps are START times
2020-09-08 13:39:47,139 INFO o.a.j.s.SampleResult: sampleresult.default.encoding is set to ISO-8859-1
2020-09-08 13:39:47,145 INFO o.a.j.s.SampleResult: sampleresult.useNanoTime=true
2020-09-08 13:39:47,145 INFO o.a.j.s.SampleResult: sampleresult.nanoThreadSleep=5000
2020-09-08 13:39:47,152 INFO o.a.j.t.JMeterThread: Thread started: Thread Group 1-1
2020-09-08 13:39:47,225 INFO o.a.j.p.h.s.HTTPHCAbstractImpl: Local host = jmeter-3fdae43dbd0bd428-8nj7c
2020-09-08 13:39:47,237 INFO o.a.j.p.h.s.HTTPHC4Impl: HTTP request retry count = 0
2020-09-08 13:39:47,565 INFO o.a.j.p.h.s.h.LazyLayeredConnectionSocketFactory: Setting up HTTPS TrustAll Socket Factory
2020-09-08 13:39:47,584 INFO o.a.j.u.JsseSSLManager: Using default SSL protocol: TLS
2020-09-08 13:39:47,585 INFO o.a.j.u.JsseSSLManager: SSL session context: per-thread
2020-09-08 13:39:47,840 INFO o.a.j.u.SSLManager: JmeterKeyStore Location:  type JKS
2020-09-08 13:39:47,884 INFO o.a.j.u.SSLManager: KeyStore created OK
2020-09-08 13:39:47,889 WARN o.a.j.u.SSLManager: Keystore file not found, loading empty keystore
2020-09-08 13:39:52,662 INFO o.a.j.t.JMeterThread: Thread is done: Thread Group 1-1
2020-09-08 13:39:52,663 INFO o.a.j.t.JMeterThread: Thread finished: Thread Group 1-1
2020-09-08 13:39:52,664 INFO o.a.j.e.StandardJMeterEngine: Notifying test listeners of end of test
2020-09-08 13:39:52,665 INFO o.a.j.r.Summariser: summary =     30 in 00:00:06 =    5.1/s Avg:   171 Min:    48 Max:  2482 Err:     1 (3.33%)
