2020-10-07 02:45:45,842 INFO o.a.j.u.JMeterUtils: Setting Locale to en_EN
2020-10-07 02:45:45,899 INFO o.a.j.JMeter: Loading user properties from: /opt/apache-jmeter-5.1.1/bin/user.properties
2020-10-07 02:45:45,900 INFO o.a.j.JMeter: Loading system properties from: /opt/apache-jmeter-5.1.1/bin/system.properties
2020-10-07 02:45:45,903 INFO o.a.j.JMeter: Setting JMeter property: gate-url=nightly-oes3-gate.opsmx.com
2020-10-07 02:45:45,903 INFO o.a.j.JMeter: Setting JMeter property: ui-url=nightly-oes3.opsmx.com
2020-10-07 02:45:45,903 INFO o.a.j.JMeter: Setting JMeter property: port=443
2020-10-07 02:45:45,903 INFO o.a.j.JMeter: Setting JMeter property: protocol=https
2020-10-07 02:45:45,903 INFO o.a.j.JMeter: Setting JMeter property: username=user2
2020-10-07 02:45:45,904 INFO o.a.j.JMeter: Setting JMeter property: password=user2password
2020-10-07 02:45:45,904 INFO o.a.j.JMeter: Setting JMeter property: endpoint=opa:8181
2020-10-07 02:45:45,948 INFO o.a.j.JMeter: Copyright (c) 1998-2019 The Apache Software Foundation
2020-10-07 02:45:45,948 INFO o.a.j.JMeter: Version 5.1.1 r1855137
2020-10-07 02:45:45,948 INFO o.a.j.JMeter: java.version=1.8.0_222
2020-10-07 02:45:45,948 INFO o.a.j.JMeter: java.vm.name=OpenJDK 64-Bit Server VM
2020-10-07 02:45:45,948 INFO o.a.j.JMeter: os.name=Linux
2020-10-07 02:45:45,948 INFO o.a.j.JMeter: os.arch=amd64
2020-10-07 02:45:45,948 INFO o.a.j.JMeter: os.version=4.15.0-1092-azure
2020-10-07 02:45:45,949 INFO o.a.j.JMeter: file.encoding=UTF-8
2020-10-07 02:45:45,949 INFO o.a.j.JMeter: java.awt.headless=true
2020-10-07 02:45:45,949 INFO o.a.j.JMeter: Max memory     =1073741824
2020-10-07 02:45:45,949 INFO o.a.j.JMeter: Available Processors =1
2020-10-07 02:45:46,013 INFO o.a.j.JMeter: Default Locale=English (EN)
2020-10-07 02:45:46,014 INFO o.a.j.JMeter: JMeter  Locale=English (EN)
2020-10-07 02:45:46,014 INFO o.a.j.JMeter: JMeterHome=/opt/apache-jmeter-5.1.1
2020-10-07 02:45:46,014 INFO o.a.j.JMeter: user.dir  =/jmeter-testing/jmeter-scripts
2020-10-07 02:45:46,015 INFO o.a.j.JMeter: PWD       =/jmeter-testing/jmeter-scripts
2020-10-07 02:45:46,015 INFO o.a.j.JMeter: IP: 10.244.1.78 Name: jmeter-3feb373bdedf4383-q2tw8 FullName: jmeter-3feb373bdedf4383-q2tw8
2020-10-07 02:45:46,038 INFO o.a.j.s.FileServer: Default base='/jmeter-testing/jmeter-scripts'
2020-10-07 02:45:46,058 INFO o.a.j.s.FileServer: Set new base='/jmeter-testing/jmeter-scripts'
2020-10-07 02:45:47,026 INFO o.a.j.s.SaveService: Testplan (JMX) version: 2.2. Testlog (JTL) version: 2.2
2020-10-07 02:45:47,085 INFO o.a.j.s.SaveService: Using SaveService properties file encoding UTF-8
2020-10-07 02:45:47,104 INFO o.a.j.s.SaveService: Using SaveService properties version 5.0
2020-10-07 02:45:47,124 INFO o.a.j.s.SaveService: Loading file: B-DataSource-OES3.jmx
2020-10-07 02:45:47,390 INFO o.a.j.p.h.c.CookieManager: Settings: Delete null: true Check: true Allow variable: true Save: false Prefix: COOKIE_
2020-10-07 02:45:47,762 INFO o.a.j.p.h.s.HTTPSamplerBase: Parser for text/html is org.apache.jmeter.protocol.http.parser.LagartoBasedHtmlParser
2020-10-07 02:45:47,762 INFO o.a.j.p.h.s.HTTPSamplerBase: Parser for application/xhtml+xml is org.apache.jmeter.protocol.http.parser.LagartoBasedHtmlParser
2020-10-07 02:45:47,763 INFO o.a.j.p.h.s.HTTPSamplerBase: Parser for application/xml is org.apache.jmeter.protocol.http.parser.LagartoBasedHtmlParser
2020-10-07 02:45:47,763 INFO o.a.j.p.h.s.HTTPSamplerBase: Parser for text/xml is org.apache.jmeter.protocol.http.parser.LagartoBasedHtmlParser
2020-10-07 02:45:47,763 INFO o.a.j.p.h.s.HTTPSamplerBase: Parser for text/vnd.wap.wml is org.apache.jmeter.protocol.http.parser.RegexpHTMLParser
2020-10-07 02:45:47,763 INFO o.a.j.p.h.s.HTTPSamplerBase: Parser for text/css is org.apache.jmeter.protocol.http.parser.CssParser
2020-10-07 02:45:50,260 INFO o.a.j.e.KeyToolUtils: keytool found at 'keytool'
2020-10-07 02:45:50,261 INFO o.a.j.p.h.p.ProxyControl: HTTP(S) Test Script Recorder SSL Proxy will use keys that support embedded 3rd party resources in file /opt/apache-jmeter-5.1.1/bin/proxyserver.jks
2020-10-07 02:45:50,595 INFO o.a.j.JMeter: Creating summariser <summary>
2020-10-07 02:45:50,617 INFO o.a.j.e.StandardJMeterEngine: Running the test!
2020-10-07 02:45:50,644 INFO o.a.j.s.SampleEvent: List of sample_variables: []
2020-10-07 02:45:50,645 INFO o.a.j.s.SampleEvent: List of sample_variables: []
2020-10-07 02:45:50,676 INFO o.a.j.e.u.CompoundVariable: Note: Function class names must contain the string: '.functions.'
2020-10-07 02:45:50,676 INFO o.a.j.e.u.CompoundVariable: Note: Function class names must not contain the string: '.gui.'
2020-10-07 02:45:53,623 INFO o.a.j.JMeter: Running test (1602038753623)
2020-10-07 02:45:53,801 INFO o.a.j.e.StandardJMeterEngine: Starting ThreadGroup: 1 : Thread Group
2020-10-07 02:45:53,801 INFO o.a.j.e.StandardJMeterEngine: Starting 1 threads for group Thread Group.
2020-10-07 02:45:53,801 INFO o.a.j.e.StandardJMeterEngine: Thread will continue on error
2020-10-07 02:45:53,801 INFO o.a.j.t.ThreadGroup: Starting thread group... number=1 threads=1 ramp-up=1 delayedStart=false
2020-10-07 02:45:53,827 INFO o.a.j.t.ThreadGroup: Started thread group number 1
2020-10-07 02:45:53,828 INFO o.a.j.e.StandardJMeterEngine: All thread groups have been started
2020-10-07 02:45:53,854 INFO o.a.j.s.SampleResult: Note: Sample TimeStamps are START times
2020-10-07 02:45:53,855 INFO o.a.j.s.SampleResult: sampleresult.default.encoding is set to ISO-8859-1
2020-10-07 02:45:53,855 INFO o.a.j.s.SampleResult: sampleresult.useNanoTime=true
2020-10-07 02:45:53,855 INFO o.a.j.s.SampleResult: sampleresult.nanoThreadSleep=5000
2020-10-07 02:45:53,857 INFO o.a.j.t.JMeterThread: Thread started: Thread Group 1-1
2020-10-07 02:45:53,919 INFO o.a.j.p.h.s.HTTPHCAbstractImpl: Local host = jmeter-3feb373bdedf4383-q2tw8
2020-10-07 02:45:53,939 INFO o.a.j.p.h.s.HTTPHC4Impl: HTTP request retry count = 0
2020-10-07 02:45:54,311 INFO o.a.j.p.h.s.h.LazyLayeredConnectionSocketFactory: Setting up HTTPS TrustAll Socket Factory
2020-10-07 02:45:54,527 INFO o.a.j.u.JsseSSLManager: Using default SSL protocol: TLS
2020-10-07 02:45:54,537 INFO o.a.j.u.JsseSSLManager: SSL session context: per-thread
2020-10-07 02:45:55,166 INFO o.a.j.u.SSLManager: JmeterKeyStore Location:  type JKS
2020-10-07 02:45:55,203 INFO o.a.j.u.SSLManager: KeyStore created OK
2020-10-07 02:45:55,203 WARN o.a.j.u.SSLManager: Keystore file not found, loading empty keystore
2020-10-07 02:46:02,678 INFO o.a.j.r.Summariser: summary +     11 in 00:00:09 =    1.2/s Avg:   760 Min:   111 Max:  3267 Err:     0 (0.00%) Active: 1 Started: 1 Finished: 0
2020-10-07 02:46:08,616 INFO o.a.j.t.JMeterThread: Thread is done: Thread Group 1-1
2020-10-07 02:46:08,616 INFO o.a.j.t.JMeterThread: Thread finished: Thread Group 1-1
2020-10-07 02:46:08,630 INFO o.a.j.e.StandardJMeterEngine: Notifying test listeners of end of test
2020-10-07 02:46:08,631 INFO o.a.j.r.Summariser: summary +     10 in 00:00:06 =    1.7/s Avg:   579 Min:   152 Max:  2314 Err:     1 (10.00%) Active: 0 Started: 1 Finished: 1
2020-10-07 02:46:08,634 INFO o.a.j.r.Summariser: summary =     21 in 00:00:15 =    1.4/s Avg:   674 Min:   111 Max:  3267 Err:     1 (4.76%)
