2020-12-09 06:28:19,065 INFO o.a.j.u.JMeterUtils: Setting Locale to en_EN
2020-12-09 06:28:19,081 INFO o.a.j.JMeter: Loading user properties from: /opt/apache-jmeter-5.3/bin/user.properties
2020-12-09 06:28:19,082 INFO o.a.j.JMeter: Loading system properties from: /opt/apache-jmeter-5.3/bin/system.properties
2020-12-09 06:28:19,082 INFO o.a.j.JMeter: Setting JMeter property: gate-url=gitpr-gate-nightly.oes.opsmx.com
2020-12-09 06:28:19,082 INFO o.a.j.JMeter: Setting JMeter property: ui-url=gitpr-ui-nightly.oes.opsmx.com
2020-12-09 06:28:19,082 WARN o.a.j.JMeter: Removing JMeter property: port
2020-12-09 06:28:19,082 INFO o.a.j.JMeter: Setting JMeter property: protocol=http
2020-12-09 06:28:19,083 INFO o.a.j.JMeter: Setting JMeter property: username=user2
2020-12-09 06:28:19,083 INFO o.a.j.JMeter: Setting JMeter property: password=user2password
2020-12-09 06:28:19,083 INFO o.a.j.JMeter: Setting JMeter property: endpoint=opa:8181
2020-12-09 06:28:19,083 INFO o.a.j.JMeter: Setting JMeter property: jmeterengine.force.system.exit=true
2020-12-09 06:28:19,084 INFO o.a.j.JMeter: Copyright (c) 1998-2020 The Apache Software Foundation
2020-12-09 06:28:19,084 INFO o.a.j.JMeter: Version 5.3
2020-12-09 06:28:19,084 INFO o.a.j.JMeter: java.version=1.8.0_252
2020-12-09 06:28:19,084 INFO o.a.j.JMeter: java.vm.name=OpenJDK 64-Bit Server VM
2020-12-09 06:28:19,084 INFO o.a.j.JMeter: os.name=Linux
2020-12-09 06:28:19,084 INFO o.a.j.JMeter: os.arch=amd64
2020-12-09 06:28:19,084 INFO o.a.j.JMeter: os.version=4.15.0-1098-azure
2020-12-09 06:28:19,084 INFO o.a.j.JMeter: file.encoding=UTF-8
2020-12-09 06:28:19,084 INFO o.a.j.JMeter: java.awt.headless=true
2020-12-09 06:28:19,084 INFO o.a.j.JMeter: Max memory     =1073741824
2020-12-09 06:28:19,085 INFO o.a.j.JMeter: Available Processors =1
2020-12-09 06:28:19,091 INFO o.a.j.JMeter: Default Locale=English (EN)
2020-12-09 06:28:19,091 INFO o.a.j.JMeter: JMeter  Locale=English (EN)
2020-12-09 06:28:19,091 INFO o.a.j.JMeter: JMeterHome=/opt/apache-jmeter-5.3
2020-12-09 06:28:19,092 INFO o.a.j.JMeter: user.dir  =/jmeter-testing/jmeter-scripts
2020-12-09 06:28:19,092 INFO o.a.j.JMeter: PWD       =/jmeter-testing/jmeter-scripts
2020-12-09 06:28:19,092 INFO o.a.j.JMeter: IP: 10.244.17.187 Name: jmeter-3fd0bfa9ebf6daa0-8qtvg FullName: jmeter-3fd0bfa9ebf6daa0-8qtvg
2020-12-09 06:28:19,099 INFO o.a.j.s.FileServer: Default base='/jmeter-testing/jmeter-scripts'
2020-12-09 06:28:19,105 INFO o.a.j.s.FileServer: Set new base='/jmeter-testing/jmeter-scripts'
2020-12-09 06:28:19,247 INFO o.a.j.s.SaveService: Testplan (JMX) version: 2.2. Testlog (JTL) version: 2.2
2020-12-09 06:28:19,272 INFO o.a.j.s.SaveService: Using SaveService properties file encoding UTF-8
2020-12-09 06:28:19,276 INFO o.a.j.s.SaveService: Using SaveService properties version 5.0
2020-12-09 06:28:19,284 INFO o.a.j.s.SaveService: Loading file: G-sonarqube-create-delete.jmx
2020-12-09 06:28:19,319 INFO o.a.j.p.h.c.CookieManager: Settings: Delete null: true Check: true Allow variable: true Save: false Prefix: COOKIE_
2020-12-09 06:28:19,336 INFO o.a.j.p.h.s.HTTPSamplerBase: Parser for text/html is org.apache.jmeter.protocol.http.parser.LagartoBasedHtmlParser
2020-12-09 06:28:19,336 INFO o.a.j.p.h.s.HTTPSamplerBase: Parser for application/xhtml+xml is org.apache.jmeter.protocol.http.parser.LagartoBasedHtmlParser
2020-12-09 06:28:19,336 INFO o.a.j.p.h.s.HTTPSamplerBase: Parser for application/xml is org.apache.jmeter.protocol.http.parser.LagartoBasedHtmlParser
2020-12-09 06:28:19,336 INFO o.a.j.p.h.s.HTTPSamplerBase: Parser for text/xml is org.apache.jmeter.protocol.http.parser.LagartoBasedHtmlParser
2020-12-09 06:28:19,336 INFO o.a.j.p.h.s.HTTPSamplerBase: Parser for text/vnd.wap.wml is org.apache.jmeter.protocol.http.parser.RegexpHTMLParser
2020-12-09 06:28:19,336 INFO o.a.j.p.h.s.HTTPSamplerBase: Parser for text/css is org.apache.jmeter.protocol.http.parser.CssParser
2020-12-09 06:28:19,627 INFO o.a.j.e.KeyToolUtils: keytool found at 'keytool'
2020-12-09 06:28:19,627 INFO o.a.j.p.h.p.ProxyControl: HTTP(S) Test Script Recorder SSL Proxy will use keys that support embedded 3rd party resources in file /opt/apache-jmeter-5.3/bin/proxyserver.jks
2020-12-09 06:28:19,665 INFO o.a.j.JMeter: Creating summariser <summary>
2020-12-09 06:28:19,671 INFO o.a.j.e.StandardJMeterEngine: Running the test!
2020-12-09 06:28:19,672 INFO o.a.j.s.SampleEvent: List of sample_variables: []
2020-12-09 06:28:19,672 INFO o.a.j.s.SampleEvent: List of sample_variables: []
2020-12-09 06:28:19,678 INFO o.a.j.e.u.CompoundVariable: Note: Function class names must contain the string: '.functions.'
2020-12-09 06:28:19,678 INFO o.a.j.e.u.CompoundVariable: Note: Function class names must not contain the string: '.gui.'
2020-12-09 06:28:20,075 INFO o.a.j.JMeter: Running test (1607495300075)
2020-12-09 06:28:20,138 INFO o.a.j.e.StandardJMeterEngine: Starting ThreadGroup: 1 : Thread Group
2020-12-09 06:28:20,138 INFO o.a.j.e.StandardJMeterEngine: Starting 1 threads for group Thread Group.
2020-12-09 06:28:20,138 INFO o.a.j.e.StandardJMeterEngine: Thread will continue on error
2020-12-09 06:28:20,139 INFO o.a.j.t.ThreadGroup: Starting thread group... number=1 threads=1 ramp-up=1 delayedStart=false
2020-12-09 06:28:20,149 INFO o.a.j.t.ThreadGroup: Started thread group number 1
2020-12-09 06:28:20,150 INFO o.a.j.e.StandardJMeterEngine: All thread groups have been started
2020-12-09 06:28:20,153 INFO o.a.j.s.SampleResult: Note: Sample TimeStamps are START times
2020-12-09 06:28:20,153 INFO o.a.j.s.SampleResult: sampleresult.default.encoding is set to ISO-8859-1
2020-12-09 06:28:20,153 INFO o.a.j.s.SampleResult: sampleresult.useNanoTime=true
2020-12-09 06:28:20,153 INFO o.a.j.s.SampleResult: sampleresult.nanoThreadSleep=5000
2020-12-09 06:28:20,160 INFO o.a.j.t.JMeterThread: Thread started: Thread Group 1-1
2020-12-09 06:28:20,182 INFO o.a.j.p.h.s.HTTPHCAbstractImpl: Local host = jmeter-3fd0bfa9ebf6daa0-8qtvg
2020-12-09 06:28:20,188 INFO o.a.j.p.h.s.HTTPHC4Impl: HTTP request retry count = 0
2020-12-09 06:28:20,291 INFO o.a.j.p.h.s.h.LazyLayeredConnectionSocketFactory: Setting up HTTPS TrustAll Socket Factory
2020-12-09 06:28:20,298 INFO o.a.j.u.JsseSSLManager: Using default SSL protocol: TLS
2020-12-09 06:28:20,298 INFO o.a.j.u.JsseSSLManager: SSL session context: per-thread
2020-12-09 06:28:20,361 INFO o.a.j.u.SSLManager: JmeterKeyStore Location:  type JKS
2020-12-09 06:28:20,363 INFO o.a.j.u.SSLManager: KeyStore created OK
2020-12-09 06:28:20,364 WARN o.a.j.u.SSLManager: Keystore file not found, loading empty keystore
2020-12-09 06:28:32,682 INFO o.a.j.r.Summariser: summary +     54 in 00:00:13 =    4.3/s Avg:    61 Min:     2 Max:   607 Err:     0 (0.00%) Active: 1 Started: 1 Finished: 0
2020-12-09 06:28:50,791 INFO o.a.j.t.JMeterThread: Thread is done: Thread Group 1-1
2020-12-09 06:28:50,791 INFO o.a.j.t.JMeterThread: Thread finished: Thread Group 1-1
2020-12-09 06:28:50,792 INFO o.a.j.e.StandardJMeterEngine: Notifying test listeners of end of test
2020-12-09 06:28:50,793 INFO o.a.j.r.Summariser: summary +      6 in 00:00:18 =    0.3/s Avg:    17 Min:     7 Max:    24 Err:     0 (0.00%) Active: 0 Started: 1 Finished: 1
2020-12-09 06:28:50,794 INFO o.a.j.r.Summariser: summary =     60 in 00:00:31 =    2.0/s Avg:    57 Min:     2 Max:   607 Err:     0 (0.00%)
2020-12-09 06:28:50,794 INFO o.a.j.e.StandardJMeterEngine: Forced JVM shutdown requested at end of test
