2020-12-10 14:58:22,403 INFO o.a.j.u.JMeterUtils: Setting Locale to en_EN
2020-12-10 14:58:22,420 INFO o.a.j.JMeter: Loading user properties from: /opt/apache-jmeter-5.3/bin/user.properties
2020-12-10 14:58:22,421 INFO o.a.j.JMeter: Loading system properties from: /opt/apache-jmeter-5.3/bin/system.properties
2020-12-10 14:58:22,421 INFO o.a.j.JMeter: Setting JMeter property: gate-url=gitpr-gate-nightly.oes.opsmx.com
2020-12-10 14:58:22,421 INFO o.a.j.JMeter: Setting JMeter property: ui-url=gitpr-ui-nightly.oes.opsmx.com
2020-12-10 14:58:22,421 WARN o.a.j.JMeter: Removing JMeter property: port
2020-12-10 14:58:22,421 INFO o.a.j.JMeter: Setting JMeter property: protocol=http
2020-12-10 14:58:22,421 INFO o.a.j.JMeter: Setting JMeter property: username=user2
2020-12-10 14:58:22,421 INFO o.a.j.JMeter: Setting JMeter property: password=user2password
2020-12-10 14:58:22,421 INFO o.a.j.JMeter: Setting JMeter property: endpoint=opa:8181
2020-12-10 14:58:22,421 INFO o.a.j.JMeter: Setting JMeter property: jmeterengine.force.system.exit=true
2020-12-10 14:58:22,423 INFO o.a.j.JMeter: Copyright (c) 1998-2020 The Apache Software Foundation
2020-12-10 14:58:22,423 INFO o.a.j.JMeter: Version 5.3
2020-12-10 14:58:22,423 INFO o.a.j.JMeter: java.version=1.8.0_252
2020-12-10 14:58:22,423 INFO o.a.j.JMeter: java.vm.name=OpenJDK 64-Bit Server VM
2020-12-10 14:58:22,423 INFO o.a.j.JMeter: os.name=Linux
2020-12-10 14:58:22,424 INFO o.a.j.JMeter: os.arch=amd64
2020-12-10 14:58:22,424 INFO o.a.j.JMeter: os.version=4.15.0-1098-azure
2020-12-10 14:58:22,424 INFO o.a.j.JMeter: file.encoding=UTF-8
2020-12-10 14:58:22,424 INFO o.a.j.JMeter: java.awt.headless=true
2020-12-10 14:58:22,424 INFO o.a.j.JMeter: Max memory     =1073741824
2020-12-10 14:58:22,424 INFO o.a.j.JMeter: Available Processors =1
2020-12-10 14:58:22,432 INFO o.a.j.JMeter: Default Locale=English (EN)
2020-12-10 14:58:22,433 INFO o.a.j.JMeter: JMeter  Locale=English (EN)
2020-12-10 14:58:22,433 INFO o.a.j.JMeter: JMeterHome=/opt/apache-jmeter-5.3
2020-12-10 14:58:22,433 INFO o.a.j.JMeter: user.dir  =/jmeter-testing/jmeter-scripts
2020-12-10 14:58:22,433 INFO o.a.j.JMeter: PWD       =/jmeter-testing/jmeter-scripts
2020-12-10 14:58:22,433 INFO o.a.j.JMeter: IP: 10.244.18.153 Name: jmeter-3feed8cba98f974b-bkphm FullName: jmeter-3feed8cba98f974b-bkphm
2020-12-10 14:58:22,440 INFO o.a.j.s.FileServer: Default base='/jmeter-testing/jmeter-scripts'
2020-12-10 14:58:22,446 INFO o.a.j.s.FileServer: Set new base='/jmeter-testing/jmeter-scripts'
2020-12-10 14:58:22,622 INFO o.a.j.s.SaveService: Testplan (JMX) version: 2.2. Testlog (JTL) version: 2.2
2020-12-10 14:58:22,651 INFO o.a.j.s.SaveService: Using SaveService properties file encoding UTF-8
2020-12-10 14:58:22,658 INFO o.a.j.s.SaveService: Using SaveService properties version 5.0
2020-12-10 14:58:22,667 INFO o.a.j.s.SaveService: Loading file: G-sonarqube-create-delete.jmx
2020-12-10 14:58:22,727 INFO o.a.j.p.h.c.CookieManager: Settings: Delete null: true Check: true Allow variable: true Save: false Prefix: COOKIE_
2020-12-10 14:58:22,751 INFO o.a.j.p.h.s.HTTPSamplerBase: Parser for text/html is org.apache.jmeter.protocol.http.parser.LagartoBasedHtmlParser
2020-12-10 14:58:22,751 INFO o.a.j.p.h.s.HTTPSamplerBase: Parser for application/xhtml+xml is org.apache.jmeter.protocol.http.parser.LagartoBasedHtmlParser
2020-12-10 14:58:22,751 INFO o.a.j.p.h.s.HTTPSamplerBase: Parser for application/xml is org.apache.jmeter.protocol.http.parser.LagartoBasedHtmlParser
2020-12-10 14:58:22,751 INFO o.a.j.p.h.s.HTTPSamplerBase: Parser for text/xml is org.apache.jmeter.protocol.http.parser.LagartoBasedHtmlParser
2020-12-10 14:58:22,752 INFO o.a.j.p.h.s.HTTPSamplerBase: Parser for text/vnd.wap.wml is org.apache.jmeter.protocol.http.parser.RegexpHTMLParser
2020-12-10 14:58:22,752 INFO o.a.j.p.h.s.HTTPSamplerBase: Parser for text/css is org.apache.jmeter.protocol.http.parser.CssParser
2020-12-10 14:58:23,127 INFO o.a.j.e.KeyToolUtils: keytool found at 'keytool'
2020-12-10 14:58:23,128 INFO o.a.j.p.h.p.ProxyControl: HTTP(S) Test Script Recorder SSL Proxy will use keys that support embedded 3rd party resources in file /opt/apache-jmeter-5.3/bin/proxyserver.jks
2020-12-10 14:58:23,172 INFO o.a.j.JMeter: Creating summariser <summary>
2020-12-10 14:58:23,179 INFO o.a.j.e.StandardJMeterEngine: Running the test!
2020-12-10 14:58:23,180 INFO o.a.j.s.SampleEvent: List of sample_variables: []
2020-12-10 14:58:23,180 INFO o.a.j.s.SampleEvent: List of sample_variables: []
2020-12-10 14:58:23,186 INFO o.a.j.e.u.CompoundVariable: Note: Function class names must contain the string: '.functions.'
2020-12-10 14:58:23,186 INFO o.a.j.e.u.CompoundVariable: Note: Function class names must not contain the string: '.gui.'
2020-12-10 14:58:23,654 INFO o.a.j.JMeter: Running test (1607612303654)
2020-12-10 14:58:23,722 INFO o.a.j.e.StandardJMeterEngine: Starting ThreadGroup: 1 : Thread Group
2020-12-10 14:58:23,722 INFO o.a.j.e.StandardJMeterEngine: Starting 1 threads for group Thread Group.
2020-12-10 14:58:23,722 INFO o.a.j.e.StandardJMeterEngine: Thread will continue on error
2020-12-10 14:58:23,722 INFO o.a.j.t.ThreadGroup: Starting thread group... number=1 threads=1 ramp-up=1 delayedStart=false
2020-12-10 14:58:23,733 INFO o.a.j.t.ThreadGroup: Started thread group number 1
2020-12-10 14:58:23,733 INFO o.a.j.e.StandardJMeterEngine: All thread groups have been started
2020-12-10 14:58:23,737 INFO o.a.j.s.SampleResult: Note: Sample TimeStamps are START times
2020-12-10 14:58:23,737 INFO o.a.j.s.SampleResult: sampleresult.default.encoding is set to ISO-8859-1
2020-12-10 14:58:23,738 INFO o.a.j.s.SampleResult: sampleresult.useNanoTime=true
2020-12-10 14:58:23,738 INFO o.a.j.s.SampleResult: sampleresult.nanoThreadSleep=5000
2020-12-10 14:58:23,747 INFO o.a.j.t.JMeterThread: Thread started: Thread Group 1-1
2020-12-10 14:58:23,768 INFO o.a.j.p.h.s.HTTPHCAbstractImpl: Local host = jmeter-3feed8cba98f974b-bkphm
2020-12-10 14:58:23,775 INFO o.a.j.p.h.s.HTTPHC4Impl: HTTP request retry count = 0
2020-12-10 14:58:23,909 INFO o.a.j.p.h.s.h.LazyLayeredConnectionSocketFactory: Setting up HTTPS TrustAll Socket Factory
2020-12-10 14:58:23,918 INFO o.a.j.u.JsseSSLManager: Using default SSL protocol: TLS
2020-12-10 14:58:23,918 INFO o.a.j.u.JsseSSLManager: SSL session context: per-thread
2020-12-10 14:58:23,992 INFO o.a.j.u.SSLManager: JmeterKeyStore Location:  type JKS
2020-12-10 14:58:23,997 INFO o.a.j.u.SSLManager: KeyStore created OK
2020-12-10 14:58:23,997 WARN o.a.j.u.SSLManager: Keystore file not found, loading empty keystore
2020-12-10 14:58:31,032 INFO o.a.j.r.Summariser: summary +     52 in 00:00:07 =    7.0/s Avg:    79 Min:     2 Max:  1207 Err:     4 (7.69%) Active: 1 Started: 1 Finished: 0
2020-12-10 14:58:55,235 INFO o.a.j.t.JMeterThread: Thread is done: Thread Group 1-1
2020-12-10 14:58:55,235 INFO o.a.j.t.JMeterThread: Thread finished: Thread Group 1-1
2020-12-10 14:58:55,237 INFO o.a.j.e.StandardJMeterEngine: Notifying test listeners of end of test
2020-12-10 14:58:55,238 INFO o.a.j.r.Summariser: summary +      8 in 00:00:24 =    0.3/s Avg:    17 Min:     6 Max:    25 Err:     0 (0.00%) Active: 0 Started: 1 Finished: 1
2020-12-10 14:58:55,239 INFO o.a.j.r.Summariser: summary =     60 in 00:00:32 =    1.9/s Avg:    71 Min:     2 Max:  1207 Err:     4 (6.67%)
2020-12-10 14:58:55,239 INFO o.a.j.e.StandardJMeterEngine: Forced JVM shutdown requested at end of test
