2020-12-14 04:34:01,284 INFO o.a.j.u.JMeterUtils: Setting Locale to en_EN
2020-12-14 04:34:01,310 INFO o.a.j.JMeter: Loading user properties from: /opt/apache-jmeter-5.3/bin/user.properties
2020-12-14 04:34:01,310 INFO o.a.j.JMeter: Loading system properties from: /opt/apache-jmeter-5.3/bin/system.properties
2020-12-14 04:34:01,311 INFO o.a.j.JMeter: Setting JMeter property: gate-url=gitpr-gate-nightly.oes.opsmx.com
2020-12-14 04:34:01,311 INFO o.a.j.JMeter: Setting JMeter property: ui-url=gitpr-ui-nightly.oes.opsmx.com
2020-12-14 04:34:01,311 WARN o.a.j.JMeter: Removing JMeter property: port
2020-12-14 04:34:01,311 INFO o.a.j.JMeter: Setting JMeter property: protocol=http
2020-12-14 04:34:01,311 INFO o.a.j.JMeter: Setting JMeter property: username=user2
2020-12-14 04:34:01,311 INFO o.a.j.JMeter: Setting JMeter property: password=user2password
2020-12-14 04:34:01,312 INFO o.a.j.JMeter: Setting JMeter property: endpoint=opa:8181
2020-12-14 04:34:01,312 INFO o.a.j.JMeter: Setting JMeter property: jmeterengine.force.system.exit=true
2020-12-14 04:34:01,314 INFO o.a.j.JMeter: Copyright (c) 1998-2020 The Apache Software Foundation
2020-12-14 04:34:01,314 INFO o.a.j.JMeter: Version 5.3
2020-12-14 04:34:01,314 INFO o.a.j.JMeter: java.version=1.8.0_252
2020-12-14 04:34:01,314 INFO o.a.j.JMeter: java.vm.name=OpenJDK 64-Bit Server VM
2020-12-14 04:34:01,314 INFO o.a.j.JMeter: os.name=Linux
2020-12-14 04:34:01,314 INFO o.a.j.JMeter: os.arch=amd64
2020-12-14 04:34:01,315 INFO o.a.j.JMeter: os.version=4.15.0-1098-azure
2020-12-14 04:34:01,315 INFO o.a.j.JMeter: file.encoding=UTF-8
2020-12-14 04:34:01,315 INFO o.a.j.JMeter: java.awt.headless=true
2020-12-14 04:34:01,315 INFO o.a.j.JMeter: Max memory     =1073741824
2020-12-14 04:34:01,315 INFO o.a.j.JMeter: Available Processors =1
2020-12-14 04:34:01,327 INFO o.a.j.JMeter: Default Locale=English (EN)
2020-12-14 04:34:01,327 INFO o.a.j.JMeter: JMeter  Locale=English (EN)
2020-12-14 04:34:01,327 INFO o.a.j.JMeter: JMeterHome=/opt/apache-jmeter-5.3
2020-12-14 04:34:01,328 INFO o.a.j.JMeter: user.dir  =/jmeter-testing/jmeter-scripts
2020-12-14 04:34:01,328 INFO o.a.j.JMeter: PWD       =/jmeter-testing/jmeter-scripts
2020-12-14 04:34:01,328 INFO o.a.j.JMeter: IP: 10.244.18.182 Name: jmeter-3fda06b6dd8126d6-hmhwm FullName: jmeter-3fda06b6dd8126d6-hmhwm
2020-12-14 04:34:01,339 INFO o.a.j.s.FileServer: Default base='/jmeter-testing/jmeter-scripts'
2020-12-14 04:34:01,347 INFO o.a.j.s.FileServer: Set new base='/jmeter-testing/jmeter-scripts'
2020-12-14 04:34:01,524 INFO o.a.j.s.SaveService: Testplan (JMX) version: 2.2. Testlog (JTL) version: 2.2
2020-12-14 04:34:01,554 INFO o.a.j.s.SaveService: Using SaveService properties file encoding UTF-8
2020-12-14 04:34:01,562 INFO o.a.j.s.SaveService: Using SaveService properties version 5.0
2020-12-14 04:34:01,572 INFO o.a.j.s.SaveService: Loading file: G-sonarqube-create-delete.jmx
2020-12-14 04:34:01,621 INFO o.a.j.p.h.c.CookieManager: Settings: Delete null: true Check: true Allow variable: true Save: false Prefix: COOKIE_
2020-12-14 04:34:01,641 INFO o.a.j.p.h.s.HTTPSamplerBase: Parser for text/html is org.apache.jmeter.protocol.http.parser.LagartoBasedHtmlParser
2020-12-14 04:34:01,641 INFO o.a.j.p.h.s.HTTPSamplerBase: Parser for application/xhtml+xml is org.apache.jmeter.protocol.http.parser.LagartoBasedHtmlParser
2020-12-14 04:34:01,641 INFO o.a.j.p.h.s.HTTPSamplerBase: Parser for application/xml is org.apache.jmeter.protocol.http.parser.LagartoBasedHtmlParser
2020-12-14 04:34:01,642 INFO o.a.j.p.h.s.HTTPSamplerBase: Parser for text/xml is org.apache.jmeter.protocol.http.parser.LagartoBasedHtmlParser
2020-12-14 04:34:01,642 INFO o.a.j.p.h.s.HTTPSamplerBase: Parser for text/vnd.wap.wml is org.apache.jmeter.protocol.http.parser.RegexpHTMLParser
2020-12-14 04:34:01,642 INFO o.a.j.p.h.s.HTTPSamplerBase: Parser for text/css is org.apache.jmeter.protocol.http.parser.CssParser
2020-12-14 04:34:01,993 INFO o.a.j.e.KeyToolUtils: keytool found at 'keytool'
2020-12-14 04:34:01,994 INFO o.a.j.p.h.p.ProxyControl: HTTP(S) Test Script Recorder SSL Proxy will use keys that support embedded 3rd party resources in file /opt/apache-jmeter-5.3/bin/proxyserver.jks
2020-12-14 04:34:02,035 INFO o.a.j.JMeter: Creating summariser <summary>
2020-12-14 04:34:02,042 INFO o.a.j.e.StandardJMeterEngine: Running the test!
2020-12-14 04:34:02,042 INFO o.a.j.s.SampleEvent: List of sample_variables: []
2020-12-14 04:34:02,042 INFO o.a.j.s.SampleEvent: List of sample_variables: []
2020-12-14 04:34:02,048 INFO o.a.j.e.u.CompoundVariable: Note: Function class names must contain the string: '.functions.'
2020-12-14 04:34:02,048 INFO o.a.j.e.u.CompoundVariable: Note: Function class names must not contain the string: '.gui.'
2020-12-14 04:34:02,529 INFO o.a.j.JMeter: Running test (1607920442529)
2020-12-14 04:34:02,601 INFO o.a.j.e.StandardJMeterEngine: Starting ThreadGroup: 1 : Thread Group
2020-12-14 04:34:02,601 INFO o.a.j.e.StandardJMeterEngine: Starting 1 threads for group Thread Group.
2020-12-14 04:34:02,602 INFO o.a.j.e.StandardJMeterEngine: Thread will continue on error
2020-12-14 04:34:02,602 INFO o.a.j.t.ThreadGroup: Starting thread group... number=1 threads=1 ramp-up=1 delayedStart=false
2020-12-14 04:34:02,612 INFO o.a.j.t.ThreadGroup: Started thread group number 1
2020-12-14 04:34:02,612 INFO o.a.j.e.StandardJMeterEngine: All thread groups have been started
2020-12-14 04:34:02,615 INFO o.a.j.s.SampleResult: Note: Sample TimeStamps are START times
2020-12-14 04:34:02,616 INFO o.a.j.s.SampleResult: sampleresult.default.encoding is set to ISO-8859-1
2020-12-14 04:34:02,616 INFO o.a.j.s.SampleResult: sampleresult.useNanoTime=true
2020-12-14 04:34:02,616 INFO o.a.j.s.SampleResult: sampleresult.nanoThreadSleep=5000
2020-12-14 04:34:02,622 INFO o.a.j.t.JMeterThread: Thread started: Thread Group 1-1
2020-12-14 04:34:02,647 INFO o.a.j.p.h.s.HTTPHCAbstractImpl: Local host = jmeter-3fda06b6dd8126d6-hmhwm
2020-12-14 04:34:02,653 INFO o.a.j.p.h.s.HTTPHC4Impl: HTTP request retry count = 0
2020-12-14 04:34:02,781 INFO o.a.j.p.h.s.h.LazyLayeredConnectionSocketFactory: Setting up HTTPS TrustAll Socket Factory
2020-12-14 04:34:02,794 INFO o.a.j.u.JsseSSLManager: Using default SSL protocol: TLS
2020-12-14 04:34:02,794 INFO o.a.j.u.JsseSSLManager: SSL session context: per-thread
2020-12-14 04:34:02,860 INFO o.a.j.u.SSLManager: JmeterKeyStore Location:  type JKS
2020-12-14 04:34:02,864 INFO o.a.j.u.SSLManager: KeyStore created OK
2020-12-14 04:34:02,864 WARN o.a.j.u.SSLManager: Keystore file not found, loading empty keystore
2020-12-14 04:34:03,125 INFO o.a.j.r.Summariser: summary +      1 in 00:00:01 =    1.7/s Avg:   386 Min:   386 Max:   386 Err:     0 (0.00%) Active: 1 Started: 1 Finished: 0
2020-12-14 04:34:30,755 INFO o.a.j.r.Summariser: summary +     58 in 00:00:28 =    2.1/s Avg:    60 Min:     5 Max:   965 Err:     0 (0.00%) Active: 1 Started: 1 Finished: 0
2020-12-14 04:34:30,756 INFO o.a.j.r.Summariser: summary =     59 in 00:00:28 =    2.1/s Avg:    66 Min:     5 Max:   965 Err:     0 (0.00%)
2020-12-14 04:34:33,778 INFO o.a.j.t.JMeterThread: Thread is done: Thread Group 1-1
2020-12-14 04:34:33,778 INFO o.a.j.t.JMeterThread: Thread finished: Thread Group 1-1
2020-12-14 04:34:33,780 INFO o.a.j.e.StandardJMeterEngine: Notifying test listeners of end of test
2020-12-14 04:34:33,780 INFO o.a.j.r.Summariser: summary +      1 in 00:00:03 =    0.3/s Avg:    20 Min:    20 Max:    20 Err:     0 (0.00%) Active: 0 Started: 1 Finished: 1
2020-12-14 04:34:33,781 INFO o.a.j.r.Summariser: summary =     60 in 00:00:31 =    1.9/s Avg:    65 Min:     5 Max:   965 Err:     0 (0.00%)
2020-12-14 04:34:33,781 INFO o.a.j.e.StandardJMeterEngine: Forced JVM shutdown requested at end of test
