2020-11-20 09:23:57,256 INFO o.a.j.u.JMeterUtils: Setting Locale to en_EN
2020-11-20 09:23:57,300 INFO o.a.j.JMeter: Loading user properties from: /opt/apache-jmeter-5.3/bin/user.properties
2020-11-20 09:23:57,300 INFO o.a.j.JMeter: Loading system properties from: /opt/apache-jmeter-5.3/bin/system.properties
2020-11-20 09:23:57,301 INFO o.a.j.JMeter: Setting JMeter property: gate-url=gitpr-gate-nightly.oes.opsmx.com
2020-11-20 09:23:57,301 INFO o.a.j.JMeter: Setting JMeter property: ui-url=gitpr-ui-nightly.oes.opsmx.com
2020-11-20 09:23:57,301 WARN o.a.j.JMeter: Removing JMeter property: port
2020-11-20 09:23:57,301 INFO o.a.j.JMeter: Setting JMeter property: protocol=http
2020-11-20 09:23:57,301 INFO o.a.j.JMeter: Setting JMeter property: username=user2
2020-11-20 09:23:57,302 INFO o.a.j.JMeter: Setting JMeter property: password=user2password
2020-11-20 09:23:57,302 INFO o.a.j.JMeter: Setting JMeter property: endpoint=opa:8181
2020-11-20 09:23:57,302 INFO o.a.j.JMeter: Setting JMeter property: jmeterengine.force.system.exit=true
2020-11-20 09:23:57,309 INFO o.a.j.JMeter: Copyright (c) 1998-2020 The Apache Software Foundation
2020-11-20 09:23:57,310 INFO o.a.j.JMeter: Version 5.3
2020-11-20 09:23:57,310 INFO o.a.j.JMeter: java.version=1.8.0_252
2020-11-20 09:23:57,310 INFO o.a.j.JMeter: java.vm.name=OpenJDK 64-Bit Server VM
2020-11-20 09:23:57,310 INFO o.a.j.JMeter: os.name=Linux
2020-11-20 09:23:57,310 INFO o.a.j.JMeter: os.arch=amd64
2020-11-20 09:23:57,310 INFO o.a.j.JMeter: os.version=4.15.0-1092-azure
2020-11-20 09:23:57,310 INFO o.a.j.JMeter: file.encoding=UTF-8
2020-11-20 09:23:57,310 INFO o.a.j.JMeter: java.awt.headless=true
2020-11-20 09:23:57,310 INFO o.a.j.JMeter: Max memory     =1073741824
2020-11-20 09:23:57,311 INFO o.a.j.JMeter: Available Processors =1
2020-11-20 09:23:57,343 INFO o.a.j.JMeter: Default Locale=English (EN)
2020-11-20 09:23:57,346 INFO o.a.j.JMeter: JMeter  Locale=English (EN)
2020-11-20 09:23:57,346 INFO o.a.j.JMeter: JMeterHome=/opt/apache-jmeter-5.3
2020-11-20 09:23:57,346 INFO o.a.j.JMeter: user.dir  =/jmeter-testing/jmeter-scripts
2020-11-20 09:23:57,347 INFO o.a.j.JMeter: PWD       =/jmeter-testing/jmeter-scripts
2020-11-20 09:23:57,347 INFO o.a.j.JMeter: IP: 10.244.10.226 Name: jmeter-3fd5cd9863bd9e80-mmnbv FullName: jmeter-3fd5cd9863bd9e80-mmnbv
2020-11-20 09:23:57,367 INFO o.a.j.s.FileServer: Default base='/jmeter-testing/jmeter-scripts'
2020-11-20 09:23:57,391 INFO o.a.j.s.FileServer: Set new base='/jmeter-testing/jmeter-scripts'
2020-11-20 09:23:57,855 INFO o.a.j.s.SaveService: Testplan (JMX) version: 2.2. Testlog (JTL) version: 2.2
2020-11-20 09:23:57,931 INFO o.a.j.s.SaveService: Using SaveService properties file encoding UTF-8
2020-11-20 09:23:57,943 INFO o.a.j.s.SaveService: Using SaveService properties version 5.0
2020-11-20 09:23:57,962 INFO o.a.j.s.SaveService: Loading file: B-DataSource-OES3.jmx
2020-11-20 09:23:58,076 INFO o.a.j.p.h.c.CookieManager: Settings: Delete null: true Check: true Allow variable: true Save: false Prefix: COOKIE_
2020-11-20 09:23:58,130 INFO o.a.j.p.h.s.HTTPSamplerBase: Parser for text/html is org.apache.jmeter.protocol.http.parser.LagartoBasedHtmlParser
2020-11-20 09:23:58,131 INFO o.a.j.p.h.s.HTTPSamplerBase: Parser for application/xhtml+xml is org.apache.jmeter.protocol.http.parser.LagartoBasedHtmlParser
2020-11-20 09:23:58,131 INFO o.a.j.p.h.s.HTTPSamplerBase: Parser for application/xml is org.apache.jmeter.protocol.http.parser.LagartoBasedHtmlParser
2020-11-20 09:23:58,131 INFO o.a.j.p.h.s.HTTPSamplerBase: Parser for text/xml is org.apache.jmeter.protocol.http.parser.LagartoBasedHtmlParser
2020-11-20 09:23:58,131 INFO o.a.j.p.h.s.HTTPSamplerBase: Parser for text/vnd.wap.wml is org.apache.jmeter.protocol.http.parser.RegexpHTMLParser
2020-11-20 09:23:58,131 INFO o.a.j.p.h.s.HTTPSamplerBase: Parser for text/css is org.apache.jmeter.protocol.http.parser.CssParser
2020-11-20 09:23:58,811 INFO o.a.j.e.KeyToolUtils: keytool found at 'keytool'
2020-11-20 09:23:58,811 INFO o.a.j.p.h.p.ProxyControl: HTTP(S) Test Script Recorder SSL Proxy will use keys that support embedded 3rd party resources in file /opt/apache-jmeter-5.3/bin/proxyserver.jks
2020-11-20 09:23:58,911 INFO o.a.j.JMeter: Creating summariser <summary>
2020-11-20 09:23:58,941 INFO o.a.j.e.StandardJMeterEngine: Running the test!
2020-11-20 09:23:58,947 INFO o.a.j.s.SampleEvent: List of sample_variables: []
2020-11-20 09:23:58,947 INFO o.a.j.s.SampleEvent: List of sample_variables: []
2020-11-20 09:23:59,029 INFO o.a.j.e.u.CompoundVariable: Note: Function class names must contain the string: '.functions.'
2020-11-20 09:23:59,029 INFO o.a.j.e.u.CompoundVariable: Note: Function class names must not contain the string: '.gui.'
2020-11-20 09:24:01,276 INFO o.a.j.JMeter: Running test (1605864241276)
2020-11-20 09:24:01,472 INFO o.a.j.e.StandardJMeterEngine: Starting ThreadGroup: 1 : Thread Group
2020-11-20 09:24:01,473 INFO o.a.j.e.StandardJMeterEngine: Starting 1 threads for group Thread Group.
2020-11-20 09:24:01,473 INFO o.a.j.e.StandardJMeterEngine: Thread will continue on error
2020-11-20 09:24:01,474 INFO o.a.j.t.ThreadGroup: Starting thread group... number=1 threads=1 ramp-up=1 delayedStart=false
2020-11-20 09:24:01,558 INFO o.a.j.t.ThreadGroup: Started thread group number 1
2020-11-20 09:24:01,559 INFO o.a.j.e.StandardJMeterEngine: All thread groups have been started
2020-11-20 09:24:01,587 INFO o.a.j.s.SampleResult: Note: Sample TimeStamps are START times
2020-11-20 09:24:01,588 INFO o.a.j.s.SampleResult: sampleresult.default.encoding is set to ISO-8859-1
2020-11-20 09:24:01,588 INFO o.a.j.s.SampleResult: sampleresult.useNanoTime=true
2020-11-20 09:24:01,589 INFO o.a.j.s.SampleResult: sampleresult.nanoThreadSleep=5000
2020-11-20 09:24:01,590 INFO o.a.j.t.JMeterThread: Thread started: Thread Group 1-1
2020-11-20 09:24:01,666 INFO o.a.j.p.h.s.HTTPHCAbstractImpl: Local host = jmeter-3fd5cd9863bd9e80-mmnbv
2020-11-20 09:24:01,680 INFO o.a.j.p.h.s.HTTPHC4Impl: HTTP request retry count = 0
2020-11-20 09:24:02,225 INFO o.a.j.r.Summariser: summary +      1 in 00:00:01 =    1.1/s Avg:   260 Min:   260 Max:   260 Err:     0 (0.00%) Active: 1 Started: 1 Finished: 0
2020-11-20 09:24:08,488 INFO o.a.j.t.JMeterThread: Thread is done: Thread Group 1-1
2020-11-20 09:24:08,488 INFO o.a.j.t.JMeterThread: Thread finished: Thread Group 1-1
2020-11-20 09:24:08,489 INFO o.a.j.e.StandardJMeterEngine: Notifying test listeners of end of test
2020-11-20 09:24:08,491 INFO o.a.j.r.Summariser: summary +     20 in 00:00:06 =    3.2/s Avg:   311 Min:    35 Max:  3429 Err:     0 (0.00%) Active: 0 Started: 1 Finished: 1
2020-11-20 09:24:08,497 INFO o.a.j.r.Summariser: summary =     21 in 00:00:07 =    2.9/s Avg:   309 Min:    35 Max:  3429 Err:     0 (0.00%)
2020-11-20 09:24:08,498 INFO o.a.j.e.StandardJMeterEngine: Forced JVM shutdown requested at end of test
