2020-09-18 14:41:00,370 INFO o.a.j.u.JMeterUtils: Setting Locale to en_EN
2020-09-18 14:41:03,563 INFO o.a.j.JMeter: Loading user properties from: /opt/apache-jmeter-5.1.1/bin/user.properties
2020-09-18 14:41:03,564 INFO o.a.j.JMeter: Loading system properties from: /opt/apache-jmeter-5.1.1/bin/system.properties
2020-09-18 14:41:03,565 INFO o.a.j.JMeter: Setting JMeter property: gate-url=40.64.111.180
2020-09-18 14:41:03,565 INFO o.a.j.JMeter: Setting JMeter property: ui-url=40.64.111.207
2020-09-18 14:41:03,581 INFO o.a.j.JMeter: Setting JMeter property: port=8084
2020-09-18 14:41:03,581 INFO o.a.j.JMeter: Setting JMeter property: protocol=http
2020-09-18 14:41:03,581 INFO o.a.j.JMeter: Setting JMeter property: username=user2
2020-09-18 14:41:03,608 INFO o.a.j.JMeter: Setting JMeter property: password=user2password
2020-09-18 14:41:03,608 INFO o.a.j.JMeter: Setting JMeter property: endpoint=opa-svc:8181
2020-09-18 14:41:03,856 INFO o.a.j.JMeter: Copyright (c) 1998-2019 The Apache Software Foundation
2020-09-18 14:41:03,857 INFO o.a.j.JMeter: Version 5.1.1 r1855137
2020-09-18 14:41:03,857 INFO o.a.j.JMeter: java.version=1.8.0_222
2020-09-18 14:41:03,857 INFO o.a.j.JMeter: java.vm.name=OpenJDK 64-Bit Server VM
2020-09-18 14:41:03,857 INFO o.a.j.JMeter: os.name=Linux
2020-09-18 14:41:03,857 INFO o.a.j.JMeter: os.arch=amd64
2020-09-18 14:41:03,857 INFO o.a.j.JMeter: os.version=4.15.0-1092-azure
2020-09-18 14:41:03,857 INFO o.a.j.JMeter: file.encoding=UTF-8
2020-09-18 14:41:03,857 INFO o.a.j.JMeter: java.awt.headless=true
2020-09-18 14:41:03,857 INFO o.a.j.JMeter: Max memory     =1073741824
2020-09-18 14:41:03,964 INFO o.a.j.JMeter: Available Processors =1
2020-09-18 14:41:04,467 INFO o.a.j.JMeter: Default Locale=English (EN)
2020-09-18 14:41:04,468 INFO o.a.j.JMeter: JMeter  Locale=English (EN)
2020-09-18 14:41:04,468 INFO o.a.j.JMeter: JMeterHome=/opt/apache-jmeter-5.1.1
2020-09-18 14:41:04,468 INFO o.a.j.JMeter: user.dir  =/jmeter-testing/jmeter-scripts
2020-09-18 14:41:04,494 INFO o.a.j.JMeter: PWD       =/jmeter-testing/jmeter-scripts
2020-09-18 14:41:04,495 INFO o.a.j.JMeter: IP: 10.244.2.115 Name: jmeter-3fcab7d910c71130-mkwvf FullName: jmeter-3fcab7d910c71130-mkwvf
2020-09-18 14:41:04,555 INFO o.a.j.s.FileServer: Default base='/jmeter-testing/jmeter-scripts'
2020-09-18 14:41:05,011 INFO o.a.j.s.FileServer: Set new base='/jmeter-testing/jmeter-scripts'
2020-09-18 14:41:12,239 INFO o.a.j.s.SaveService: Testplan (JMX) version: 2.2. Testlog (JTL) version: 2.2
2020-09-18 14:41:12,324 INFO o.a.j.s.SaveService: Using SaveService properties file encoding UTF-8
2020-09-18 14:41:12,345 INFO o.a.j.s.SaveService: Using SaveService properties version 5.0
2020-09-18 14:41:12,375 INFO o.a.j.s.SaveService: Loading file: B-DataSource-OES3.jmx
2020-09-18 14:41:12,674 INFO o.a.j.p.h.c.CookieManager: Settings: Delete null: true Check: true Allow variable: true Save: false Prefix: COOKIE_
2020-09-18 14:41:12,860 INFO o.a.j.p.h.s.HTTPSamplerBase: Parser for text/html is org.apache.jmeter.protocol.http.parser.LagartoBasedHtmlParser
2020-09-18 14:41:12,860 INFO o.a.j.p.h.s.HTTPSamplerBase: Parser for application/xhtml+xml is org.apache.jmeter.protocol.http.parser.LagartoBasedHtmlParser
2020-09-18 14:41:12,860 INFO o.a.j.p.h.s.HTTPSamplerBase: Parser for application/xml is org.apache.jmeter.protocol.http.parser.LagartoBasedHtmlParser
2020-09-18 14:41:12,860 INFO o.a.j.p.h.s.HTTPSamplerBase: Parser for text/xml is org.apache.jmeter.protocol.http.parser.LagartoBasedHtmlParser
2020-09-18 14:41:12,860 INFO o.a.j.p.h.s.HTTPSamplerBase: Parser for text/vnd.wap.wml is org.apache.jmeter.protocol.http.parser.RegexpHTMLParser
2020-09-18 14:41:12,860 INFO o.a.j.p.h.s.HTTPSamplerBase: Parser for text/css is org.apache.jmeter.protocol.http.parser.CssParser
2020-09-18 14:41:14,091 INFO o.a.j.e.KeyToolUtils: keytool found at 'keytool'
2020-09-18 14:41:14,106 INFO o.a.j.p.h.p.ProxyControl: HTTP(S) Test Script Recorder SSL Proxy will use keys that support embedded 3rd party resources in file /opt/apache-jmeter-5.1.1/bin/proxyserver.jks
2020-09-18 14:41:14,364 INFO o.a.j.JMeter: Creating summariser <summary>
2020-09-18 14:41:14,510 INFO o.a.j.e.StandardJMeterEngine: Running the test!
2020-09-18 14:41:14,642 INFO o.a.j.s.SampleEvent: List of sample_variables: []
2020-09-18 14:41:14,642 INFO o.a.j.s.SampleEvent: List of sample_variables: []
2020-09-18 14:41:14,795 INFO o.a.j.e.u.CompoundVariable: Note: Function class names must contain the string: '.functions.'
2020-09-18 14:41:14,796 INFO o.a.j.e.u.CompoundVariable: Note: Function class names must not contain the string: '.gui.'
2020-09-18 14:41:18,745 INFO o.a.j.JMeter: Running test (1600440078744)
2020-09-18 14:41:18,992 INFO o.a.j.e.StandardJMeterEngine: Starting ThreadGroup: 1 : Thread Group
2020-09-18 14:41:18,993 INFO o.a.j.e.StandardJMeterEngine: Starting 1 threads for group Thread Group.
2020-09-18 14:41:18,993 INFO o.a.j.e.StandardJMeterEngine: Thread will continue on error
2020-09-18 14:41:18,993 INFO o.a.j.t.ThreadGroup: Starting thread group... number=1 threads=1 ramp-up=1 delayedStart=false
2020-09-18 14:41:19,054 INFO o.a.j.t.ThreadGroup: Started thread group number 1
2020-09-18 14:41:19,070 INFO o.a.j.e.StandardJMeterEngine: All thread groups have been started
2020-09-18 14:41:19,091 INFO o.a.j.s.SampleResult: Note: Sample TimeStamps are START times
2020-09-18 14:41:19,092 INFO o.a.j.s.SampleResult: sampleresult.default.encoding is set to ISO-8859-1
2020-09-18 14:41:19,092 INFO o.a.j.s.SampleResult: sampleresult.useNanoTime=true
2020-09-18 14:41:19,092 INFO o.a.j.s.SampleResult: sampleresult.nanoThreadSleep=5000
2020-09-18 14:41:19,099 INFO o.a.j.t.JMeterThread: Thread started: Thread Group 1-1
2020-09-18 14:41:19,200 INFO o.a.j.p.h.s.HTTPHCAbstractImpl: Local host = jmeter-3fcab7d910c71130-mkwvf
2020-09-18 14:41:19,247 INFO o.a.j.p.h.s.HTTPHC4Impl: HTTP request retry count = 0
2020-09-18 14:41:30,072 INFO o.a.j.r.Summariser: summary +     10 in 00:00:11 =    0.9/s Avg:  1040 Min:  1022 Max:  1184 Err:    10 (100.00%) Active: 1 Started: 1 Finished: 0
2020-09-18 14:41:39,337 INFO o.a.j.t.JMeterThread: Thread is done: Thread Group 1-1
2020-09-18 14:41:39,345 INFO o.a.j.t.JMeterThread: Thread finished: Thread Group 1-1
2020-09-18 14:41:39,415 INFO o.a.j.e.StandardJMeterEngine: Notifying test listeners of end of test
2020-09-18 14:41:39,416 INFO o.a.j.r.Summariser: summary +      9 in 00:00:09 =    1.0/s Avg:  1027 Min:  1014 Max:  1074 Err:     9 (100.00%) Active: 0 Started: 1 Finished: 1
2020-09-18 14:41:39,416 INFO o.a.j.r.Summariser: summary =     19 in 00:00:21 =    0.9/s Avg:  1034 Min:  1014 Max:  1184 Err:    19 (100.00%)
