2020-12-11 09:47:44,599 INFO o.a.j.u.JMeterUtils: Setting Locale to en_EN
2020-12-11 09:47:44,627 INFO o.a.j.JMeter: Loading user properties from: /opt/apache-jmeter-5.3/bin/user.properties
2020-12-11 09:47:44,628 INFO o.a.j.JMeter: Loading system properties from: /opt/apache-jmeter-5.3/bin/system.properties
2020-12-11 09:47:44,628 INFO o.a.j.JMeter: Setting JMeter property: gate-url=gitpr-gate-nightly.oes.opsmx.com
2020-12-11 09:47:44,628 INFO o.a.j.JMeter: Setting JMeter property: ui-url=gitpr-ui-nightly.oes.opsmx.com
2020-12-11 09:47:44,628 WARN o.a.j.JMeter: Removing JMeter property: port
2020-12-11 09:47:44,628 INFO o.a.j.JMeter: Setting JMeter property: protocol=http
2020-12-11 09:47:44,629 INFO o.a.j.JMeter: Setting JMeter property: username=user2
2020-12-11 09:47:44,629 INFO o.a.j.JMeter: Setting JMeter property: password=user2password
2020-12-11 09:47:44,629 INFO o.a.j.JMeter: Setting JMeter property: endpoint=opa:8181
2020-12-11 09:47:44,629 INFO o.a.j.JMeter: Setting JMeter property: jmeterengine.force.system.exit=true
2020-12-11 09:47:44,631 INFO o.a.j.JMeter: Copyright (c) 1998-2020 The Apache Software Foundation
2020-12-11 09:47:44,631 INFO o.a.j.JMeter: Version 5.3
2020-12-11 09:47:44,631 INFO o.a.j.JMeter: java.version=1.8.0_252
2020-12-11 09:47:44,631 INFO o.a.j.JMeter: java.vm.name=OpenJDK 64-Bit Server VM
2020-12-11 09:47:44,631 INFO o.a.j.JMeter: os.name=Linux
2020-12-11 09:47:44,631 INFO o.a.j.JMeter: os.arch=amd64
2020-12-11 09:47:44,632 INFO o.a.j.JMeter: os.version=4.15.0-1098-azure
2020-12-11 09:47:44,632 INFO o.a.j.JMeter: file.encoding=UTF-8
2020-12-11 09:47:44,632 INFO o.a.j.JMeter: java.awt.headless=true
2020-12-11 09:47:44,632 INFO o.a.j.JMeter: Max memory     =1073741824
2020-12-11 09:47:44,632 INFO o.a.j.JMeter: Available Processors =1
2020-12-11 09:47:44,644 INFO o.a.j.JMeter: Default Locale=English (EN)
2020-12-11 09:47:44,644 INFO o.a.j.JMeter: JMeter  Locale=English (EN)
2020-12-11 09:47:44,644 INFO o.a.j.JMeter: JMeterHome=/opt/apache-jmeter-5.3
2020-12-11 09:47:44,644 INFO o.a.j.JMeter: user.dir  =/jmeter-testing/jmeter-scripts
2020-12-11 09:47:44,645 INFO o.a.j.JMeter: PWD       =/jmeter-testing/jmeter-scripts
2020-12-11 09:47:44,645 INFO o.a.j.JMeter: IP: 10.244.20.35 Name: jmeter-3fe35e2eb5d3f1fb-52zfm FullName: jmeter-3fe35e2eb5d3f1fb-52zfm
2020-12-11 09:47:44,655 INFO o.a.j.s.FileServer: Default base='/jmeter-testing/jmeter-scripts'
2020-12-11 09:47:44,664 INFO o.a.j.s.FileServer: Set new base='/jmeter-testing/jmeter-scripts'
2020-12-11 09:47:44,894 INFO o.a.j.s.SaveService: Testplan (JMX) version: 2.2. Testlog (JTL) version: 2.2
2020-12-11 09:47:44,924 INFO o.a.j.s.SaveService: Using SaveService properties file encoding UTF-8
2020-12-11 09:47:44,930 INFO o.a.j.s.SaveService: Using SaveService properties version 5.0
2020-12-11 09:47:44,938 INFO o.a.j.s.SaveService: Loading file: G-sonarqube-create-delete.jmx
2020-12-11 09:47:44,983 INFO o.a.j.p.h.c.CookieManager: Settings: Delete null: true Check: true Allow variable: true Save: false Prefix: COOKIE_
2020-12-11 09:47:45,013 INFO o.a.j.p.h.s.HTTPSamplerBase: Parser for text/html is org.apache.jmeter.protocol.http.parser.LagartoBasedHtmlParser
2020-12-11 09:47:45,013 INFO o.a.j.p.h.s.HTTPSamplerBase: Parser for application/xhtml+xml is org.apache.jmeter.protocol.http.parser.LagartoBasedHtmlParser
2020-12-11 09:47:45,013 INFO o.a.j.p.h.s.HTTPSamplerBase: Parser for application/xml is org.apache.jmeter.protocol.http.parser.LagartoBasedHtmlParser
2020-12-11 09:47:45,014 INFO o.a.j.p.h.s.HTTPSamplerBase: Parser for text/xml is org.apache.jmeter.protocol.http.parser.LagartoBasedHtmlParser
2020-12-11 09:47:45,014 INFO o.a.j.p.h.s.HTTPSamplerBase: Parser for text/vnd.wap.wml is org.apache.jmeter.protocol.http.parser.RegexpHTMLParser
2020-12-11 09:47:45,014 INFO o.a.j.p.h.s.HTTPSamplerBase: Parser for text/css is org.apache.jmeter.protocol.http.parser.CssParser
2020-12-11 09:47:45,414 INFO o.a.j.e.KeyToolUtils: keytool found at 'keytool'
2020-12-11 09:47:45,416 INFO o.a.j.p.h.p.ProxyControl: HTTP(S) Test Script Recorder SSL Proxy will use keys that support embedded 3rd party resources in file /opt/apache-jmeter-5.3/bin/proxyserver.jks
2020-12-11 09:47:45,481 INFO o.a.j.JMeter: Creating summariser <summary>
2020-12-11 09:47:45,488 INFO o.a.j.e.StandardJMeterEngine: Running the test!
2020-12-11 09:47:45,489 INFO o.a.j.s.SampleEvent: List of sample_variables: []
2020-12-11 09:47:45,489 INFO o.a.j.s.SampleEvent: List of sample_variables: []
2020-12-11 09:47:45,496 INFO o.a.j.e.u.CompoundVariable: Note: Function class names must contain the string: '.functions.'
2020-12-11 09:47:45,497 INFO o.a.j.e.u.CompoundVariable: Note: Function class names must not contain the string: '.gui.'
2020-12-11 09:47:46,033 INFO o.a.j.JMeter: Running test (1607680066032)
2020-12-11 09:47:46,116 INFO o.a.j.e.StandardJMeterEngine: Starting ThreadGroup: 1 : Thread Group
2020-12-11 09:47:46,117 INFO o.a.j.e.StandardJMeterEngine: Starting 1 threads for group Thread Group.
2020-12-11 09:47:46,117 INFO o.a.j.e.StandardJMeterEngine: Thread will continue on error
2020-12-11 09:47:46,117 INFO o.a.j.t.ThreadGroup: Starting thread group... number=1 threads=1 ramp-up=1 delayedStart=false
2020-12-11 09:47:46,133 INFO o.a.j.t.ThreadGroup: Started thread group number 1
2020-12-11 09:47:46,133 INFO o.a.j.e.StandardJMeterEngine: All thread groups have been started
2020-12-11 09:47:46,140 INFO o.a.j.s.SampleResult: Note: Sample TimeStamps are START times
2020-12-11 09:47:46,140 INFO o.a.j.s.SampleResult: sampleresult.default.encoding is set to ISO-8859-1
2020-12-11 09:47:46,141 INFO o.a.j.s.SampleResult: sampleresult.useNanoTime=true
2020-12-11 09:47:46,141 INFO o.a.j.s.SampleResult: sampleresult.nanoThreadSleep=5000
2020-12-11 09:47:46,149 INFO o.a.j.t.JMeterThread: Thread started: Thread Group 1-1
2020-12-11 09:47:46,179 INFO o.a.j.p.h.s.HTTPHCAbstractImpl: Local host = jmeter-3fe35e2eb5d3f1fb-52zfm
2020-12-11 09:47:46,192 INFO o.a.j.p.h.s.HTTPHC4Impl: HTTP request retry count = 0
2020-12-11 09:47:46,362 INFO o.a.j.p.h.s.h.LazyLayeredConnectionSocketFactory: Setting up HTTPS TrustAll Socket Factory
2020-12-11 09:47:46,372 INFO o.a.j.u.JsseSSLManager: Using default SSL protocol: TLS
2020-12-11 09:47:46,372 INFO o.a.j.u.JsseSSLManager: SSL session context: per-thread
2020-12-11 09:47:46,459 INFO o.a.j.u.SSLManager: JmeterKeyStore Location:  type JKS
2020-12-11 09:47:46,465 INFO o.a.j.u.SSLManager: KeyStore created OK
2020-12-11 09:47:46,465 WARN o.a.j.u.SSLManager: Keystore file not found, loading empty keystore
2020-12-11 09:48:01,480 INFO o.a.j.r.Summariser: summary +     55 in 00:00:15 =    3.6/s Avg:    56 Min:     3 Max:   485 Err:     4 (7.27%) Active: 1 Started: 1 Finished: 0
2020-12-11 09:48:16,569 INFO o.a.j.t.JMeterThread: Thread is done: Thread Group 1-1
2020-12-11 09:48:16,569 INFO o.a.j.t.JMeterThread: Thread finished: Thread Group 1-1
2020-12-11 09:48:16,571 INFO o.a.j.e.StandardJMeterEngine: Notifying test listeners of end of test
2020-12-11 09:48:16,572 INFO o.a.j.r.Summariser: summary +      5 in 00:00:15 =    0.3/s Avg:    15 Min:     8 Max:    23 Err:     0 (0.00%) Active: 0 Started: 1 Finished: 1
2020-12-11 09:48:16,573 INFO o.a.j.r.Summariser: summary =     60 in 00:00:31 =    2.0/s Avg:    53 Min:     3 Max:   485 Err:     4 (6.67%)
2020-12-11 09:48:16,573 INFO o.a.j.e.StandardJMeterEngine: Forced JVM shutdown requested at end of test
