2020-09-28 13:44:53,197 INFO o.a.j.u.JMeterUtils: Setting Locale to en_EN
2020-09-28 13:44:53,265 INFO o.a.j.JMeter: Loading user properties from: /opt/apache-jmeter-5.1.1/bin/user.properties
2020-09-28 13:44:53,265 INFO o.a.j.JMeter: Loading system properties from: /opt/apache-jmeter-5.1.1/bin/system.properties
2020-09-28 13:44:53,329 INFO o.a.j.JMeter: Setting JMeter property: gate-url=gitpr-gate-nightly.oes.opsmx.com
2020-09-28 13:44:53,329 INFO o.a.j.JMeter: Setting JMeter property: ui-url=gitpr-ui-nightly.oes.opsmx.com
2020-09-28 13:44:53,329 WARN o.a.j.JMeter: Removing JMeter property: port
2020-09-28 13:44:53,329 INFO o.a.j.JMeter: Setting JMeter property: protocol=http
2020-09-28 13:44:53,330 INFO o.a.j.JMeter: Setting JMeter property: username=user2
2020-09-28 13:44:53,330 INFO o.a.j.JMeter: Setting JMeter property: password=user2password
2020-09-28 13:44:53,330 INFO o.a.j.JMeter: Setting JMeter property: endpoint=opa:8181
2020-09-28 13:44:53,430 INFO o.a.j.JMeter: Copyright (c) 1998-2019 The Apache Software Foundation
2020-09-28 13:44:53,430 INFO o.a.j.JMeter: Version 5.1.1 r1855137
2020-09-28 13:44:53,430 INFO o.a.j.JMeter: java.version=1.8.0_222
2020-09-28 13:44:53,430 INFO o.a.j.JMeter: java.vm.name=OpenJDK 64-Bit Server VM
2020-09-28 13:44:53,438 INFO o.a.j.JMeter: os.name=Linux
2020-09-28 13:44:53,438 INFO o.a.j.JMeter: os.arch=amd64
2020-09-28 13:44:53,438 INFO o.a.j.JMeter: os.version=4.15.0-1092-azure
2020-09-28 13:44:53,438 INFO o.a.j.JMeter: file.encoding=UTF-8
2020-09-28 13:44:53,439 INFO o.a.j.JMeter: java.awt.headless=true
2020-09-28 13:44:53,439 INFO o.a.j.JMeter: Max memory     =1073741824
2020-09-28 13:44:53,439 INFO o.a.j.JMeter: Available Processors =1
2020-09-28 13:44:53,603 INFO o.a.j.JMeter: Default Locale=English (EN)
2020-09-28 13:44:53,604 INFO o.a.j.JMeter: JMeter  Locale=English (EN)
2020-09-28 13:44:53,604 INFO o.a.j.JMeter: JMeterHome=/opt/apache-jmeter-5.1.1
2020-09-28 13:44:53,604 INFO o.a.j.JMeter: user.dir  =/jmeter-testing/jmeter-scripts
2020-09-28 13:44:53,604 INFO o.a.j.JMeter: PWD       =/jmeter-testing/jmeter-scripts
2020-09-28 13:44:53,605 INFO o.a.j.JMeter: IP: 10.244.1.183 Name: jmeter-3fe174e39bd3d85a-bxd2q FullName: jmeter-3fe174e39bd3d85a-bxd2q
2020-09-28 13:44:53,617 INFO o.a.j.s.FileServer: Default base='/jmeter-testing/jmeter-scripts'
2020-09-28 13:44:53,630 INFO o.a.j.s.FileServer: Set new base='/jmeter-testing/jmeter-scripts'
2020-09-28 13:44:54,338 INFO o.a.j.s.SaveService: Testplan (JMX) version: 2.2. Testlog (JTL) version: 2.2
2020-09-28 13:44:54,408 INFO o.a.j.s.SaveService: Using SaveService properties file encoding UTF-8
2020-09-28 13:44:54,438 INFO o.a.j.s.SaveService: Using SaveService properties version 5.0
2020-09-28 13:44:54,634 INFO o.a.j.s.SaveService: Loading file: B-DataSource-OES3.jmx
2020-09-28 13:44:56,103 INFO o.a.j.p.h.c.CookieManager: Settings: Delete null: true Check: true Allow variable: true Save: false Prefix: COOKIE_
2020-09-28 13:44:56,652 INFO o.a.j.p.h.s.HTTPSamplerBase: Parser for text/html is org.apache.jmeter.protocol.http.parser.LagartoBasedHtmlParser
2020-09-28 13:44:56,652 INFO o.a.j.p.h.s.HTTPSamplerBase: Parser for application/xhtml+xml is org.apache.jmeter.protocol.http.parser.LagartoBasedHtmlParser
2020-09-28 13:44:56,652 INFO o.a.j.p.h.s.HTTPSamplerBase: Parser for application/xml is org.apache.jmeter.protocol.http.parser.LagartoBasedHtmlParser
2020-09-28 13:44:56,653 INFO o.a.j.p.h.s.HTTPSamplerBase: Parser for text/xml is org.apache.jmeter.protocol.http.parser.LagartoBasedHtmlParser
2020-09-28 13:44:56,653 INFO o.a.j.p.h.s.HTTPSamplerBase: Parser for text/vnd.wap.wml is org.apache.jmeter.protocol.http.parser.RegexpHTMLParser
2020-09-28 13:44:56,653 INFO o.a.j.p.h.s.HTTPSamplerBase: Parser for text/css is org.apache.jmeter.protocol.http.parser.CssParser
2020-09-28 13:44:58,748 INFO o.a.j.e.KeyToolUtils: keytool found at 'keytool'
2020-09-28 13:44:58,749 INFO o.a.j.p.h.p.ProxyControl: HTTP(S) Test Script Recorder SSL Proxy will use keys that support embedded 3rd party resources in file /opt/apache-jmeter-5.1.1/bin/proxyserver.jks
2020-09-28 13:44:59,019 INFO o.a.j.JMeter: Creating summariser <summary>
2020-09-28 13:44:59,091 INFO o.a.j.e.StandardJMeterEngine: Running the test!
2020-09-28 13:44:59,196 INFO o.a.j.s.SampleEvent: List of sample_variables: []
2020-09-28 13:44:59,196 INFO o.a.j.s.SampleEvent: List of sample_variables: []
2020-09-28 13:44:59,379 INFO o.a.j.e.u.CompoundVariable: Note: Function class names must contain the string: '.functions.'
2020-09-28 13:44:59,379 INFO o.a.j.e.u.CompoundVariable: Note: Function class names must not contain the string: '.gui.'
2020-09-28 13:45:04,997 INFO o.a.j.JMeter: Running test (1601300704996)
2020-09-28 13:45:05,340 INFO o.a.j.e.StandardJMeterEngine: Starting ThreadGroup: 1 : Thread Group
2020-09-28 13:45:05,341 INFO o.a.j.e.StandardJMeterEngine: Starting 1 threads for group Thread Group.
2020-09-28 13:45:05,341 INFO o.a.j.e.StandardJMeterEngine: Thread will continue on error
2020-09-28 13:45:05,341 INFO o.a.j.t.ThreadGroup: Starting thread group... number=1 threads=1 ramp-up=1 delayedStart=false
2020-09-28 13:45:05,380 INFO o.a.j.t.ThreadGroup: Started thread group number 1
2020-09-28 13:45:05,380 INFO o.a.j.e.StandardJMeterEngine: All thread groups have been started
2020-09-28 13:45:05,403 INFO o.a.j.s.SampleResult: Note: Sample TimeStamps are START times
2020-09-28 13:45:05,411 INFO o.a.j.s.SampleResult: sampleresult.default.encoding is set to ISO-8859-1
2020-09-28 13:45:05,412 INFO o.a.j.s.SampleResult: sampleresult.useNanoTime=true
2020-09-28 13:45:05,412 INFO o.a.j.s.SampleResult: sampleresult.nanoThreadSleep=5000
2020-09-28 13:45:05,420 INFO o.a.j.t.JMeterThread: Thread started: Thread Group 1-1
2020-09-28 13:45:05,748 INFO o.a.j.p.h.s.HTTPHCAbstractImpl: Local host = jmeter-3fe174e39bd3d85a-bxd2q
2020-09-28 13:45:05,777 INFO o.a.j.p.h.s.HTTPHC4Impl: HTTP request retry count = 0
2020-09-28 13:45:12,954 INFO o.a.j.t.JMeterThread: Thread is done: Thread Group 1-1
2020-09-28 13:45:12,954 INFO o.a.j.t.JMeterThread: Thread finished: Thread Group 1-1
2020-09-28 13:45:12,955 INFO o.a.j.e.StandardJMeterEngine: Notifying test listeners of end of test
2020-09-28 13:45:12,956 INFO o.a.j.r.Summariser: summary =     21 in 00:00:08 =    2.6/s Avg:   325 Min:    23 Max:  3213 Err:     0 (0.00%)
