2020-10-03 01:47:09,257 INFO o.a.j.u.JMeterUtils: Setting Locale to en_EN
2020-10-03 01:47:09,354 INFO o.a.j.JMeter: Loading user properties from: /opt/apache-jmeter-5.1.1/bin/user.properties
2020-10-03 01:47:09,360 INFO o.a.j.JMeter: Loading system properties from: /opt/apache-jmeter-5.1.1/bin/system.properties
2020-10-03 01:47:09,361 INFO o.a.j.JMeter: Setting JMeter property: gate-url=nightly-oes3-gate.opsmx.com
2020-10-03 01:47:09,361 INFO o.a.j.JMeter: Setting JMeter property: ui-url=nightly-oes3.opsmx.com
2020-10-03 01:47:09,361 INFO o.a.j.JMeter: Setting JMeter property: port=443
2020-10-03 01:47:09,361 INFO o.a.j.JMeter: Setting JMeter property: protocol=https
2020-10-03 01:47:09,361 INFO o.a.j.JMeter: Setting JMeter property: username=user2
2020-10-03 01:47:09,361 INFO o.a.j.JMeter: Setting JMeter property: password=user2password
2020-10-03 01:47:09,361 INFO o.a.j.JMeter: Setting JMeter property: endpoint=opa:8181
2020-10-03 01:47:09,405 INFO o.a.j.JMeter: Copyright (c) 1998-2019 The Apache Software Foundation
2020-10-03 01:47:09,406 INFO o.a.j.JMeter: Version 5.1.1 r1855137
2020-10-03 01:47:09,406 INFO o.a.j.JMeter: java.version=1.8.0_222
2020-10-03 01:47:09,406 INFO o.a.j.JMeter: java.vm.name=OpenJDK 64-Bit Server VM
2020-10-03 01:47:09,406 INFO o.a.j.JMeter: os.name=Linux
2020-10-03 01:47:09,454 INFO o.a.j.JMeter: os.arch=amd64
2020-10-03 01:47:09,454 INFO o.a.j.JMeter: os.version=4.15.0-1092-azure
2020-10-03 01:47:09,454 INFO o.a.j.JMeter: file.encoding=UTF-8
2020-10-03 01:47:09,462 INFO o.a.j.JMeter: java.awt.headless=true
2020-10-03 01:47:09,463 INFO o.a.j.JMeter: Max memory     =1073741824
2020-10-03 01:47:09,476 INFO o.a.j.JMeter: Available Processors =1
2020-10-03 01:47:09,506 INFO o.a.j.JMeter: Default Locale=English (EN)
2020-10-03 01:47:09,507 INFO o.a.j.JMeter: JMeter  Locale=English (EN)
2020-10-03 01:47:09,507 INFO o.a.j.JMeter: JMeterHome=/opt/apache-jmeter-5.1.1
2020-10-03 01:47:09,507 INFO o.a.j.JMeter: user.dir  =/jmeter-testing/jmeter-scripts
2020-10-03 01:47:09,507 INFO o.a.j.JMeter: PWD       =/jmeter-testing/jmeter-scripts
2020-10-03 01:47:09,508 INFO o.a.j.JMeter: IP: 10.244.3.188 Name: jmeter-3fef7977fcccccc4-c7vcr FullName: jmeter-3fef7977fcccccc4-c7vcr
2020-10-03 01:47:09,527 INFO o.a.j.s.FileServer: Default base='/jmeter-testing/jmeter-scripts'
2020-10-03 01:47:09,556 INFO o.a.j.s.FileServer: Set new base='/jmeter-testing/jmeter-scripts'
2020-10-03 01:47:10,356 INFO o.a.j.s.SaveService: Testplan (JMX) version: 2.2. Testlog (JTL) version: 2.2
2020-10-03 01:47:10,427 INFO o.a.j.s.SaveService: Using SaveService properties file encoding UTF-8
2020-10-03 01:47:10,446 INFO o.a.j.s.SaveService: Using SaveService properties version 5.0
2020-10-03 01:47:10,484 INFO o.a.j.s.SaveService: Loading file: B-DataSource-OES3.jmx
2020-10-03 01:47:10,697 INFO o.a.j.p.h.c.CookieManager: Settings: Delete null: true Check: true Allow variable: true Save: false Prefix: COOKIE_
2020-10-03 01:47:10,806 INFO o.a.j.p.h.s.HTTPSamplerBase: Parser for text/html is org.apache.jmeter.protocol.http.parser.LagartoBasedHtmlParser
2020-10-03 01:47:10,812 INFO o.a.j.p.h.s.HTTPSamplerBase: Parser for application/xhtml+xml is org.apache.jmeter.protocol.http.parser.LagartoBasedHtmlParser
2020-10-03 01:47:10,813 INFO o.a.j.p.h.s.HTTPSamplerBase: Parser for application/xml is org.apache.jmeter.protocol.http.parser.LagartoBasedHtmlParser
2020-10-03 01:47:10,813 INFO o.a.j.p.h.s.HTTPSamplerBase: Parser for text/xml is org.apache.jmeter.protocol.http.parser.LagartoBasedHtmlParser
2020-10-03 01:47:10,813 INFO o.a.j.p.h.s.HTTPSamplerBase: Parser for text/vnd.wap.wml is org.apache.jmeter.protocol.http.parser.RegexpHTMLParser
2020-10-03 01:47:10,813 INFO o.a.j.p.h.s.HTTPSamplerBase: Parser for text/css is org.apache.jmeter.protocol.http.parser.CssParser
2020-10-03 01:47:11,776 INFO o.a.j.e.KeyToolUtils: keytool found at 'keytool'
2020-10-03 01:47:11,777 INFO o.a.j.p.h.p.ProxyControl: HTTP(S) Test Script Recorder SSL Proxy will use keys that support embedded 3rd party resources in file /opt/apache-jmeter-5.1.1/bin/proxyserver.jks
2020-10-03 01:47:11,927 INFO o.a.j.JMeter: Creating summariser <summary>
2020-10-03 01:47:11,982 INFO o.a.j.e.StandardJMeterEngine: Running the test!
2020-10-03 01:47:11,984 INFO o.a.j.s.SampleEvent: List of sample_variables: []
2020-10-03 01:47:11,984 INFO o.a.j.s.SampleEvent: List of sample_variables: []
2020-10-03 01:47:12,030 INFO o.a.j.e.u.CompoundVariable: Note: Function class names must contain the string: '.functions.'
2020-10-03 01:47:12,030 INFO o.a.j.e.u.CompoundVariable: Note: Function class names must not contain the string: '.gui.'
2020-10-03 01:47:13,822 INFO o.a.j.JMeter: Running test (1601689633822)
2020-10-03 01:47:13,988 INFO o.a.j.e.StandardJMeterEngine: Starting ThreadGroup: 1 : Thread Group
2020-10-03 01:47:13,988 INFO o.a.j.e.StandardJMeterEngine: Starting 1 threads for group Thread Group.
2020-10-03 01:47:13,988 INFO o.a.j.e.StandardJMeterEngine: Thread will continue on error
2020-10-03 01:47:13,989 INFO o.a.j.t.ThreadGroup: Starting thread group... number=1 threads=1 ramp-up=1 delayedStart=false
2020-10-03 01:47:14,018 INFO o.a.j.t.ThreadGroup: Started thread group number 1
2020-10-03 01:47:14,018 INFO o.a.j.e.StandardJMeterEngine: All thread groups have been started
2020-10-03 01:47:14,036 INFO o.a.j.s.SampleResult: Note: Sample TimeStamps are START times
2020-10-03 01:47:14,037 INFO o.a.j.s.SampleResult: sampleresult.default.encoding is set to ISO-8859-1
2020-10-03 01:47:14,037 INFO o.a.j.s.SampleResult: sampleresult.useNanoTime=true
2020-10-03 01:47:14,037 INFO o.a.j.s.SampleResult: sampleresult.nanoThreadSleep=5000
2020-10-03 01:47:14,044 INFO o.a.j.t.JMeterThread: Thread started: Thread Group 1-1
2020-10-03 01:47:14,093 INFO o.a.j.p.h.s.HTTPHCAbstractImpl: Local host = jmeter-3fef7977fcccccc4-c7vcr
2020-10-03 01:47:14,105 INFO o.a.j.p.h.s.HTTPHC4Impl: HTTP request retry count = 0
2020-10-03 01:47:14,392 INFO o.a.j.p.h.s.h.LazyLayeredConnectionSocketFactory: Setting up HTTPS TrustAll Socket Factory
2020-10-03 01:47:14,421 INFO o.a.j.u.JsseSSLManager: Using default SSL protocol: TLS
2020-10-03 01:47:14,421 INFO o.a.j.u.JsseSSLManager: SSL session context: per-thread
2020-10-03 01:47:14,620 INFO o.a.j.u.SSLManager: JmeterKeyStore Location:  type JKS
2020-10-03 01:47:14,630 INFO o.a.j.u.SSLManager: KeyStore created OK
2020-10-03 01:47:14,630 WARN o.a.j.u.SSLManager: Keystore file not found, loading empty keystore
2020-10-03 01:47:26,809 INFO o.a.j.t.JMeterThread: Thread is done: Thread Group 1-1
2020-10-03 01:47:26,809 INFO o.a.j.t.JMeterThread: Thread finished: Thread Group 1-1
2020-10-03 01:47:26,810 INFO o.a.j.e.StandardJMeterEngine: Notifying test listeners of end of test
2020-10-03 01:47:26,811 INFO o.a.j.r.Summariser: summary =     21 in 00:00:13 =    1.6/s Avg:   591 Min:    92 Max:  4324 Err:     0 (0.00%)
