2020-11-23 08:52:53,524 INFO o.a.j.u.JMeterUtils: Setting Locale to en_EN
2020-11-23 08:52:53,632 INFO o.a.j.JMeter: Loading user properties from: /opt/apache-jmeter-5.3/bin/user.properties
2020-11-23 08:52:53,638 INFO o.a.j.JMeter: Loading system properties from: /opt/apache-jmeter-5.3/bin/system.properties
2020-11-23 08:52:53,638 INFO o.a.j.JMeter: Setting JMeter property: gate-url=gitpr-gate-nightly.oes.opsmx.com
2020-11-23 08:52:53,639 INFO o.a.j.JMeter: Setting JMeter property: ui-url=gitpr-ui-nightly.oes.opsmx.com
2020-11-23 08:52:53,639 WARN o.a.j.JMeter: Removing JMeter property: port
2020-11-23 08:52:53,639 INFO o.a.j.JMeter: Setting JMeter property: protocol=http
2020-11-23 08:52:53,639 INFO o.a.j.JMeter: Setting JMeter property: username=user2
2020-11-23 08:52:53,639 INFO o.a.j.JMeter: Setting JMeter property: password=user2password
2020-11-23 08:52:53,640 INFO o.a.j.JMeter: Setting JMeter property: endpoint=opa:8181
2020-11-23 08:52:53,640 INFO o.a.j.JMeter: Setting JMeter property: jmeterengine.force.system.exit=true
2020-11-23 08:52:53,641 INFO o.a.j.JMeter: Copyright (c) 1998-2020 The Apache Software Foundation
2020-11-23 08:52:53,641 INFO o.a.j.JMeter: Version 5.3
2020-11-23 08:52:53,642 INFO o.a.j.JMeter: java.version=1.8.0_252
2020-11-23 08:52:53,642 INFO o.a.j.JMeter: java.vm.name=OpenJDK 64-Bit Server VM
2020-11-23 08:52:53,642 INFO o.a.j.JMeter: os.name=Linux
2020-11-23 08:52:53,642 INFO o.a.j.JMeter: os.arch=amd64
2020-11-23 08:52:53,642 INFO o.a.j.JMeter: os.version=4.15.0-1092-azure
2020-11-23 08:52:53,649 INFO o.a.j.JMeter: file.encoding=UTF-8
2020-11-23 08:52:53,650 INFO o.a.j.JMeter: java.awt.headless=true
2020-11-23 08:52:53,650 INFO o.a.j.JMeter: Max memory     =1073741824
2020-11-23 08:52:53,650 INFO o.a.j.JMeter: Available Processors =1
2020-11-23 08:52:53,678 INFO o.a.j.JMeter: Default Locale=English (EN)
2020-11-23 08:52:53,679 INFO o.a.j.JMeter: JMeter  Locale=English (EN)
2020-11-23 08:52:53,679 INFO o.a.j.JMeter: JMeterHome=/opt/apache-jmeter-5.3
2020-11-23 08:52:53,679 INFO o.a.j.JMeter: user.dir  =/jmeter-testing/jmeter-scripts
2020-11-23 08:52:53,679 INFO o.a.j.JMeter: PWD       =/jmeter-testing/jmeter-scripts
2020-11-23 08:52:53,679 INFO o.a.j.JMeter: IP: 10.244.5.175 Name: jmeter-3fdc200105d7bcfc-gqm4m FullName: jmeter-3fdc200105d7bcfc-gqm4m
2020-11-23 08:52:53,754 INFO o.a.j.s.FileServer: Default base='/jmeter-testing/jmeter-scripts'
2020-11-23 08:52:53,833 INFO o.a.j.s.FileServer: Set new base='/jmeter-testing/jmeter-scripts'
2020-11-23 08:52:54,589 INFO o.a.j.s.SaveService: Testplan (JMX) version: 2.2. Testlog (JTL) version: 2.2
2020-11-23 08:52:54,667 INFO o.a.j.s.SaveService: Using SaveService properties file encoding UTF-8
2020-11-23 08:52:54,678 INFO o.a.j.s.SaveService: Using SaveService properties version 5.0
2020-11-23 08:52:54,706 INFO o.a.j.s.SaveService: Loading file: B-DataSource-OES3.jmx
2020-11-23 08:52:54,826 INFO o.a.j.p.h.c.CookieManager: Settings: Delete null: true Check: true Allow variable: true Save: false Prefix: COOKIE_
2020-11-23 08:52:54,931 INFO o.a.j.p.h.s.HTTPSamplerBase: Parser for text/html is org.apache.jmeter.protocol.http.parser.LagartoBasedHtmlParser
2020-11-23 08:52:54,937 INFO o.a.j.p.h.s.HTTPSamplerBase: Parser for application/xhtml+xml is org.apache.jmeter.protocol.http.parser.LagartoBasedHtmlParser
2020-11-23 08:52:54,937 INFO o.a.j.p.h.s.HTTPSamplerBase: Parser for application/xml is org.apache.jmeter.protocol.http.parser.LagartoBasedHtmlParser
2020-11-23 08:52:54,937 INFO o.a.j.p.h.s.HTTPSamplerBase: Parser for text/xml is org.apache.jmeter.protocol.http.parser.LagartoBasedHtmlParser
2020-11-23 08:52:54,937 INFO o.a.j.p.h.s.HTTPSamplerBase: Parser for text/vnd.wap.wml is org.apache.jmeter.protocol.http.parser.RegexpHTMLParser
2020-11-23 08:52:54,937 INFO o.a.j.p.h.s.HTTPSamplerBase: Parser for text/css is org.apache.jmeter.protocol.http.parser.CssParser
2020-11-23 08:52:56,584 INFO o.a.j.e.KeyToolUtils: keytool found at 'keytool'
2020-11-23 08:52:56,585 INFO o.a.j.p.h.p.ProxyControl: HTTP(S) Test Script Recorder SSL Proxy will use keys that support embedded 3rd party resources in file /opt/apache-jmeter-5.3/bin/proxyserver.jks
2020-11-23 08:52:56,938 INFO o.a.j.JMeter: Creating summariser <summary>
2020-11-23 08:52:57,148 INFO o.a.j.e.StandardJMeterEngine: Running the test!
2020-11-23 08:52:57,168 INFO o.a.j.s.SampleEvent: List of sample_variables: []
2020-11-23 08:52:57,168 INFO o.a.j.s.SampleEvent: List of sample_variables: []
2020-11-23 08:52:57,188 INFO o.a.j.e.u.CompoundVariable: Note: Function class names must contain the string: '.functions.'
2020-11-23 08:52:57,188 INFO o.a.j.e.u.CompoundVariable: Note: Function class names must not contain the string: '.gui.'
2020-11-23 08:53:00,082 INFO o.a.j.JMeter: Running test (1606121580082)
2020-11-23 08:53:00,444 INFO o.a.j.e.StandardJMeterEngine: Starting ThreadGroup: 1 : Thread Group
2020-11-23 08:53:00,445 INFO o.a.j.e.StandardJMeterEngine: Starting 1 threads for group Thread Group.
2020-11-23 08:53:00,445 INFO o.a.j.e.StandardJMeterEngine: Thread will continue on error
2020-11-23 08:53:00,445 INFO o.a.j.t.ThreadGroup: Starting thread group... number=1 threads=1 ramp-up=1 delayedStart=false
2020-11-23 08:53:00,569 INFO o.a.j.t.ThreadGroup: Started thread group number 1
2020-11-23 08:53:00,570 INFO o.a.j.e.StandardJMeterEngine: All thread groups have been started
2020-11-23 08:53:00,659 INFO o.a.j.s.SampleResult: Note: Sample TimeStamps are START times
2020-11-23 08:53:00,660 INFO o.a.j.s.SampleResult: sampleresult.default.encoding is set to ISO-8859-1
2020-11-23 08:53:00,661 INFO o.a.j.s.SampleResult: sampleresult.useNanoTime=true
2020-11-23 08:53:00,661 INFO o.a.j.s.SampleResult: sampleresult.nanoThreadSleep=5000
2020-11-23 08:53:00,679 INFO o.a.j.t.JMeterThread: Thread started: Thread Group 1-1
2020-11-23 08:53:00,808 INFO o.a.j.p.h.s.HTTPHCAbstractImpl: Local host = jmeter-3fdc200105d7bcfc-gqm4m
2020-11-23 08:53:00,868 INFO o.a.j.p.h.s.HTTPHC4Impl: HTTP request retry count = 0
2020-11-23 08:53:01,743 INFO o.a.j.r.Summariser: summary +      1 in 00:00:02 =    0.6/s Avg:   492 Min:   492 Max:   492 Err:     0 (0.00%) Active: 1 Started: 1 Finished: 0
2020-11-23 08:53:08,977 INFO o.a.j.t.JMeterThread: Thread is done: Thread Group 1-1
2020-11-23 08:53:08,977 INFO o.a.j.t.JMeterThread: Thread finished: Thread Group 1-1
2020-11-23 08:53:08,986 INFO o.a.j.e.StandardJMeterEngine: Notifying test listeners of end of test
2020-11-23 08:53:08,988 INFO o.a.j.r.Summariser: summary +     20 in 00:00:07 =    2.8/s Avg:   348 Min:    29 Max:  3992 Err:     0 (0.00%) Active: 0 Started: 1 Finished: 1
2020-11-23 08:53:08,989 INFO o.a.j.r.Summariser: summary =     21 in 00:00:09 =    2.4/s Avg:   355 Min:    29 Max:  3992 Err:     0 (0.00%)
2020-11-23 08:53:09,008 INFO o.a.j.e.StandardJMeterEngine: Forced JVM shutdown requested at end of test
