2020-09-28 10:35:14,875 INFO o.a.j.u.JMeterUtils: Setting Locale to en_EN
2020-09-28 10:35:14,932 INFO o.a.j.JMeter: Loading user properties from: /opt/apache-jmeter-5.1.1/bin/user.properties
2020-09-28 10:35:14,932 INFO o.a.j.JMeter: Loading system properties from: /opt/apache-jmeter-5.1.1/bin/system.properties
2020-09-28 10:35:14,932 INFO o.a.j.JMeter: Setting JMeter property: gate-url=gitpr-gate-nightly.oes.opsmx.com
2020-09-28 10:35:14,933 INFO o.a.j.JMeter: Setting JMeter property: ui-url=gitpr-ui-nightly.oes.opsmx.com
2020-09-28 10:35:14,933 WARN o.a.j.JMeter: Removing JMeter property: port
2020-09-28 10:35:14,933 INFO o.a.j.JMeter: Setting JMeter property: protocol=http
2020-09-28 10:35:14,933 INFO o.a.j.JMeter: Setting JMeter property: username=user2
2020-09-28 10:35:14,933 INFO o.a.j.JMeter: Setting JMeter property: password=user2password
2020-09-28 10:35:14,933 INFO o.a.j.JMeter: Setting JMeter property: endpoint=opa:8181
2020-09-28 10:35:14,951 INFO o.a.j.JMeter: Copyright (c) 1998-2019 The Apache Software Foundation
2020-09-28 10:35:14,951 INFO o.a.j.JMeter: Version 5.1.1 r1855137
2020-09-28 10:35:14,951 INFO o.a.j.JMeter: java.version=1.8.0_222
2020-09-28 10:35:14,951 INFO o.a.j.JMeter: java.vm.name=OpenJDK 64-Bit Server VM
2020-09-28 10:35:14,951 INFO o.a.j.JMeter: os.name=Linux
2020-09-28 10:35:14,951 INFO o.a.j.JMeter: os.arch=amd64
2020-09-28 10:35:14,951 INFO o.a.j.JMeter: os.version=4.15.0-1092-azure
2020-09-28 10:35:14,951 INFO o.a.j.JMeter: file.encoding=UTF-8
2020-09-28 10:35:14,951 INFO o.a.j.JMeter: java.awt.headless=true
2020-09-28 10:35:14,952 INFO o.a.j.JMeter: Max memory     =1073741824
2020-09-28 10:35:14,952 INFO o.a.j.JMeter: Available Processors =1
2020-09-28 10:35:14,971 INFO o.a.j.JMeter: Default Locale=English (EN)
2020-09-28 10:35:14,971 INFO o.a.j.JMeter: JMeter  Locale=English (EN)
2020-09-28 10:35:14,971 INFO o.a.j.JMeter: JMeterHome=/opt/apache-jmeter-5.1.1
2020-09-28 10:35:14,971 INFO o.a.j.JMeter: user.dir  =/jmeter-testing/jmeter-scripts
2020-09-28 10:35:14,971 INFO o.a.j.JMeter: PWD       =/jmeter-testing/jmeter-scripts
2020-09-28 10:35:14,972 INFO o.a.j.JMeter: IP: 10.244.1.177 Name: jmeter-3feeffd3aea66a9b-6v2rb FullName: jmeter-3feeffd3aea66a9b-6v2rb
2020-09-28 10:35:14,983 INFO o.a.j.s.FileServer: Default base='/jmeter-testing/jmeter-scripts'
2020-09-28 10:35:15,003 INFO o.a.j.s.FileServer: Set new base='/jmeter-testing/jmeter-scripts'
2020-09-28 10:35:15,718 INFO o.a.j.s.SaveService: Testplan (JMX) version: 2.2. Testlog (JTL) version: 2.2
2020-09-28 10:35:15,847 INFO o.a.j.s.SaveService: Using SaveService properties file encoding UTF-8
2020-09-28 10:35:15,865 INFO o.a.j.s.SaveService: Using SaveService properties version 5.0
2020-09-28 10:35:15,971 INFO o.a.j.s.SaveService: Loading file: B-DataSource-OES3.jmx
2020-09-28 10:35:16,230 INFO o.a.j.p.h.c.CookieManager: Settings: Delete null: true Check: true Allow variable: true Save: false Prefix: COOKIE_
2020-09-28 10:35:16,375 INFO o.a.j.p.h.s.HTTPSamplerBase: Parser for text/html is org.apache.jmeter.protocol.http.parser.LagartoBasedHtmlParser
2020-09-28 10:35:16,375 INFO o.a.j.p.h.s.HTTPSamplerBase: Parser for application/xhtml+xml is org.apache.jmeter.protocol.http.parser.LagartoBasedHtmlParser
2020-09-28 10:35:16,375 INFO o.a.j.p.h.s.HTTPSamplerBase: Parser for application/xml is org.apache.jmeter.protocol.http.parser.LagartoBasedHtmlParser
2020-09-28 10:35:16,376 INFO o.a.j.p.h.s.HTTPSamplerBase: Parser for text/xml is org.apache.jmeter.protocol.http.parser.LagartoBasedHtmlParser
2020-09-28 10:35:16,376 INFO o.a.j.p.h.s.HTTPSamplerBase: Parser for text/vnd.wap.wml is org.apache.jmeter.protocol.http.parser.RegexpHTMLParser
2020-09-28 10:35:16,376 INFO o.a.j.p.h.s.HTTPSamplerBase: Parser for text/css is org.apache.jmeter.protocol.http.parser.CssParser
2020-09-28 10:35:17,514 INFO o.a.j.e.KeyToolUtils: keytool found at 'keytool'
2020-09-28 10:35:17,520 INFO o.a.j.p.h.p.ProxyControl: HTTP(S) Test Script Recorder SSL Proxy will use keys that support embedded 3rd party resources in file /opt/apache-jmeter-5.1.1/bin/proxyserver.jks
2020-09-28 10:35:17,790 INFO o.a.j.JMeter: Creating summariser <summary>
2020-09-28 10:35:17,894 INFO o.a.j.e.StandardJMeterEngine: Running the test!
2020-09-28 10:35:18,013 INFO o.a.j.s.SampleEvent: List of sample_variables: []
2020-09-28 10:35:18,013 INFO o.a.j.s.SampleEvent: List of sample_variables: []
2020-09-28 10:35:18,146 INFO o.a.j.e.u.CompoundVariable: Note: Function class names must contain the string: '.functions.'
2020-09-28 10:35:18,147 INFO o.a.j.e.u.CompoundVariable: Note: Function class names must not contain the string: '.gui.'
2020-09-28 10:35:22,732 INFO o.a.j.JMeter: Running test (1601289322731)
2020-09-28 10:35:22,945 INFO o.a.j.e.StandardJMeterEngine: Starting ThreadGroup: 1 : Thread Group
2020-09-28 10:35:22,945 INFO o.a.j.e.StandardJMeterEngine: Starting 1 threads for group Thread Group.
2020-09-28 10:35:22,945 INFO o.a.j.e.StandardJMeterEngine: Thread will continue on error
2020-09-28 10:35:22,949 INFO o.a.j.t.ThreadGroup: Starting thread group... number=1 threads=1 ramp-up=1 delayedStart=false
2020-09-28 10:35:23,019 INFO o.a.j.t.ThreadGroup: Started thread group number 1
2020-09-28 10:35:23,020 INFO o.a.j.e.StandardJMeterEngine: All thread groups have been started
2020-09-28 10:35:23,041 INFO o.a.j.s.SampleResult: Note: Sample TimeStamps are START times
2020-09-28 10:35:23,048 INFO o.a.j.s.SampleResult: sampleresult.default.encoding is set to ISO-8859-1
2020-09-28 10:35:23,048 INFO o.a.j.s.SampleResult: sampleresult.useNanoTime=true
2020-09-28 10:35:23,048 INFO o.a.j.s.SampleResult: sampleresult.nanoThreadSleep=5000
2020-09-28 10:35:23,051 INFO o.a.j.t.JMeterThread: Thread started: Thread Group 1-1
2020-09-28 10:35:23,109 INFO o.a.j.p.h.s.HTTPHCAbstractImpl: Local host = jmeter-3feeffd3aea66a9b-6v2rb
2020-09-28 10:35:23,128 INFO o.a.j.p.h.s.HTTPHC4Impl: HTTP request retry count = 0
2020-09-28 10:35:30,895 INFO o.a.j.r.Summariser: summary +     13 in 00:00:08 =    1.6/s Avg:   559 Min:    15 Max:  3030 Err:     0 (0.00%) Active: 1 Started: 1 Finished: 0
2020-09-28 10:35:32,453 INFO o.a.j.t.JMeterThread: Thread is done: Thread Group 1-1
2020-09-28 10:35:32,453 INFO o.a.j.t.JMeterThread: Thread finished: Thread Group 1-1
2020-09-28 10:35:32,454 INFO o.a.j.e.StandardJMeterEngine: Notifying test listeners of end of test
2020-09-28 10:35:32,455 INFO o.a.j.r.Summariser: summary +      8 in 00:00:02 =    5.1/s Avg:   178 Min:    71 Max:   344 Err:     0 (0.00%) Active: 0 Started: 1 Finished: 1
2020-09-28 10:35:32,455 INFO o.a.j.r.Summariser: summary =     21 in 00:00:10 =    2.2/s Avg:   414 Min:    15 Max:  3030 Err:     0 (0.00%)
