2020-11-09 04:41:53,361 INFO o.a.j.u.JMeterUtils: Setting Locale to en_EN
2020-11-09 04:41:53,598 INFO o.a.j.JMeter: Loading user properties from: /opt/apache-jmeter-5.3/bin/user.properties
2020-11-09 04:41:53,598 INFO o.a.j.JMeter: Loading system properties from: /opt/apache-jmeter-5.3/bin/system.properties
2020-11-09 04:41:53,599 INFO o.a.j.JMeter: Setting JMeter property: gate-url=nightly-oes3-gate.opsmx.com
2020-11-09 04:41:53,599 INFO o.a.j.JMeter: Setting JMeter property: ui-url=nightly-oes3.opsmx.com
2020-11-09 04:41:53,599 INFO o.a.j.JMeter: Setting JMeter property: port=443
2020-11-09 04:41:53,599 INFO o.a.j.JMeter: Setting JMeter property: protocol=https
2020-11-09 04:41:53,599 INFO o.a.j.JMeter: Setting JMeter property: username=user2
2020-11-09 04:41:53,599 INFO o.a.j.JMeter: Setting JMeter property: password=user2password
2020-11-09 04:41:53,599 INFO o.a.j.JMeter: Setting JMeter property: endpoint=opa:8181
2020-11-09 04:41:53,599 INFO o.a.j.JMeter: Setting JMeter property: jmeterengine.force.system.exit=true
2020-11-09 04:41:53,628 INFO o.a.j.JMeter: Copyright (c) 1998-2020 The Apache Software Foundation
2020-11-09 04:41:53,653 INFO o.a.j.JMeter: Version 5.3
2020-11-09 04:41:53,653 INFO o.a.j.JMeter: java.version=1.8.0_252
2020-11-09 04:41:53,654 INFO o.a.j.JMeter: java.vm.name=OpenJDK 64-Bit Server VM
2020-11-09 04:41:53,654 INFO o.a.j.JMeter: os.name=Linux
2020-11-09 04:41:53,654 INFO o.a.j.JMeter: os.arch=amd64
2020-11-09 04:41:53,654 INFO o.a.j.JMeter: os.version=4.15.0-1092-azure
2020-11-09 04:41:53,654 INFO o.a.j.JMeter: file.encoding=UTF-8
2020-11-09 04:41:53,654 INFO o.a.j.JMeter: java.awt.headless=true
2020-11-09 04:41:53,654 INFO o.a.j.JMeter: Max memory     =1073741824
2020-11-09 04:41:53,654 INFO o.a.j.JMeter: Available Processors =1
2020-11-09 04:41:53,789 INFO o.a.j.JMeter: Default Locale=English (EN)
2020-11-09 04:41:53,790 INFO o.a.j.JMeter: JMeter  Locale=English (EN)
2020-11-09 04:41:53,790 INFO o.a.j.JMeter: JMeterHome=/opt/apache-jmeter-5.3
2020-11-09 04:41:53,790 INFO o.a.j.JMeter: user.dir  =/jmeter-testing/jmeter-scripts
2020-11-09 04:41:53,790 INFO o.a.j.JMeter: PWD       =/jmeter-testing/jmeter-scripts
2020-11-09 04:41:53,790 INFO o.a.j.JMeter: IP: 10.244.8.104 Name: jmeter-3faa898a8ec582c0-8rfdj FullName: jmeter-3faa898a8ec582c0-8rfdj
2020-11-09 04:41:53,879 INFO o.a.j.s.FileServer: Default base='/jmeter-testing/jmeter-scripts'
2020-11-09 04:41:54,111 INFO o.a.j.s.FileServer: Set new base='/jmeter-testing/jmeter-scripts'
2020-11-09 04:41:58,630 INFO o.a.j.s.SaveService: Testplan (JMX) version: 2.2. Testlog (JTL) version: 2.2
2020-11-09 04:41:58,866 INFO o.a.j.s.SaveService: Using SaveService properties file encoding UTF-8
2020-11-09 04:41:58,995 INFO o.a.j.s.SaveService: Using SaveService properties version 5.0
2020-11-09 04:41:59,020 INFO o.a.j.s.SaveService: Loading file: C-Application-creation.jmx
2020-11-09 04:41:59,382 INFO o.a.j.p.h.c.CookieManager: Settings: Delete null: true Check: true Allow variable: true Save: false Prefix: COOKIE_
2020-11-09 04:41:59,695 INFO o.a.j.p.h.s.HTTPSamplerBase: Parser for text/html is org.apache.jmeter.protocol.http.parser.LagartoBasedHtmlParser
2020-11-09 04:41:59,695 INFO o.a.j.p.h.s.HTTPSamplerBase: Parser for application/xhtml+xml is org.apache.jmeter.protocol.http.parser.LagartoBasedHtmlParser
2020-11-09 04:41:59,695 INFO o.a.j.p.h.s.HTTPSamplerBase: Parser for application/xml is org.apache.jmeter.protocol.http.parser.LagartoBasedHtmlParser
2020-11-09 04:41:59,696 INFO o.a.j.p.h.s.HTTPSamplerBase: Parser for text/xml is org.apache.jmeter.protocol.http.parser.LagartoBasedHtmlParser
2020-11-09 04:41:59,696 INFO o.a.j.p.h.s.HTTPSamplerBase: Parser for text/vnd.wap.wml is org.apache.jmeter.protocol.http.parser.RegexpHTMLParser
2020-11-09 04:41:59,696 INFO o.a.j.p.h.s.HTTPSamplerBase: Parser for text/css is org.apache.jmeter.protocol.http.parser.CssParser
2020-11-09 04:42:08,698 INFO o.a.j.e.KeyToolUtils: keytool found at 'keytool'
2020-11-09 04:42:08,699 INFO o.a.j.p.h.p.ProxyControl: HTTP(S) Test Script Recorder SSL Proxy will use keys that support embedded 3rd party resources in file /opt/apache-jmeter-5.3/bin/proxyserver.jks
2020-11-09 04:42:09,497 INFO o.a.j.JMeter: Creating summariser <summary>
2020-11-09 04:42:09,698 INFO o.a.j.e.StandardJMeterEngine: Running the test!
2020-11-09 04:42:09,700 INFO o.a.j.s.SampleEvent: List of sample_variables: []
2020-11-09 04:42:09,700 INFO o.a.j.s.SampleEvent: List of sample_variables: []
2020-11-09 04:42:09,749 INFO o.a.j.e.u.CompoundVariable: Note: Function class names must contain the string: '.functions.'
2020-11-09 04:42:09,749 INFO o.a.j.e.u.CompoundVariable: Note: Function class names must not contain the string: '.gui.'
2020-11-09 04:42:17,928 INFO o.a.j.JMeter: Running test (1604896937900)
2020-11-09 04:42:18,984 INFO o.a.j.e.StandardJMeterEngine: Starting ThreadGroup: 1 : Thread Group
2020-11-09 04:42:19,081 INFO o.a.j.e.StandardJMeterEngine: Starting 1 threads for group Thread Group.
2020-11-09 04:42:19,081 INFO o.a.j.e.StandardJMeterEngine: Thread will continue on error
2020-11-09 04:42:19,082 INFO o.a.j.t.ThreadGroup: Starting thread group... number=1 threads=1 ramp-up=1 delayedStart=false
2020-11-09 04:42:19,191 INFO o.a.j.t.ThreadGroup: Started thread group number 1
2020-11-09 04:42:19,192 INFO o.a.j.e.StandardJMeterEngine: All thread groups have been started
2020-11-09 04:42:19,297 INFO o.a.j.s.SampleResult: Note: Sample TimeStamps are START times
2020-11-09 04:42:19,394 INFO o.a.j.s.SampleResult: sampleresult.default.encoding is set to ISO-8859-1
2020-11-09 04:42:19,394 INFO o.a.j.s.SampleResult: sampleresult.useNanoTime=true
2020-11-09 04:42:19,395 INFO o.a.j.s.SampleResult: sampleresult.nanoThreadSleep=5000
2020-11-09 04:42:19,455 INFO o.a.j.t.JMeterThread: Thread started: Thread Group 1-1
2020-11-09 04:42:19,704 INFO o.a.j.p.h.s.HTTPHCAbstractImpl: Local host = jmeter-3faa898a8ec582c0-8rfdj
2020-11-09 04:42:19,890 INFO o.a.j.p.h.s.HTTPHC4Impl: HTTP request retry count = 0
2020-11-09 04:42:23,040 INFO o.a.j.p.h.s.h.LazyLayeredConnectionSocketFactory: Setting up HTTPS TrustAll Socket Factory
2020-11-09 04:42:23,069 INFO o.a.j.u.JsseSSLManager: Using default SSL protocol: TLS
2020-11-09 04:42:23,070 INFO o.a.j.u.JsseSSLManager: SSL session context: per-thread
2020-11-09 04:42:24,447 INFO o.a.j.u.SSLManager: JmeterKeyStore Location:  type JKS
2020-11-09 04:42:24,457 INFO o.a.j.u.SSLManager: KeyStore created OK
2020-11-09 04:42:24,457 WARN o.a.j.u.SSLManager: Keystore file not found, loading empty keystore
2020-11-09 04:42:30,461 INFO o.a.j.r.Summariser: summary +      3 in 00:00:13 =    0.2/s Avg:  2764 Min:   116 Max:  7447 Err:     0 (0.00%) Active: 1 Started: 1 Finished: 0
2020-11-09 04:42:36,674 INFO o.a.j.t.JMeterThread: Thread is done: Thread Group 1-1
2020-11-09 04:42:36,674 INFO o.a.j.t.JMeterThread: Thread finished: Thread Group 1-1
2020-11-09 04:42:36,730 INFO o.a.j.e.StandardJMeterEngine: Notifying test listeners of end of test
2020-11-09 04:42:37,045 INFO o.a.j.r.Summariser: summary +     53 in 00:00:07 =    8.0/s Avg:   108 Min:     1 Max:   444 Err:     0 (0.00%) Active: 0 Started: 1 Finished: 1
2020-11-09 04:42:37,046 INFO o.a.j.r.Summariser: summary =     56 in 00:00:19 =    2.9/s Avg:   251 Min:     1 Max:  7447 Err:     0 (0.00%)
2020-11-09 04:42:37,052 INFO o.a.j.e.StandardJMeterEngine: Forced JVM shutdown requested at end of test
