2020-09-18 13:12:29,348 INFO o.a.j.u.JMeterUtils: Setting Locale to en_EN
2020-09-18 13:12:29,381 INFO o.a.j.JMeter: Loading user properties from: /opt/apache-jmeter-5.1.1/bin/user.properties
2020-09-18 13:12:29,388 INFO o.a.j.JMeter: Loading system properties from: /opt/apache-jmeter-5.1.1/bin/system.properties
2020-09-18 13:12:29,388 INFO o.a.j.JMeter: Setting JMeter property: gate-url=40.64.111.180
2020-09-18 13:12:29,388 INFO o.a.j.JMeter: Setting JMeter property: ui-url=40.64.111.207
2020-09-18 13:12:29,388 INFO o.a.j.JMeter: Setting JMeter property: port=8084
2020-09-18 13:12:29,388 INFO o.a.j.JMeter: Setting JMeter property: protocol=http
2020-09-18 13:12:29,388 INFO o.a.j.JMeter: Setting JMeter property: username=user2
2020-09-18 13:12:29,389 INFO o.a.j.JMeter: Setting JMeter property: password=user2password
2020-09-18 13:12:29,389 INFO o.a.j.JMeter: Setting JMeter property: endpoint=opa-svc:8181
2020-09-18 13:12:29,401 INFO o.a.j.JMeter: Copyright (c) 1998-2019 The Apache Software Foundation
2020-09-18 13:12:29,401 INFO o.a.j.JMeter: Version 5.1.1 r1855137
2020-09-18 13:12:29,401 INFO o.a.j.JMeter: java.version=1.8.0_222
2020-09-18 13:12:29,401 INFO o.a.j.JMeter: java.vm.name=OpenJDK 64-Bit Server VM
2020-09-18 13:12:29,401 INFO o.a.j.JMeter: os.name=Linux
2020-09-18 13:12:29,401 INFO o.a.j.JMeter: os.arch=amd64
2020-09-18 13:12:29,401 INFO o.a.j.JMeter: os.version=4.15.0-1092-azure
2020-09-18 13:12:29,401 INFO o.a.j.JMeter: file.encoding=UTF-8
2020-09-18 13:12:29,407 INFO o.a.j.JMeter: java.awt.headless=true
2020-09-18 13:12:29,408 INFO o.a.j.JMeter: Max memory     =1073741824
2020-09-18 13:12:29,408 INFO o.a.j.JMeter: Available Processors =1
2020-09-18 13:12:29,419 INFO o.a.j.JMeter: Default Locale=English (EN)
2020-09-18 13:12:29,421 INFO o.a.j.JMeter: JMeter  Locale=English (EN)
2020-09-18 13:12:29,421 INFO o.a.j.JMeter: JMeterHome=/opt/apache-jmeter-5.1.1
2020-09-18 13:12:29,421 INFO o.a.j.JMeter: user.dir  =/jmeter-testing/jmeter-scripts
2020-09-18 13:12:29,421 INFO o.a.j.JMeter: PWD       =/jmeter-testing/jmeter-scripts
2020-09-18 13:12:29,421 INFO o.a.j.JMeter: IP: 10.244.3.242 Name: jmeter-3fb790c5784eef20-jsfpv FullName: jmeter-3fb790c5784eef20-jsfpv
2020-09-18 13:12:29,430 INFO o.a.j.s.FileServer: Default base='/jmeter-testing/jmeter-scripts'
2020-09-18 13:12:29,458 INFO o.a.j.s.FileServer: Set new base='/jmeter-testing/jmeter-scripts'
2020-09-18 13:12:29,934 INFO o.a.j.s.SaveService: Testplan (JMX) version: 2.2. Testlog (JTL) version: 2.2
2020-09-18 13:12:29,986 INFO o.a.j.s.SaveService: Using SaveService properties file encoding UTF-8
2020-09-18 13:12:30,004 INFO o.a.j.s.SaveService: Using SaveService properties version 5.0
2020-09-18 13:12:30,024 INFO o.a.j.s.SaveService: Loading file: B-DataSource-OES3.jmx
2020-09-18 13:12:30,137 INFO o.a.j.p.h.c.CookieManager: Settings: Delete null: true Check: true Allow variable: true Save: false Prefix: COOKIE_
2020-09-18 13:12:30,184 INFO o.a.j.p.h.s.HTTPSamplerBase: Parser for text/html is org.apache.jmeter.protocol.http.parser.LagartoBasedHtmlParser
2020-09-18 13:12:30,190 INFO o.a.j.p.h.s.HTTPSamplerBase: Parser for application/xhtml+xml is org.apache.jmeter.protocol.http.parser.LagartoBasedHtmlParser
2020-09-18 13:12:30,190 INFO o.a.j.p.h.s.HTTPSamplerBase: Parser for application/xml is org.apache.jmeter.protocol.http.parser.LagartoBasedHtmlParser
2020-09-18 13:12:30,191 INFO o.a.j.p.h.s.HTTPSamplerBase: Parser for text/xml is org.apache.jmeter.protocol.http.parser.LagartoBasedHtmlParser
2020-09-18 13:12:30,191 INFO o.a.j.p.h.s.HTTPSamplerBase: Parser for text/vnd.wap.wml is org.apache.jmeter.protocol.http.parser.RegexpHTMLParser
2020-09-18 13:12:30,191 INFO o.a.j.p.h.s.HTTPSamplerBase: Parser for text/css is org.apache.jmeter.protocol.http.parser.CssParser
2020-09-18 13:12:31,032 INFO o.a.j.e.KeyToolUtils: keytool found at 'keytool'
2020-09-18 13:12:31,033 INFO o.a.j.p.h.p.ProxyControl: HTTP(S) Test Script Recorder SSL Proxy will use keys that support embedded 3rd party resources in file /opt/apache-jmeter-5.1.1/bin/proxyserver.jks
2020-09-18 13:12:31,106 INFO o.a.j.JMeter: Creating summariser <summary>
2020-09-18 13:12:31,124 INFO o.a.j.e.StandardJMeterEngine: Running the test!
2020-09-18 13:12:31,125 INFO o.a.j.s.SampleEvent: List of sample_variables: []
2020-09-18 13:12:31,125 INFO o.a.j.s.SampleEvent: List of sample_variables: []
2020-09-18 13:12:31,146 INFO o.a.j.e.u.CompoundVariable: Note: Function class names must contain the string: '.functions.'
2020-09-18 13:12:31,146 INFO o.a.j.e.u.CompoundVariable: Note: Function class names must not contain the string: '.gui.'
2020-09-18 13:12:32,449 INFO o.a.j.JMeter: Running test (1600434752449)
2020-09-18 13:12:32,668 INFO o.a.j.e.StandardJMeterEngine: Starting ThreadGroup: 1 : Thread Group
2020-09-18 13:12:32,668 INFO o.a.j.e.StandardJMeterEngine: Starting 1 threads for group Thread Group.
2020-09-18 13:12:32,668 INFO o.a.j.e.StandardJMeterEngine: Thread will continue on error
2020-09-18 13:12:32,669 INFO o.a.j.t.ThreadGroup: Starting thread group... number=1 threads=1 ramp-up=1 delayedStart=false
2020-09-18 13:12:32,707 INFO o.a.j.t.ThreadGroup: Started thread group number 1
2020-09-18 13:12:32,707 INFO o.a.j.e.StandardJMeterEngine: All thread groups have been started
2020-09-18 13:12:32,725 INFO o.a.j.s.SampleResult: Note: Sample TimeStamps are START times
2020-09-18 13:12:32,725 INFO o.a.j.s.SampleResult: sampleresult.default.encoding is set to ISO-8859-1
2020-09-18 13:12:32,725 INFO o.a.j.s.SampleResult: sampleresult.useNanoTime=true
2020-09-18 13:12:32,725 INFO o.a.j.s.SampleResult: sampleresult.nanoThreadSleep=5000
2020-09-18 13:12:32,726 INFO o.a.j.t.JMeterThread: Thread started: Thread Group 1-1
2020-09-18 13:12:32,796 INFO o.a.j.p.h.s.HTTPHCAbstractImpl: Local host = jmeter-3fb790c5784eef20-jsfpv
2020-09-18 13:12:32,815 INFO o.a.j.p.h.s.HTTPHC4Impl: HTTP request retry count = 0
2020-09-18 13:12:34,237 INFO o.a.j.r.Summariser: summary +      1 in 00:00:02 =    0.6/s Avg:  1142 Min:  1142 Max:  1142 Err:     1 (100.00%) Active: 1 Started: 1 Finished: 0
2020-09-18 13:12:53,708 INFO o.a.j.t.JMeterThread: Thread is done: Thread Group 1-1
2020-09-18 13:12:53,709 INFO o.a.j.t.JMeterThread: Thread finished: Thread Group 1-1
2020-09-18 13:12:53,709 INFO o.a.j.e.StandardJMeterEngine: Notifying test listeners of end of test
2020-09-18 13:12:53,710 INFO o.a.j.r.Summariser: summary +     19 in 00:00:19 =    1.0/s Avg:  1022 Min:  1015 Max:  1031 Err:    19 (100.00%) Active: 0 Started: 1 Finished: 1
2020-09-18 13:12:53,710 INFO o.a.j.r.Summariser: summary =     20 in 00:00:21 =    0.9/s Avg:  1028 Min:  1015 Max:  1142 Err:    20 (100.00%)
