2020-11-09 12:43:57,611 INFO o.a.j.u.JMeterUtils: Setting Locale to en_EN
2020-11-09 12:43:57,778 INFO o.a.j.JMeter: Loading user properties from: /opt/apache-jmeter-5.3/bin/user.properties
2020-11-09 12:43:57,778 INFO o.a.j.JMeter: Loading system properties from: /opt/apache-jmeter-5.3/bin/system.properties
2020-11-09 12:43:57,778 INFO o.a.j.JMeter: Setting JMeter property: gate-url=gitpr-gate-nightly.oes.opsmx.com
2020-11-09 12:43:57,778 INFO o.a.j.JMeter: Setting JMeter property: ui-url=gitpr-ui-nightly.oes.opsmx.com
2020-11-09 12:43:57,778 WARN o.a.j.JMeter: Removing JMeter property: port
2020-11-09 12:43:57,778 INFO o.a.j.JMeter: Setting JMeter property: protocol=http
2020-11-09 12:43:57,779 INFO o.a.j.JMeter: Setting JMeter property: username=user2
2020-11-09 12:43:57,779 INFO o.a.j.JMeter: Setting JMeter property: password=user2password
2020-11-09 12:43:57,779 INFO o.a.j.JMeter: Setting JMeter property: endpoint=opa:8181
2020-11-09 12:43:57,779 INFO o.a.j.JMeter: Setting JMeter property: jmeterengine.force.system.exit=true
2020-11-09 12:43:57,816 INFO o.a.j.JMeter: Copyright (c) 1998-2020 The Apache Software Foundation
2020-11-09 12:43:57,816 INFO o.a.j.JMeter: Version 5.3
2020-11-09 12:43:57,816 INFO o.a.j.JMeter: java.version=1.8.0_252
2020-11-09 12:43:57,816 INFO o.a.j.JMeter: java.vm.name=OpenJDK 64-Bit Server VM
2020-11-09 12:43:57,816 INFO o.a.j.JMeter: os.name=Linux
2020-11-09 12:43:57,817 INFO o.a.j.JMeter: os.arch=amd64
2020-11-09 12:43:57,817 INFO o.a.j.JMeter: os.version=4.15.0-1092-azure
2020-11-09 12:43:57,817 INFO o.a.j.JMeter: file.encoding=UTF-8
2020-11-09 12:43:57,817 INFO o.a.j.JMeter: java.awt.headless=true
2020-11-09 12:43:57,817 INFO o.a.j.JMeter: Max memory     =1073741824
2020-11-09 12:43:57,817 INFO o.a.j.JMeter: Available Processors =1
2020-11-09 12:43:57,917 INFO o.a.j.JMeter: Default Locale=English (EN)
2020-11-09 12:43:57,917 INFO o.a.j.JMeter: JMeter  Locale=English (EN)
2020-11-09 12:43:57,918 INFO o.a.j.JMeter: JMeterHome=/opt/apache-jmeter-5.3
2020-11-09 12:43:57,918 INFO o.a.j.JMeter: user.dir  =/jmeter-testing/jmeter-scripts
2020-11-09 12:43:57,918 INFO o.a.j.JMeter: PWD       =/jmeter-testing/jmeter-scripts
2020-11-09 12:43:57,952 INFO o.a.j.JMeter: IP: 10.244.5.218 Name: jmeter-3fe26340ce5fe5f0-xnspn FullName: jmeter-3fe26340ce5fe5f0-xnspn
2020-11-09 12:43:57,985 INFO o.a.j.s.FileServer: Default base='/jmeter-testing/jmeter-scripts'
2020-11-09 12:43:58,051 INFO o.a.j.s.FileServer: Set new base='/jmeter-testing/jmeter-scripts'
2020-11-09 12:43:59,652 INFO o.a.j.s.SaveService: Testplan (JMX) version: 2.2. Testlog (JTL) version: 2.2
2020-11-09 12:43:59,807 INFO o.a.j.s.SaveService: Using SaveService properties file encoding UTF-8
2020-11-09 12:43:59,827 INFO o.a.j.s.SaveService: Using SaveService properties version 5.0
2020-11-09 12:43:59,898 INFO o.a.j.s.SaveService: Loading file: C-Application-creation.jmx
2020-11-09 12:44:00,085 INFO o.a.j.p.h.c.CookieManager: Settings: Delete null: true Check: true Allow variable: true Save: false Prefix: COOKIE_
2020-11-09 12:44:00,320 INFO o.a.j.p.h.s.HTTPSamplerBase: Parser for text/html is org.apache.jmeter.protocol.http.parser.LagartoBasedHtmlParser
2020-11-09 12:44:00,320 INFO o.a.j.p.h.s.HTTPSamplerBase: Parser for application/xhtml+xml is org.apache.jmeter.protocol.http.parser.LagartoBasedHtmlParser
2020-11-09 12:44:00,320 INFO o.a.j.p.h.s.HTTPSamplerBase: Parser for application/xml is org.apache.jmeter.protocol.http.parser.LagartoBasedHtmlParser
2020-11-09 12:44:00,320 INFO o.a.j.p.h.s.HTTPSamplerBase: Parser for text/xml is org.apache.jmeter.protocol.http.parser.LagartoBasedHtmlParser
2020-11-09 12:44:00,320 INFO o.a.j.p.h.s.HTTPSamplerBase: Parser for text/vnd.wap.wml is org.apache.jmeter.protocol.http.parser.RegexpHTMLParser
2020-11-09 12:44:00,320 INFO o.a.j.p.h.s.HTTPSamplerBase: Parser for text/css is org.apache.jmeter.protocol.http.parser.CssParser
2020-11-09 12:44:03,146 INFO o.a.j.e.KeyToolUtils: keytool found at 'keytool'
2020-11-09 12:44:03,148 INFO o.a.j.p.h.p.ProxyControl: HTTP(S) Test Script Recorder SSL Proxy will use keys that support embedded 3rd party resources in file /opt/apache-jmeter-5.3/bin/proxyserver.jks
2020-11-09 12:44:03,452 INFO o.a.j.JMeter: Creating summariser <summary>
2020-11-09 12:44:03,539 INFO o.a.j.e.StandardJMeterEngine: Running the test!
2020-11-09 12:44:03,579 INFO o.a.j.s.SampleEvent: List of sample_variables: []
2020-11-09 12:44:03,579 INFO o.a.j.s.SampleEvent: List of sample_variables: []
2020-11-09 12:44:03,619 INFO o.a.j.e.u.CompoundVariable: Note: Function class names must contain the string: '.functions.'
2020-11-09 12:44:03,620 INFO o.a.j.e.u.CompoundVariable: Note: Function class names must not contain the string: '.gui.'
2020-11-09 12:44:06,434 INFO o.a.j.JMeter: Running test (1604925846434)
2020-11-09 12:44:06,964 INFO o.a.j.e.StandardJMeterEngine: Starting ThreadGroup: 1 : Thread Group
2020-11-09 12:44:06,964 INFO o.a.j.e.StandardJMeterEngine: Starting 1 threads for group Thread Group.
2020-11-09 12:44:06,965 INFO o.a.j.e.StandardJMeterEngine: Thread will continue on error
2020-11-09 12:44:06,965 INFO o.a.j.t.ThreadGroup: Starting thread group... number=1 threads=1 ramp-up=1 delayedStart=false
2020-11-09 12:44:07,073 INFO o.a.j.t.ThreadGroup: Started thread group number 1
2020-11-09 12:44:07,073 INFO o.a.j.e.StandardJMeterEngine: All thread groups have been started
2020-11-09 12:44:07,251 INFO o.a.j.s.SampleResult: Note: Sample TimeStamps are START times
2020-11-09 12:44:07,251 INFO o.a.j.s.SampleResult: sampleresult.default.encoding is set to ISO-8859-1
2020-11-09 12:44:07,251 INFO o.a.j.s.SampleResult: sampleresult.useNanoTime=true
2020-11-09 12:44:07,251 INFO o.a.j.s.SampleResult: sampleresult.nanoThreadSleep=5000
2020-11-09 12:44:07,312 INFO o.a.j.t.JMeterThread: Thread started: Thread Group 1-1
2020-11-09 12:44:07,533 INFO o.a.j.p.h.s.HTTPHCAbstractImpl: Local host = jmeter-3fe26340ce5fe5f0-xnspn
2020-11-09 12:44:07,562 INFO o.a.j.p.h.s.HTTPHC4Impl: HTTP request retry count = 0
2020-11-09 12:44:09,751 ERROR o.a.j.e.j.j.JMESPathExtractor: Error processing JSON content in JSON JMESPath Extractor, message: Unexpected character ('<' (code 60)): expected a valid value (JSON String, Number, Array, Object or token 'null', 'true' or 'false')
 at [Source: (String)"<html>
<head><title>400 The plain HTTP request was sent to HTTPS port</title></head>
<body>
<center><h1>400 Bad Request</h1></center>
<center>The plain HTTP request was sent to HTTPS port</center>
<hr><center>openresty/1.15.8.2</center>
</body>
</html>
"; line: 1, column: 2]
2020-11-09 12:44:10,926 INFO o.a.j.t.JMeterThread: Thread is done: Thread Group 1-1
2020-11-09 12:44:10,926 INFO o.a.j.t.JMeterThread: Thread finished: Thread Group 1-1
2020-11-09 12:44:10,944 INFO o.a.j.e.StandardJMeterEngine: Notifying test listeners of end of test
2020-11-09 12:44:11,362 INFO o.a.j.r.Summariser: summary =     56 in 00:00:05 =   11.4/s Avg:    37 Min:     7 Max:   294 Err:    53 (94.64%)
2020-11-09 12:44:11,362 INFO o.a.j.e.StandardJMeterEngine: Forced JVM shutdown requested at end of test
