2020-09-22 18:45:24,405 INFO o.a.j.u.JMeterUtils: Setting Locale to en_EN
2020-09-22 18:45:24,528 INFO o.a.j.JMeter: Loading user properties from: /opt/apache-jmeter-5.1.1/bin/user.properties
2020-09-22 18:45:24,528 INFO o.a.j.JMeter: Loading system properties from: /opt/apache-jmeter-5.1.1/bin/system.properties
2020-09-22 18:45:24,536 INFO o.a.j.JMeter: Setting JMeter property: gate-url=gitpr-gate-nightly.oes.opsmx.com
2020-09-22 18:45:24,537 INFO o.a.j.JMeter: Setting JMeter property: ui-url=gitpr-ui-nightly.oes.opsmx.com
2020-09-22 18:45:24,537 INFO o.a.j.JMeter: Setting JMeter property: port=8084
2020-09-22 18:45:24,537 INFO o.a.j.JMeter: Setting JMeter property: protocol=http
2020-09-22 18:45:24,537 INFO o.a.j.JMeter: Setting JMeter property: username=user2
2020-09-22 18:45:24,537 INFO o.a.j.JMeter: Setting JMeter property: password=user2password
2020-09-22 18:45:24,537 INFO o.a.j.JMeter: Setting JMeter property: endpoint=opa:8181
2020-09-22 18:45:24,569 INFO o.a.j.JMeter: Copyright (c) 1998-2019 The Apache Software Foundation
2020-09-22 18:45:24,569 INFO o.a.j.JMeter: Version 5.1.1 r1855137
2020-09-22 18:45:24,569 INFO o.a.j.JMeter: java.version=1.8.0_222
2020-09-22 18:45:24,569 INFO o.a.j.JMeter: java.vm.name=OpenJDK 64-Bit Server VM
2020-09-22 18:45:24,569 INFO o.a.j.JMeter: os.name=Linux
2020-09-22 18:45:24,569 INFO o.a.j.JMeter: os.arch=amd64
2020-09-22 18:45:24,569 INFO o.a.j.JMeter: os.version=4.15.0-1092-azure
2020-09-22 18:45:24,570 INFO o.a.j.JMeter: file.encoding=UTF-8
2020-09-22 18:45:24,570 INFO o.a.j.JMeter: java.awt.headless=true
2020-09-22 18:45:24,570 INFO o.a.j.JMeter: Max memory     =1073741824
2020-09-22 18:45:24,570 INFO o.a.j.JMeter: Available Processors =1
2020-09-22 18:45:24,595 INFO o.a.j.JMeter: Default Locale=English (EN)
2020-09-22 18:45:24,596 INFO o.a.j.JMeter: JMeter  Locale=English (EN)
2020-09-22 18:45:24,596 INFO o.a.j.JMeter: JMeterHome=/opt/apache-jmeter-5.1.1
2020-09-22 18:45:24,596 INFO o.a.j.JMeter: user.dir  =/jmeter-testing/jmeter-scripts
2020-09-22 18:45:24,596 INFO o.a.j.JMeter: PWD       =/jmeter-testing/jmeter-scripts
2020-09-22 18:45:24,596 INFO o.a.j.JMeter: IP: 10.244.4.208 Name: jmeter-3fe80dd5f3695744-nx6dc FullName: jmeter-3fe80dd5f3695744-nx6dc
2020-09-22 18:45:24,607 INFO o.a.j.s.FileServer: Default base='/jmeter-testing/jmeter-scripts'
2020-09-22 18:45:24,637 INFO o.a.j.s.FileServer: Set new base='/jmeter-testing/jmeter-scripts'
2020-09-22 18:45:26,000 INFO o.a.j.s.SaveService: Testplan (JMX) version: 2.2. Testlog (JTL) version: 2.2
2020-09-22 18:45:26,224 INFO o.a.j.s.SaveService: Using SaveService properties file encoding UTF-8
2020-09-22 18:45:26,314 INFO o.a.j.s.SaveService: Using SaveService properties version 5.0
2020-09-22 18:45:26,357 INFO o.a.j.s.SaveService: Loading file: B-DataSource-OES3.jmx
2020-09-22 18:45:26,765 INFO o.a.j.p.h.c.CookieManager: Settings: Delete null: true Check: true Allow variable: true Save: false Prefix: COOKIE_
2020-09-22 18:45:26,909 INFO o.a.j.p.h.s.HTTPSamplerBase: Parser for text/html is org.apache.jmeter.protocol.http.parser.LagartoBasedHtmlParser
2020-09-22 18:45:26,909 INFO o.a.j.p.h.s.HTTPSamplerBase: Parser for application/xhtml+xml is org.apache.jmeter.protocol.http.parser.LagartoBasedHtmlParser
2020-09-22 18:45:26,909 INFO o.a.j.p.h.s.HTTPSamplerBase: Parser for application/xml is org.apache.jmeter.protocol.http.parser.LagartoBasedHtmlParser
2020-09-22 18:45:26,909 INFO o.a.j.p.h.s.HTTPSamplerBase: Parser for text/xml is org.apache.jmeter.protocol.http.parser.LagartoBasedHtmlParser
2020-09-22 18:45:26,909 INFO o.a.j.p.h.s.HTTPSamplerBase: Parser for text/vnd.wap.wml is org.apache.jmeter.protocol.http.parser.RegexpHTMLParser
2020-09-22 18:45:26,936 INFO o.a.j.p.h.s.HTTPSamplerBase: Parser for text/css is org.apache.jmeter.protocol.http.parser.CssParser
2020-09-22 18:45:29,602 INFO o.a.j.e.KeyToolUtils: keytool found at 'keytool'
2020-09-22 18:45:29,603 INFO o.a.j.p.h.p.ProxyControl: HTTP(S) Test Script Recorder SSL Proxy will use keys that support embedded 3rd party resources in file /opt/apache-jmeter-5.1.1/bin/proxyserver.jks
2020-09-22 18:45:29,726 INFO o.a.j.JMeter: Creating summariser <summary>
2020-09-22 18:45:29,772 INFO o.a.j.e.StandardJMeterEngine: Running the test!
2020-09-22 18:45:29,774 INFO o.a.j.s.SampleEvent: List of sample_variables: []
2020-09-22 18:45:29,774 INFO o.a.j.s.SampleEvent: List of sample_variables: []
2020-09-22 18:45:29,839 INFO o.a.j.e.u.CompoundVariable: Note: Function class names must contain the string: '.functions.'
2020-09-22 18:45:29,840 INFO o.a.j.e.u.CompoundVariable: Note: Function class names must not contain the string: '.gui.'
2020-09-22 18:45:34,582 INFO o.a.j.JMeter: Running test (1600800334561)
2020-09-22 18:45:35,716 INFO o.a.j.e.StandardJMeterEngine: Starting ThreadGroup: 1 : Thread Group
2020-09-22 18:45:35,716 INFO o.a.j.e.StandardJMeterEngine: Starting 1 threads for group Thread Group.
2020-09-22 18:45:35,716 INFO o.a.j.e.StandardJMeterEngine: Thread will continue on error
2020-09-22 18:45:35,716 INFO o.a.j.t.ThreadGroup: Starting thread group... number=1 threads=1 ramp-up=1 delayedStart=false
2020-09-22 18:45:35,785 INFO o.a.j.t.ThreadGroup: Started thread group number 1
2020-09-22 18:45:35,785 INFO o.a.j.e.StandardJMeterEngine: All thread groups have been started
2020-09-22 18:45:36,178 INFO o.a.j.s.SampleResult: Note: Sample TimeStamps are START times
2020-09-22 18:45:36,179 INFO o.a.j.s.SampleResult: sampleresult.default.encoding is set to ISO-8859-1
2020-09-22 18:45:36,179 INFO o.a.j.s.SampleResult: sampleresult.useNanoTime=true
2020-09-22 18:45:36,179 INFO o.a.j.s.SampleResult: sampleresult.nanoThreadSleep=5000
2020-09-22 18:45:36,189 INFO o.a.j.t.JMeterThread: Thread started: Thread Group 1-1
2020-09-22 18:45:36,377 INFO o.a.j.p.h.s.HTTPHCAbstractImpl: Local host = jmeter-3fe80dd5f3695744-nx6dc
2020-09-22 18:45:36,417 INFO o.a.j.p.h.s.HTTPHC4Impl: HTTP request retry count = 0
2020-09-22 18:56:31,208 INFO o.a.j.r.Summariser: summary +      5 in 00:10:57 =    0.0/s Avg: 130777 Min: 129937 Max: 131077 Err:     5 (100.00%) Active: 1 Started: 1 Finished: 0
2020-09-22 19:03:04,418 INFO o.a.j.r.Summariser: summary +      3 in 00:06:33 =    0.0/s Avg: 131049 Min: 131013 Max: 131073 Err:     3 (100.00%) Active: 1 Started: 1 Finished: 0
2020-09-22 19:03:04,419 INFO o.a.j.r.Summariser: summary =      8 in 00:17:30 =    0.0/s Avg: 130879 Min: 129937 Max: 131077 Err:     8 (100.00%)
2020-09-22 19:20:33,041 INFO o.a.j.r.Summariser: summary +      8 in 00:17:29 =    0.0/s Avg: 131064 Min: 131036 Max: 131079 Err:     8 (100.00%) Active: 1 Started: 1 Finished: 0
2020-09-22 19:20:33,042 INFO o.a.j.r.Summariser: summary =     16 in 00:34:58 =    0.0/s Avg: 130971 Min: 129937 Max: 131079 Err:    16 (100.00%)
2020-09-22 19:27:06,212 INFO o.a.j.t.JMeterThread: Thread is done: Thread Group 1-1
2020-09-22 19:27:06,212 INFO o.a.j.t.JMeterThread: Thread finished: Thread Group 1-1
2020-09-22 19:27:06,215 INFO o.a.j.e.StandardJMeterEngine: Notifying test listeners of end of test
2020-09-22 19:27:06,234 INFO o.a.j.r.Summariser: summary +      3 in 00:06:33 =    0.0/s Avg: 131055 Min: 131026 Max: 131074 Err:     3 (100.00%) Active: 0 Started: 1 Finished: 1
2020-09-22 19:27:06,234 INFO o.a.j.r.Summariser: summary =     19 in 00:41:32 =    0.0/s Avg: 130984 Min: 129937 Max: 131079 Err:    19 (100.00%)
