2020-10-27 09:45:23,942 INFO o.a.j.u.JMeterUtils: Setting Locale to en_EN
2020-10-27 09:45:23,986 INFO o.a.j.JMeter: Loading user properties from: /opt/apache-jmeter-5.1.1/bin/user.properties
2020-10-27 09:45:23,992 INFO o.a.j.JMeter: Loading system properties from: /opt/apache-jmeter-5.1.1/bin/system.properties
2020-10-27 09:45:23,993 INFO o.a.j.JMeter: Setting JMeter property: gate-url=gitpr-gate-nightly.oes.opsmx.com
2020-10-27 09:45:23,993 INFO o.a.j.JMeter: Setting JMeter property: ui-url=gitpr-ui-nightly.oes.opsmx.com
2020-10-27 09:45:23,993 WARN o.a.j.JMeter: Removing JMeter property: port
2020-10-27 09:45:23,993 INFO o.a.j.JMeter: Setting JMeter property: protocol=http
2020-10-27 09:45:23,993 INFO o.a.j.JMeter: Setting JMeter property: username=user2
2020-10-27 09:45:23,993 INFO o.a.j.JMeter: Setting JMeter property: password=user2password
2020-10-27 09:45:23,993 INFO o.a.j.JMeter: Setting JMeter property: endpoint=opa:8181
2020-10-27 09:45:24,013 INFO o.a.j.JMeter: Copyright (c) 1998-2019 The Apache Software Foundation
2020-10-27 09:45:24,013 INFO o.a.j.JMeter: Version 5.1.1 r1855137
2020-10-27 09:45:24,014 INFO o.a.j.JMeter: java.version=1.8.0_222
2020-10-27 09:45:24,014 INFO o.a.j.JMeter: java.vm.name=OpenJDK 64-Bit Server VM
2020-10-27 09:45:24,014 INFO o.a.j.JMeter: os.name=Linux
2020-10-27 09:45:24,014 INFO o.a.j.JMeter: os.arch=amd64
2020-10-27 09:45:24,014 INFO o.a.j.JMeter: os.version=4.15.0-1092-azure
2020-10-27 09:45:24,014 INFO o.a.j.JMeter: file.encoding=UTF-8
2020-10-27 09:45:24,014 INFO o.a.j.JMeter: java.awt.headless=true
2020-10-27 09:45:24,020 INFO o.a.j.JMeter: Max memory     =1073741824
2020-10-27 09:45:24,020 INFO o.a.j.JMeter: Available Processors =1
2020-10-27 09:45:24,054 INFO o.a.j.JMeter: Default Locale=English (EN)
2020-10-27 09:45:24,072 INFO o.a.j.JMeter: JMeter  Locale=English (EN)
2020-10-27 09:45:24,072 INFO o.a.j.JMeter: JMeterHome=/opt/apache-jmeter-5.1.1
2020-10-27 09:45:24,073 INFO o.a.j.JMeter: user.dir  =/jmeter-testing/jmeter-scripts
2020-10-27 09:45:24,073 INFO o.a.j.JMeter: PWD       =/jmeter-testing/jmeter-scripts
2020-10-27 09:45:24,073 INFO o.a.j.JMeter: IP: 10.244.6.81 Name: jmeter-3fedcaebc1a05044-wdxvd FullName: jmeter-3fedcaebc1a05044-wdxvd
2020-10-27 09:45:24,101 INFO o.a.j.s.FileServer: Default base='/jmeter-testing/jmeter-scripts'
2020-10-27 09:45:24,121 INFO o.a.j.s.FileServer: Set new base='/jmeter-testing/jmeter-scripts'
2020-10-27 09:45:24,669 INFO o.a.j.s.SaveService: Testplan (JMX) version: 2.2. Testlog (JTL) version: 2.2
2020-10-27 09:45:24,707 INFO o.a.j.s.SaveService: Using SaveService properties file encoding UTF-8
2020-10-27 09:45:24,717 INFO o.a.j.s.SaveService: Using SaveService properties version 5.0
2020-10-27 09:45:24,735 INFO o.a.j.s.SaveService: Loading file: B-DataSource-OES3.jmx
2020-10-27 09:45:24,826 INFO o.a.j.p.h.c.CookieManager: Settings: Delete null: true Check: true Allow variable: true Save: false Prefix: COOKIE_
2020-10-27 09:45:24,866 INFO o.a.j.p.h.s.HTTPSamplerBase: Parser for text/html is org.apache.jmeter.protocol.http.parser.LagartoBasedHtmlParser
2020-10-27 09:45:24,866 INFO o.a.j.p.h.s.HTTPSamplerBase: Parser for application/xhtml+xml is org.apache.jmeter.protocol.http.parser.LagartoBasedHtmlParser
2020-10-27 09:45:24,866 INFO o.a.j.p.h.s.HTTPSamplerBase: Parser for application/xml is org.apache.jmeter.protocol.http.parser.LagartoBasedHtmlParser
2020-10-27 09:45:24,866 INFO o.a.j.p.h.s.HTTPSamplerBase: Parser for text/xml is org.apache.jmeter.protocol.http.parser.LagartoBasedHtmlParser
2020-10-27 09:45:24,867 INFO o.a.j.p.h.s.HTTPSamplerBase: Parser for text/vnd.wap.wml is org.apache.jmeter.protocol.http.parser.RegexpHTMLParser
2020-10-27 09:45:24,867 INFO o.a.j.p.h.s.HTTPSamplerBase: Parser for text/css is org.apache.jmeter.protocol.http.parser.CssParser
2020-10-27 09:45:25,462 INFO o.a.j.e.KeyToolUtils: keytool found at 'keytool'
2020-10-27 09:45:25,462 INFO o.a.j.p.h.p.ProxyControl: HTTP(S) Test Script Recorder SSL Proxy will use keys that support embedded 3rd party resources in file /opt/apache-jmeter-5.1.1/bin/proxyserver.jks
2020-10-27 09:45:25,549 INFO o.a.j.JMeter: Creating summariser <summary>
2020-10-27 09:45:25,569 INFO o.a.j.e.StandardJMeterEngine: Running the test!
2020-10-27 09:45:25,570 INFO o.a.j.s.SampleEvent: List of sample_variables: []
2020-10-27 09:45:25,570 INFO o.a.j.s.SampleEvent: List of sample_variables: []
2020-10-27 09:45:25,581 INFO o.a.j.e.u.CompoundVariable: Note: Function class names must contain the string: '.functions.'
2020-10-27 09:45:25,582 INFO o.a.j.e.u.CompoundVariable: Note: Function class names must not contain the string: '.gui.'
2020-10-27 09:45:26,872 INFO o.a.j.JMeter: Running test (1603791926872)
2020-10-27 09:45:27,031 INFO o.a.j.e.StandardJMeterEngine: Starting ThreadGroup: 1 : Thread Group
2020-10-27 09:45:27,031 INFO o.a.j.e.StandardJMeterEngine: Starting 1 threads for group Thread Group.
2020-10-27 09:45:27,031 INFO o.a.j.e.StandardJMeterEngine: Thread will continue on error
2020-10-27 09:45:27,031 INFO o.a.j.t.ThreadGroup: Starting thread group... number=1 threads=1 ramp-up=1 delayedStart=false
2020-10-27 09:45:27,070 INFO o.a.j.t.ThreadGroup: Started thread group number 1
2020-10-27 09:45:27,070 INFO o.a.j.e.StandardJMeterEngine: All thread groups have been started
2020-10-27 09:45:27,082 INFO o.a.j.s.SampleResult: Note: Sample TimeStamps are START times
2020-10-27 09:45:27,082 INFO o.a.j.s.SampleResult: sampleresult.default.encoding is set to ISO-8859-1
2020-10-27 09:45:27,083 INFO o.a.j.s.SampleResult: sampleresult.useNanoTime=true
2020-10-27 09:45:27,083 INFO o.a.j.s.SampleResult: sampleresult.nanoThreadSleep=5000
2020-10-27 09:45:27,097 INFO o.a.j.t.JMeterThread: Thread started: Thread Group 1-1
2020-10-27 09:45:27,152 INFO o.a.j.p.h.s.HTTPHCAbstractImpl: Local host = jmeter-3fedcaebc1a05044-wdxvd
2020-10-27 09:45:27,170 INFO o.a.j.p.h.s.HTTPHC4Impl: HTTP request retry count = 0
2020-10-27 09:45:32,089 INFO o.a.j.r.Summariser: summary +     11 in 00:00:05 =    2.1/s Avg:   432 Min:    25 Max:  3735 Err:     0 (0.00%) Active: 1 Started: 1 Finished: 0
2020-10-27 09:45:32,941 INFO o.a.j.t.JMeterThread: Thread is done: Thread Group 1-1
2020-10-27 09:45:32,941 INFO o.a.j.t.JMeterThread: Thread finished: Thread Group 1-1
2020-10-27 09:45:32,947 INFO o.a.j.e.StandardJMeterEngine: Notifying test listeners of end of test
2020-10-27 09:45:32,947 INFO o.a.j.r.Summariser: summary +     10 in 00:00:01 =   11.6/s Avg:    84 Min:    15 Max:   389 Err:     0 (0.00%) Active: 0 Started: 1 Finished: 1
2020-10-27 09:45:32,948 INFO o.a.j.r.Summariser: summary =     21 in 00:00:06 =    3.5/s Avg:   266 Min:    15 Max:  3735 Err:     0 (0.00%)
