2020-11-20 05:05:04,159 INFO o.a.j.u.JMeterUtils: Setting Locale to en_EN
2020-11-20 05:05:04,204 INFO o.a.j.JMeter: Loading user properties from: /opt/apache-jmeter-5.3/bin/user.properties
2020-11-20 05:05:04,205 INFO o.a.j.JMeter: Loading system properties from: /opt/apache-jmeter-5.3/bin/system.properties
2020-11-20 05:05:04,205 INFO o.a.j.JMeter: Setting JMeter property: gate-url=gitpr-gate-nightly.oes.opsmx.com
2020-11-20 05:05:04,210 INFO o.a.j.JMeter: Setting JMeter property: ui-url=gitpr-ui-nightly.oes.opsmx.com
2020-11-20 05:05:04,210 WARN o.a.j.JMeter: Removing JMeter property: port
2020-11-20 05:05:04,210 INFO o.a.j.JMeter: Setting JMeter property: protocol=http
2020-11-20 05:05:04,210 INFO o.a.j.JMeter: Setting JMeter property: username=user2
2020-11-20 05:05:04,210 INFO o.a.j.JMeter: Setting JMeter property: password=user2password
2020-11-20 05:05:04,211 INFO o.a.j.JMeter: Setting JMeter property: endpoint=opa:8181
2020-11-20 05:05:04,211 INFO o.a.j.JMeter: Setting JMeter property: jmeterengine.force.system.exit=true
2020-11-20 05:05:04,213 INFO o.a.j.JMeter: Copyright (c) 1998-2020 The Apache Software Foundation
2020-11-20 05:05:04,213 INFO o.a.j.JMeter: Version 5.3
2020-11-20 05:05:04,213 INFO o.a.j.JMeter: java.version=1.8.0_252
2020-11-20 05:05:04,213 INFO o.a.j.JMeter: java.vm.name=OpenJDK 64-Bit Server VM
2020-11-20 05:05:04,213 INFO o.a.j.JMeter: os.name=Linux
2020-11-20 05:05:04,214 INFO o.a.j.JMeter: os.arch=amd64
2020-11-20 05:05:04,214 INFO o.a.j.JMeter: os.version=4.15.0-1092-azure
2020-11-20 05:05:04,214 INFO o.a.j.JMeter: file.encoding=UTF-8
2020-11-20 05:05:04,214 INFO o.a.j.JMeter: java.awt.headless=true
2020-11-20 05:05:04,214 INFO o.a.j.JMeter: Max memory     =1073741824
2020-11-20 05:05:04,214 INFO o.a.j.JMeter: Available Processors =1
2020-11-20 05:05:04,232 INFO o.a.j.JMeter: Default Locale=English (EN)
2020-11-20 05:05:04,233 INFO o.a.j.JMeter: JMeter  Locale=English (EN)
2020-11-20 05:05:04,233 INFO o.a.j.JMeter: JMeterHome=/opt/apache-jmeter-5.3
2020-11-20 05:05:04,233 INFO o.a.j.JMeter: user.dir  =/jmeter-testing/jmeter-scripts
2020-11-20 05:05:04,238 INFO o.a.j.JMeter: PWD       =/jmeter-testing/jmeter-scripts
2020-11-20 05:05:04,239 INFO o.a.j.JMeter: IP: 10.244.10.148 Name: jmeter-3fdfc9eee85a17a2-bptpl FullName: jmeter-3fdfc9eee85a17a2-bptpl
2020-11-20 05:05:04,256 INFO o.a.j.s.FileServer: Default base='/jmeter-testing/jmeter-scripts'
2020-11-20 05:05:04,276 INFO o.a.j.s.FileServer: Set new base='/jmeter-testing/jmeter-scripts'
2020-11-20 05:05:04,728 INFO o.a.j.s.SaveService: Testplan (JMX) version: 2.2. Testlog (JTL) version: 2.2
2020-11-20 05:05:04,832 INFO o.a.j.s.SaveService: Using SaveService properties file encoding UTF-8
2020-11-20 05:05:04,854 INFO o.a.j.s.SaveService: Using SaveService properties version 5.0
2020-11-20 05:05:04,892 INFO o.a.j.s.SaveService: Loading file: B-DataSource-OES3.jmx
2020-11-20 05:05:05,003 INFO o.a.j.p.h.c.CookieManager: Settings: Delete null: true Check: true Allow variable: true Save: false Prefix: COOKIE_
2020-11-20 05:05:05,068 INFO o.a.j.p.h.s.HTTPSamplerBase: Parser for text/html is org.apache.jmeter.protocol.http.parser.LagartoBasedHtmlParser
2020-11-20 05:05:05,068 INFO o.a.j.p.h.s.HTTPSamplerBase: Parser for application/xhtml+xml is org.apache.jmeter.protocol.http.parser.LagartoBasedHtmlParser
2020-11-20 05:05:05,068 INFO o.a.j.p.h.s.HTTPSamplerBase: Parser for application/xml is org.apache.jmeter.protocol.http.parser.LagartoBasedHtmlParser
2020-11-20 05:05:05,068 INFO o.a.j.p.h.s.HTTPSamplerBase: Parser for text/xml is org.apache.jmeter.protocol.http.parser.LagartoBasedHtmlParser
2020-11-20 05:05:05,069 INFO o.a.j.p.h.s.HTTPSamplerBase: Parser for text/vnd.wap.wml is org.apache.jmeter.protocol.http.parser.RegexpHTMLParser
2020-11-20 05:05:05,069 INFO o.a.j.p.h.s.HTTPSamplerBase: Parser for text/css is org.apache.jmeter.protocol.http.parser.CssParser
2020-11-20 05:05:05,768 INFO o.a.j.e.KeyToolUtils: keytool found at 'keytool'
2020-11-20 05:05:05,769 INFO o.a.j.p.h.p.ProxyControl: HTTP(S) Test Script Recorder SSL Proxy will use keys that support embedded 3rd party resources in file /opt/apache-jmeter-5.3/bin/proxyserver.jks
2020-11-20 05:05:05,910 INFO o.a.j.JMeter: Creating summariser <summary>
2020-11-20 05:05:06,006 INFO o.a.j.e.StandardJMeterEngine: Running the test!
2020-11-20 05:05:06,007 INFO o.a.j.s.SampleEvent: List of sample_variables: []
2020-11-20 05:05:06,007 INFO o.a.j.s.SampleEvent: List of sample_variables: []
2020-11-20 05:05:06,032 INFO o.a.j.e.u.CompoundVariable: Note: Function class names must contain the string: '.functions.'
2020-11-20 05:05:06,035 INFO o.a.j.e.u.CompoundVariable: Note: Function class names must not contain the string: '.gui.'
2020-11-20 05:05:07,717 INFO o.a.j.JMeter: Running test (1605848707717)
2020-11-20 05:05:08,020 INFO o.a.j.e.StandardJMeterEngine: Starting ThreadGroup: 1 : Thread Group
2020-11-20 05:05:08,026 INFO o.a.j.e.StandardJMeterEngine: Starting 1 threads for group Thread Group.
2020-11-20 05:05:08,027 INFO o.a.j.e.StandardJMeterEngine: Thread will continue on error
2020-11-20 05:05:08,028 INFO o.a.j.t.ThreadGroup: Starting thread group... number=1 threads=1 ramp-up=1 delayedStart=false
2020-11-20 05:05:08,104 INFO o.a.j.t.ThreadGroup: Started thread group number 1
2020-11-20 05:05:08,104 INFO o.a.j.e.StandardJMeterEngine: All thread groups have been started
2020-11-20 05:05:08,124 INFO o.a.j.s.SampleResult: Note: Sample TimeStamps are START times
2020-11-20 05:05:08,124 INFO o.a.j.s.SampleResult: sampleresult.default.encoding is set to ISO-8859-1
2020-11-20 05:05:08,124 INFO o.a.j.s.SampleResult: sampleresult.useNanoTime=true
2020-11-20 05:05:08,124 INFO o.a.j.s.SampleResult: sampleresult.nanoThreadSleep=5000
2020-11-20 05:05:08,142 INFO o.a.j.t.JMeterThread: Thread started: Thread Group 1-1
2020-11-20 05:05:08,262 INFO o.a.j.p.h.s.HTTPHCAbstractImpl: Local host = jmeter-3fdfc9eee85a17a2-bptpl
2020-11-20 05:05:08,312 INFO o.a.j.p.h.s.HTTPHC4Impl: HTTP request retry count = 0
2020-11-20 05:05:14,240 INFO o.a.j.t.JMeterThread: Thread is done: Thread Group 1-1
2020-11-20 05:05:14,241 INFO o.a.j.t.JMeterThread: Thread finished: Thread Group 1-1
2020-11-20 05:05:14,249 INFO o.a.j.e.StandardJMeterEngine: Notifying test listeners of end of test
2020-11-20 05:05:14,270 INFO o.a.j.r.Summariser: summary =     21 in 00:00:07 =    3.2/s Avg:   268 Min:    57 Max:  1804 Err:     0 (0.00%)
2020-11-20 05:05:14,279 INFO o.a.j.e.StandardJMeterEngine: Forced JVM shutdown requested at end of test
