2020-12-11 08:21:35,603 INFO o.a.j.u.JMeterUtils: Setting Locale to en_EN
2020-12-11 08:21:35,626 INFO o.a.j.JMeter: Loading user properties from: /opt/apache-jmeter-5.3/bin/user.properties
2020-12-11 08:21:35,627 INFO o.a.j.JMeter: Loading system properties from: /opt/apache-jmeter-5.3/bin/system.properties
2020-12-11 08:21:35,627 INFO o.a.j.JMeter: Setting JMeter property: gate-url=gitpr-gate-nightly.oes.opsmx.com
2020-12-11 08:21:35,627 INFO o.a.j.JMeter: Setting JMeter property: ui-url=gitpr-ui-nightly.oes.opsmx.com
2020-12-11 08:21:35,627 WARN o.a.j.JMeter: Removing JMeter property: port
2020-12-11 08:21:35,627 INFO o.a.j.JMeter: Setting JMeter property: protocol=http
2020-12-11 08:21:35,628 INFO o.a.j.JMeter: Setting JMeter property: username=user2
2020-12-11 08:21:35,628 INFO o.a.j.JMeter: Setting JMeter property: password=user2password
2020-12-11 08:21:35,628 INFO o.a.j.JMeter: Setting JMeter property: endpoint=opa:8181
2020-12-11 08:21:35,628 INFO o.a.j.JMeter: Setting JMeter property: jmeterengine.force.system.exit=true
2020-12-11 08:21:35,629 INFO o.a.j.JMeter: Copyright (c) 1998-2020 The Apache Software Foundation
2020-12-11 08:21:35,629 INFO o.a.j.JMeter: Version 5.3
2020-12-11 08:21:35,629 INFO o.a.j.JMeter: java.version=1.8.0_252
2020-12-11 08:21:35,629 INFO o.a.j.JMeter: java.vm.name=OpenJDK 64-Bit Server VM
2020-12-11 08:21:35,629 INFO o.a.j.JMeter: os.name=Linux
2020-12-11 08:21:35,629 INFO o.a.j.JMeter: os.arch=amd64
2020-12-11 08:21:35,629 INFO o.a.j.JMeter: os.version=4.15.0-1098-azure
2020-12-11 08:21:35,629 INFO o.a.j.JMeter: file.encoding=UTF-8
2020-12-11 08:21:35,629 INFO o.a.j.JMeter: java.awt.headless=true
2020-12-11 08:21:35,630 INFO o.a.j.JMeter: Max memory     =1073741824
2020-12-11 08:21:35,630 INFO o.a.j.JMeter: Available Processors =1
2020-12-11 08:21:35,637 INFO o.a.j.JMeter: Default Locale=English (EN)
2020-12-11 08:21:35,637 INFO o.a.j.JMeter: JMeter  Locale=English (EN)
2020-12-11 08:21:35,637 INFO o.a.j.JMeter: JMeterHome=/opt/apache-jmeter-5.3
2020-12-11 08:21:35,637 INFO o.a.j.JMeter: user.dir  =/jmeter-testing/jmeter-scripts
2020-12-11 08:21:35,638 INFO o.a.j.JMeter: PWD       =/jmeter-testing/jmeter-scripts
2020-12-11 08:21:35,638 INFO o.a.j.JMeter: IP: 10.244.22.161 Name: jmeter-3fead298d26c67bc-6p6k4 FullName: jmeter-3fead298d26c67bc-6p6k4
2020-12-11 08:21:35,644 INFO o.a.j.s.FileServer: Default base='/jmeter-testing/jmeter-scripts'
2020-12-11 08:21:35,649 INFO o.a.j.s.FileServer: Set new base='/jmeter-testing/jmeter-scripts'
2020-12-11 08:21:35,803 INFO o.a.j.s.SaveService: Testplan (JMX) version: 2.2. Testlog (JTL) version: 2.2
2020-12-11 08:21:35,831 INFO o.a.j.s.SaveService: Using SaveService properties file encoding UTF-8
2020-12-11 08:21:35,836 INFO o.a.j.s.SaveService: Using SaveService properties version 5.0
2020-12-11 08:21:35,843 INFO o.a.j.s.SaveService: Loading file: G-sonarqube-create-delete.jmx
2020-12-11 08:21:35,882 INFO o.a.j.p.h.c.CookieManager: Settings: Delete null: true Check: true Allow variable: true Save: false Prefix: COOKIE_
2020-12-11 08:21:35,901 INFO o.a.j.p.h.s.HTTPSamplerBase: Parser for text/html is org.apache.jmeter.protocol.http.parser.LagartoBasedHtmlParser
2020-12-11 08:21:35,901 INFO o.a.j.p.h.s.HTTPSamplerBase: Parser for application/xhtml+xml is org.apache.jmeter.protocol.http.parser.LagartoBasedHtmlParser
2020-12-11 08:21:35,901 INFO o.a.j.p.h.s.HTTPSamplerBase: Parser for application/xml is org.apache.jmeter.protocol.http.parser.LagartoBasedHtmlParser
2020-12-11 08:21:35,901 INFO o.a.j.p.h.s.HTTPSamplerBase: Parser for text/xml is org.apache.jmeter.protocol.http.parser.LagartoBasedHtmlParser
2020-12-11 08:21:35,902 INFO o.a.j.p.h.s.HTTPSamplerBase: Parser for text/vnd.wap.wml is org.apache.jmeter.protocol.http.parser.RegexpHTMLParser
2020-12-11 08:21:35,902 INFO o.a.j.p.h.s.HTTPSamplerBase: Parser for text/css is org.apache.jmeter.protocol.http.parser.CssParser
2020-12-11 08:21:36,231 INFO o.a.j.e.KeyToolUtils: keytool found at 'keytool'
2020-12-11 08:21:36,232 INFO o.a.j.p.h.p.ProxyControl: HTTP(S) Test Script Recorder SSL Proxy will use keys that support embedded 3rd party resources in file /opt/apache-jmeter-5.3/bin/proxyserver.jks
2020-12-11 08:21:36,291 INFO o.a.j.JMeter: Creating summariser <summary>
2020-12-11 08:21:36,300 INFO o.a.j.e.StandardJMeterEngine: Running the test!
2020-12-11 08:21:36,301 INFO o.a.j.s.SampleEvent: List of sample_variables: []
2020-12-11 08:21:36,301 INFO o.a.j.s.SampleEvent: List of sample_variables: []
2020-12-11 08:21:36,306 INFO o.a.j.e.u.CompoundVariable: Note: Function class names must contain the string: '.functions.'
2020-12-11 08:21:36,306 INFO o.a.j.e.u.CompoundVariable: Note: Function class names must not contain the string: '.gui.'
2020-12-11 08:21:36,716 INFO o.a.j.JMeter: Running test (1607674896716)
2020-12-11 08:21:36,774 INFO o.a.j.e.StandardJMeterEngine: Starting ThreadGroup: 1 : Thread Group
2020-12-11 08:21:36,775 INFO o.a.j.e.StandardJMeterEngine: Starting 1 threads for group Thread Group.
2020-12-11 08:21:36,775 INFO o.a.j.e.StandardJMeterEngine: Thread will continue on error
2020-12-11 08:21:36,775 INFO o.a.j.t.ThreadGroup: Starting thread group... number=1 threads=1 ramp-up=1 delayedStart=false
2020-12-11 08:21:36,784 INFO o.a.j.t.ThreadGroup: Started thread group number 1
2020-12-11 08:21:36,784 INFO o.a.j.e.StandardJMeterEngine: All thread groups have been started
2020-12-11 08:21:36,788 INFO o.a.j.s.SampleResult: Note: Sample TimeStamps are START times
2020-12-11 08:21:36,788 INFO o.a.j.s.SampleResult: sampleresult.default.encoding is set to ISO-8859-1
2020-12-11 08:21:36,788 INFO o.a.j.s.SampleResult: sampleresult.useNanoTime=true
2020-12-11 08:21:36,788 INFO o.a.j.s.SampleResult: sampleresult.nanoThreadSleep=5000
2020-12-11 08:21:36,796 INFO o.a.j.t.JMeterThread: Thread started: Thread Group 1-1
2020-12-11 08:21:36,819 INFO o.a.j.p.h.s.HTTPHCAbstractImpl: Local host = jmeter-3fead298d26c67bc-6p6k4
2020-12-11 08:21:36,826 INFO o.a.j.p.h.s.HTTPHC4Impl: HTTP request retry count = 0
2020-12-11 08:21:36,918 INFO o.a.j.p.h.s.h.LazyLayeredConnectionSocketFactory: Setting up HTTPS TrustAll Socket Factory
2020-12-11 08:21:36,926 INFO o.a.j.u.JsseSSLManager: Using default SSL protocol: TLS
2020-12-11 08:21:36,926 INFO o.a.j.u.JsseSSLManager: SSL session context: per-thread
2020-12-11 08:21:36,996 INFO o.a.j.u.SSLManager: JmeterKeyStore Location:  type JKS
2020-12-11 08:21:37,000 INFO o.a.j.u.SSLManager: KeyStore created OK
2020-12-11 08:21:37,000 WARN o.a.j.u.SSLManager: Keystore file not found, loading empty keystore
2020-12-11 08:22:00,974 INFO o.a.j.r.Summariser: summary +     58 in 00:00:24 =    2.4/s Avg:    51 Min:     3 Max:   618 Err:     4 (6.90%) Active: 1 Started: 1 Finished: 0
2020-12-11 08:22:07,006 INFO o.a.j.t.JMeterThread: Thread is done: Thread Group 1-1
2020-12-11 08:22:07,006 INFO o.a.j.t.JMeterThread: Thread finished: Thread Group 1-1
2020-12-11 08:22:07,009 INFO o.a.j.e.StandardJMeterEngine: Notifying test listeners of end of test
2020-12-11 08:22:07,009 INFO o.a.j.r.Summariser: summary +      2 in 00:00:06 =    0.3/s Avg:    14 Min:     6 Max:    23 Err:     0 (0.00%) Active: 0 Started: 1 Finished: 1
2020-12-11 08:22:07,010 INFO o.a.j.r.Summariser: summary =     60 in 00:00:30 =    2.0/s Avg:    50 Min:     3 Max:   618 Err:     4 (6.67%)
2020-12-11 08:22:07,010 INFO o.a.j.e.StandardJMeterEngine: Forced JVM shutdown requested at end of test
