2020-10-12 18:54:38,235 INFO o.a.j.u.JMeterUtils: Setting Locale to en_EN
2020-10-12 18:54:38,248 INFO o.a.j.JMeter: Loading user properties from: /opt/apache-jmeter-5.1.1/bin/user.properties
2020-10-12 18:54:38,249 INFO o.a.j.JMeter: Loading system properties from: /opt/apache-jmeter-5.1.1/bin/system.properties
2020-10-12 18:54:38,249 INFO o.a.j.JMeter: Setting JMeter property: gate-url=nightly-oes3-gate.opsmx.com
2020-10-12 18:54:38,249 INFO o.a.j.JMeter: Setting JMeter property: ui-url=nightly-oes3.opsmx.com
2020-10-12 18:54:38,249 INFO o.a.j.JMeter: Setting JMeter property: port=443
2020-10-12 18:54:38,249 INFO o.a.j.JMeter: Setting JMeter property: protocol=https
2020-10-12 18:54:38,250 INFO o.a.j.JMeter: Setting JMeter property: username=user2
2020-10-12 18:54:38,250 INFO o.a.j.JMeter: Setting JMeter property: password=user2password
2020-10-12 18:54:38,250 INFO o.a.j.JMeter: Setting JMeter property: endpoint=opa:8181
2020-10-12 18:54:38,255 INFO o.a.j.JMeter: Copyright (c) 1998-2019 The Apache Software Foundation
2020-10-12 18:54:38,255 INFO o.a.j.JMeter: Version 5.1.1 r1855137
2020-10-12 18:54:38,255 INFO o.a.j.JMeter: java.version=1.8.0_222
2020-10-12 18:54:38,255 INFO o.a.j.JMeter: java.vm.name=OpenJDK 64-Bit Server VM
2020-10-12 18:54:38,255 INFO o.a.j.JMeter: os.name=Linux
2020-10-12 18:54:38,255 INFO o.a.j.JMeter: os.arch=amd64
2020-10-12 18:54:38,256 INFO o.a.j.JMeter: os.version=5.4.0-48-generic
2020-10-12 18:54:38,256 INFO o.a.j.JMeter: file.encoding=UTF-8
2020-10-12 18:54:38,256 INFO o.a.j.JMeter: java.awt.headless=true
2020-10-12 18:54:38,256 INFO o.a.j.JMeter: Max memory     =1073741824
2020-10-12 18:54:38,256 INFO o.a.j.JMeter: Available Processors =8
2020-10-12 18:54:38,260 INFO o.a.j.JMeter: Default Locale=English (EN)
2020-10-12 18:54:38,260 INFO o.a.j.JMeter: JMeter  Locale=English (EN)
2020-10-12 18:54:38,260 INFO o.a.j.JMeter: JMeterHome=/opt/apache-jmeter-5.1.1
2020-10-12 18:54:38,260 INFO o.a.j.JMeter: user.dir  =/jmeter-testing/jmeter-scripts
2020-10-12 18:54:38,260 INFO o.a.j.JMeter: PWD       =/jmeter-testing/jmeter-scripts
2020-10-12 18:54:38,260 INFO o.a.j.JMeter: IP: 172.17.0.2 Name: e3026ef0f7fa FullName: e3026ef0f7fa
2020-10-12 18:54:38,263 INFO o.a.j.s.FileServer: Default base='/jmeter-testing/jmeter-scripts'
2020-10-12 18:54:38,268 INFO o.a.j.s.FileServer: Set new base='/jmeter-testing/jmeter-scripts'
2020-10-12 18:54:38,383 INFO o.a.j.s.SaveService: Testplan (JMX) version: 2.2. Testlog (JTL) version: 2.2
2020-10-12 18:54:38,394 INFO o.a.j.s.SaveService: Using SaveService properties file encoding UTF-8
2020-10-12 18:54:38,398 INFO o.a.j.s.SaveService: Using SaveService properties version 5.0
2020-10-12 18:54:38,403 INFO o.a.j.s.SaveService: Loading file: B-DataSource-OES3.jmx
2020-10-12 18:54:38,433 INFO o.a.j.p.h.c.CookieManager: Settings: Delete null: true Check: true Allow variable: true Save: false Prefix: COOKIE_
2020-10-12 18:54:38,447 INFO o.a.j.p.h.s.HTTPSamplerBase: Parser for text/html is org.apache.jmeter.protocol.http.parser.LagartoBasedHtmlParser
2020-10-12 18:54:38,448 INFO o.a.j.p.h.s.HTTPSamplerBase: Parser for application/xhtml+xml is org.apache.jmeter.protocol.http.parser.LagartoBasedHtmlParser
2020-10-12 18:54:38,448 INFO o.a.j.p.h.s.HTTPSamplerBase: Parser for application/xml is org.apache.jmeter.protocol.http.parser.LagartoBasedHtmlParser
2020-10-12 18:54:38,448 INFO o.a.j.p.h.s.HTTPSamplerBase: Parser for text/xml is org.apache.jmeter.protocol.http.parser.LagartoBasedHtmlParser
2020-10-12 18:54:38,448 INFO o.a.j.p.h.s.HTTPSamplerBase: Parser for text/vnd.wap.wml is org.apache.jmeter.protocol.http.parser.RegexpHTMLParser
2020-10-12 18:54:38,448 INFO o.a.j.p.h.s.HTTPSamplerBase: Parser for text/css is org.apache.jmeter.protocol.http.parser.CssParser
2020-10-12 18:54:38,625 INFO o.a.j.e.KeyToolUtils: keytool found at 'keytool'
2020-10-12 18:54:38,626 INFO o.a.j.p.h.p.ProxyControl: HTTP(S) Test Script Recorder SSL Proxy will use keys that support embedded 3rd party resources in file /opt/apache-jmeter-5.1.1/bin/proxyserver.jks
2020-10-12 18:54:38,657 INFO o.a.j.JMeter: Creating summariser <summary>
2020-10-12 18:54:38,664 INFO o.a.j.e.StandardJMeterEngine: Running the test!
2020-10-12 18:54:38,664 INFO o.a.j.s.SampleEvent: List of sample_variables: []
2020-10-12 18:54:38,664 INFO o.a.j.s.SampleEvent: List of sample_variables: []
2020-10-12 18:54:38,670 INFO o.a.j.e.u.CompoundVariable: Note: Function class names must contain the string: '.functions.'
2020-10-12 18:54:38,670 INFO o.a.j.e.u.CompoundVariable: Note: Function class names must not contain the string: '.gui.'
2020-10-12 18:54:38,955 INFO o.a.j.JMeter: Running test (1602528878955)
2020-10-12 18:54:38,989 INFO o.a.j.e.StandardJMeterEngine: Starting ThreadGroup: 1 : Thread Group
2020-10-12 18:54:38,989 INFO o.a.j.e.StandardJMeterEngine: Starting 1 threads for group Thread Group.
2020-10-12 18:54:38,989 INFO o.a.j.e.StandardJMeterEngine: Thread will continue on error
2020-10-12 18:54:38,989 INFO o.a.j.t.ThreadGroup: Starting thread group... number=1 threads=1 ramp-up=1 delayedStart=false
2020-10-12 18:54:38,995 INFO o.a.j.t.ThreadGroup: Started thread group number 1
2020-10-12 18:54:38,995 INFO o.a.j.e.StandardJMeterEngine: All thread groups have been started
2020-10-12 18:54:38,998 INFO o.a.j.s.SampleResult: Note: Sample TimeStamps are START times
2020-10-12 18:54:38,999 INFO o.a.j.s.SampleResult: sampleresult.default.encoding is set to ISO-8859-1
2020-10-12 18:54:38,999 INFO o.a.j.s.SampleResult: sampleresult.useNanoTime=true
2020-10-12 18:54:38,999 INFO o.a.j.s.SampleResult: sampleresult.nanoThreadSleep=5000
2020-10-12 18:54:39,000 INFO o.a.j.t.JMeterThread: Thread started: Thread Group 1-1
2020-10-12 18:54:39,013 INFO o.a.j.p.h.s.HTTPHCAbstractImpl: Local host = e3026ef0f7fa
2020-10-12 18:54:39,017 INFO o.a.j.p.h.s.HTTPHC4Impl: HTTP request retry count = 0
2020-10-12 18:54:39,155 INFO o.a.j.p.h.s.h.LazyLayeredConnectionSocketFactory: Setting up HTTPS TrustAll Socket Factory
2020-10-12 18:54:39,160 INFO o.a.j.u.JsseSSLManager: Using default SSL protocol: TLS
2020-10-12 18:54:39,161 INFO o.a.j.u.JsseSSLManager: SSL session context: per-thread
2020-10-12 18:54:39,491 INFO o.a.j.u.SSLManager: JmeterKeyStore Location:  type JKS
2020-10-12 18:54:39,494 INFO o.a.j.u.SSLManager: KeyStore created OK
2020-10-12 18:54:39,494 WARN o.a.j.u.SSLManager: Keystore file not found, loading empty keystore
2020-10-12 18:54:53,450 INFO o.a.j.t.JMeterThread: Thread is done: Thread Group 1-1
2020-10-12 18:54:53,450 INFO o.a.j.t.JMeterThread: Thread finished: Thread Group 1-1
2020-10-12 18:54:53,453 INFO o.a.j.e.StandardJMeterEngine: Notifying test listeners of end of test
2020-10-12 18:54:53,455 INFO o.a.j.r.Summariser: summary =     21 in 00:00:14 =    1.4/s Avg:   683 Min:   275 Max:  3999 Err:     0 (0.00%)
