2020-09-22 06:59:29,163 INFO o.a.j.u.JMeterUtils: Setting Locale to en_EN
2020-09-22 06:59:29,213 INFO o.a.j.JMeter: Loading user properties from: /opt/apache-jmeter-5.1.1/bin/user.properties
2020-09-22 06:59:29,213 INFO o.a.j.JMeter: Loading system properties from: /opt/apache-jmeter-5.1.1/bin/system.properties
2020-09-22 06:59:29,214 INFO o.a.j.JMeter: Setting JMeter property: gate-url=40.64.111.180
2020-09-22 06:59:29,214 INFO o.a.j.JMeter: Setting JMeter property: ui-url=40.64.111.207
2020-09-22 06:59:29,214 INFO o.a.j.JMeter: Setting JMeter property: port=8084
2020-09-22 06:59:29,214 INFO o.a.j.JMeter: Setting JMeter property: protocol=http
2020-09-22 06:59:29,214 INFO o.a.j.JMeter: Setting JMeter property: username=user2
2020-09-22 06:59:29,214 INFO o.a.j.JMeter: Setting JMeter property: password=user2password
2020-09-22 06:59:29,214 INFO o.a.j.JMeter: Setting JMeter property: endpoint=opa-svc:8181
2020-09-22 06:59:29,233 INFO o.a.j.JMeter: Copyright (c) 1998-2019 The Apache Software Foundation
2020-09-22 06:59:29,233 INFO o.a.j.JMeter: Version 5.1.1 r1855137
2020-09-22 06:59:29,233 INFO o.a.j.JMeter: java.version=1.8.0_222
2020-09-22 06:59:29,233 INFO o.a.j.JMeter: java.vm.name=OpenJDK 64-Bit Server VM
2020-09-22 06:59:29,233 INFO o.a.j.JMeter: os.name=Linux
2020-09-22 06:59:29,233 INFO o.a.j.JMeter: os.arch=amd64
2020-09-22 06:59:29,233 INFO o.a.j.JMeter: os.version=4.15.0-1092-azure
2020-09-22 06:59:29,233 INFO o.a.j.JMeter: file.encoding=UTF-8
2020-09-22 06:59:29,233 INFO o.a.j.JMeter: java.awt.headless=true
2020-09-22 06:59:29,234 INFO o.a.j.JMeter: Max memory     =1073741824
2020-09-22 06:59:29,234 INFO o.a.j.JMeter: Available Processors =1
2020-09-22 06:59:29,256 INFO o.a.j.JMeter: Default Locale=English (EN)
2020-09-22 06:59:29,256 INFO o.a.j.JMeter: JMeter  Locale=English (EN)
2020-09-22 06:59:29,256 INFO o.a.j.JMeter: JMeterHome=/opt/apache-jmeter-5.1.1
2020-09-22 06:59:29,261 INFO o.a.j.JMeter: user.dir  =/jmeter-testing/jmeter-scripts
2020-09-22 06:59:29,261 INFO o.a.j.JMeter: PWD       =/jmeter-testing/jmeter-scripts
2020-09-22 06:59:29,262 INFO o.a.j.JMeter: IP: 10.244.3.36 Name: jmeter-3fe9cca68c4c3ba9-6tvrs FullName: jmeter-3fe9cca68c4c3ba9-6tvrs
2020-09-22 06:59:29,272 INFO o.a.j.s.FileServer: Default base='/jmeter-testing/jmeter-scripts'
2020-09-22 06:59:29,298 INFO o.a.j.s.FileServer: Set new base='/jmeter-testing/jmeter-scripts'
2020-09-22 06:59:30,030 INFO o.a.j.s.SaveService: Testplan (JMX) version: 2.2. Testlog (JTL) version: 2.2
2020-09-22 06:59:30,080 INFO o.a.j.s.SaveService: Using SaveService properties file encoding UTF-8
2020-09-22 06:59:30,097 INFO o.a.j.s.SaveService: Using SaveService properties version 5.0
2020-09-22 06:59:30,120 INFO o.a.j.s.SaveService: Loading file: B-DataSource-OES3.jmx
2020-09-22 06:59:30,247 INFO o.a.j.p.h.c.CookieManager: Settings: Delete null: true Check: true Allow variable: true Save: false Prefix: COOKIE_
2020-09-22 06:59:30,303 INFO o.a.j.p.h.s.HTTPSamplerBase: Parser for text/html is org.apache.jmeter.protocol.http.parser.LagartoBasedHtmlParser
2020-09-22 06:59:30,303 INFO o.a.j.p.h.s.HTTPSamplerBase: Parser for application/xhtml+xml is org.apache.jmeter.protocol.http.parser.LagartoBasedHtmlParser
2020-09-22 06:59:30,303 INFO o.a.j.p.h.s.HTTPSamplerBase: Parser for application/xml is org.apache.jmeter.protocol.http.parser.LagartoBasedHtmlParser
2020-09-22 06:59:30,303 INFO o.a.j.p.h.s.HTTPSamplerBase: Parser for text/xml is org.apache.jmeter.protocol.http.parser.LagartoBasedHtmlParser
2020-09-22 06:59:30,303 INFO o.a.j.p.h.s.HTTPSamplerBase: Parser for text/vnd.wap.wml is org.apache.jmeter.protocol.http.parser.RegexpHTMLParser
2020-09-22 06:59:30,303 INFO o.a.j.p.h.s.HTTPSamplerBase: Parser for text/css is org.apache.jmeter.protocol.http.parser.CssParser
2020-09-22 06:59:31,133 INFO o.a.j.e.KeyToolUtils: keytool found at 'keytool'
2020-09-22 06:59:31,133 INFO o.a.j.p.h.p.ProxyControl: HTTP(S) Test Script Recorder SSL Proxy will use keys that support embedded 3rd party resources in file /opt/apache-jmeter-5.1.1/bin/proxyserver.jks
2020-09-22 06:59:31,229 INFO o.a.j.JMeter: Creating summariser <summary>
2020-09-22 06:59:31,266 INFO o.a.j.e.StandardJMeterEngine: Running the test!
2020-09-22 06:59:31,267 INFO o.a.j.s.SampleEvent: List of sample_variables: []
2020-09-22 06:59:31,267 INFO o.a.j.s.SampleEvent: List of sample_variables: []
2020-09-22 06:59:31,298 INFO o.a.j.e.u.CompoundVariable: Note: Function class names must contain the string: '.functions.'
2020-09-22 06:59:31,298 INFO o.a.j.e.u.CompoundVariable: Note: Function class names must not contain the string: '.gui.'
2020-09-22 06:59:33,023 INFO o.a.j.JMeter: Running test (1600757973023)
2020-09-22 06:59:33,244 INFO o.a.j.e.StandardJMeterEngine: Starting ThreadGroup: 1 : Thread Group
2020-09-22 06:59:33,244 INFO o.a.j.e.StandardJMeterEngine: Starting 1 threads for group Thread Group.
2020-09-22 06:59:33,244 INFO o.a.j.e.StandardJMeterEngine: Thread will continue on error
2020-09-22 06:59:33,245 INFO o.a.j.t.ThreadGroup: Starting thread group... number=1 threads=1 ramp-up=1 delayedStart=false
2020-09-22 06:59:33,278 INFO o.a.j.t.ThreadGroup: Started thread group number 1
2020-09-22 06:59:33,278 INFO o.a.j.e.StandardJMeterEngine: All thread groups have been started
2020-09-22 06:59:33,301 INFO o.a.j.s.SampleResult: Note: Sample TimeStamps are START times
2020-09-22 06:59:33,302 INFO o.a.j.s.SampleResult: sampleresult.default.encoding is set to ISO-8859-1
2020-09-22 06:59:33,302 INFO o.a.j.s.SampleResult: sampleresult.useNanoTime=true
2020-09-22 06:59:33,302 INFO o.a.j.s.SampleResult: sampleresult.nanoThreadSleep=5000
2020-09-22 06:59:33,311 INFO o.a.j.t.JMeterThread: Thread started: Thread Group 1-1
2020-09-22 06:59:33,375 INFO o.a.j.p.h.s.HTTPHCAbstractImpl: Local host = jmeter-3fe9cca68c4c3ba9-6tvrs
2020-09-22 06:59:33,392 INFO o.a.j.p.h.s.HTTPHC4Impl: HTTP request retry count = 0
2020-09-22 07:06:05,901 INFO o.a.j.r.Summariser: summary +      3 in 00:06:33 =    0.0/s Avg: 130773 Min: 130214 Max: 131063 Err:     3 (100.00%) Active: 1 Started: 1 Finished: 0
2020-09-22 07:17:01,260 INFO o.a.j.r.Summariser: summary +      5 in 00:10:55 =    0.0/s Avg: 131070 Min: 131067 Max: 131075 Err:     5 (100.00%) Active: 1 Started: 1 Finished: 0
2020-09-22 07:17:01,260 INFO o.a.j.r.Summariser: summary =      8 in 00:17:28 =    0.0/s Avg: 130959 Min: 130214 Max: 131075 Err:     8 (100.00%)
2020-09-22 07:23:34,476 INFO o.a.j.r.Summariser: summary +      3 in 00:06:33 =    0.0/s Avg: 131070 Min: 131067 Max: 131074 Err:     3 (100.00%) Active: 1 Started: 1 Finished: 0
2020-09-22 07:23:34,476 INFO o.a.j.r.Summariser: summary =     11 in 00:24:01 =    0.0/s Avg: 130989 Min: 130214 Max: 131075 Err:    11 (100.00%)
2020-09-22 07:41:03,052 INFO o.a.j.r.Summariser: summary +      8 in 00:17:29 =    0.0/s Avg: 131070 Min: 131070 Max: 131071 Err:     8 (100.00%) Active: 1 Started: 1 Finished: 0
2020-09-22 07:41:03,052 INFO o.a.j.r.Summariser: summary =     19 in 00:41:30 =    0.0/s Avg: 131023 Min: 130214 Max: 131075 Err:    19 (100.00%)
2020-09-22 07:41:03,052 INFO o.a.j.t.JMeterThread: Thread is done: Thread Group 1-1
2020-09-22 07:41:03,052 INFO o.a.j.t.JMeterThread: Thread finished: Thread Group 1-1
2020-09-22 07:41:03,053 INFO o.a.j.e.StandardJMeterEngine: Notifying test listeners of end of test
2020-09-22 07:41:03,054 INFO o.a.j.r.Summariser: summary =     19 in 00:41:30 =    0.0/s Avg: 131023 Min: 130214 Max: 131075 Err:    19 (100.00%)
