2020-10-08 01:54:42,322 INFO o.a.j.u.JMeterUtils: Setting Locale to en_EN
2020-10-08 01:54:42,406 INFO o.a.j.JMeter: Loading user properties from: /opt/apache-jmeter-5.1.1/bin/user.properties
2020-10-08 01:54:42,406 INFO o.a.j.JMeter: Loading system properties from: /opt/apache-jmeter-5.1.1/bin/system.properties
2020-10-08 01:54:42,407 INFO o.a.j.JMeter: Setting JMeter property: gate-url=nightly-oes3-gate.opsmx.com
2020-10-08 01:54:42,407 INFO o.a.j.JMeter: Setting JMeter property: ui-url=nightly-oes3.opsmx.com
2020-10-08 01:54:42,408 INFO o.a.j.JMeter: Setting JMeter property: port=443
2020-10-08 01:54:42,408 INFO o.a.j.JMeter: Setting JMeter property: protocol=https
2020-10-08 01:54:42,425 INFO o.a.j.JMeter: Setting JMeter property: username=user2
2020-10-08 01:54:42,425 INFO o.a.j.JMeter: Setting JMeter property: password=user2password
2020-10-08 01:54:42,425 INFO o.a.j.JMeter: Setting JMeter property: endpoint=opa:8181
2020-10-08 01:54:42,445 INFO o.a.j.JMeter: Copyright (c) 1998-2019 The Apache Software Foundation
2020-10-08 01:54:42,445 INFO o.a.j.JMeter: Version 5.1.1 r1855137
2020-10-08 01:54:42,445 INFO o.a.j.JMeter: java.version=1.8.0_222
2020-10-08 01:54:42,445 INFO o.a.j.JMeter: java.vm.name=OpenJDK 64-Bit Server VM
2020-10-08 01:54:42,445 INFO o.a.j.JMeter: os.name=Linux
2020-10-08 01:54:42,445 INFO o.a.j.JMeter: os.arch=amd64
2020-10-08 01:54:42,445 INFO o.a.j.JMeter: os.version=4.15.0-1092-azure
2020-10-08 01:54:42,445 INFO o.a.j.JMeter: file.encoding=UTF-8
2020-10-08 01:54:42,445 INFO o.a.j.JMeter: java.awt.headless=true
2020-10-08 01:54:42,445 INFO o.a.j.JMeter: Max memory     =1073741824
2020-10-08 01:54:42,445 INFO o.a.j.JMeter: Available Processors =1
2020-10-08 01:54:42,483 INFO o.a.j.JMeter: Default Locale=English (EN)
2020-10-08 01:54:42,493 INFO o.a.j.JMeter: JMeter  Locale=English (EN)
2020-10-08 01:54:42,493 INFO o.a.j.JMeter: JMeterHome=/opt/apache-jmeter-5.1.1
2020-10-08 01:54:42,493 INFO o.a.j.JMeter: user.dir  =/jmeter-testing/jmeter-scripts
2020-10-08 01:54:42,493 INFO o.a.j.JMeter: PWD       =/jmeter-testing/jmeter-scripts
2020-10-08 01:54:42,494 INFO o.a.j.JMeter: IP: 10.244.1.117 Name: jmeter-3fc4b5dc47f01580-m2psf FullName: jmeter-3fc4b5dc47f01580-m2psf
2020-10-08 01:54:42,503 INFO o.a.j.s.FileServer: Default base='/jmeter-testing/jmeter-scripts'
2020-10-08 01:54:42,549 INFO o.a.j.s.FileServer: Set new base='/jmeter-testing/jmeter-scripts'
2020-10-08 01:54:44,399 INFO o.a.j.s.SaveService: Testplan (JMX) version: 2.2. Testlog (JTL) version: 2.2
2020-10-08 01:54:44,449 INFO o.a.j.s.SaveService: Using SaveService properties file encoding UTF-8
2020-10-08 01:54:44,467 INFO o.a.j.s.SaveService: Using SaveService properties version 5.0
2020-10-08 01:54:44,487 INFO o.a.j.s.SaveService: Loading file: B-DataSource-OES3.jmx
2020-10-08 01:54:44,610 INFO o.a.j.p.h.c.CookieManager: Settings: Delete null: true Check: true Allow variable: true Save: false Prefix: COOKIE_
2020-10-08 01:54:44,687 INFO o.a.j.p.h.s.HTTPSamplerBase: Parser for text/html is org.apache.jmeter.protocol.http.parser.LagartoBasedHtmlParser
2020-10-08 01:54:44,687 INFO o.a.j.p.h.s.HTTPSamplerBase: Parser for application/xhtml+xml is org.apache.jmeter.protocol.http.parser.LagartoBasedHtmlParser
2020-10-08 01:54:44,688 INFO o.a.j.p.h.s.HTTPSamplerBase: Parser for application/xml is org.apache.jmeter.protocol.http.parser.LagartoBasedHtmlParser
2020-10-08 01:54:44,688 INFO o.a.j.p.h.s.HTTPSamplerBase: Parser for text/xml is org.apache.jmeter.protocol.http.parser.LagartoBasedHtmlParser
2020-10-08 01:54:44,688 INFO o.a.j.p.h.s.HTTPSamplerBase: Parser for text/vnd.wap.wml is org.apache.jmeter.protocol.http.parser.RegexpHTMLParser
2020-10-08 01:54:44,688 INFO o.a.j.p.h.s.HTTPSamplerBase: Parser for text/css is org.apache.jmeter.protocol.http.parser.CssParser
2020-10-08 01:54:46,199 INFO o.a.j.e.KeyToolUtils: keytool found at 'keytool'
2020-10-08 01:54:46,200 INFO o.a.j.p.h.p.ProxyControl: HTTP(S) Test Script Recorder SSL Proxy will use keys that support embedded 3rd party resources in file /opt/apache-jmeter-5.1.1/bin/proxyserver.jks
2020-10-08 01:54:46,580 INFO o.a.j.JMeter: Creating summariser <summary>
2020-10-08 01:54:46,629 INFO o.a.j.e.StandardJMeterEngine: Running the test!
2020-10-08 01:54:46,639 INFO o.a.j.s.SampleEvent: List of sample_variables: []
2020-10-08 01:54:46,639 INFO o.a.j.s.SampleEvent: List of sample_variables: []
2020-10-08 01:54:46,686 INFO o.a.j.e.u.CompoundVariable: Note: Function class names must contain the string: '.functions.'
2020-10-08 01:54:46,686 INFO o.a.j.e.u.CompoundVariable: Note: Function class names must not contain the string: '.gui.'
2020-10-08 01:54:49,994 INFO o.a.j.JMeter: Running test (1602122089994)
2020-10-08 01:54:50,734 INFO o.a.j.e.StandardJMeterEngine: Starting ThreadGroup: 1 : Thread Group
2020-10-08 01:54:50,734 INFO o.a.j.e.StandardJMeterEngine: Starting 1 threads for group Thread Group.
2020-10-08 01:54:50,734 INFO o.a.j.e.StandardJMeterEngine: Thread will continue on error
2020-10-08 01:54:50,734 INFO o.a.j.t.ThreadGroup: Starting thread group... number=1 threads=1 ramp-up=1 delayedStart=false
2020-10-08 01:54:50,817 INFO o.a.j.t.ThreadGroup: Started thread group number 1
2020-10-08 01:54:50,836 INFO o.a.j.e.StandardJMeterEngine: All thread groups have been started
2020-10-08 01:54:51,109 INFO o.a.j.s.SampleResult: Note: Sample TimeStamps are START times
2020-10-08 01:54:51,109 INFO o.a.j.s.SampleResult: sampleresult.default.encoding is set to ISO-8859-1
2020-10-08 01:54:51,110 INFO o.a.j.s.SampleResult: sampleresult.useNanoTime=true
2020-10-08 01:54:51,110 INFO o.a.j.s.SampleResult: sampleresult.nanoThreadSleep=5000
2020-10-08 01:54:51,117 INFO o.a.j.t.JMeterThread: Thread started: Thread Group 1-1
2020-10-08 01:54:51,225 INFO o.a.j.p.h.s.HTTPHCAbstractImpl: Local host = jmeter-3fc4b5dc47f01580-m2psf
2020-10-08 01:54:51,243 INFO o.a.j.p.h.s.HTTPHC4Impl: HTTP request retry count = 0
2020-10-08 01:54:51,643 INFO o.a.j.p.h.s.h.LazyLayeredConnectionSocketFactory: Setting up HTTPS TrustAll Socket Factory
2020-10-08 01:54:51,721 INFO o.a.j.u.JsseSSLManager: Using default SSL protocol: TLS
2020-10-08 01:54:51,721 INFO o.a.j.u.JsseSSLManager: SSL session context: per-thread
2020-10-08 01:54:52,086 INFO o.a.j.u.SSLManager: JmeterKeyStore Location:  type JKS
2020-10-08 01:54:52,098 INFO o.a.j.u.SSLManager: KeyStore created OK
2020-10-08 01:54:52,098 WARN o.a.j.u.SSLManager: Keystore file not found, loading empty keystore
2020-10-08 01:55:01,283 INFO o.a.j.r.Summariser: summary +     13 in 00:00:11 =    1.2/s Avg:   754 Min:    83 Max:  3664 Err:     0 (0.00%) Active: 1 Started: 1 Finished: 0
2020-10-08 01:55:04,269 INFO o.a.j.t.JMeterThread: Thread is done: Thread Group 1-1
2020-10-08 01:55:04,271 INFO o.a.j.t.JMeterThread: Thread finished: Thread Group 1-1
2020-10-08 01:55:04,283 INFO o.a.j.e.StandardJMeterEngine: Notifying test listeners of end of test
2020-10-08 01:55:04,284 INFO o.a.j.r.Summariser: summary +      8 in 00:00:03 =    2.7/s Avg:   345 Min:   165 Max:   680 Err:     0 (0.00%) Active: 0 Started: 1 Finished: 1
2020-10-08 01:55:04,285 INFO o.a.j.r.Summariser: summary =     21 in 00:00:14 =    1.5/s Avg:   598 Min:    83 Max:  3664 Err:     0 (0.00%)
