2020-11-03 03:47:28,174 INFO o.a.j.u.JMeterUtils: Setting Locale to en_EN
2020-11-03 03:47:28,206 INFO o.a.j.JMeter: Loading user properties from: /opt/apache-jmeter-5.3/bin/user.properties
2020-11-03 03:47:28,207 INFO o.a.j.JMeter: Loading system properties from: /opt/apache-jmeter-5.3/bin/system.properties
2020-11-03 03:47:28,207 INFO o.a.j.JMeter: Setting JMeter property: gate-url=nightly-oes3-gate.opsmx.com
2020-11-03 03:47:28,207 INFO o.a.j.JMeter: Setting JMeter property: ui-url=nightly-oes3.opsmx.com
2020-11-03 03:47:28,207 INFO o.a.j.JMeter: Setting JMeter property: port=443
2020-11-03 03:47:28,207 INFO o.a.j.JMeter: Setting JMeter property: protocol=https
2020-11-03 03:47:28,207 INFO o.a.j.JMeter: Setting JMeter property: username=user2
2020-11-03 03:47:28,207 INFO o.a.j.JMeter: Setting JMeter property: password=user2password
2020-11-03 03:47:28,207 INFO o.a.j.JMeter: Setting JMeter property: endpoint=opa:8181
2020-11-03 03:47:28,207 INFO o.a.j.JMeter: Setting JMeter property: jmeterengine.force.system.exit=true
2020-11-03 03:47:28,208 INFO o.a.j.JMeter: Copyright (c) 1998-2020 The Apache Software Foundation
2020-11-03 03:47:28,209 INFO o.a.j.JMeter: Version 5.3
2020-11-03 03:47:28,209 INFO o.a.j.JMeter: java.version=1.8.0_252
2020-11-03 03:47:28,209 INFO o.a.j.JMeter: java.vm.name=OpenJDK 64-Bit Server VM
2020-11-03 03:47:28,209 INFO o.a.j.JMeter: os.name=Linux
2020-11-03 03:47:28,209 INFO o.a.j.JMeter: os.arch=amd64
2020-11-03 03:47:28,209 INFO o.a.j.JMeter: os.version=4.15.0-1092-azure
2020-11-03 03:47:28,209 INFO o.a.j.JMeter: file.encoding=UTF-8
2020-11-03 03:47:28,209 INFO o.a.j.JMeter: java.awt.headless=true
2020-11-03 03:47:28,209 INFO o.a.j.JMeter: Max memory     =1073741824
2020-11-03 03:47:28,216 INFO o.a.j.JMeter: Available Processors =1
2020-11-03 03:47:28,238 INFO o.a.j.JMeter: Default Locale=English (EN)
2020-11-03 03:47:28,239 INFO o.a.j.JMeter: JMeter  Locale=English (EN)
2020-11-03 03:47:28,239 INFO o.a.j.JMeter: JMeterHome=/opt/apache-jmeter-5.3
2020-11-03 03:47:28,239 INFO o.a.j.JMeter: user.dir  =/jmeter-testing/jmeter-scripts
2020-11-03 03:47:28,239 INFO o.a.j.JMeter: PWD       =/jmeter-testing/jmeter-scripts
2020-11-03 03:47:28,239 INFO o.a.j.JMeter: IP: 10.244.2.36 Name: jmeter-3fbd4e09625ce678-4clvh FullName: jmeter-3fbd4e09625ce678-4clvh
2020-11-03 03:47:28,268 INFO o.a.j.s.FileServer: Default base='/jmeter-testing/jmeter-scripts'
2020-11-03 03:47:28,308 INFO o.a.j.s.FileServer: Set new base='/jmeter-testing/jmeter-scripts'
2020-11-03 03:47:28,959 INFO o.a.j.s.SaveService: Testplan (JMX) version: 2.2. Testlog (JTL) version: 2.2
2020-11-03 03:47:29,036 INFO o.a.j.s.SaveService: Using SaveService properties file encoding UTF-8
2020-11-03 03:47:29,046 INFO o.a.j.s.SaveService: Using SaveService properties version 5.0
2020-11-03 03:47:29,066 INFO o.a.j.s.SaveService: Loading file: C-Application-creation.jmx
2020-11-03 03:47:29,163 INFO o.a.j.p.h.c.CookieManager: Settings: Delete null: true Check: true Allow variable: true Save: false Prefix: COOKIE_
2020-11-03 03:47:29,204 INFO o.a.j.p.h.s.HTTPSamplerBase: Parser for text/html is org.apache.jmeter.protocol.http.parser.LagartoBasedHtmlParser
2020-11-03 03:47:29,210 INFO o.a.j.p.h.s.HTTPSamplerBase: Parser for application/xhtml+xml is org.apache.jmeter.protocol.http.parser.LagartoBasedHtmlParser
2020-11-03 03:47:29,210 INFO o.a.j.p.h.s.HTTPSamplerBase: Parser for application/xml is org.apache.jmeter.protocol.http.parser.LagartoBasedHtmlParser
2020-11-03 03:47:29,210 INFO o.a.j.p.h.s.HTTPSamplerBase: Parser for text/xml is org.apache.jmeter.protocol.http.parser.LagartoBasedHtmlParser
2020-11-03 03:47:29,210 INFO o.a.j.p.h.s.HTTPSamplerBase: Parser for text/vnd.wap.wml is org.apache.jmeter.protocol.http.parser.RegexpHTMLParser
2020-11-03 03:47:29,210 INFO o.a.j.p.h.s.HTTPSamplerBase: Parser for text/css is org.apache.jmeter.protocol.http.parser.CssParser
2020-11-03 03:47:30,639 INFO o.a.j.e.KeyToolUtils: keytool found at 'keytool'
2020-11-03 03:47:30,640 INFO o.a.j.p.h.p.ProxyControl: HTTP(S) Test Script Recorder SSL Proxy will use keys that support embedded 3rd party resources in file /opt/apache-jmeter-5.3/bin/proxyserver.jks
2020-11-03 03:47:30,781 INFO o.a.j.JMeter: Creating summariser <summary>
2020-11-03 03:47:30,818 INFO o.a.j.e.StandardJMeterEngine: Running the test!
2020-11-03 03:47:30,818 INFO o.a.j.s.SampleEvent: List of sample_variables: []
2020-11-03 03:47:30,818 INFO o.a.j.s.SampleEvent: List of sample_variables: []
2020-11-03 03:47:30,829 INFO o.a.j.e.u.CompoundVariable: Note: Function class names must contain the string: '.functions.'
2020-11-03 03:47:30,830 INFO o.a.j.e.u.CompoundVariable: Note: Function class names must not contain the string: '.gui.'
2020-11-03 03:47:31,892 INFO o.a.j.JMeter: Running test (1604375251892)
2020-11-03 03:47:32,155 INFO o.a.j.e.StandardJMeterEngine: Starting ThreadGroup: 1 : Thread Group
2020-11-03 03:47:32,155 INFO o.a.j.e.StandardJMeterEngine: Starting 1 threads for group Thread Group.
2020-11-03 03:47:32,155 INFO o.a.j.e.StandardJMeterEngine: Thread will continue on error
2020-11-03 03:47:32,156 INFO o.a.j.t.ThreadGroup: Starting thread group... number=1 threads=1 ramp-up=1 delayedStart=false
2020-11-03 03:47:32,196 INFO o.a.j.t.ThreadGroup: Started thread group number 1
2020-11-03 03:47:32,196 INFO o.a.j.e.StandardJMeterEngine: All thread groups have been started
2020-11-03 03:47:32,218 INFO o.a.j.s.SampleResult: Note: Sample TimeStamps are START times
2020-11-03 03:47:32,225 INFO o.a.j.s.SampleResult: sampleresult.default.encoding is set to ISO-8859-1
2020-11-03 03:47:32,225 INFO o.a.j.s.SampleResult: sampleresult.useNanoTime=true
2020-11-03 03:47:32,225 INFO o.a.j.s.SampleResult: sampleresult.nanoThreadSleep=5000
2020-11-03 03:47:32,227 INFO o.a.j.t.JMeterThread: Thread started: Thread Group 1-1
2020-11-03 03:47:32,281 INFO o.a.j.p.h.s.HTTPHCAbstractImpl: Local host = jmeter-3fbd4e09625ce678-4clvh
2020-11-03 03:47:32,299 INFO o.a.j.p.h.s.HTTPHC4Impl: HTTP request retry count = 0
2020-11-03 03:47:32,574 INFO o.a.j.p.h.s.h.LazyLayeredConnectionSocketFactory: Setting up HTTPS TrustAll Socket Factory
2020-11-03 03:47:32,581 INFO o.a.j.u.JsseSSLManager: Using default SSL protocol: TLS
2020-11-03 03:47:32,586 INFO o.a.j.u.JsseSSLManager: SSL session context: per-thread
2020-11-03 03:47:32,757 INFO o.a.j.u.SSLManager: JmeterKeyStore Location:  type JKS
2020-11-03 03:47:32,777 INFO o.a.j.u.SSLManager: KeyStore created OK
2020-11-03 03:47:32,777 WARN o.a.j.u.SSLManager: Keystore file not found, loading empty keystore
2020-11-03 03:47:33,747 INFO o.a.j.r.Summariser: summary +      1 in 00:00:02 =    0.5/s Avg:  1250 Min:  1250 Max:  1250 Err:     0 (0.00%) Active: 1 Started: 1 Finished: 0
2020-11-03 03:47:36,790 INFO o.a.j.t.JMeterThread: Thread is done: Thread Group 1-1
2020-11-03 03:47:36,797 INFO o.a.j.t.JMeterThread: Thread finished: Thread Group 1-1
2020-11-03 03:47:36,801 INFO o.a.j.e.StandardJMeterEngine: Notifying test listeners of end of test
2020-11-03 03:47:36,957 INFO o.a.j.r.Summariser: summary +     53 in 00:00:03 =   16.5/s Avg:    55 Min:     1 Max:   216 Err:     0 (0.00%) Active: 0 Started: 1 Finished: 1
2020-11-03 03:47:36,957 INFO o.a.j.r.Summariser: summary =     54 in 00:00:05 =   10.7/s Avg:    77 Min:     1 Max:  1250 Err:     0 (0.00%)
2020-11-03 03:47:36,963 INFO o.a.j.e.StandardJMeterEngine: Forced JVM shutdown requested at end of test
