2020-11-19 07:02:21,097 INFO o.a.j.u.JMeterUtils: Setting Locale to en_EN
2020-11-19 07:02:21,165 INFO o.a.j.JMeter: Loading user properties from: /opt/apache-jmeter-5.3/bin/user.properties
2020-11-19 07:02:21,166 INFO o.a.j.JMeter: Loading system properties from: /opt/apache-jmeter-5.3/bin/system.properties
2020-11-19 07:02:21,172 INFO o.a.j.JMeter: Setting JMeter property: gate-url=gitpr-gate-nightly.oes.opsmx.com
2020-11-19 07:02:21,172 INFO o.a.j.JMeter: Setting JMeter property: ui-url=gitpr-ui-nightly.oes.opsmx.com
2020-11-19 07:02:21,172 WARN o.a.j.JMeter: Removing JMeter property: port
2020-11-19 07:02:21,172 INFO o.a.j.JMeter: Setting JMeter property: protocol=http
2020-11-19 07:02:21,172 INFO o.a.j.JMeter: Setting JMeter property: username=user2
2020-11-19 07:02:21,172 INFO o.a.j.JMeter: Setting JMeter property: password=user2password
2020-11-19 07:02:21,172 INFO o.a.j.JMeter: Setting JMeter property: endpoint=opa:8181
2020-11-19 07:02:21,172 INFO o.a.j.JMeter: Setting JMeter property: jmeterengine.force.system.exit=true
2020-11-19 07:02:21,174 INFO o.a.j.JMeter: Copyright (c) 1998-2020 The Apache Software Foundation
2020-11-19 07:02:21,174 INFO o.a.j.JMeter: Version 5.3
2020-11-19 07:02:21,174 INFO o.a.j.JMeter: java.version=1.8.0_252
2020-11-19 07:02:21,174 INFO o.a.j.JMeter: java.vm.name=OpenJDK 64-Bit Server VM
2020-11-19 07:02:21,174 INFO o.a.j.JMeter: os.name=Linux
2020-11-19 07:02:21,174 INFO o.a.j.JMeter: os.arch=amd64
2020-11-19 07:02:21,174 INFO o.a.j.JMeter: os.version=4.15.0-1092-azure
2020-11-19 07:02:21,174 INFO o.a.j.JMeter: file.encoding=UTF-8
2020-11-19 07:02:21,174 INFO o.a.j.JMeter: java.awt.headless=true
2020-11-19 07:02:21,174 INFO o.a.j.JMeter: Max memory     =1073741824
2020-11-19 07:02:21,175 INFO o.a.j.JMeter: Available Processors =1
2020-11-19 07:02:21,201 INFO o.a.j.JMeter: Default Locale=English (EN)
2020-11-19 07:02:21,201 INFO o.a.j.JMeter: JMeter  Locale=English (EN)
2020-11-19 07:02:21,201 INFO o.a.j.JMeter: JMeterHome=/opt/apache-jmeter-5.3
2020-11-19 07:02:21,201 INFO o.a.j.JMeter: user.dir  =/jmeter-testing/jmeter-scripts
2020-11-19 07:02:21,202 INFO o.a.j.JMeter: PWD       =/jmeter-testing/jmeter-scripts
2020-11-19 07:02:21,202 INFO o.a.j.JMeter: IP: 10.244.5.108 Name: jmeter-3feb64b459d648d9-b75xg FullName: jmeter-3feb64b459d648d9-b75xg
2020-11-19 07:02:21,230 INFO o.a.j.s.FileServer: Default base='/jmeter-testing/jmeter-scripts'
2020-11-19 07:02:21,248 INFO o.a.j.s.FileServer: Set new base='/jmeter-testing/jmeter-scripts'
2020-11-19 07:02:21,968 INFO o.a.j.s.SaveService: Testplan (JMX) version: 2.2. Testlog (JTL) version: 2.2
2020-11-19 07:02:22,133 INFO o.a.j.s.SaveService: Using SaveService properties file encoding UTF-8
2020-11-19 07:02:22,162 INFO o.a.j.s.SaveService: Using SaveService properties version 5.0
2020-11-19 07:02:22,199 INFO o.a.j.s.SaveService: Loading file: B-DataSource-OES3.jmx
2020-11-19 07:02:22,314 INFO o.a.j.p.h.c.CookieManager: Settings: Delete null: true Check: true Allow variable: true Save: false Prefix: COOKIE_
2020-11-19 07:02:22,366 INFO o.a.j.p.h.s.HTTPSamplerBase: Parser for text/html is org.apache.jmeter.protocol.http.parser.LagartoBasedHtmlParser
2020-11-19 07:02:22,366 INFO o.a.j.p.h.s.HTTPSamplerBase: Parser for application/xhtml+xml is org.apache.jmeter.protocol.http.parser.LagartoBasedHtmlParser
2020-11-19 07:02:22,366 INFO o.a.j.p.h.s.HTTPSamplerBase: Parser for application/xml is org.apache.jmeter.protocol.http.parser.LagartoBasedHtmlParser
2020-11-19 07:02:22,366 INFO o.a.j.p.h.s.HTTPSamplerBase: Parser for text/xml is org.apache.jmeter.protocol.http.parser.LagartoBasedHtmlParser
2020-11-19 07:02:22,366 INFO o.a.j.p.h.s.HTTPSamplerBase: Parser for text/vnd.wap.wml is org.apache.jmeter.protocol.http.parser.RegexpHTMLParser
2020-11-19 07:02:22,376 INFO o.a.j.p.h.s.HTTPSamplerBase: Parser for text/css is org.apache.jmeter.protocol.http.parser.CssParser
2020-11-19 07:02:23,979 INFO o.a.j.e.KeyToolUtils: keytool found at 'keytool'
2020-11-19 07:02:23,979 INFO o.a.j.p.h.p.ProxyControl: HTTP(S) Test Script Recorder SSL Proxy will use keys that support embedded 3rd party resources in file /opt/apache-jmeter-5.3/bin/proxyserver.jks
2020-11-19 07:02:24,298 INFO o.a.j.JMeter: Creating summariser <summary>
2020-11-19 07:02:24,433 INFO o.a.j.e.StandardJMeterEngine: Running the test!
2020-11-19 07:02:24,442 INFO o.a.j.s.SampleEvent: List of sample_variables: []
2020-11-19 07:02:24,442 INFO o.a.j.s.SampleEvent: List of sample_variables: []
2020-11-19 07:02:24,493 INFO o.a.j.e.u.CompoundVariable: Note: Function class names must contain the string: '.functions.'
2020-11-19 07:02:24,494 INFO o.a.j.e.u.CompoundVariable: Note: Function class names must not contain the string: '.gui.'
2020-11-19 07:02:27,727 INFO o.a.j.JMeter: Running test (1605769347727)
2020-11-19 07:02:28,140 INFO o.a.j.e.StandardJMeterEngine: Starting ThreadGroup: 1 : Thread Group
2020-11-19 07:02:28,140 INFO o.a.j.e.StandardJMeterEngine: Starting 1 threads for group Thread Group.
2020-11-19 07:02:28,166 INFO o.a.j.e.StandardJMeterEngine: Thread will continue on error
2020-11-19 07:02:28,166 INFO o.a.j.t.ThreadGroup: Starting thread group... number=1 threads=1 ramp-up=1 delayedStart=false
2020-11-19 07:02:28,308 INFO o.a.j.t.ThreadGroup: Started thread group number 1
2020-11-19 07:02:28,308 INFO o.a.j.e.StandardJMeterEngine: All thread groups have been started
2020-11-19 07:02:28,597 INFO o.a.j.s.SampleResult: Note: Sample TimeStamps are START times
2020-11-19 07:02:28,599 INFO o.a.j.s.SampleResult: sampleresult.default.encoding is set to ISO-8859-1
2020-11-19 07:02:28,599 INFO o.a.j.s.SampleResult: sampleresult.useNanoTime=true
2020-11-19 07:02:28,599 INFO o.a.j.s.SampleResult: sampleresult.nanoThreadSleep=5000
2020-11-19 07:02:28,639 INFO o.a.j.t.JMeterThread: Thread started: Thread Group 1-1
2020-11-19 07:02:28,781 INFO o.a.j.p.h.s.HTTPHCAbstractImpl: Local host = jmeter-3feb64b459d648d9-b75xg
2020-11-19 07:02:28,819 INFO o.a.j.p.h.s.HTTPHC4Impl: HTTP request retry count = 0
2020-11-19 07:02:30,522 INFO o.a.j.r.Summariser: summary +      1 in 00:00:03 =    0.4/s Avg:  1083 Min:  1083 Max:  1083 Err:     0 (0.00%) Active: 1 Started: 1 Finished: 0
2020-11-19 07:02:37,211 INFO o.a.j.t.JMeterThread: Thread is done: Thread Group 1-1
2020-11-19 07:02:37,211 INFO o.a.j.t.JMeterThread: Thread finished: Thread Group 1-1
2020-11-19 07:02:37,219 INFO o.a.j.e.StandardJMeterEngine: Notifying test listeners of end of test
2020-11-19 07:02:37,221 INFO o.a.j.r.Summariser: summary +     20 in 00:00:07 =    3.0/s Avg:   328 Min:    50 Max:  2422 Err:     0 (0.00%) Active: 0 Started: 1 Finished: 1
2020-11-19 07:02:37,221 INFO o.a.j.r.Summariser: summary =     21 in 00:00:09 =    2.2/s Avg:   364 Min:    50 Max:  2422 Err:     0 (0.00%)
2020-11-19 07:02:37,222 INFO o.a.j.e.StandardJMeterEngine: Forced JVM shutdown requested at end of test
