2020-12-10 12:04:55,091 INFO o.a.j.u.JMeterUtils: Setting Locale to en_EN
2020-12-10 12:04:55,108 INFO o.a.j.JMeter: Loading user properties from: /opt/apache-jmeter-5.3/bin/user.properties
2020-12-10 12:04:55,109 INFO o.a.j.JMeter: Loading system properties from: /opt/apache-jmeter-5.3/bin/system.properties
2020-12-10 12:04:55,109 INFO o.a.j.JMeter: Setting JMeter property: gate-url=gitpr-gate-nightly.oes.opsmx.com
2020-12-10 12:04:55,109 INFO o.a.j.JMeter: Setting JMeter property: ui-url=gitpr-ui-nightly.oes.opsmx.com
2020-12-10 12:04:55,109 WARN o.a.j.JMeter: Removing JMeter property: port
2020-12-10 12:04:55,109 INFO o.a.j.JMeter: Setting JMeter property: protocol=http
2020-12-10 12:04:55,109 INFO o.a.j.JMeter: Setting JMeter property: username=user2
2020-12-10 12:04:55,110 INFO o.a.j.JMeter: Setting JMeter property: password=user2password
2020-12-10 12:04:55,110 INFO o.a.j.JMeter: Setting JMeter property: endpoint=opa:8181
2020-12-10 12:04:55,110 INFO o.a.j.JMeter: Setting JMeter property: jmeterengine.force.system.exit=true
2020-12-10 12:04:55,111 INFO o.a.j.JMeter: Copyright (c) 1998-2020 The Apache Software Foundation
2020-12-10 12:04:55,111 INFO o.a.j.JMeter: Version 5.3
2020-12-10 12:04:55,111 INFO o.a.j.JMeter: java.version=1.8.0_252
2020-12-10 12:04:55,111 INFO o.a.j.JMeter: java.vm.name=OpenJDK 64-Bit Server VM
2020-12-10 12:04:55,111 INFO o.a.j.JMeter: os.name=Linux
2020-12-10 12:04:55,111 INFO o.a.j.JMeter: os.arch=amd64
2020-12-10 12:04:55,111 INFO o.a.j.JMeter: os.version=4.15.0-1098-azure
2020-12-10 12:04:55,111 INFO o.a.j.JMeter: file.encoding=UTF-8
2020-12-10 12:04:55,111 INFO o.a.j.JMeter: java.awt.headless=true
2020-12-10 12:04:55,111 INFO o.a.j.JMeter: Max memory     =1073741824
2020-12-10 12:04:55,112 INFO o.a.j.JMeter: Available Processors =1
2020-12-10 12:04:55,119 INFO o.a.j.JMeter: Default Locale=English (EN)
2020-12-10 12:04:55,119 INFO o.a.j.JMeter: JMeter  Locale=English (EN)
2020-12-10 12:04:55,119 INFO o.a.j.JMeter: JMeterHome=/opt/apache-jmeter-5.3
2020-12-10 12:04:55,119 INFO o.a.j.JMeter: user.dir  =/jmeter-testing/jmeter-scripts
2020-12-10 12:04:55,120 INFO o.a.j.JMeter: PWD       =/jmeter-testing/jmeter-scripts
2020-12-10 12:04:55,120 INFO o.a.j.JMeter: IP: 10.244.21.212 Name: jmeter-3fef0d321e2273d3-qpw42 FullName: jmeter-3fef0d321e2273d3-qpw42
2020-12-10 12:04:55,126 INFO o.a.j.s.FileServer: Default base='/jmeter-testing/jmeter-scripts'
2020-12-10 12:04:55,132 INFO o.a.j.s.FileServer: Set new base='/jmeter-testing/jmeter-scripts'
2020-12-10 12:04:55,329 INFO o.a.j.s.SaveService: Testplan (JMX) version: 2.2. Testlog (JTL) version: 2.2
2020-12-10 12:04:55,355 INFO o.a.j.s.SaveService: Using SaveService properties file encoding UTF-8
2020-12-10 12:04:55,361 INFO o.a.j.s.SaveService: Using SaveService properties version 5.0
2020-12-10 12:04:55,369 INFO o.a.j.s.SaveService: Loading file: G-sonarqube-create-delete.jmx
2020-12-10 12:04:55,412 INFO o.a.j.p.h.c.CookieManager: Settings: Delete null: true Check: true Allow variable: true Save: false Prefix: COOKIE_
2020-12-10 12:04:55,433 INFO o.a.j.p.h.s.HTTPSamplerBase: Parser for text/html is org.apache.jmeter.protocol.http.parser.LagartoBasedHtmlParser
2020-12-10 12:04:55,433 INFO o.a.j.p.h.s.HTTPSamplerBase: Parser for application/xhtml+xml is org.apache.jmeter.protocol.http.parser.LagartoBasedHtmlParser
2020-12-10 12:04:55,433 INFO o.a.j.p.h.s.HTTPSamplerBase: Parser for application/xml is org.apache.jmeter.protocol.http.parser.LagartoBasedHtmlParser
2020-12-10 12:04:55,433 INFO o.a.j.p.h.s.HTTPSamplerBase: Parser for text/xml is org.apache.jmeter.protocol.http.parser.LagartoBasedHtmlParser
2020-12-10 12:04:55,433 INFO o.a.j.p.h.s.HTTPSamplerBase: Parser for text/vnd.wap.wml is org.apache.jmeter.protocol.http.parser.RegexpHTMLParser
2020-12-10 12:04:55,433 INFO o.a.j.p.h.s.HTTPSamplerBase: Parser for text/css is org.apache.jmeter.protocol.http.parser.CssParser
2020-12-10 12:04:55,725 INFO o.a.j.e.KeyToolUtils: keytool found at 'keytool'
2020-12-10 12:04:55,726 INFO o.a.j.p.h.p.ProxyControl: HTTP(S) Test Script Recorder SSL Proxy will use keys that support embedded 3rd party resources in file /opt/apache-jmeter-5.3/bin/proxyserver.jks
2020-12-10 12:04:55,766 INFO o.a.j.JMeter: Creating summariser <summary>
2020-12-10 12:04:55,772 INFO o.a.j.e.StandardJMeterEngine: Running the test!
2020-12-10 12:04:55,773 INFO o.a.j.s.SampleEvent: List of sample_variables: []
2020-12-10 12:04:55,773 INFO o.a.j.s.SampleEvent: List of sample_variables: []
2020-12-10 12:04:55,778 INFO o.a.j.e.u.CompoundVariable: Note: Function class names must contain the string: '.functions.'
2020-12-10 12:04:55,778 INFO o.a.j.e.u.CompoundVariable: Note: Function class names must not contain the string: '.gui.'
2020-12-10 12:04:56,164 INFO o.a.j.JMeter: Running test (1607601896164)
2020-12-10 12:04:56,229 INFO o.a.j.e.StandardJMeterEngine: Starting ThreadGroup: 1 : Thread Group
2020-12-10 12:04:56,230 INFO o.a.j.e.StandardJMeterEngine: Starting 1 threads for group Thread Group.
2020-12-10 12:04:56,230 INFO o.a.j.e.StandardJMeterEngine: Thread will continue on error
2020-12-10 12:04:56,230 INFO o.a.j.t.ThreadGroup: Starting thread group... number=1 threads=1 ramp-up=1 delayedStart=false
2020-12-10 12:04:56,244 INFO o.a.j.t.ThreadGroup: Started thread group number 1
2020-12-10 12:04:56,244 INFO o.a.j.e.StandardJMeterEngine: All thread groups have been started
2020-12-10 12:04:56,248 INFO o.a.j.s.SampleResult: Note: Sample TimeStamps are START times
2020-12-10 12:04:56,249 INFO o.a.j.s.SampleResult: sampleresult.default.encoding is set to ISO-8859-1
2020-12-10 12:04:56,249 INFO o.a.j.s.SampleResult: sampleresult.useNanoTime=true
2020-12-10 12:04:56,249 INFO o.a.j.s.SampleResult: sampleresult.nanoThreadSleep=5000
2020-12-10 12:04:56,257 INFO o.a.j.t.JMeterThread: Thread started: Thread Group 1-1
2020-12-10 12:04:56,288 INFO o.a.j.p.h.s.HTTPHCAbstractImpl: Local host = jmeter-3fef0d321e2273d3-qpw42
2020-12-10 12:04:56,296 INFO o.a.j.p.h.s.HTTPHC4Impl: HTTP request retry count = 0
2020-12-10 12:04:56,417 INFO o.a.j.p.h.s.h.LazyLayeredConnectionSocketFactory: Setting up HTTPS TrustAll Socket Factory
2020-12-10 12:04:56,424 INFO o.a.j.u.JsseSSLManager: Using default SSL protocol: TLS
2020-12-10 12:04:56,424 INFO o.a.j.u.JsseSSLManager: SSL session context: per-thread
2020-12-10 12:04:56,477 INFO o.a.j.u.SSLManager: JmeterKeyStore Location:  type JKS
2020-12-10 12:04:56,481 INFO o.a.j.u.SSLManager: KeyStore created OK
2020-12-10 12:04:56,481 WARN o.a.j.u.SSLManager: Keystore file not found, loading empty keystore
2020-12-10 12:05:00,986 INFO o.a.j.r.Summariser: summary +     10 in 00:00:05 =    2.1/s Avg:   460 Min:     2 Max:  1047 Err:     4 (40.00%) Active: 1 Started: 1 Finished: 0
2020-12-10 12:05:30,952 INFO o.a.j.r.Summariser: summary +     41 in 00:00:30 =    1.4/s Avg:   730 Min:     7 Max:  1367 Err:    25 (60.98%) Active: 1 Started: 1 Finished: 0
2020-12-10 12:05:30,952 INFO o.a.j.r.Summariser: summary =     51 in 00:00:35 =    1.5/s Avg:   677 Min:     2 Max:  1367 Err:    29 (56.86%)
2020-12-10 12:05:58,477 INFO o.a.j.t.JMeterThread: Thread is done: Thread Group 1-1
2020-12-10 12:05:58,477 INFO o.a.j.t.JMeterThread: Thread finished: Thread Group 1-1
2020-12-10 12:05:58,479 INFO o.a.j.e.StandardJMeterEngine: Notifying test listeners of end of test
2020-12-10 12:05:58,480 INFO o.a.j.r.Summariser: summary +      9 in 00:00:28 =    0.3/s Avg:    52 Min:     7 Max:   267 Err:     0 (0.00%) Active: 0 Started: 1 Finished: 1
2020-12-10 12:05:58,480 INFO o.a.j.r.Summariser: summary =     60 in 00:01:02 =    1.0/s Avg:   583 Min:     2 Max:  1367 Err:    29 (48.33%)
2020-12-10 12:05:58,481 INFO o.a.j.e.StandardJMeterEngine: Forced JVM shutdown requested at end of test
