2020-11-18 02:57:00,713 INFO o.a.j.u.JMeterUtils: Setting Locale to en_EN
2020-11-18 02:57:00,773 INFO o.a.j.JMeter: Loading user properties from: /opt/apache-jmeter-5.3/bin/user.properties
2020-11-18 02:57:00,774 INFO o.a.j.JMeter: Loading system properties from: /opt/apache-jmeter-5.3/bin/system.properties
2020-11-18 02:57:00,783 INFO o.a.j.JMeter: Setting JMeter property: gate-url=nightly-oes3-gate.opsmx.com
2020-11-18 02:57:00,783 INFO o.a.j.JMeter: Setting JMeter property: ui-url=nightly-oes3.opsmx.com
2020-11-18 02:57:00,783 INFO o.a.j.JMeter: Setting JMeter property: port=443
2020-11-18 02:57:00,783 INFO o.a.j.JMeter: Setting JMeter property: protocol=https
2020-11-18 02:57:00,783 INFO o.a.j.JMeter: Setting JMeter property: username=user2
2020-11-18 02:57:00,784 INFO o.a.j.JMeter: Setting JMeter property: password=user2password
2020-11-18 02:57:00,784 INFO o.a.j.JMeter: Setting JMeter property: endpoint=opa:8181
2020-11-18 02:57:00,791 INFO o.a.j.JMeter: Setting JMeter property: jmeterengine.force.system.exit=true
2020-11-18 02:57:00,800 INFO o.a.j.JMeter: Copyright (c) 1998-2020 The Apache Software Foundation
2020-11-18 02:57:00,801 INFO o.a.j.JMeter: Version 5.3
2020-11-18 02:57:00,801 INFO o.a.j.JMeter: java.version=1.8.0_252
2020-11-18 02:57:00,801 INFO o.a.j.JMeter: java.vm.name=OpenJDK 64-Bit Server VM
2020-11-18 02:57:00,801 INFO o.a.j.JMeter: os.name=Linux
2020-11-18 02:57:00,801 INFO o.a.j.JMeter: os.arch=amd64
2020-11-18 02:57:00,801 INFO o.a.j.JMeter: os.version=4.15.0-1092-azure
2020-11-18 02:57:00,801 INFO o.a.j.JMeter: file.encoding=UTF-8
2020-11-18 02:57:00,801 INFO o.a.j.JMeter: java.awt.headless=true
2020-11-18 02:57:00,801 INFO o.a.j.JMeter: Max memory     =1073741824
2020-11-18 02:57:00,802 INFO o.a.j.JMeter: Available Processors =1
2020-11-18 02:57:00,830 INFO o.a.j.JMeter: Default Locale=English (EN)
2020-11-18 02:57:00,830 INFO o.a.j.JMeter: JMeter  Locale=English (EN)
2020-11-18 02:57:00,830 INFO o.a.j.JMeter: JMeterHome=/opt/apache-jmeter-5.3
2020-11-18 02:57:00,830 INFO o.a.j.JMeter: user.dir  =/jmeter-testing/jmeter-scripts
2020-11-18 02:57:00,831 INFO o.a.j.JMeter: PWD       =/jmeter-testing/jmeter-scripts
2020-11-18 02:57:00,831 INFO o.a.j.JMeter: IP: 10.244.8.74 Name: jmeter-3f9a492131925c80-25ml5 FullName: jmeter-3f9a492131925c80-25ml5
2020-11-18 02:57:00,852 INFO o.a.j.s.FileServer: Default base='/jmeter-testing/jmeter-scripts'
2020-11-18 02:57:00,872 INFO o.a.j.s.FileServer: Set new base='/jmeter-testing/jmeter-scripts'
2020-11-18 02:57:01,290 INFO o.a.j.s.SaveService: Testplan (JMX) version: 2.2. Testlog (JTL) version: 2.2
2020-11-18 02:57:01,357 INFO o.a.j.s.SaveService: Using SaveService properties file encoding UTF-8
2020-11-18 02:57:01,369 INFO o.a.j.s.SaveService: Using SaveService properties version 5.0
2020-11-18 02:57:01,389 INFO o.a.j.s.SaveService: Loading file: B-DataSource-OES3.jmx
2020-11-18 02:57:01,498 INFO o.a.j.p.h.c.CookieManager: Settings: Delete null: true Check: true Allow variable: true Save: false Prefix: COOKIE_
2020-11-18 02:57:01,547 INFO o.a.j.p.h.s.HTTPSamplerBase: Parser for text/html is org.apache.jmeter.protocol.http.parser.LagartoBasedHtmlParser
2020-11-18 02:57:01,547 INFO o.a.j.p.h.s.HTTPSamplerBase: Parser for application/xhtml+xml is org.apache.jmeter.protocol.http.parser.LagartoBasedHtmlParser
2020-11-18 02:57:01,547 INFO o.a.j.p.h.s.HTTPSamplerBase: Parser for application/xml is org.apache.jmeter.protocol.http.parser.LagartoBasedHtmlParser
2020-11-18 02:57:01,547 INFO o.a.j.p.h.s.HTTPSamplerBase: Parser for text/xml is org.apache.jmeter.protocol.http.parser.LagartoBasedHtmlParser
2020-11-18 02:57:01,547 INFO o.a.j.p.h.s.HTTPSamplerBase: Parser for text/vnd.wap.wml is org.apache.jmeter.protocol.http.parser.RegexpHTMLParser
2020-11-18 02:57:01,547 INFO o.a.j.p.h.s.HTTPSamplerBase: Parser for text/css is org.apache.jmeter.protocol.http.parser.CssParser
2020-11-18 02:57:02,170 INFO o.a.j.e.KeyToolUtils: keytool found at 'keytool'
2020-11-18 02:57:02,170 INFO o.a.j.p.h.p.ProxyControl: HTTP(S) Test Script Recorder SSL Proxy will use keys that support embedded 3rd party resources in file /opt/apache-jmeter-5.3/bin/proxyserver.jks
2020-11-18 02:57:02,314 INFO o.a.j.JMeter: Creating summariser <summary>
2020-11-18 02:57:02,404 INFO o.a.j.e.StandardJMeterEngine: Running the test!
2020-11-18 02:57:02,434 INFO o.a.j.s.SampleEvent: List of sample_variables: []
2020-11-18 02:57:02,435 INFO o.a.j.s.SampleEvent: List of sample_variables: []
2020-11-18 02:57:02,489 INFO o.a.j.e.u.CompoundVariable: Note: Function class names must contain the string: '.functions.'
2020-11-18 02:57:02,490 INFO o.a.j.e.u.CompoundVariable: Note: Function class names must not contain the string: '.gui.'
2020-11-18 02:57:03,716 INFO o.a.j.JMeter: Running test (1605668223716)
2020-11-18 02:57:03,867 INFO o.a.j.e.StandardJMeterEngine: Starting ThreadGroup: 1 : Thread Group
2020-11-18 02:57:03,867 INFO o.a.j.e.StandardJMeterEngine: Starting 1 threads for group Thread Group.
2020-11-18 02:57:03,867 INFO o.a.j.e.StandardJMeterEngine: Thread will continue on error
2020-11-18 02:57:03,867 INFO o.a.j.t.ThreadGroup: Starting thread group... number=1 threads=1 ramp-up=1 delayedStart=false
2020-11-18 02:57:03,887 INFO o.a.j.t.ThreadGroup: Started thread group number 1
2020-11-18 02:57:03,887 INFO o.a.j.e.StandardJMeterEngine: All thread groups have been started
2020-11-18 02:57:03,907 INFO o.a.j.s.SampleResult: Note: Sample TimeStamps are START times
2020-11-18 02:57:03,907 INFO o.a.j.s.SampleResult: sampleresult.default.encoding is set to ISO-8859-1
2020-11-18 02:57:03,907 INFO o.a.j.s.SampleResult: sampleresult.useNanoTime=true
2020-11-18 02:57:03,908 INFO o.a.j.s.SampleResult: sampleresult.nanoThreadSleep=5000
2020-11-18 02:57:03,915 INFO o.a.j.t.JMeterThread: Thread started: Thread Group 1-1
2020-11-18 02:57:04,001 INFO o.a.j.p.h.s.HTTPHCAbstractImpl: Local host = jmeter-3f9a492131925c80-25ml5
2020-11-18 02:57:04,014 INFO o.a.j.p.h.s.HTTPHC4Impl: HTTP request retry count = 0
2020-11-18 02:57:04,317 INFO o.a.j.p.h.s.h.LazyLayeredConnectionSocketFactory: Setting up HTTPS TrustAll Socket Factory
2020-11-18 02:57:04,347 INFO o.a.j.u.JsseSSLManager: Using default SSL protocol: TLS
2020-11-18 02:57:04,347 INFO o.a.j.u.JsseSSLManager: SSL session context: per-thread
2020-11-18 02:57:04,669 INFO o.a.j.u.SSLManager: JmeterKeyStore Location:  type JKS
2020-11-18 02:57:04,689 INFO o.a.j.u.SSLManager: KeyStore created OK
2020-11-18 02:57:04,689 WARN o.a.j.u.SSLManager: Keystore file not found, loading empty keystore
2020-11-18 02:57:05,567 INFO o.a.j.r.Summariser: summary +      1 in 00:00:02 =    0.5/s Avg:  1327 Min:  1327 Max:  1327 Err:     0 (0.00%) Active: 1 Started: 1 Finished: 0
2020-11-18 02:57:13,041 INFO o.a.j.t.JMeterThread: Thread is done: Thread Group 1-1
2020-11-18 02:57:13,041 INFO o.a.j.t.JMeterThread: Thread finished: Thread Group 1-1
2020-11-18 02:57:13,046 INFO o.a.j.e.StandardJMeterEngine: Notifying test listeners of end of test
2020-11-18 02:57:13,055 INFO o.a.j.r.Summariser: summary +     20 in 00:00:07 =    2.7/s Avg:   370 Min:    61 Max:  1810 Err:     1 (5.00%) Active: 0 Started: 1 Finished: 1
2020-11-18 02:57:13,055 INFO o.a.j.r.Summariser: summary =     21 in 00:00:09 =    2.2/s Avg:   416 Min:    61 Max:  1810 Err:     1 (4.76%)
2020-11-18 02:57:13,062 INFO o.a.j.e.StandardJMeterEngine: Forced JVM shutdown requested at end of test
