2020-09-22 16:43:48,001 INFO o.a.j.u.JMeterUtils: Setting Locale to en_EN
2020-09-22 16:43:48,047 INFO o.a.j.JMeter: Loading user properties from: /opt/apache-jmeter-5.1.1/bin/user.properties
2020-09-22 16:43:48,048 INFO o.a.j.JMeter: Loading system properties from: /opt/apache-jmeter-5.1.1/bin/system.properties
2020-09-22 16:43:48,048 INFO o.a.j.JMeter: Setting JMeter property: gate-url=40.64.111.180
2020-09-22 16:43:48,048 INFO o.a.j.JMeter: Setting JMeter property: ui-url=40.64.111.207
2020-09-22 16:43:48,048 INFO o.a.j.JMeter: Setting JMeter property: port=8084
2020-09-22 16:43:48,048 INFO o.a.j.JMeter: Setting JMeter property: protocol=http
2020-09-22 16:43:48,048 INFO o.a.j.JMeter: Setting JMeter property: username=user2
2020-09-22 16:43:48,048 INFO o.a.j.JMeter: Setting JMeter property: password=user2password
2020-09-22 16:43:48,048 INFO o.a.j.JMeter: Setting JMeter property: endpoint=opa:8181
2020-09-22 16:43:48,060 INFO o.a.j.JMeter: Copyright (c) 1998-2019 The Apache Software Foundation
2020-09-22 16:43:48,060 INFO o.a.j.JMeter: Version 5.1.1 r1855137
2020-09-22 16:43:48,060 INFO o.a.j.JMeter: java.version=1.8.0_222
2020-09-22 16:43:48,060 INFO o.a.j.JMeter: java.vm.name=OpenJDK 64-Bit Server VM
2020-09-22 16:43:48,060 INFO o.a.j.JMeter: os.name=Linux
2020-09-22 16:43:48,060 INFO o.a.j.JMeter: os.arch=amd64
2020-09-22 16:43:48,060 INFO o.a.j.JMeter: os.version=4.15.0-1092-azure
2020-09-22 16:43:48,061 INFO o.a.j.JMeter: file.encoding=UTF-8
2020-09-22 16:43:48,067 INFO o.a.j.JMeter: java.awt.headless=true
2020-09-22 16:43:48,067 INFO o.a.j.JMeter: Max memory     =1073741824
2020-09-22 16:43:48,067 INFO o.a.j.JMeter: Available Processors =1
2020-09-22 16:43:48,077 INFO o.a.j.JMeter: Default Locale=English (EN)
2020-09-22 16:43:48,078 INFO o.a.j.JMeter: JMeter  Locale=English (EN)
2020-09-22 16:43:48,078 INFO o.a.j.JMeter: JMeterHome=/opt/apache-jmeter-5.1.1
2020-09-22 16:43:48,078 INFO o.a.j.JMeter: user.dir  =/jmeter-testing/jmeter-scripts
2020-09-22 16:43:48,078 INFO o.a.j.JMeter: PWD       =/jmeter-testing/jmeter-scripts
2020-09-22 16:43:48,079 INFO o.a.j.JMeter: IP: 10.244.0.146 Name: jmeter-3fef3b76c4d6c91c-l97nk FullName: jmeter-3fef3b76c4d6c91c-l97nk
2020-09-22 16:43:48,095 INFO o.a.j.s.FileServer: Default base='/jmeter-testing/jmeter-scripts'
2020-09-22 16:43:48,108 INFO o.a.j.s.FileServer: Set new base='/jmeter-testing/jmeter-scripts'
2020-09-22 16:43:48,677 INFO o.a.j.s.SaveService: Testplan (JMX) version: 2.2. Testlog (JTL) version: 2.2
2020-09-22 16:43:48,734 INFO o.a.j.s.SaveService: Using SaveService properties file encoding UTF-8
2020-09-22 16:43:48,745 INFO o.a.j.s.SaveService: Using SaveService properties version 5.0
2020-09-22 16:43:48,764 INFO o.a.j.s.SaveService: Loading file: B-DataSource-OES3.jmx
2020-09-22 16:43:48,890 INFO o.a.j.p.h.c.CookieManager: Settings: Delete null: true Check: true Allow variable: true Save: false Prefix: COOKIE_
2020-09-22 16:43:48,948 INFO o.a.j.p.h.s.HTTPSamplerBase: Parser for text/html is org.apache.jmeter.protocol.http.parser.LagartoBasedHtmlParser
2020-09-22 16:43:48,949 INFO o.a.j.p.h.s.HTTPSamplerBase: Parser for application/xhtml+xml is org.apache.jmeter.protocol.http.parser.LagartoBasedHtmlParser
2020-09-22 16:43:48,949 INFO o.a.j.p.h.s.HTTPSamplerBase: Parser for application/xml is org.apache.jmeter.protocol.http.parser.LagartoBasedHtmlParser
2020-09-22 16:43:48,949 INFO o.a.j.p.h.s.HTTPSamplerBase: Parser for text/xml is org.apache.jmeter.protocol.http.parser.LagartoBasedHtmlParser
2020-09-22 16:43:48,949 INFO o.a.j.p.h.s.HTTPSamplerBase: Parser for text/vnd.wap.wml is org.apache.jmeter.protocol.http.parser.RegexpHTMLParser
2020-09-22 16:43:48,949 INFO o.a.j.p.h.s.HTTPSamplerBase: Parser for text/css is org.apache.jmeter.protocol.http.parser.CssParser
2020-09-22 16:43:49,780 INFO o.a.j.e.KeyToolUtils: keytool found at 'keytool'
2020-09-22 16:43:49,781 INFO o.a.j.p.h.p.ProxyControl: HTTP(S) Test Script Recorder SSL Proxy will use keys that support embedded 3rd party resources in file /opt/apache-jmeter-5.1.1/bin/proxyserver.jks
2020-09-22 16:43:49,867 INFO o.a.j.JMeter: Creating summariser <summary>
2020-09-22 16:43:49,896 INFO o.a.j.e.StandardJMeterEngine: Running the test!
2020-09-22 16:43:49,897 INFO o.a.j.s.SampleEvent: List of sample_variables: []
2020-09-22 16:43:49,897 INFO o.a.j.s.SampleEvent: List of sample_variables: []
2020-09-22 16:43:49,933 INFO o.a.j.e.u.CompoundVariable: Note: Function class names must contain the string: '.functions.'
2020-09-22 16:43:49,933 INFO o.a.j.e.u.CompoundVariable: Note: Function class names must not contain the string: '.gui.'
2020-09-22 16:43:51,401 INFO o.a.j.JMeter: Running test (1600793031401)
2020-09-22 16:43:51,664 INFO o.a.j.e.StandardJMeterEngine: Starting ThreadGroup: 1 : Thread Group
2020-09-22 16:43:51,671 INFO o.a.j.e.StandardJMeterEngine: Starting 1 threads for group Thread Group.
2020-09-22 16:43:51,671 INFO o.a.j.e.StandardJMeterEngine: Thread will continue on error
2020-09-22 16:43:51,671 INFO o.a.j.t.ThreadGroup: Starting thread group... number=1 threads=1 ramp-up=1 delayedStart=false
2020-09-22 16:43:51,758 INFO o.a.j.t.ThreadGroup: Started thread group number 1
2020-09-22 16:43:51,758 INFO o.a.j.e.StandardJMeterEngine: All thread groups have been started
2020-09-22 16:43:51,818 INFO o.a.j.s.SampleResult: Note: Sample TimeStamps are START times
2020-09-22 16:43:51,819 INFO o.a.j.s.SampleResult: sampleresult.default.encoding is set to ISO-8859-1
2020-09-22 16:43:51,819 INFO o.a.j.s.SampleResult: sampleresult.useNanoTime=true
2020-09-22 16:43:51,819 INFO o.a.j.s.SampleResult: sampleresult.nanoThreadSleep=5000
2020-09-22 16:43:51,827 INFO o.a.j.t.JMeterThread: Thread started: Thread Group 1-1
2020-09-22 16:43:51,922 INFO o.a.j.p.h.s.HTTPHCAbstractImpl: Local host = jmeter-3fef3b76c4d6c91c-l97nk
2020-09-22 16:43:51,949 INFO o.a.j.p.h.s.HTTPHC4Impl: HTTP request retry count = 0
2020-09-22 16:46:01,570 INFO o.a.j.r.Summariser: summary +      1 in 00:02:10 =    0.0/s Avg: 129453 Min: 129453 Max: 129453 Err:     1 (100.00%) Active: 1 Started: 1 Finished: 0
2020-09-22 16:52:34,758 INFO o.a.j.r.Summariser: summary +      3 in 00:06:33 =    0.0/s Avg: 131059 Min: 131041 Max: 131071 Err:     3 (100.00%) Active: 1 Started: 1 Finished: 0
2020-09-22 16:52:34,758 INFO o.a.j.r.Summariser: summary =      4 in 00:08:43 =    0.0/s Avg: 130658 Min: 129453 Max: 131071 Err:     4 (100.00%)
2020-09-22 17:03:30,118 INFO o.a.j.r.Summariser: summary +      5 in 00:10:55 =    0.0/s Avg: 131070 Min: 131069 Max: 131071 Err:     5 (100.00%) Active: 1 Started: 1 Finished: 0
2020-09-22 17:03:30,118 INFO o.a.j.r.Summariser: summary =      9 in 00:19:39 =    0.0/s Avg: 130887 Min: 129453 Max: 131071 Err:     9 (100.00%)
2020-09-22 17:10:03,333 INFO o.a.j.r.Summariser: summary +      3 in 00:06:33 =    0.0/s Avg: 131067 Min: 131060 Max: 131071 Err:     3 (100.00%) Active: 1 Started: 1 Finished: 0
2020-09-22 17:10:03,334 INFO o.a.j.r.Summariser: summary =     12 in 00:26:12 =    0.0/s Avg: 130932 Min: 129453 Max: 131071 Err:    12 (100.00%)
2020-09-22 17:25:20,838 INFO o.a.j.t.JMeterThread: Thread is done: Thread Group 1-1
2020-09-22 17:25:20,838 INFO o.a.j.t.JMeterThread: Thread finished: Thread Group 1-1
2020-09-22 17:25:20,838 INFO o.a.j.e.StandardJMeterEngine: Notifying test listeners of end of test
2020-09-22 17:25:20,839 INFO o.a.j.r.Summariser: summary +      7 in 00:15:18 =    0.0/s Avg: 131062 Min: 131024 Max: 131075 Err:     7 (100.00%) Active: 0 Started: 1 Finished: 1
2020-09-22 17:25:20,839 INFO o.a.j.r.Summariser: summary =     19 in 00:41:29 =    0.0/s Avg: 130980 Min: 129453 Max: 131075 Err:    19 (100.00%)
