2020-11-17 11:32:44,454 INFO o.a.j.u.JMeterUtils: Setting Locale to en_EN
2020-11-17 11:32:44,552 INFO o.a.j.JMeter: Loading user properties from: /opt/apache-jmeter-5.3/bin/user.properties
2020-11-17 11:32:44,552 INFO o.a.j.JMeter: Loading system properties from: /opt/apache-jmeter-5.3/bin/system.properties
2020-11-17 11:32:44,552 INFO o.a.j.JMeter: Setting JMeter property: gate-url=gitpr-gate-nightly.oes.opsmx.com
2020-11-17 11:32:44,553 INFO o.a.j.JMeter: Setting JMeter property: ui-url=gitpr-ui-nightly.oes.opsmx.com
2020-11-17 11:32:44,553 WARN o.a.j.JMeter: Removing JMeter property: port
2020-11-17 11:32:44,571 INFO o.a.j.JMeter: Setting JMeter property: protocol=http
2020-11-17 11:32:44,571 INFO o.a.j.JMeter: Setting JMeter property: username=user2
2020-11-17 11:32:44,572 INFO o.a.j.JMeter: Setting JMeter property: password=user2password
2020-11-17 11:32:44,572 INFO o.a.j.JMeter: Setting JMeter property: endpoint=opa:8181
2020-11-17 11:32:44,572 INFO o.a.j.JMeter: Setting JMeter property: jmeterengine.force.system.exit=true
2020-11-17 11:32:44,609 INFO o.a.j.JMeter: Copyright (c) 1998-2020 The Apache Software Foundation
2020-11-17 11:32:44,609 INFO o.a.j.JMeter: Version 5.3
2020-11-17 11:32:44,609 INFO o.a.j.JMeter: java.version=1.8.0_252
2020-11-17 11:32:44,609 INFO o.a.j.JMeter: java.vm.name=OpenJDK 64-Bit Server VM
2020-11-17 11:32:44,609 INFO o.a.j.JMeter: os.name=Linux
2020-11-17 11:32:44,609 INFO o.a.j.JMeter: os.arch=amd64
2020-11-17 11:32:44,609 INFO o.a.j.JMeter: os.version=4.15.0-1092-azure
2020-11-17 11:32:44,609 INFO o.a.j.JMeter: file.encoding=UTF-8
2020-11-17 11:32:44,609 INFO o.a.j.JMeter: java.awt.headless=true
2020-11-17 11:32:44,609 INFO o.a.j.JMeter: Max memory     =1073741824
2020-11-17 11:32:44,610 INFO o.a.j.JMeter: Available Processors =1
2020-11-17 11:32:44,650 INFO o.a.j.JMeter: Default Locale=English (EN)
2020-11-17 11:32:44,705 INFO o.a.j.JMeter: JMeter  Locale=English (EN)
2020-11-17 11:32:44,706 INFO o.a.j.JMeter: JMeterHome=/opt/apache-jmeter-5.3
2020-11-17 11:32:44,706 INFO o.a.j.JMeter: user.dir  =/jmeter-testing/jmeter-scripts
2020-11-17 11:32:44,706 INFO o.a.j.JMeter: PWD       =/jmeter-testing/jmeter-scripts
2020-11-17 11:32:44,707 INFO o.a.j.JMeter: IP: 10.244.8.59 Name: jmeter-3fecfc9f0ad92c74-7ztgs FullName: jmeter-3fecfc9f0ad92c74-7ztgs
2020-11-17 11:32:44,747 INFO o.a.j.s.FileServer: Default base='/jmeter-testing/jmeter-scripts'
2020-11-17 11:32:44,845 INFO o.a.j.s.FileServer: Set new base='/jmeter-testing/jmeter-scripts'
2020-11-17 11:32:45,496 INFO o.a.j.s.SaveService: Testplan (JMX) version: 2.2. Testlog (JTL) version: 2.2
2020-11-17 11:32:45,583 INFO o.a.j.s.SaveService: Using SaveService properties file encoding UTF-8
2020-11-17 11:32:45,611 INFO o.a.j.s.SaveService: Using SaveService properties version 5.0
2020-11-17 11:32:45,639 INFO o.a.j.s.SaveService: Loading file: B-DataSource-OES3.jmx
2020-11-17 11:32:45,777 INFO o.a.j.p.h.c.CookieManager: Settings: Delete null: true Check: true Allow variable: true Save: false Prefix: COOKIE_
2020-11-17 11:32:45,827 INFO o.a.j.p.h.s.HTTPSamplerBase: Parser for text/html is org.apache.jmeter.protocol.http.parser.LagartoBasedHtmlParser
2020-11-17 11:32:45,827 INFO o.a.j.p.h.s.HTTPSamplerBase: Parser for application/xhtml+xml is org.apache.jmeter.protocol.http.parser.LagartoBasedHtmlParser
2020-11-17 11:32:45,827 INFO o.a.j.p.h.s.HTTPSamplerBase: Parser for application/xml is org.apache.jmeter.protocol.http.parser.LagartoBasedHtmlParser
2020-11-17 11:32:45,827 INFO o.a.j.p.h.s.HTTPSamplerBase: Parser for text/xml is org.apache.jmeter.protocol.http.parser.LagartoBasedHtmlParser
2020-11-17 11:32:45,827 INFO o.a.j.p.h.s.HTTPSamplerBase: Parser for text/vnd.wap.wml is org.apache.jmeter.protocol.http.parser.RegexpHTMLParser
2020-11-17 11:32:45,827 INFO o.a.j.p.h.s.HTTPSamplerBase: Parser for text/css is org.apache.jmeter.protocol.http.parser.CssParser
2020-11-17 11:32:46,686 INFO o.a.j.e.KeyToolUtils: keytool found at 'keytool'
2020-11-17 11:32:46,687 INFO o.a.j.p.h.p.ProxyControl: HTTP(S) Test Script Recorder SSL Proxy will use keys that support embedded 3rd party resources in file /opt/apache-jmeter-5.3/bin/proxyserver.jks
2020-11-17 11:32:46,802 INFO o.a.j.JMeter: Creating summariser <summary>
2020-11-17 11:32:46,819 INFO o.a.j.e.StandardJMeterEngine: Running the test!
2020-11-17 11:32:46,820 INFO o.a.j.s.SampleEvent: List of sample_variables: []
2020-11-17 11:32:46,820 INFO o.a.j.s.SampleEvent: List of sample_variables: []
2020-11-17 11:32:46,881 INFO o.a.j.e.u.CompoundVariable: Note: Function class names must contain the string: '.functions.'
2020-11-17 11:32:46,881 INFO o.a.j.e.u.CompoundVariable: Note: Function class names must not contain the string: '.gui.'
2020-11-17 11:32:48,071 INFO o.a.j.JMeter: Running test (1605612768071)
2020-11-17 11:32:48,273 INFO o.a.j.e.StandardJMeterEngine: Starting ThreadGroup: 1 : Thread Group
2020-11-17 11:32:48,274 INFO o.a.j.e.StandardJMeterEngine: Starting 1 threads for group Thread Group.
2020-11-17 11:32:48,274 INFO o.a.j.e.StandardJMeterEngine: Thread will continue on error
2020-11-17 11:32:48,274 INFO o.a.j.t.ThreadGroup: Starting thread group... number=1 threads=1 ramp-up=1 delayedStart=false
2020-11-17 11:32:48,307 INFO o.a.j.t.ThreadGroup: Started thread group number 1
2020-11-17 11:32:48,308 INFO o.a.j.e.StandardJMeterEngine: All thread groups have been started
2020-11-17 11:32:48,335 INFO o.a.j.s.SampleResult: Note: Sample TimeStamps are START times
2020-11-17 11:32:48,336 INFO o.a.j.s.SampleResult: sampleresult.default.encoding is set to ISO-8859-1
2020-11-17 11:32:48,336 INFO o.a.j.s.SampleResult: sampleresult.useNanoTime=true
2020-11-17 11:32:48,336 INFO o.a.j.s.SampleResult: sampleresult.nanoThreadSleep=5000
2020-11-17 11:32:48,347 INFO o.a.j.t.JMeterThread: Thread started: Thread Group 1-1
2020-11-17 11:32:48,414 INFO o.a.j.p.h.s.HTTPHCAbstractImpl: Local host = jmeter-3fecfc9f0ad92c74-7ztgs
2020-11-17 11:32:48,453 INFO o.a.j.p.h.s.HTTPHC4Impl: HTTP request retry count = 0
2020-11-17 11:32:56,255 INFO o.a.j.t.JMeterThread: Thread is done: Thread Group 1-1
2020-11-17 11:32:56,255 INFO o.a.j.t.JMeterThread: Thread finished: Thread Group 1-1
2020-11-17 11:32:56,264 INFO o.a.j.e.StandardJMeterEngine: Notifying test listeners of end of test
2020-11-17 11:32:56,265 INFO o.a.j.r.Summariser: summary =     21 in 00:00:08 =    2.6/s Avg:   357 Min:    18 Max:  5292 Err:     0 (0.00%)
2020-11-17 11:32:56,275 INFO o.a.j.e.StandardJMeterEngine: Forced JVM shutdown requested at end of test
