2020-11-18 03:53:59,589 INFO o.a.j.u.JMeterUtils: Setting Locale to en_EN
2020-11-18 03:53:59,677 INFO o.a.j.JMeter: Loading user properties from: /opt/apache-jmeter-5.3/bin/user.properties
2020-11-18 03:53:59,678 INFO o.a.j.JMeter: Loading system properties from: /opt/apache-jmeter-5.3/bin/system.properties
2020-11-18 03:53:59,678 INFO o.a.j.JMeter: Setting JMeter property: gate-url=nightly-oes3-gate.opsmx.com
2020-11-18 03:53:59,678 INFO o.a.j.JMeter: Setting JMeter property: ui-url=nightly-oes3.opsmx.com
2020-11-18 03:53:59,678 INFO o.a.j.JMeter: Setting JMeter property: port=443
2020-11-18 03:53:59,679 INFO o.a.j.JMeter: Setting JMeter property: protocol=https
2020-11-18 03:53:59,679 INFO o.a.j.JMeter: Setting JMeter property: username=user2
2020-11-18 03:53:59,679 INFO o.a.j.JMeter: Setting JMeter property: password=user2password
2020-11-18 03:53:59,679 INFO o.a.j.JMeter: Setting JMeter property: endpoint=opa:8181
2020-11-18 03:53:59,679 INFO o.a.j.JMeter: Setting JMeter property: jmeterengine.force.system.exit=true
2020-11-18 03:53:59,688 INFO o.a.j.JMeter: Copyright (c) 1998-2020 The Apache Software Foundation
2020-11-18 03:53:59,688 INFO o.a.j.JMeter: Version 5.3
2020-11-18 03:53:59,688 INFO o.a.j.JMeter: java.version=1.8.0_252
2020-11-18 03:53:59,688 INFO o.a.j.JMeter: java.vm.name=OpenJDK 64-Bit Server VM
2020-11-18 03:53:59,688 INFO o.a.j.JMeter: os.name=Linux
2020-11-18 03:53:59,688 INFO o.a.j.JMeter: os.arch=amd64
2020-11-18 03:53:59,688 INFO o.a.j.JMeter: os.version=4.15.0-1092-azure
2020-11-18 03:53:59,688 INFO o.a.j.JMeter: file.encoding=UTF-8
2020-11-18 03:53:59,688 INFO o.a.j.JMeter: java.awt.headless=true
2020-11-18 03:53:59,689 INFO o.a.j.JMeter: Max memory     =1073741824
2020-11-18 03:53:59,689 INFO o.a.j.JMeter: Available Processors =1
2020-11-18 03:53:59,738 INFO o.a.j.JMeter: Default Locale=English (EN)
2020-11-18 03:53:59,745 INFO o.a.j.JMeter: JMeter  Locale=English (EN)
2020-11-18 03:53:59,745 INFO o.a.j.JMeter: JMeterHome=/opt/apache-jmeter-5.3
2020-11-18 03:53:59,745 INFO o.a.j.JMeter: user.dir  =/jmeter-testing/jmeter-scripts
2020-11-18 03:53:59,745 INFO o.a.j.JMeter: PWD       =/jmeter-testing/jmeter-scripts
2020-11-18 03:53:59,745 INFO o.a.j.JMeter: IP: 10.244.8.78 Name: jmeter-3fd0e5117f33596e-kflxv FullName: jmeter-3fd0e5117f33596e-kflxv
2020-11-18 03:53:59,771 INFO o.a.j.s.FileServer: Default base='/jmeter-testing/jmeter-scripts'
2020-11-18 03:53:59,791 INFO o.a.j.s.FileServer: Set new base='/jmeter-testing/jmeter-scripts'
2020-11-18 03:54:00,244 INFO o.a.j.s.SaveService: Testplan (JMX) version: 2.2. Testlog (JTL) version: 2.2
2020-11-18 03:54:00,320 INFO o.a.j.s.SaveService: Using SaveService properties file encoding UTF-8
2020-11-18 03:54:00,331 INFO o.a.j.s.SaveService: Using SaveService properties version 5.0
2020-11-18 03:54:00,351 INFO o.a.j.s.SaveService: Loading file: B-DataSource-OES3.jmx
2020-11-18 03:54:00,466 INFO o.a.j.p.h.c.CookieManager: Settings: Delete null: true Check: true Allow variable: true Save: false Prefix: COOKIE_
2020-11-18 03:54:00,514 INFO o.a.j.p.h.s.HTTPSamplerBase: Parser for text/html is org.apache.jmeter.protocol.http.parser.LagartoBasedHtmlParser
2020-11-18 03:54:00,514 INFO o.a.j.p.h.s.HTTPSamplerBase: Parser for application/xhtml+xml is org.apache.jmeter.protocol.http.parser.LagartoBasedHtmlParser
2020-11-18 03:54:00,514 INFO o.a.j.p.h.s.HTTPSamplerBase: Parser for application/xml is org.apache.jmeter.protocol.http.parser.LagartoBasedHtmlParser
2020-11-18 03:54:00,515 INFO o.a.j.p.h.s.HTTPSamplerBase: Parser for text/xml is org.apache.jmeter.protocol.http.parser.LagartoBasedHtmlParser
2020-11-18 03:54:00,515 INFO o.a.j.p.h.s.HTTPSamplerBase: Parser for text/vnd.wap.wml is org.apache.jmeter.protocol.http.parser.RegexpHTMLParser
2020-11-18 03:54:00,515 INFO o.a.j.p.h.s.HTTPSamplerBase: Parser for text/css is org.apache.jmeter.protocol.http.parser.CssParser
2020-11-18 03:54:01,207 INFO o.a.j.e.KeyToolUtils: keytool found at 'keytool'
2020-11-18 03:54:01,208 INFO o.a.j.p.h.p.ProxyControl: HTTP(S) Test Script Recorder SSL Proxy will use keys that support embedded 3rd party resources in file /opt/apache-jmeter-5.3/bin/proxyserver.jks
2020-11-18 03:54:01,325 INFO o.a.j.JMeter: Creating summariser <summary>
2020-11-18 03:54:01,428 INFO o.a.j.e.StandardJMeterEngine: Running the test!
2020-11-18 03:54:01,429 INFO o.a.j.s.SampleEvent: List of sample_variables: []
2020-11-18 03:54:01,466 INFO o.a.j.s.SampleEvent: List of sample_variables: []
2020-11-18 03:54:01,525 INFO o.a.j.e.u.CompoundVariable: Note: Function class names must contain the string: '.functions.'
2020-11-18 03:54:01,525 INFO o.a.j.e.u.CompoundVariable: Note: Function class names must not contain the string: '.gui.'
2020-11-18 03:54:02,970 INFO o.a.j.JMeter: Running test (1605671642970)
2020-11-18 03:54:03,173 INFO o.a.j.e.StandardJMeterEngine: Starting ThreadGroup: 1 : Thread Group
2020-11-18 03:54:03,174 INFO o.a.j.e.StandardJMeterEngine: Starting 1 threads for group Thread Group.
2020-11-18 03:54:03,181 INFO o.a.j.e.StandardJMeterEngine: Thread will continue on error
2020-11-18 03:54:03,181 INFO o.a.j.t.ThreadGroup: Starting thread group... number=1 threads=1 ramp-up=1 delayedStart=false
2020-11-18 03:54:03,211 INFO o.a.j.t.ThreadGroup: Started thread group number 1
2020-11-18 03:54:03,211 INFO o.a.j.e.StandardJMeterEngine: All thread groups have been started
2020-11-18 03:54:03,242 INFO o.a.j.s.SampleResult: Note: Sample TimeStamps are START times
2020-11-18 03:54:03,248 INFO o.a.j.s.SampleResult: sampleresult.default.encoding is set to ISO-8859-1
2020-11-18 03:54:03,249 INFO o.a.j.s.SampleResult: sampleresult.useNanoTime=true
2020-11-18 03:54:03,249 INFO o.a.j.s.SampleResult: sampleresult.nanoThreadSleep=5000
2020-11-18 03:54:03,250 INFO o.a.j.t.JMeterThread: Thread started: Thread Group 1-1
2020-11-18 03:54:03,325 INFO o.a.j.p.h.s.HTTPHCAbstractImpl: Local host = jmeter-3fd0e5117f33596e-kflxv
2020-11-18 03:54:03,344 INFO o.a.j.p.h.s.HTTPHC4Impl: HTTP request retry count = 0
2020-11-18 03:54:03,583 INFO o.a.j.p.h.s.h.LazyLayeredConnectionSocketFactory: Setting up HTTPS TrustAll Socket Factory
2020-11-18 03:54:03,605 INFO o.a.j.u.JsseSSLManager: Using default SSL protocol: TLS
2020-11-18 03:54:03,605 INFO o.a.j.u.JsseSSLManager: SSL session context: per-thread
2020-11-18 03:54:03,747 INFO o.a.j.u.SSLManager: JmeterKeyStore Location:  type JKS
2020-11-18 03:54:03,756 INFO o.a.j.u.SSLManager: KeyStore created OK
2020-11-18 03:54:03,756 WARN o.a.j.u.SSLManager: Keystore file not found, loading empty keystore
2020-11-18 03:54:04,737 INFO o.a.j.r.Summariser: summary +      1 in 00:00:02 =    0.6/s Avg:  1177 Min:  1177 Max:  1177 Err:     0 (0.00%) Active: 1 Started: 1 Finished: 0
2020-11-18 03:54:10,683 INFO o.a.j.t.JMeterThread: Thread is done: Thread Group 1-1
2020-11-18 03:54:10,683 INFO o.a.j.t.JMeterThread: Thread finished: Thread Group 1-1
2020-11-18 03:54:10,685 INFO o.a.j.e.StandardJMeterEngine: Notifying test listeners of end of test
2020-11-18 03:54:10,690 INFO o.a.j.r.Summariser: summary +     20 in 00:00:06 =    3.4/s Avg:   295 Min:    35 Max:  2146 Err:     1 (5.00%) Active: 0 Started: 1 Finished: 1
2020-11-18 03:54:10,690 INFO o.a.j.r.Summariser: summary =     21 in 00:00:08 =    2.7/s Avg:   337 Min:    35 Max:  2146 Err:     1 (4.76%)
2020-11-18 03:54:10,690 INFO o.a.j.e.StandardJMeterEngine: Forced JVM shutdown requested at end of test
