2020-12-15 06:25:12,712 INFO o.a.j.u.JMeterUtils: Setting Locale to en_EN
2020-12-15 06:25:12,735 INFO o.a.j.JMeter: Loading user properties from: /opt/apache-jmeter-5.3/bin/user.properties
2020-12-15 06:25:12,736 INFO o.a.j.JMeter: Loading system properties from: /opt/apache-jmeter-5.3/bin/system.properties
2020-12-15 06:25:12,736 INFO o.a.j.JMeter: Setting JMeter property: gate-url=nightly-oes3-gate.opsmx.com
2020-12-15 06:25:12,736 INFO o.a.j.JMeter: Setting JMeter property: ui-url=nightly-oes3.opsmx.com
2020-12-15 06:25:12,736 INFO o.a.j.JMeter: Setting JMeter property: port=443
2020-12-15 06:25:12,737 INFO o.a.j.JMeter: Setting JMeter property: protocol=https
2020-12-15 06:25:12,737 INFO o.a.j.JMeter: Setting JMeter property: username=user2
2020-12-15 06:25:12,737 INFO o.a.j.JMeter: Setting JMeter property: password=user2password
2020-12-15 06:25:12,737 INFO o.a.j.JMeter: Setting JMeter property: endpoint=opa:8181
2020-12-15 06:25:12,737 INFO o.a.j.JMeter: Setting JMeter property: jmeterengine.force.system.exit=true
2020-12-15 06:25:12,738 INFO o.a.j.JMeter: Copyright (c) 1998-2020 The Apache Software Foundation
2020-12-15 06:25:12,738 INFO o.a.j.JMeter: Version 5.3
2020-12-15 06:25:12,738 INFO o.a.j.JMeter: java.version=1.8.0_252
2020-12-15 06:25:12,738 INFO o.a.j.JMeter: java.vm.name=OpenJDK 64-Bit Server VM
2020-12-15 06:25:12,739 INFO o.a.j.JMeter: os.name=Linux
2020-12-15 06:25:12,739 INFO o.a.j.JMeter: os.arch=amd64
2020-12-15 06:25:12,739 INFO o.a.j.JMeter: os.version=4.15.0-1098-azure
2020-12-15 06:25:12,739 INFO o.a.j.JMeter: file.encoding=UTF-8
2020-12-15 06:25:12,739 INFO o.a.j.JMeter: java.awt.headless=true
2020-12-15 06:25:12,739 INFO o.a.j.JMeter: Max memory     =1073741824
2020-12-15 06:25:12,739 INFO o.a.j.JMeter: Available Processors =1
2020-12-15 06:25:12,748 INFO o.a.j.JMeter: Default Locale=English (EN)
2020-12-15 06:25:12,749 INFO o.a.j.JMeter: JMeter  Locale=English (EN)
2020-12-15 06:25:12,749 INFO o.a.j.JMeter: JMeterHome=/opt/apache-jmeter-5.3
2020-12-15 06:25:12,749 INFO o.a.j.JMeter: user.dir  =/jmeter-testing/jmeter-scripts
2020-12-15 06:25:12,749 INFO o.a.j.JMeter: PWD       =/jmeter-testing/jmeter-scripts
2020-12-15 06:25:12,750 INFO o.a.j.JMeter: IP: 10.244.19.33 Name: jmeter-3fe3b8b77372dffc-k8rgs FullName: jmeter-3fe3b8b77372dffc-k8rgs
2020-12-15 06:25:12,758 INFO o.a.j.s.FileServer: Default base='/jmeter-testing/jmeter-scripts'
2020-12-15 06:25:12,766 INFO o.a.j.s.FileServer: Set new base='/jmeter-testing/jmeter-scripts'
2020-12-15 06:25:13,004 INFO o.a.j.s.SaveService: Testplan (JMX) version: 2.2. Testlog (JTL) version: 2.2
2020-12-15 06:25:13,043 INFO o.a.j.s.SaveService: Using SaveService properties file encoding UTF-8
2020-12-15 06:25:13,051 INFO o.a.j.s.SaveService: Using SaveService properties version 5.0
2020-12-15 06:25:13,064 INFO o.a.j.s.SaveService: Loading file: G-sonarqube-create-delete.jmx
2020-12-15 06:25:13,119 INFO o.a.j.p.h.c.CookieManager: Settings: Delete null: true Check: true Allow variable: true Save: false Prefix: COOKIE_
2020-12-15 06:25:13,146 INFO o.a.j.p.h.s.HTTPSamplerBase: Parser for text/html is org.apache.jmeter.protocol.http.parser.LagartoBasedHtmlParser
2020-12-15 06:25:13,146 INFO o.a.j.p.h.s.HTTPSamplerBase: Parser for application/xhtml+xml is org.apache.jmeter.protocol.http.parser.LagartoBasedHtmlParser
2020-12-15 06:25:13,146 INFO o.a.j.p.h.s.HTTPSamplerBase: Parser for application/xml is org.apache.jmeter.protocol.http.parser.LagartoBasedHtmlParser
2020-12-15 06:25:13,147 INFO o.a.j.p.h.s.HTTPSamplerBase: Parser for text/xml is org.apache.jmeter.protocol.http.parser.LagartoBasedHtmlParser
2020-12-15 06:25:13,147 INFO o.a.j.p.h.s.HTTPSamplerBase: Parser for text/vnd.wap.wml is org.apache.jmeter.protocol.http.parser.RegexpHTMLParser
2020-12-15 06:25:13,147 INFO o.a.j.p.h.s.HTTPSamplerBase: Parser for text/css is org.apache.jmeter.protocol.http.parser.CssParser
2020-12-15 06:25:13,541 INFO o.a.j.e.KeyToolUtils: keytool found at 'keytool'
2020-12-15 06:25:13,542 INFO o.a.j.p.h.p.ProxyControl: HTTP(S) Test Script Recorder SSL Proxy will use keys that support embedded 3rd party resources in file /opt/apache-jmeter-5.3/bin/proxyserver.jks
2020-12-15 06:25:13,594 INFO o.a.j.JMeter: Creating summariser <summary>
2020-12-15 06:25:13,602 INFO o.a.j.e.StandardJMeterEngine: Running the test!
2020-12-15 06:25:13,602 INFO o.a.j.s.SampleEvent: List of sample_variables: []
2020-12-15 06:25:13,603 INFO o.a.j.s.SampleEvent: List of sample_variables: []
2020-12-15 06:25:13,609 INFO o.a.j.e.u.CompoundVariable: Note: Function class names must contain the string: '.functions.'
2020-12-15 06:25:13,609 INFO o.a.j.e.u.CompoundVariable: Note: Function class names must not contain the string: '.gui.'
2020-12-15 06:25:14,142 INFO o.a.j.JMeter: Running test (1608013514142)
2020-12-15 06:25:14,220 INFO o.a.j.e.StandardJMeterEngine: Starting ThreadGroup: 1 : Thread Group
2020-12-15 06:25:14,221 INFO o.a.j.e.StandardJMeterEngine: Starting 1 threads for group Thread Group.
2020-12-15 06:25:14,221 INFO o.a.j.e.StandardJMeterEngine: Thread will continue on error
2020-12-15 06:25:14,221 INFO o.a.j.t.ThreadGroup: Starting thread group... number=1 threads=1 ramp-up=1 delayedStart=false
2020-12-15 06:25:14,235 INFO o.a.j.t.ThreadGroup: Started thread group number 1
2020-12-15 06:25:14,235 INFO o.a.j.e.StandardJMeterEngine: All thread groups have been started
2020-12-15 06:25:14,238 INFO o.a.j.s.SampleResult: Note: Sample TimeStamps are START times
2020-12-15 06:25:14,239 INFO o.a.j.s.SampleResult: sampleresult.default.encoding is set to ISO-8859-1
2020-12-15 06:25:14,239 INFO o.a.j.s.SampleResult: sampleresult.useNanoTime=true
2020-12-15 06:25:14,239 INFO o.a.j.s.SampleResult: sampleresult.nanoThreadSleep=5000
2020-12-15 06:25:14,246 INFO o.a.j.t.JMeterThread: Thread started: Thread Group 1-1
2020-12-15 06:25:14,276 INFO o.a.j.p.h.s.HTTPHCAbstractImpl: Local host = jmeter-3fe3b8b77372dffc-k8rgs
2020-12-15 06:25:14,286 INFO o.a.j.p.h.s.HTTPHC4Impl: HTTP request retry count = 0
2020-12-15 06:25:14,455 INFO o.a.j.p.h.s.h.LazyLayeredConnectionSocketFactory: Setting up HTTPS TrustAll Socket Factory
2020-12-15 06:25:14,465 INFO o.a.j.u.JsseSSLManager: Using default SSL protocol: TLS
2020-12-15 06:25:14,465 INFO o.a.j.u.JsseSSLManager: SSL session context: per-thread
2020-12-15 06:25:14,536 INFO o.a.j.u.SSLManager: JmeterKeyStore Location:  type JKS
2020-12-15 06:25:14,541 INFO o.a.j.u.SSLManager: KeyStore created OK
2020-12-15 06:25:14,541 WARN o.a.j.u.SSLManager: Keystore file not found, loading empty keystore
2020-12-15 06:25:30,043 INFO o.a.j.r.Summariser: summary +     55 in 00:00:16 =    3.5/s Avg:    64 Min:     3 Max:   557 Err:     0 (0.00%) Active: 1 Started: 1 Finished: 0
2020-12-15 06:25:45,130 INFO o.a.j.t.JMeterThread: Thread is done: Thread Group 1-1
2020-12-15 06:25:45,130 INFO o.a.j.t.JMeterThread: Thread finished: Thread Group 1-1
2020-12-15 06:25:45,132 INFO o.a.j.e.StandardJMeterEngine: Notifying test listeners of end of test
2020-12-15 06:25:45,133 INFO o.a.j.r.Summariser: summary +      5 in 00:00:15 =    0.3/s Avg:    16 Min:     6 Max:    21 Err:     0 (0.00%) Active: 0 Started: 1 Finished: 1
2020-12-15 06:25:45,133 INFO o.a.j.r.Summariser: summary =     60 in 00:00:31 =    1.9/s Avg:    60 Min:     3 Max:   557 Err:     0 (0.00%)
2020-12-15 06:25:45,134 INFO o.a.j.e.StandardJMeterEngine: Forced JVM shutdown requested at end of test
