2020-09-25 02:45:53,462 INFO o.a.j.u.JMeterUtils: Setting Locale to en_EN
2020-09-25 02:45:53,518 INFO o.a.j.JMeter: Loading user properties from: /opt/apache-jmeter-5.1.1/bin/user.properties
2020-09-25 02:45:53,518 INFO o.a.j.JMeter: Loading system properties from: /opt/apache-jmeter-5.1.1/bin/system.properties
2020-09-25 02:45:53,519 INFO o.a.j.JMeter: Setting JMeter property: gate-url=nightly-oes3-gate.opsmx.com
2020-09-25 02:45:53,519 INFO o.a.j.JMeter: Setting JMeter property: ui-url=nightly-oes3.opsmx.com
2020-09-25 02:45:53,519 INFO o.a.j.JMeter: Setting JMeter property: port=443
2020-09-25 02:45:53,519 INFO o.a.j.JMeter: Setting JMeter property: protocol=https
2020-09-25 02:45:53,519 INFO o.a.j.JMeter: Setting JMeter property: username=user2
2020-09-25 02:45:53,519 INFO o.a.j.JMeter: Setting JMeter property: password=user2password
2020-09-25 02:45:53,520 INFO o.a.j.JMeter: Setting JMeter property: endpoint=opa:8181
2020-09-25 02:45:53,537 INFO o.a.j.JMeter: Copyright (c) 1998-2019 The Apache Software Foundation
2020-09-25 02:45:53,537 INFO o.a.j.JMeter: Version 5.1.1 r1855137
2020-09-25 02:45:53,537 INFO o.a.j.JMeter: java.version=1.8.0_222
2020-09-25 02:45:53,537 INFO o.a.j.JMeter: java.vm.name=OpenJDK 64-Bit Server VM
2020-09-25 02:45:53,537 INFO o.a.j.JMeter: os.name=Linux
2020-09-25 02:45:53,537 INFO o.a.j.JMeter: os.arch=amd64
2020-09-25 02:45:53,537 INFO o.a.j.JMeter: os.version=4.15.0-1092-azure
2020-09-25 02:45:53,537 INFO o.a.j.JMeter: file.encoding=UTF-8
2020-09-25 02:45:53,538 INFO o.a.j.JMeter: java.awt.headless=true
2020-09-25 02:45:53,538 INFO o.a.j.JMeter: Max memory     =1073741824
2020-09-25 02:45:53,538 INFO o.a.j.JMeter: Available Processors =1
2020-09-25 02:45:53,566 INFO o.a.j.JMeter: Default Locale=English (EN)
2020-09-25 02:45:53,567 INFO o.a.j.JMeter: JMeter  Locale=English (EN)
2020-09-25 02:45:53,567 INFO o.a.j.JMeter: JMeterHome=/opt/apache-jmeter-5.1.1
2020-09-25 02:45:53,567 INFO o.a.j.JMeter: user.dir  =/jmeter-testing/jmeter-scripts
2020-09-25 02:45:53,568 INFO o.a.j.JMeter: PWD       =/jmeter-testing/jmeter-scripts
2020-09-25 02:45:53,568 INFO o.a.j.JMeter: IP: 10.244.0.168 Name: jmeter-3fd30246cbb99d54-62wmp FullName: jmeter-3fd30246cbb99d54-62wmp
2020-09-25 02:45:53,587 INFO o.a.j.s.FileServer: Default base='/jmeter-testing/jmeter-scripts'
2020-09-25 02:45:53,639 INFO o.a.j.s.FileServer: Set new base='/jmeter-testing/jmeter-scripts'
2020-09-25 02:45:54,411 INFO o.a.j.s.SaveService: Testplan (JMX) version: 2.2. Testlog (JTL) version: 2.2
2020-09-25 02:45:54,450 INFO o.a.j.s.SaveService: Using SaveService properties file encoding UTF-8
2020-09-25 02:45:54,460 INFO o.a.j.s.SaveService: Using SaveService properties version 5.0
2020-09-25 02:45:54,478 INFO o.a.j.s.SaveService: Loading file: B-DataSource-OES3.jmx
2020-09-25 02:45:54,585 INFO o.a.j.p.h.c.CookieManager: Settings: Delete null: true Check: true Allow variable: true Save: false Prefix: COOKIE_
2020-09-25 02:45:54,634 INFO o.a.j.p.h.s.HTTPSamplerBase: Parser for text/html is org.apache.jmeter.protocol.http.parser.LagartoBasedHtmlParser
2020-09-25 02:45:54,634 INFO o.a.j.p.h.s.HTTPSamplerBase: Parser for application/xhtml+xml is org.apache.jmeter.protocol.http.parser.LagartoBasedHtmlParser
2020-09-25 02:45:54,634 INFO o.a.j.p.h.s.HTTPSamplerBase: Parser for application/xml is org.apache.jmeter.protocol.http.parser.LagartoBasedHtmlParser
2020-09-25 02:45:54,634 INFO o.a.j.p.h.s.HTTPSamplerBase: Parser for text/xml is org.apache.jmeter.protocol.http.parser.LagartoBasedHtmlParser
2020-09-25 02:45:54,634 INFO o.a.j.p.h.s.HTTPSamplerBase: Parser for text/vnd.wap.wml is org.apache.jmeter.protocol.http.parser.RegexpHTMLParser
2020-09-25 02:45:54,634 INFO o.a.j.p.h.s.HTTPSamplerBase: Parser for text/css is org.apache.jmeter.protocol.http.parser.CssParser
2020-09-25 02:45:55,241 INFO o.a.j.e.KeyToolUtils: keytool found at 'keytool'
2020-09-25 02:45:55,241 INFO o.a.j.p.h.p.ProxyControl: HTTP(S) Test Script Recorder SSL Proxy will use keys that support embedded 3rd party resources in file /opt/apache-jmeter-5.1.1/bin/proxyserver.jks
2020-09-25 02:45:55,308 INFO o.a.j.JMeter: Creating summariser <summary>
2020-09-25 02:45:55,325 INFO o.a.j.e.StandardJMeterEngine: Running the test!
2020-09-25 02:45:55,330 INFO o.a.j.s.SampleEvent: List of sample_variables: []
2020-09-25 02:45:55,330 INFO o.a.j.s.SampleEvent: List of sample_variables: []
2020-09-25 02:45:55,355 INFO o.a.j.e.u.CompoundVariable: Note: Function class names must contain the string: '.functions.'
2020-09-25 02:45:55,355 INFO o.a.j.e.u.CompoundVariable: Note: Function class names must not contain the string: '.gui.'
2020-09-25 02:45:56,860 INFO o.a.j.JMeter: Running test (1601001956845)
2020-09-25 02:45:57,111 INFO o.a.j.e.StandardJMeterEngine: Starting ThreadGroup: 1 : Thread Group
2020-09-25 02:45:57,115 INFO o.a.j.e.StandardJMeterEngine: Starting 1 threads for group Thread Group.
2020-09-25 02:45:57,115 INFO o.a.j.e.StandardJMeterEngine: Thread will continue on error
2020-09-25 02:45:57,115 INFO o.a.j.t.ThreadGroup: Starting thread group... number=1 threads=1 ramp-up=1 delayedStart=false
2020-09-25 02:45:57,146 INFO o.a.j.t.ThreadGroup: Started thread group number 1
2020-09-25 02:45:57,146 INFO o.a.j.e.StandardJMeterEngine: All thread groups have been started
2020-09-25 02:45:57,164 INFO o.a.j.s.SampleResult: Note: Sample TimeStamps are START times
2020-09-25 02:45:57,165 INFO o.a.j.s.SampleResult: sampleresult.default.encoding is set to ISO-8859-1
2020-09-25 02:45:57,165 INFO o.a.j.s.SampleResult: sampleresult.useNanoTime=true
2020-09-25 02:45:57,165 INFO o.a.j.s.SampleResult: sampleresult.nanoThreadSleep=5000
2020-09-25 02:45:57,166 INFO o.a.j.t.JMeterThread: Thread started: Thread Group 1-1
2020-09-25 02:45:57,254 INFO o.a.j.p.h.s.HTTPHCAbstractImpl: Local host = jmeter-3fd30246cbb99d54-62wmp
2020-09-25 02:45:57,281 INFO o.a.j.p.h.s.HTTPHC4Impl: HTTP request retry count = 0
2020-09-25 02:45:57,551 INFO o.a.j.p.h.s.h.LazyLayeredConnectionSocketFactory: Setting up HTTPS TrustAll Socket Factory
2020-09-25 02:45:57,579 INFO o.a.j.u.JsseSSLManager: Using default SSL protocol: TLS
2020-09-25 02:45:57,579 INFO o.a.j.u.JsseSSLManager: SSL session context: per-thread
2020-09-25 02:45:57,804 INFO o.a.j.u.SSLManager: JmeterKeyStore Location:  type JKS
2020-09-25 02:45:57,816 INFO o.a.j.u.SSLManager: KeyStore created OK
2020-09-25 02:45:57,816 WARN o.a.j.u.SSLManager: Keystore file not found, loading empty keystore
2020-09-25 02:46:00,089 INFO o.a.j.r.Summariser: summary +      8 in 00:00:03 =    2.5/s Avg:   317 Min:    38 Max:  1576 Err:     0 (0.00%) Active: 1 Started: 1 Finished: 0
2020-09-25 02:46:03,835 INFO o.a.j.t.JMeterThread: Thread is done: Thread Group 1-1
2020-09-25 02:46:03,836 INFO o.a.j.t.JMeterThread: Thread finished: Thread Group 1-1
2020-09-25 02:46:03,842 INFO o.a.j.e.StandardJMeterEngine: Notifying test listeners of end of test
2020-09-25 02:46:03,843 INFO o.a.j.r.Summariser: summary +     13 in 00:00:04 =    3.5/s Avg:   282 Min:    28 Max:  2086 Err:     0 (0.00%) Active: 0 Started: 1 Finished: 1
2020-09-25 02:46:03,843 INFO o.a.j.r.Summariser: summary =     21 in 00:00:07 =    3.0/s Avg:   295 Min:    28 Max:  2086 Err:     0 (0.00%)
