2020-11-17 03:44:23,752 INFO o.a.j.u.JMeterUtils: Setting Locale to en_EN
2020-11-17 03:44:23,814 INFO o.a.j.JMeter: Loading user properties from: /opt/apache-jmeter-5.3/bin/user.properties
2020-11-17 03:44:23,815 INFO o.a.j.JMeter: Loading system properties from: /opt/apache-jmeter-5.3/bin/system.properties
2020-11-17 03:44:23,816 INFO o.a.j.JMeter: Setting JMeter property: gate-url=nightly-oes3-gate.opsmx.com
2020-11-17 03:44:23,822 INFO o.a.j.JMeter: Setting JMeter property: ui-url=nightly-oes3.opsmx.com
2020-11-17 03:44:23,822 INFO o.a.j.JMeter: Setting JMeter property: port=443
2020-11-17 03:44:23,822 INFO o.a.j.JMeter: Setting JMeter property: protocol=https
2020-11-17 03:44:23,822 INFO o.a.j.JMeter: Setting JMeter property: username=user2
2020-11-17 03:44:23,823 INFO o.a.j.JMeter: Setting JMeter property: password=user2password
2020-11-17 03:44:23,823 INFO o.a.j.JMeter: Setting JMeter property: endpoint=opa:8181
2020-11-17 03:44:23,823 INFO o.a.j.JMeter: Setting JMeter property: jmeterengine.force.system.exit=true
2020-11-17 03:44:23,832 INFO o.a.j.JMeter: Copyright (c) 1998-2020 The Apache Software Foundation
2020-11-17 03:44:23,832 INFO o.a.j.JMeter: Version 5.3
2020-11-17 03:44:23,832 INFO o.a.j.JMeter: java.version=1.8.0_252
2020-11-17 03:44:23,832 INFO o.a.j.JMeter: java.vm.name=OpenJDK 64-Bit Server VM
2020-11-17 03:44:23,832 INFO o.a.j.JMeter: os.name=Linux
2020-11-17 03:44:23,832 INFO o.a.j.JMeter: os.arch=amd64
2020-11-17 03:44:23,832 INFO o.a.j.JMeter: os.version=4.15.0-1092-azure
2020-11-17 03:44:23,832 INFO o.a.j.JMeter: file.encoding=UTF-8
2020-11-17 03:44:23,832 INFO o.a.j.JMeter: java.awt.headless=true
2020-11-17 03:44:23,833 INFO o.a.j.JMeter: Max memory     =1073741824
2020-11-17 03:44:23,833 INFO o.a.j.JMeter: Available Processors =1
2020-11-17 03:44:23,872 INFO o.a.j.JMeter: Default Locale=English (EN)
2020-11-17 03:44:23,873 INFO o.a.j.JMeter: JMeter  Locale=English (EN)
2020-11-17 03:44:23,873 INFO o.a.j.JMeter: JMeterHome=/opt/apache-jmeter-5.3
2020-11-17 03:44:23,873 INFO o.a.j.JMeter: user.dir  =/jmeter-testing/jmeter-scripts
2020-11-17 03:44:23,874 INFO o.a.j.JMeter: PWD       =/jmeter-testing/jmeter-scripts
2020-11-17 03:44:23,874 INFO o.a.j.JMeter: IP: 10.244.7.109 Name: jmeter-3fefe911204b2cdb-htsh5 FullName: jmeter-3fefe911204b2cdb-htsh5
2020-11-17 03:44:23,894 INFO o.a.j.s.FileServer: Default base='/jmeter-testing/jmeter-scripts'
2020-11-17 03:44:23,921 INFO o.a.j.s.FileServer: Set new base='/jmeter-testing/jmeter-scripts'
2020-11-17 03:44:24,455 INFO o.a.j.s.SaveService: Testplan (JMX) version: 2.2. Testlog (JTL) version: 2.2
2020-11-17 03:44:24,526 INFO o.a.j.s.SaveService: Using SaveService properties file encoding UTF-8
2020-11-17 03:44:24,543 INFO o.a.j.s.SaveService: Using SaveService properties version 5.0
2020-11-17 03:44:24,556 INFO o.a.j.s.SaveService: Loading file: B-DataSource-OES3.jmx
2020-11-17 03:44:24,662 INFO o.a.j.p.h.c.CookieManager: Settings: Delete null: true Check: true Allow variable: true Save: false Prefix: COOKIE_
2020-11-17 03:44:24,712 INFO o.a.j.p.h.s.HTTPSamplerBase: Parser for text/html is org.apache.jmeter.protocol.http.parser.LagartoBasedHtmlParser
2020-11-17 03:44:24,712 INFO o.a.j.p.h.s.HTTPSamplerBase: Parser for application/xhtml+xml is org.apache.jmeter.protocol.http.parser.LagartoBasedHtmlParser
2020-11-17 03:44:24,712 INFO o.a.j.p.h.s.HTTPSamplerBase: Parser for application/xml is org.apache.jmeter.protocol.http.parser.LagartoBasedHtmlParser
2020-11-17 03:44:24,712 INFO o.a.j.p.h.s.HTTPSamplerBase: Parser for text/xml is org.apache.jmeter.protocol.http.parser.LagartoBasedHtmlParser
2020-11-17 03:44:24,712 INFO o.a.j.p.h.s.HTTPSamplerBase: Parser for text/vnd.wap.wml is org.apache.jmeter.protocol.http.parser.RegexpHTMLParser
2020-11-17 03:44:24,713 INFO o.a.j.p.h.s.HTTPSamplerBase: Parser for text/css is org.apache.jmeter.protocol.http.parser.CssParser
2020-11-17 03:44:25,359 INFO o.a.j.e.KeyToolUtils: keytool found at 'keytool'
2020-11-17 03:44:25,360 INFO o.a.j.p.h.p.ProxyControl: HTTP(S) Test Script Recorder SSL Proxy will use keys that support embedded 3rd party resources in file /opt/apache-jmeter-5.3/bin/proxyserver.jks
2020-11-17 03:44:25,476 INFO o.a.j.JMeter: Creating summariser <summary>
2020-11-17 03:44:25,496 INFO o.a.j.e.StandardJMeterEngine: Running the test!
2020-11-17 03:44:25,497 INFO o.a.j.s.SampleEvent: List of sample_variables: []
2020-11-17 03:44:25,497 INFO o.a.j.s.SampleEvent: List of sample_variables: []
2020-11-17 03:44:25,582 INFO o.a.j.e.u.CompoundVariable: Note: Function class names must contain the string: '.functions.'
2020-11-17 03:44:25,582 INFO o.a.j.e.u.CompoundVariable: Note: Function class names must not contain the string: '.gui.'
2020-11-17 03:44:27,926 INFO o.a.j.JMeter: Running test (1605584667926)
2020-11-17 03:44:28,106 INFO o.a.j.e.StandardJMeterEngine: Starting ThreadGroup: 1 : Thread Group
2020-11-17 03:44:28,106 INFO o.a.j.e.StandardJMeterEngine: Starting 1 threads for group Thread Group.
2020-11-17 03:44:28,106 INFO o.a.j.e.StandardJMeterEngine: Thread will continue on error
2020-11-17 03:44:28,106 INFO o.a.j.t.ThreadGroup: Starting thread group... number=1 threads=1 ramp-up=1 delayedStart=false
2020-11-17 03:44:28,137 INFO o.a.j.t.ThreadGroup: Started thread group number 1
2020-11-17 03:44:28,138 INFO o.a.j.e.StandardJMeterEngine: All thread groups have been started
2020-11-17 03:44:28,148 INFO o.a.j.s.SampleResult: Note: Sample TimeStamps are START times
2020-11-17 03:44:28,148 INFO o.a.j.s.SampleResult: sampleresult.default.encoding is set to ISO-8859-1
2020-11-17 03:44:28,148 INFO o.a.j.s.SampleResult: sampleresult.useNanoTime=true
2020-11-17 03:44:28,148 INFO o.a.j.s.SampleResult: sampleresult.nanoThreadSleep=5000
2020-11-17 03:44:28,162 INFO o.a.j.t.JMeterThread: Thread started: Thread Group 1-1
2020-11-17 03:44:28,216 INFO o.a.j.p.h.s.HTTPHCAbstractImpl: Local host = jmeter-3fefe911204b2cdb-htsh5
2020-11-17 03:44:28,233 INFO o.a.j.p.h.s.HTTPHC4Impl: HTTP request retry count = 0
2020-11-17 03:44:28,504 INFO o.a.j.p.h.s.h.LazyLayeredConnectionSocketFactory: Setting up HTTPS TrustAll Socket Factory
2020-11-17 03:44:28,527 INFO o.a.j.u.JsseSSLManager: Using default SSL protocol: TLS
2020-11-17 03:44:28,527 INFO o.a.j.u.JsseSSLManager: SSL session context: per-thread
2020-11-17 03:44:28,846 INFO o.a.j.u.SSLManager: JmeterKeyStore Location:  type JKS
2020-11-17 03:44:28,856 INFO o.a.j.u.SSLManager: KeyStore created OK
2020-11-17 03:44:28,857 WARN o.a.j.u.SSLManager: Keystore file not found, loading empty keystore
2020-11-17 03:44:30,086 INFO o.a.j.r.Summariser: summary +      6 in 00:00:02 =    2.8/s Avg:   277 Min:    28 Max:  1310 Err:     0 (0.00%) Active: 1 Started: 1 Finished: 0
2020-11-17 03:44:33,263 INFO o.a.j.t.JMeterThread: Thread is done: Thread Group 1-1
2020-11-17 03:44:33,263 INFO o.a.j.t.JMeterThread: Thread finished: Thread Group 1-1
2020-11-17 03:44:33,318 INFO o.a.j.e.StandardJMeterEngine: Notifying test listeners of end of test
2020-11-17 03:44:33,320 INFO o.a.j.r.Summariser: summary +     15 in 00:00:03 =    4.6/s Avg:   209 Min:    48 Max:  1205 Err:     1 (6.67%) Active: 0 Started: 1 Finished: 1
2020-11-17 03:44:33,320 INFO o.a.j.r.Summariser: summary =     21 in 00:00:05 =    3.9/s Avg:   229 Min:    28 Max:  1310 Err:     1 (4.76%)
2020-11-17 03:44:33,321 INFO o.a.j.e.StandardJMeterEngine: Forced JVM shutdown requested at end of test
