2020-11-20 05:41:28,594 INFO o.a.j.u.JMeterUtils: Setting Locale to en_EN
2020-11-20 05:41:28,643 INFO o.a.j.JMeter: Loading user properties from: /opt/apache-jmeter-5.3/bin/user.properties
2020-11-20 05:41:28,643 INFO o.a.j.JMeter: Loading system properties from: /opt/apache-jmeter-5.3/bin/system.properties
2020-11-20 05:41:28,644 INFO o.a.j.JMeter: Setting JMeter property: gate-url=gitpr-gate-nightly.oes.opsmx.com
2020-11-20 05:41:28,644 INFO o.a.j.JMeter: Setting JMeter property: ui-url=gitpr-ui-nightly.oes.opsmx.com
2020-11-20 05:41:28,644 WARN o.a.j.JMeter: Removing JMeter property: port
2020-11-20 05:41:28,644 INFO o.a.j.JMeter: Setting JMeter property: protocol=http
2020-11-20 05:41:28,644 INFO o.a.j.JMeter: Setting JMeter property: username=user2
2020-11-20 05:41:28,644 INFO o.a.j.JMeter: Setting JMeter property: password=user2password
2020-11-20 05:41:28,644 INFO o.a.j.JMeter: Setting JMeter property: endpoint=opa:8181
2020-11-20 05:41:28,644 INFO o.a.j.JMeter: Setting JMeter property: jmeterengine.force.system.exit=true
2020-11-20 05:41:28,651 INFO o.a.j.JMeter: Copyright (c) 1998-2020 The Apache Software Foundation
2020-11-20 05:41:28,651 INFO o.a.j.JMeter: Version 5.3
2020-11-20 05:41:28,651 INFO o.a.j.JMeter: java.version=1.8.0_252
2020-11-20 05:41:28,652 INFO o.a.j.JMeter: java.vm.name=OpenJDK 64-Bit Server VM
2020-11-20 05:41:28,652 INFO o.a.j.JMeter: os.name=Linux
2020-11-20 05:41:28,652 INFO o.a.j.JMeter: os.arch=amd64
2020-11-20 05:41:28,652 INFO o.a.j.JMeter: os.version=4.15.0-1092-azure
2020-11-20 05:41:28,652 INFO o.a.j.JMeter: file.encoding=UTF-8
2020-11-20 05:41:28,652 INFO o.a.j.JMeter: java.awt.headless=true
2020-11-20 05:41:28,652 INFO o.a.j.JMeter: Max memory     =1073741824
2020-11-20 05:41:28,652 INFO o.a.j.JMeter: Available Processors =1
2020-11-20 05:41:28,671 INFO o.a.j.JMeter: Default Locale=English (EN)
2020-11-20 05:41:28,672 INFO o.a.j.JMeter: JMeter  Locale=English (EN)
2020-11-20 05:41:28,672 INFO o.a.j.JMeter: JMeterHome=/opt/apache-jmeter-5.3
2020-11-20 05:41:28,672 INFO o.a.j.JMeter: user.dir  =/jmeter-testing/jmeter-scripts
2020-11-20 05:41:28,672 INFO o.a.j.JMeter: PWD       =/jmeter-testing/jmeter-scripts
2020-11-20 05:41:28,672 INFO o.a.j.JMeter: IP: 10.244.6.252 Name: jmeter-3fe8105256a54a81-rhpnm FullName: jmeter-3fe8105256a54a81-rhpnm
2020-11-20 05:41:28,691 INFO o.a.j.s.FileServer: Default base='/jmeter-testing/jmeter-scripts'
2020-11-20 05:41:28,703 INFO o.a.j.s.FileServer: Set new base='/jmeter-testing/jmeter-scripts'
2020-11-20 05:41:29,211 INFO o.a.j.s.SaveService: Testplan (JMX) version: 2.2. Testlog (JTL) version: 2.2
2020-11-20 05:41:29,299 INFO o.a.j.s.SaveService: Using SaveService properties file encoding UTF-8
2020-11-20 05:41:29,311 INFO o.a.j.s.SaveService: Using SaveService properties version 5.0
2020-11-20 05:41:29,329 INFO o.a.j.s.SaveService: Loading file: B-DataSource-OES3.jmx
2020-11-20 05:41:29,427 INFO o.a.j.p.h.c.CookieManager: Settings: Delete null: true Check: true Allow variable: true Save: false Prefix: COOKIE_
2020-11-20 05:41:29,468 INFO o.a.j.p.h.s.HTTPSamplerBase: Parser for text/html is org.apache.jmeter.protocol.http.parser.LagartoBasedHtmlParser
2020-11-20 05:41:29,468 INFO o.a.j.p.h.s.HTTPSamplerBase: Parser for application/xhtml+xml is org.apache.jmeter.protocol.http.parser.LagartoBasedHtmlParser
2020-11-20 05:41:29,468 INFO o.a.j.p.h.s.HTTPSamplerBase: Parser for application/xml is org.apache.jmeter.protocol.http.parser.LagartoBasedHtmlParser
2020-11-20 05:41:29,468 INFO o.a.j.p.h.s.HTTPSamplerBase: Parser for text/xml is org.apache.jmeter.protocol.http.parser.LagartoBasedHtmlParser
2020-11-20 05:41:29,468 INFO o.a.j.p.h.s.HTTPSamplerBase: Parser for text/vnd.wap.wml is org.apache.jmeter.protocol.http.parser.RegexpHTMLParser
2020-11-20 05:41:29,468 INFO o.a.j.p.h.s.HTTPSamplerBase: Parser for text/css is org.apache.jmeter.protocol.http.parser.CssParser
2020-11-20 05:41:30,102 INFO o.a.j.e.KeyToolUtils: keytool found at 'keytool'
2020-11-20 05:41:30,103 INFO o.a.j.p.h.p.ProxyControl: HTTP(S) Test Script Recorder SSL Proxy will use keys that support embedded 3rd party resources in file /opt/apache-jmeter-5.3/bin/proxyserver.jks
2020-11-20 05:41:30,220 INFO o.a.j.JMeter: Creating summariser <summary>
2020-11-20 05:41:30,308 INFO o.a.j.e.StandardJMeterEngine: Running the test!
2020-11-20 05:41:30,309 INFO o.a.j.s.SampleEvent: List of sample_variables: []
2020-11-20 05:41:30,309 INFO o.a.j.s.SampleEvent: List of sample_variables: []
2020-11-20 05:41:30,322 INFO o.a.j.e.u.CompoundVariable: Note: Function class names must contain the string: '.functions.'
2020-11-20 05:41:30,322 INFO o.a.j.e.u.CompoundVariable: Note: Function class names must not contain the string: '.gui.'
2020-11-20 05:41:31,408 INFO o.a.j.JMeter: Running test (1605850891408)
2020-11-20 05:41:31,553 INFO o.a.j.e.StandardJMeterEngine: Starting ThreadGroup: 1 : Thread Group
2020-11-20 05:41:31,554 INFO o.a.j.e.StandardJMeterEngine: Starting 1 threads for group Thread Group.
2020-11-20 05:41:31,554 INFO o.a.j.e.StandardJMeterEngine: Thread will continue on error
2020-11-20 05:41:31,554 INFO o.a.j.t.ThreadGroup: Starting thread group... number=1 threads=1 ramp-up=1 delayedStart=false
2020-11-20 05:41:31,570 INFO o.a.j.t.ThreadGroup: Started thread group number 1
2020-11-20 05:41:31,570 INFO o.a.j.e.StandardJMeterEngine: All thread groups have been started
2020-11-20 05:41:31,599 INFO o.a.j.s.SampleResult: Note: Sample TimeStamps are START times
2020-11-20 05:41:31,599 INFO o.a.j.s.SampleResult: sampleresult.default.encoding is set to ISO-8859-1
2020-11-20 05:41:31,599 INFO o.a.j.s.SampleResult: sampleresult.useNanoTime=true
2020-11-20 05:41:31,600 INFO o.a.j.s.SampleResult: sampleresult.nanoThreadSleep=5000
2020-11-20 05:41:31,608 INFO o.a.j.t.JMeterThread: Thread started: Thread Group 1-1
2020-11-20 05:41:31,659 INFO o.a.j.p.h.s.HTTPHCAbstractImpl: Local host = jmeter-3fe8105256a54a81-rhpnm
2020-11-20 05:41:31,677 INFO o.a.j.p.h.s.HTTPHC4Impl: HTTP request retry count = 0
2020-11-20 05:41:32,076 INFO o.a.j.r.Summariser: summary +      1 in 00:00:01 =    1.5/s Avg:   213 Min:   213 Max:   213 Err:     0 (0.00%) Active: 1 Started: 1 Finished: 0
2020-11-20 05:41:36,992 INFO o.a.j.t.JMeterThread: Thread is done: Thread Group 1-1
2020-11-20 05:41:36,992 INFO o.a.j.t.JMeterThread: Thread finished: Thread Group 1-1
2020-11-20 05:41:36,994 INFO o.a.j.e.StandardJMeterEngine: Notifying test listeners of end of test
2020-11-20 05:41:36,995 INFO o.a.j.r.Summariser: summary +     20 in 00:00:05 =    4.1/s Avg:   243 Min:    25 Max:  1643 Err:     0 (0.00%) Active: 0 Started: 1 Finished: 1
2020-11-20 05:41:36,995 INFO o.a.j.r.Summariser: summary =     21 in 00:00:06 =    3.8/s Avg:   242 Min:    25 Max:  1643 Err:     0 (0.00%)
2020-11-20 05:41:36,996 INFO o.a.j.e.StandardJMeterEngine: Forced JVM shutdown requested at end of test
