2020-12-11 07:41:44,892 INFO o.a.j.u.JMeterUtils: Setting Locale to en_EN
2020-12-11 07:41:44,912 INFO o.a.j.JMeter: Loading user properties from: /opt/apache-jmeter-5.3/bin/user.properties
2020-12-11 07:41:44,912 INFO o.a.j.JMeter: Loading system properties from: /opt/apache-jmeter-5.3/bin/system.properties
2020-12-11 07:41:44,913 INFO o.a.j.JMeter: Setting JMeter property: gate-url=gitpr-gate-nightly.oes.opsmx.com
2020-12-11 07:41:44,913 INFO o.a.j.JMeter: Setting JMeter property: ui-url=gitpr-ui-nightly.oes.opsmx.com
2020-12-11 07:41:44,913 WARN o.a.j.JMeter: Removing JMeter property: port
2020-12-11 07:41:44,913 INFO o.a.j.JMeter: Setting JMeter property: protocol=http
2020-12-11 07:41:44,914 INFO o.a.j.JMeter: Setting JMeter property: username=user2
2020-12-11 07:41:44,914 INFO o.a.j.JMeter: Setting JMeter property: password=user2password
2020-12-11 07:41:44,914 INFO o.a.j.JMeter: Setting JMeter property: endpoint=opa:8181
2020-12-11 07:41:44,914 INFO o.a.j.JMeter: Setting JMeter property: jmeterengine.force.system.exit=true
2020-12-11 07:41:44,916 INFO o.a.j.JMeter: Copyright (c) 1998-2020 The Apache Software Foundation
2020-12-11 07:41:44,916 INFO o.a.j.JMeter: Version 5.3
2020-12-11 07:41:44,916 INFO o.a.j.JMeter: java.version=1.8.0_252
2020-12-11 07:41:44,916 INFO o.a.j.JMeter: java.vm.name=OpenJDK 64-Bit Server VM
2020-12-11 07:41:44,917 INFO o.a.j.JMeter: os.name=Linux
2020-12-11 07:41:44,917 INFO o.a.j.JMeter: os.arch=amd64
2020-12-11 07:41:44,917 INFO o.a.j.JMeter: os.version=4.15.0-1098-azure
2020-12-11 07:41:44,917 INFO o.a.j.JMeter: file.encoding=UTF-8
2020-12-11 07:41:44,917 INFO o.a.j.JMeter: java.awt.headless=true
2020-12-11 07:41:44,917 INFO o.a.j.JMeter: Max memory     =1073741824
2020-12-11 07:41:44,918 INFO o.a.j.JMeter: Available Processors =1
2020-12-11 07:41:44,928 INFO o.a.j.JMeter: Default Locale=English (EN)
2020-12-11 07:41:44,929 INFO o.a.j.JMeter: JMeter  Locale=English (EN)
2020-12-11 07:41:44,929 INFO o.a.j.JMeter: JMeterHome=/opt/apache-jmeter-5.3
2020-12-11 07:41:44,929 INFO o.a.j.JMeter: user.dir  =/jmeter-testing/jmeter-scripts
2020-12-11 07:41:44,929 INFO o.a.j.JMeter: PWD       =/jmeter-testing/jmeter-scripts
2020-12-11 07:41:44,930 INFO o.a.j.JMeter: IP: 10.244.19.210 Name: jmeter-3fda9cbd0ac2979e-96ws7 FullName: jmeter-3fda9cbd0ac2979e-96ws7
2020-12-11 07:41:44,938 INFO o.a.j.s.FileServer: Default base='/jmeter-testing/jmeter-scripts'
2020-12-11 07:41:44,948 INFO o.a.j.s.FileServer: Set new base='/jmeter-testing/jmeter-scripts'
2020-12-11 07:41:45,160 INFO o.a.j.s.SaveService: Testplan (JMX) version: 2.2. Testlog (JTL) version: 2.2
2020-12-11 07:41:45,194 INFO o.a.j.s.SaveService: Using SaveService properties file encoding UTF-8
2020-12-11 07:41:45,200 INFO o.a.j.s.SaveService: Using SaveService properties version 5.0
2020-12-11 07:41:45,208 INFO o.a.j.s.SaveService: Loading file: G-sonarqube-create-delete.jmx
2020-12-11 07:41:45,256 INFO o.a.j.p.h.c.CookieManager: Settings: Delete null: true Check: true Allow variable: true Save: false Prefix: COOKIE_
2020-12-11 07:41:45,281 INFO o.a.j.p.h.s.HTTPSamplerBase: Parser for text/html is org.apache.jmeter.protocol.http.parser.LagartoBasedHtmlParser
2020-12-11 07:41:45,281 INFO o.a.j.p.h.s.HTTPSamplerBase: Parser for application/xhtml+xml is org.apache.jmeter.protocol.http.parser.LagartoBasedHtmlParser
2020-12-11 07:41:45,282 INFO o.a.j.p.h.s.HTTPSamplerBase: Parser for application/xml is org.apache.jmeter.protocol.http.parser.LagartoBasedHtmlParser
2020-12-11 07:41:45,282 INFO o.a.j.p.h.s.HTTPSamplerBase: Parser for text/xml is org.apache.jmeter.protocol.http.parser.LagartoBasedHtmlParser
2020-12-11 07:41:45,282 INFO o.a.j.p.h.s.HTTPSamplerBase: Parser for text/vnd.wap.wml is org.apache.jmeter.protocol.http.parser.RegexpHTMLParser
2020-12-11 07:41:45,282 INFO o.a.j.p.h.s.HTTPSamplerBase: Parser for text/css is org.apache.jmeter.protocol.http.parser.CssParser
2020-12-11 07:41:45,684 INFO o.a.j.e.KeyToolUtils: keytool found at 'keytool'
2020-12-11 07:41:45,685 INFO o.a.j.p.h.p.ProxyControl: HTTP(S) Test Script Recorder SSL Proxy will use keys that support embedded 3rd party resources in file /opt/apache-jmeter-5.3/bin/proxyserver.jks
2020-12-11 07:41:45,734 INFO o.a.j.JMeter: Creating summariser <summary>
2020-12-11 07:41:45,742 INFO o.a.j.e.StandardJMeterEngine: Running the test!
2020-12-11 07:41:45,743 INFO o.a.j.s.SampleEvent: List of sample_variables: []
2020-12-11 07:41:45,743 INFO o.a.j.s.SampleEvent: List of sample_variables: []
2020-12-11 07:41:45,749 INFO o.a.j.e.u.CompoundVariable: Note: Function class names must contain the string: '.functions.'
2020-12-11 07:41:45,750 INFO o.a.j.e.u.CompoundVariable: Note: Function class names must not contain the string: '.gui.'
2020-12-11 07:41:46,307 INFO o.a.j.JMeter: Running test (1607672506307)
2020-12-11 07:41:46,402 INFO o.a.j.e.StandardJMeterEngine: Starting ThreadGroup: 1 : Thread Group
2020-12-11 07:41:46,403 INFO o.a.j.e.StandardJMeterEngine: Starting 1 threads for group Thread Group.
2020-12-11 07:41:46,403 INFO o.a.j.e.StandardJMeterEngine: Thread will continue on error
2020-12-11 07:41:46,403 INFO o.a.j.t.ThreadGroup: Starting thread group... number=1 threads=1 ramp-up=1 delayedStart=false
2020-12-11 07:41:46,421 INFO o.a.j.t.ThreadGroup: Started thread group number 1
2020-12-11 07:41:46,421 INFO o.a.j.e.StandardJMeterEngine: All thread groups have been started
2020-12-11 07:41:46,425 INFO o.a.j.s.SampleResult: Note: Sample TimeStamps are START times
2020-12-11 07:41:46,426 INFO o.a.j.s.SampleResult: sampleresult.default.encoding is set to ISO-8859-1
2020-12-11 07:41:46,426 INFO o.a.j.s.SampleResult: sampleresult.useNanoTime=true
2020-12-11 07:41:46,426 INFO o.a.j.s.SampleResult: sampleresult.nanoThreadSleep=5000
2020-12-11 07:41:46,436 INFO o.a.j.t.JMeterThread: Thread started: Thread Group 1-1
2020-12-11 07:41:46,476 INFO o.a.j.p.h.s.HTTPHCAbstractImpl: Local host = jmeter-3fda9cbd0ac2979e-96ws7
2020-12-11 07:41:46,488 INFO o.a.j.p.h.s.HTTPHC4Impl: HTTP request retry count = 0
2020-12-11 07:41:46,627 INFO o.a.j.p.h.s.h.LazyLayeredConnectionSocketFactory: Setting up HTTPS TrustAll Socket Factory
2020-12-11 07:41:46,636 INFO o.a.j.u.JsseSSLManager: Using default SSL protocol: TLS
2020-12-11 07:41:46,637 INFO o.a.j.u.JsseSSLManager: SSL session context: per-thread
2020-12-11 07:41:46,704 INFO o.a.j.u.SSLManager: JmeterKeyStore Location:  type JKS
2020-12-11 07:41:46,707 INFO o.a.j.u.SSLManager: KeyStore created OK
2020-12-11 07:41:46,708 WARN o.a.j.u.SSLManager: Keystore file not found, loading empty keystore
2020-12-11 07:42:01,376 INFO o.a.j.r.Summariser: summary +     55 in 00:00:15 =    3.7/s Avg:    48 Min:     3 Max:   409 Err:     4 (7.27%) Active: 1 Started: 1 Finished: 0
2020-12-11 07:42:16,476 INFO o.a.j.t.JMeterThread: Thread is done: Thread Group 1-1
2020-12-11 07:42:16,476 INFO o.a.j.t.JMeterThread: Thread finished: Thread Group 1-1
2020-12-11 07:42:16,478 INFO o.a.j.e.StandardJMeterEngine: Notifying test listeners of end of test
2020-12-11 07:42:16,479 INFO o.a.j.r.Summariser: summary +      5 in 00:00:15 =    0.3/s Avg:    18 Min:     6 Max:    27 Err:     0 (0.00%) Active: 0 Started: 1 Finished: 1
2020-12-11 07:42:16,479 INFO o.a.j.r.Summariser: summary =     60 in 00:00:30 =    2.0/s Avg:    46 Min:     3 Max:   409 Err:     4 (6.67%)
2020-12-11 07:42:16,480 INFO o.a.j.e.StandardJMeterEngine: Forced JVM shutdown requested at end of test
