2020-10-08 07:16:47,428 INFO o.a.j.u.JMeterUtils: Setting Locale to en_EN
2020-10-08 07:16:47,536 INFO o.a.j.JMeter: Loading user properties from: /opt/apache-jmeter-5.1.1/bin/user.properties
2020-10-08 07:16:47,536 INFO o.a.j.JMeter: Loading system properties from: /opt/apache-jmeter-5.1.1/bin/system.properties
2020-10-08 07:16:47,537 INFO o.a.j.JMeter: Setting JMeter property: gate-url=gitpr-gate-nightly.oes.opsmx.com
2020-10-08 07:16:47,537 INFO o.a.j.JMeter: Setting JMeter property: ui-url=gitpr-ui-nightly.oes.opsmx.com
2020-10-08 07:16:47,537 WARN o.a.j.JMeter: Removing JMeter property: port
2020-10-08 07:16:47,537 INFO o.a.j.JMeter: Setting JMeter property: protocol=http
2020-10-08 07:16:47,537 INFO o.a.j.JMeter: Setting JMeter property: username=user2
2020-10-08 07:16:47,537 INFO o.a.j.JMeter: Setting JMeter property: password=user2password
2020-10-08 07:16:47,537 INFO o.a.j.JMeter: Setting JMeter property: endpoint=opa:8181
2020-10-08 07:16:47,574 INFO o.a.j.JMeter: Copyright (c) 1998-2019 The Apache Software Foundation
2020-10-08 07:16:47,574 INFO o.a.j.JMeter: Version 5.1.1 r1855137
2020-10-08 07:16:47,574 INFO o.a.j.JMeter: java.version=1.8.0_222
2020-10-08 07:16:47,574 INFO o.a.j.JMeter: java.vm.name=OpenJDK 64-Bit Server VM
2020-10-08 07:16:47,574 INFO o.a.j.JMeter: os.name=Linux
2020-10-08 07:16:47,574 INFO o.a.j.JMeter: os.arch=amd64
2020-10-08 07:16:47,575 INFO o.a.j.JMeter: os.version=4.15.0-1092-azure
2020-10-08 07:16:47,575 INFO o.a.j.JMeter: file.encoding=UTF-8
2020-10-08 07:16:47,575 INFO o.a.j.JMeter: java.awt.headless=true
2020-10-08 07:16:47,575 INFO o.a.j.JMeter: Max memory     =1073741824
2020-10-08 07:16:47,575 INFO o.a.j.JMeter: Available Processors =1
2020-10-08 07:16:47,602 INFO o.a.j.JMeter: Default Locale=English (EN)
2020-10-08 07:16:47,602 INFO o.a.j.JMeter: JMeter  Locale=English (EN)
2020-10-08 07:16:47,602 INFO o.a.j.JMeter: JMeterHome=/opt/apache-jmeter-5.1.1
2020-10-08 07:16:47,602 INFO o.a.j.JMeter: user.dir  =/jmeter-testing/jmeter-scripts
2020-10-08 07:16:47,603 INFO o.a.j.JMeter: PWD       =/jmeter-testing/jmeter-scripts
2020-10-08 07:16:47,603 INFO o.a.j.JMeter: IP: 10.244.1.121 Name: jmeter-3feea5468903c3b5-6ccpt FullName: jmeter-3feea5468903c3b5-6ccpt
2020-10-08 07:16:47,631 INFO o.a.j.s.FileServer: Default base='/jmeter-testing/jmeter-scripts'
2020-10-08 07:16:47,644 INFO o.a.j.s.FileServer: Set new base='/jmeter-testing/jmeter-scripts'
2020-10-08 07:16:48,815 INFO o.a.j.s.SaveService: Testplan (JMX) version: 2.2. Testlog (JTL) version: 2.2
2020-10-08 07:16:48,870 INFO o.a.j.s.SaveService: Using SaveService properties file encoding UTF-8
2020-10-08 07:16:48,887 INFO o.a.j.s.SaveService: Using SaveService properties version 5.0
2020-10-08 07:16:48,906 INFO o.a.j.s.SaveService: Loading file: B-DataSource-OES3.jmx
2020-10-08 07:16:49,175 INFO o.a.j.p.h.c.CookieManager: Settings: Delete null: true Check: true Allow variable: true Save: false Prefix: COOKIE_
2020-10-08 07:16:49,663 INFO o.a.j.p.h.s.HTTPSamplerBase: Parser for text/html is org.apache.jmeter.protocol.http.parser.LagartoBasedHtmlParser
2020-10-08 07:16:49,663 INFO o.a.j.p.h.s.HTTPSamplerBase: Parser for application/xhtml+xml is org.apache.jmeter.protocol.http.parser.LagartoBasedHtmlParser
2020-10-08 07:16:49,664 INFO o.a.j.p.h.s.HTTPSamplerBase: Parser for application/xml is org.apache.jmeter.protocol.http.parser.LagartoBasedHtmlParser
2020-10-08 07:16:49,664 INFO o.a.j.p.h.s.HTTPSamplerBase: Parser for text/xml is org.apache.jmeter.protocol.http.parser.LagartoBasedHtmlParser
2020-10-08 07:16:49,664 INFO o.a.j.p.h.s.HTTPSamplerBase: Parser for text/vnd.wap.wml is org.apache.jmeter.protocol.http.parser.RegexpHTMLParser
2020-10-08 07:16:49,664 INFO o.a.j.p.h.s.HTTPSamplerBase: Parser for text/css is org.apache.jmeter.protocol.http.parser.CssParser
2020-10-08 07:16:51,400 INFO o.a.j.e.KeyToolUtils: keytool found at 'keytool'
2020-10-08 07:16:51,406 INFO o.a.j.p.h.p.ProxyControl: HTTP(S) Test Script Recorder SSL Proxy will use keys that support embedded 3rd party resources in file /opt/apache-jmeter-5.1.1/bin/proxyserver.jks
2020-10-08 07:16:51,664 INFO o.a.j.JMeter: Creating summariser <summary>
2020-10-08 07:16:51,688 INFO o.a.j.e.StandardJMeterEngine: Running the test!
2020-10-08 07:16:51,698 INFO o.a.j.s.SampleEvent: List of sample_variables: []
2020-10-08 07:16:51,698 INFO o.a.j.s.SampleEvent: List of sample_variables: []
2020-10-08 07:16:51,761 INFO o.a.j.e.u.CompoundVariable: Note: Function class names must contain the string: '.functions.'
2020-10-08 07:16:51,761 INFO o.a.j.e.u.CompoundVariable: Note: Function class names must not contain the string: '.gui.'
2020-10-08 07:16:55,079 INFO o.a.j.JMeter: Running test (1602141415079)
2020-10-08 07:16:55,566 INFO o.a.j.e.StandardJMeterEngine: Starting ThreadGroup: 1 : Thread Group
2020-10-08 07:16:55,566 INFO o.a.j.e.StandardJMeterEngine: Starting 1 threads for group Thread Group.
2020-10-08 07:16:55,566 INFO o.a.j.e.StandardJMeterEngine: Thread will continue on error
2020-10-08 07:16:55,567 INFO o.a.j.t.ThreadGroup: Starting thread group... number=1 threads=1 ramp-up=1 delayedStart=false
2020-10-08 07:16:55,696 INFO o.a.j.t.ThreadGroup: Started thread group number 1
2020-10-08 07:16:55,696 INFO o.a.j.e.StandardJMeterEngine: All thread groups have been started
2020-10-08 07:16:55,814 INFO o.a.j.s.SampleResult: Note: Sample TimeStamps are START times
2020-10-08 07:16:55,815 INFO o.a.j.s.SampleResult: sampleresult.default.encoding is set to ISO-8859-1
2020-10-08 07:16:55,815 INFO o.a.j.s.SampleResult: sampleresult.useNanoTime=true
2020-10-08 07:16:55,815 INFO o.a.j.s.SampleResult: sampleresult.nanoThreadSleep=5000
2020-10-08 07:16:55,842 INFO o.a.j.t.JMeterThread: Thread started: Thread Group 1-1
2020-10-08 07:16:56,286 INFO o.a.j.p.h.s.HTTPHCAbstractImpl: Local host = jmeter-3feea5468903c3b5-6ccpt
2020-10-08 07:16:56,333 INFO o.a.j.p.h.s.HTTPHC4Impl: HTTP request retry count = 0
2020-10-08 07:17:00,103 INFO o.a.j.r.Summariser: summary +      9 in 00:00:05 =    1.8/s Avg:   195 Min:    63 Max:   659 Err:     0 (0.00%) Active: 1 Started: 1 Finished: 0
2020-10-08 07:17:06,718 INFO o.a.j.t.JMeterThread: Thread is done: Thread Group 1-1
2020-10-08 07:17:06,718 INFO o.a.j.t.JMeterThread: Thread finished: Thread Group 1-1
2020-10-08 07:17:06,719 INFO o.a.j.e.StandardJMeterEngine: Notifying test listeners of end of test
2020-10-08 07:17:06,720 INFO o.a.j.r.Summariser: summary +     12 in 00:00:07 =    1.8/s Avg:   534 Min:    39 Max:  4097 Err:     0 (0.00%) Active: 0 Started: 1 Finished: 1
2020-10-08 07:17:06,720 INFO o.a.j.r.Summariser: summary =     21 in 00:00:12 =    1.8/s Avg:   389 Min:    39 Max:  4097 Err:     0 (0.00%)
