2020-11-04 02:51:36,528 INFO o.a.j.u.JMeterUtils: Setting Locale to en_EN
2020-11-04 02:51:36,580 INFO o.a.j.JMeter: Loading user properties from: /opt/apache-jmeter-5.3/bin/user.properties
2020-11-04 02:51:36,580 INFO o.a.j.JMeter: Loading system properties from: /opt/apache-jmeter-5.3/bin/system.properties
2020-11-04 02:51:36,580 INFO o.a.j.JMeter: Setting JMeter property: gate-url=nightly-oes3-gate.opsmx.com
2020-11-04 02:51:36,580 INFO o.a.j.JMeter: Setting JMeter property: ui-url=nightly-oes3.opsmx.com
2020-11-04 02:51:36,581 INFO o.a.j.JMeter: Setting JMeter property: port=443
2020-11-04 02:51:36,581 INFO o.a.j.JMeter: Setting JMeter property: protocol=https
2020-11-04 02:51:36,581 INFO o.a.j.JMeter: Setting JMeter property: username=user2
2020-11-04 02:51:36,581 INFO o.a.j.JMeter: Setting JMeter property: password=user2password
2020-11-04 02:51:36,581 INFO o.a.j.JMeter: Setting JMeter property: endpoint=opa:8181
2020-11-04 02:51:36,581 INFO o.a.j.JMeter: Setting JMeter property: jmeterengine.force.system.exit=true
2020-11-04 02:51:36,588 INFO o.a.j.JMeter: Copyright (c) 1998-2020 The Apache Software Foundation
2020-11-04 02:51:36,588 INFO o.a.j.JMeter: Version 5.3
2020-11-04 02:51:36,588 INFO o.a.j.JMeter: java.version=1.8.0_252
2020-11-04 02:51:36,588 INFO o.a.j.JMeter: java.vm.name=OpenJDK 64-Bit Server VM
2020-11-04 02:51:36,588 INFO o.a.j.JMeter: os.name=Linux
2020-11-04 02:51:36,589 INFO o.a.j.JMeter: os.arch=amd64
2020-11-04 02:51:36,589 INFO o.a.j.JMeter: os.version=4.15.0-1092-azure
2020-11-04 02:51:36,589 INFO o.a.j.JMeter: file.encoding=UTF-8
2020-11-04 02:51:36,589 INFO o.a.j.JMeter: java.awt.headless=true
2020-11-04 02:51:36,589 INFO o.a.j.JMeter: Max memory     =1073741824
2020-11-04 02:51:36,589 INFO o.a.j.JMeter: Available Processors =1
2020-11-04 02:51:36,601 INFO o.a.j.JMeter: Default Locale=English (EN)
2020-11-04 02:51:36,607 INFO o.a.j.JMeter: JMeter  Locale=English (EN)
2020-11-04 02:51:36,607 INFO o.a.j.JMeter: JMeterHome=/opt/apache-jmeter-5.3
2020-11-04 02:51:36,607 INFO o.a.j.JMeter: user.dir  =/jmeter-testing/jmeter-scripts
2020-11-04 02:51:36,608 INFO o.a.j.JMeter: PWD       =/jmeter-testing/jmeter-scripts
2020-11-04 02:51:36,608 INFO o.a.j.JMeter: IP: 10.244.6.122 Name: jmeter-3fea0ea19d053059-kjdz9 FullName: jmeter-3fea0ea19d053059-kjdz9
2020-11-04 02:51:36,620 INFO o.a.j.s.FileServer: Default base='/jmeter-testing/jmeter-scripts'
2020-11-04 02:51:36,638 INFO o.a.j.s.FileServer: Set new base='/jmeter-testing/jmeter-scripts'
2020-11-04 02:51:37,217 INFO o.a.j.s.SaveService: Testplan (JMX) version: 2.2. Testlog (JTL) version: 2.2
2020-11-04 02:51:37,283 INFO o.a.j.s.SaveService: Using SaveService properties file encoding UTF-8
2020-11-04 02:51:37,294 INFO o.a.j.s.SaveService: Using SaveService properties version 5.0
2020-11-04 02:51:37,313 INFO o.a.j.s.SaveService: Loading file: C-Application-creation.jmx
2020-11-04 02:51:37,404 INFO o.a.j.p.h.c.CookieManager: Settings: Delete null: true Check: true Allow variable: true Save: false Prefix: COOKIE_
2020-11-04 02:51:37,452 INFO o.a.j.p.h.s.HTTPSamplerBase: Parser for text/html is org.apache.jmeter.protocol.http.parser.LagartoBasedHtmlParser
2020-11-04 02:51:37,452 INFO o.a.j.p.h.s.HTTPSamplerBase: Parser for application/xhtml+xml is org.apache.jmeter.protocol.http.parser.LagartoBasedHtmlParser
2020-11-04 02:51:37,452 INFO o.a.j.p.h.s.HTTPSamplerBase: Parser for application/xml is org.apache.jmeter.protocol.http.parser.LagartoBasedHtmlParser
2020-11-04 02:51:37,452 INFO o.a.j.p.h.s.HTTPSamplerBase: Parser for text/xml is org.apache.jmeter.protocol.http.parser.LagartoBasedHtmlParser
2020-11-04 02:51:37,452 INFO o.a.j.p.h.s.HTTPSamplerBase: Parser for text/vnd.wap.wml is org.apache.jmeter.protocol.http.parser.RegexpHTMLParser
2020-11-04 02:51:37,452 INFO o.a.j.p.h.s.HTTPSamplerBase: Parser for text/css is org.apache.jmeter.protocol.http.parser.CssParser
2020-11-04 02:51:38,721 INFO o.a.j.e.KeyToolUtils: keytool found at 'keytool'
2020-11-04 02:51:38,722 INFO o.a.j.p.h.p.ProxyControl: HTTP(S) Test Script Recorder SSL Proxy will use keys that support embedded 3rd party resources in file /opt/apache-jmeter-5.3/bin/proxyserver.jks
2020-11-04 02:51:38,859 INFO o.a.j.JMeter: Creating summariser <summary>
2020-11-04 02:51:38,878 INFO o.a.j.e.StandardJMeterEngine: Running the test!
2020-11-04 02:51:38,880 INFO o.a.j.s.SampleEvent: List of sample_variables: []
2020-11-04 02:51:38,884 INFO o.a.j.s.SampleEvent: List of sample_variables: []
2020-11-04 02:51:38,897 INFO o.a.j.e.u.CompoundVariable: Note: Function class names must contain the string: '.functions.'
2020-11-04 02:51:38,897 INFO o.a.j.e.u.CompoundVariable: Note: Function class names must not contain the string: '.gui.'
2020-11-04 02:51:39,988 INFO o.a.j.JMeter: Running test (1604458299988)
2020-11-04 02:51:40,277 INFO o.a.j.e.StandardJMeterEngine: Starting ThreadGroup: 1 : Thread Group
2020-11-04 02:51:40,278 INFO o.a.j.e.StandardJMeterEngine: Starting 1 threads for group Thread Group.
2020-11-04 02:51:40,278 INFO o.a.j.e.StandardJMeterEngine: Thread will continue on error
2020-11-04 02:51:40,278 INFO o.a.j.t.ThreadGroup: Starting thread group... number=1 threads=1 ramp-up=1 delayedStart=false
2020-11-04 02:51:40,323 INFO o.a.j.t.ThreadGroup: Started thread group number 1
2020-11-04 02:51:40,324 INFO o.a.j.e.StandardJMeterEngine: All thread groups have been started
2020-11-04 02:51:40,343 INFO o.a.j.s.SampleResult: Note: Sample TimeStamps are START times
2020-11-04 02:51:40,343 INFO o.a.j.s.SampleResult: sampleresult.default.encoding is set to ISO-8859-1
2020-11-04 02:51:40,343 INFO o.a.j.s.SampleResult: sampleresult.useNanoTime=true
2020-11-04 02:51:40,343 INFO o.a.j.s.SampleResult: sampleresult.nanoThreadSleep=5000
2020-11-04 02:51:40,363 INFO o.a.j.t.JMeterThread: Thread started: Thread Group 1-1
2020-11-04 02:51:40,452 INFO o.a.j.p.h.s.HTTPHCAbstractImpl: Local host = jmeter-3fea0ea19d053059-kjdz9
2020-11-04 02:51:40,501 INFO o.a.j.p.h.s.HTTPHC4Impl: HTTP request retry count = 0
2020-11-04 02:51:40,782 INFO o.a.j.p.h.s.h.LazyLayeredConnectionSocketFactory: Setting up HTTPS TrustAll Socket Factory
2020-11-04 02:51:40,809 INFO o.a.j.u.JsseSSLManager: Using default SSL protocol: TLS
2020-11-04 02:51:40,809 INFO o.a.j.u.JsseSSLManager: SSL session context: per-thread
2020-11-04 02:51:40,971 INFO o.a.j.u.SSLManager: JmeterKeyStore Location:  type JKS
2020-11-04 02:51:40,980 INFO o.a.j.u.SSLManager: KeyStore created OK
2020-11-04 02:51:40,980 WARN o.a.j.u.SSLManager: Keystore file not found, loading empty keystore
2020-11-04 02:51:46,908 INFO o.a.j.t.JMeterThread: Thread is done: Thread Group 1-1
2020-11-04 02:51:46,908 INFO o.a.j.t.JMeterThread: Thread finished: Thread Group 1-1
2020-11-04 02:51:46,909 INFO o.a.j.e.StandardJMeterEngine: Notifying test listeners of end of test
2020-11-04 02:51:47,046 INFO o.a.j.r.Summariser: summary =     56 in 00:00:07 =    7.9/s Avg:   109 Min:    10 Max:   997 Err:     0 (0.00%)
2020-11-04 02:51:47,053 INFO o.a.j.e.StandardJMeterEngine: Forced JVM shutdown requested at end of test
