2020-11-14 03:47:23,873 INFO o.a.j.u.JMeterUtils: Setting Locale to en_EN
2020-11-14 03:47:23,963 INFO o.a.j.JMeter: Loading user properties from: /opt/apache-jmeter-5.3/bin/user.properties
2020-11-14 03:47:23,974 INFO o.a.j.JMeter: Loading system properties from: /opt/apache-jmeter-5.3/bin/system.properties
2020-11-14 03:47:23,974 INFO o.a.j.JMeter: Setting JMeter property: gate-url=nightly-oes3-gate.opsmx.com
2020-11-14 03:47:23,975 INFO o.a.j.JMeter: Setting JMeter property: ui-url=nightly-oes3.opsmx.com
2020-11-14 03:47:23,975 INFO o.a.j.JMeter: Setting JMeter property: port=443
2020-11-14 03:47:23,975 INFO o.a.j.JMeter: Setting JMeter property: protocol=https
2020-11-14 03:47:23,975 INFO o.a.j.JMeter: Setting JMeter property: username=user2
2020-11-14 03:47:23,975 INFO o.a.j.JMeter: Setting JMeter property: password=user2password
2020-11-14 03:47:23,975 INFO o.a.j.JMeter: Setting JMeter property: endpoint=opa:8181
2020-11-14 03:47:23,975 INFO o.a.j.JMeter: Setting JMeter property: jmeterengine.force.system.exit=true
2020-11-14 03:47:23,981 INFO o.a.j.JMeter: Copyright (c) 1998-2020 The Apache Software Foundation
2020-11-14 03:47:23,981 INFO o.a.j.JMeter: Version 5.3
2020-11-14 03:47:23,981 INFO o.a.j.JMeter: java.version=1.8.0_252
2020-11-14 03:47:23,981 INFO o.a.j.JMeter: java.vm.name=OpenJDK 64-Bit Server VM
2020-11-14 03:47:23,981 INFO o.a.j.JMeter: os.name=Linux
2020-11-14 03:47:23,981 INFO o.a.j.JMeter: os.arch=amd64
2020-11-14 03:47:23,981 INFO o.a.j.JMeter: os.version=4.15.0-1092-azure
2020-11-14 03:47:23,981 INFO o.a.j.JMeter: file.encoding=UTF-8
2020-11-14 03:47:23,981 INFO o.a.j.JMeter: java.awt.headless=true
2020-11-14 03:47:23,982 INFO o.a.j.JMeter: Max memory     =1073741824
2020-11-14 03:47:23,988 INFO o.a.j.JMeter: Available Processors =1
2020-11-14 03:47:24,030 INFO o.a.j.JMeter: Default Locale=English (EN)
2020-11-14 03:47:24,031 INFO o.a.j.JMeter: JMeter  Locale=English (EN)
2020-11-14 03:47:24,031 INFO o.a.j.JMeter: JMeterHome=/opt/apache-jmeter-5.3
2020-11-14 03:47:24,031 INFO o.a.j.JMeter: user.dir  =/jmeter-testing/jmeter-scripts
2020-11-14 03:47:24,041 INFO o.a.j.JMeter: PWD       =/jmeter-testing/jmeter-scripts
2020-11-14 03:47:24,057 INFO o.a.j.JMeter: IP: 10.244.5.38 Name: jmeter-3fd73231da1e9e72-95sm4 FullName: jmeter-3fd73231da1e9e72-95sm4
2020-11-14 03:47:24,079 INFO o.a.j.s.FileServer: Default base='/jmeter-testing/jmeter-scripts'
2020-11-14 03:47:24,257 INFO o.a.j.s.FileServer: Set new base='/jmeter-testing/jmeter-scripts'
2020-11-14 03:47:25,563 INFO o.a.j.s.SaveService: Testplan (JMX) version: 2.2. Testlog (JTL) version: 2.2
2020-11-14 03:47:25,724 INFO o.a.j.s.SaveService: Using SaveService properties file encoding UTF-8
2020-11-14 03:47:25,827 INFO o.a.j.s.SaveService: Using SaveService properties version 5.0
2020-11-14 03:47:25,868 INFO o.a.j.s.SaveService: Loading file: B-DataSource-OES3.jmx
2020-11-14 03:47:26,038 INFO o.a.j.p.h.c.CookieManager: Settings: Delete null: true Check: true Allow variable: true Save: false Prefix: COOKIE_
2020-11-14 03:47:26,171 INFO o.a.j.p.h.s.HTTPSamplerBase: Parser for text/html is org.apache.jmeter.protocol.http.parser.LagartoBasedHtmlParser
2020-11-14 03:47:26,171 INFO o.a.j.p.h.s.HTTPSamplerBase: Parser for application/xhtml+xml is org.apache.jmeter.protocol.http.parser.LagartoBasedHtmlParser
2020-11-14 03:47:26,171 INFO o.a.j.p.h.s.HTTPSamplerBase: Parser for application/xml is org.apache.jmeter.protocol.http.parser.LagartoBasedHtmlParser
2020-11-14 03:47:26,171 INFO o.a.j.p.h.s.HTTPSamplerBase: Parser for text/xml is org.apache.jmeter.protocol.http.parser.LagartoBasedHtmlParser
2020-11-14 03:47:26,171 INFO o.a.j.p.h.s.HTTPSamplerBase: Parser for text/vnd.wap.wml is org.apache.jmeter.protocol.http.parser.RegexpHTMLParser
2020-11-14 03:47:26,171 INFO o.a.j.p.h.s.HTTPSamplerBase: Parser for text/css is org.apache.jmeter.protocol.http.parser.CssParser
2020-11-14 03:47:27,623 INFO o.a.j.e.KeyToolUtils: keytool found at 'keytool'
2020-11-14 03:47:27,623 INFO o.a.j.p.h.p.ProxyControl: HTTP(S) Test Script Recorder SSL Proxy will use keys that support embedded 3rd party resources in file /opt/apache-jmeter-5.3/bin/proxyserver.jks
2020-11-14 03:47:27,944 INFO o.a.j.JMeter: Creating summariser <summary>
2020-11-14 03:47:28,084 INFO o.a.j.e.StandardJMeterEngine: Running the test!
2020-11-14 03:47:28,106 INFO o.a.j.s.SampleEvent: List of sample_variables: []
2020-11-14 03:47:28,107 INFO o.a.j.s.SampleEvent: List of sample_variables: []
2020-11-14 03:47:28,181 INFO o.a.j.e.u.CompoundVariable: Note: Function class names must contain the string: '.functions.'
2020-11-14 03:47:28,181 INFO o.a.j.e.u.CompoundVariable: Note: Function class names must not contain the string: '.gui.'
2020-11-14 03:47:31,916 INFO o.a.j.JMeter: Running test (1605325651916)
2020-11-14 03:47:32,152 INFO o.a.j.e.StandardJMeterEngine: Starting ThreadGroup: 1 : Thread Group
2020-11-14 03:47:32,153 INFO o.a.j.e.StandardJMeterEngine: Starting 1 threads for group Thread Group.
2020-11-14 03:47:32,153 INFO o.a.j.e.StandardJMeterEngine: Thread will continue on error
2020-11-14 03:47:32,153 INFO o.a.j.t.ThreadGroup: Starting thread group... number=1 threads=1 ramp-up=1 delayedStart=false
2020-11-14 03:47:32,249 INFO o.a.j.t.ThreadGroup: Started thread group number 1
2020-11-14 03:47:32,249 INFO o.a.j.e.StandardJMeterEngine: All thread groups have been started
2020-11-14 03:47:32,444 INFO o.a.j.s.SampleResult: Note: Sample TimeStamps are START times
2020-11-14 03:47:32,464 INFO o.a.j.s.SampleResult: sampleresult.default.encoding is set to ISO-8859-1
2020-11-14 03:47:32,464 INFO o.a.j.s.SampleResult: sampleresult.useNanoTime=true
2020-11-14 03:47:32,464 INFO o.a.j.s.SampleResult: sampleresult.nanoThreadSleep=5000
2020-11-14 03:47:32,466 INFO o.a.j.t.JMeterThread: Thread started: Thread Group 1-1
2020-11-14 03:47:32,637 INFO o.a.j.p.h.s.HTTPHCAbstractImpl: Local host = jmeter-3fd73231da1e9e72-95sm4
2020-11-14 03:47:32,665 INFO o.a.j.p.h.s.HTTPHC4Impl: HTTP request retry count = 0
2020-11-14 03:47:33,165 INFO o.a.j.p.h.s.h.LazyLayeredConnectionSocketFactory: Setting up HTTPS TrustAll Socket Factory
2020-11-14 03:47:33,233 INFO o.a.j.u.JsseSSLManager: Using default SSL protocol: TLS
2020-11-14 03:47:33,233 INFO o.a.j.u.JsseSSLManager: SSL session context: per-thread
2020-11-14 03:47:33,647 INFO o.a.j.u.SSLManager: JmeterKeyStore Location:  type JKS
2020-11-14 03:47:33,675 INFO o.a.j.u.SSLManager: KeyStore created OK
2020-11-14 03:47:33,675 WARN o.a.j.u.SSLManager: Keystore file not found, loading empty keystore
2020-11-14 03:47:35,775 INFO o.a.j.r.Summariser: summary +      1 in 00:00:04 =    0.3/s Avg:  2716 Min:  2716 Max:  2716 Err:     0 (0.00%) Active: 1 Started: 1 Finished: 0
2020-11-14 03:47:41,735 INFO o.a.j.t.JMeterThread: Thread is done: Thread Group 1-1
2020-11-14 03:47:41,735 INFO o.a.j.t.JMeterThread: Thread finished: Thread Group 1-1
2020-11-14 03:47:41,739 INFO o.a.j.e.StandardJMeterEngine: Notifying test listeners of end of test
2020-11-14 03:47:41,741 INFO o.a.j.r.Summariser: summary +     20 in 00:00:06 =    3.3/s Avg:   294 Min:    31 Max:  1554 Err:     1 (5.00%) Active: 0 Started: 1 Finished: 1
2020-11-14 03:47:41,741 INFO o.a.j.r.Summariser: summary =     21 in 00:00:10 =    2.1/s Avg:   410 Min:    31 Max:  2716 Err:     1 (4.76%)
2020-11-14 03:47:41,743 INFO o.a.j.e.StandardJMeterEngine: Forced JVM shutdown requested at end of test
