2020-12-01 07:00:41,381 INFO o.a.j.u.JMeterUtils: Setting Locale to en_EN
2020-12-01 07:00:41,437 INFO o.a.j.JMeter: Loading user properties from: /opt/apache-jmeter-5.3/bin/user.properties
2020-12-01 07:00:41,438 INFO o.a.j.JMeter: Loading system properties from: /opt/apache-jmeter-5.3/bin/system.properties
2020-12-01 07:00:41,438 INFO o.a.j.JMeter: Setting JMeter property: gate-url=gitpr-gate-nightly.oes.opsmx.com
2020-12-01 07:00:41,438 INFO o.a.j.JMeter: Setting JMeter property: ui-url=gitpr-ui-nightly.oes.opsmx.com
2020-12-01 07:00:41,438 WARN o.a.j.JMeter: Removing JMeter property: port
2020-12-01 07:00:41,438 INFO o.a.j.JMeter: Setting JMeter property: protocol=http
2020-12-01 07:00:41,438 INFO o.a.j.JMeter: Setting JMeter property: username=user2
2020-12-01 07:00:41,439 INFO o.a.j.JMeter: Setting JMeter property: password=user2password
2020-12-01 07:00:41,439 INFO o.a.j.JMeter: Setting JMeter property: endpoint=opa:8181
2020-12-01 07:00:41,439 INFO o.a.j.JMeter: Setting JMeter property: jmeterengine.force.system.exit=true
2020-12-01 07:00:41,446 INFO o.a.j.JMeter: Copyright (c) 1998-2020 The Apache Software Foundation
2020-12-01 07:00:41,446 INFO o.a.j.JMeter: Version 5.3
2020-12-01 07:00:41,446 INFO o.a.j.JMeter: java.version=1.8.0_252
2020-12-01 07:00:41,446 INFO o.a.j.JMeter: java.vm.name=OpenJDK 64-Bit Server VM
2020-12-01 07:00:41,446 INFO o.a.j.JMeter: os.name=Linux
2020-12-01 07:00:41,447 INFO o.a.j.JMeter: os.arch=amd64
2020-12-01 07:00:41,447 INFO o.a.j.JMeter: os.version=4.15.0-1098-azure
2020-12-01 07:00:41,447 INFO o.a.j.JMeter: file.encoding=UTF-8
2020-12-01 07:00:41,447 INFO o.a.j.JMeter: java.awt.headless=true
2020-12-01 07:00:41,447 INFO o.a.j.JMeter: Max memory     =1073741824
2020-12-01 07:00:41,448 INFO o.a.j.JMeter: Available Processors =1
2020-12-01 07:00:41,466 INFO o.a.j.JMeter: Default Locale=English (EN)
2020-12-01 07:00:41,467 INFO o.a.j.JMeter: JMeter  Locale=English (EN)
2020-12-01 07:00:41,467 INFO o.a.j.JMeter: JMeterHome=/opt/apache-jmeter-5.3
2020-12-01 07:00:41,467 INFO o.a.j.JMeter: user.dir  =/jmeter-testing/jmeter-scripts
2020-12-01 07:00:41,467 INFO o.a.j.JMeter: PWD       =/jmeter-testing/jmeter-scripts
2020-12-01 07:00:41,468 INFO o.a.j.JMeter: IP: 10.244.1.180 Name: jmeter-3fe1324d162e6913-wr7br FullName: jmeter-3fe1324d162e6913-wr7br
2020-12-01 07:00:41,487 INFO o.a.j.s.FileServer: Default base='/jmeter-testing/jmeter-scripts'
2020-12-01 07:00:41,505 INFO o.a.j.s.FileServer: Set new base='/jmeter-testing/jmeter-scripts'
2020-12-01 07:00:41,991 INFO o.a.j.s.SaveService: Testplan (JMX) version: 2.2. Testlog (JTL) version: 2.2
2020-12-01 07:00:42,064 INFO o.a.j.s.SaveService: Using SaveService properties file encoding UTF-8
2020-12-01 07:00:42,079 INFO o.a.j.s.SaveService: Using SaveService properties version 5.0
2020-12-01 07:00:42,098 INFO o.a.j.s.SaveService: Loading file: B-DataSource-OES3.jmx
2020-12-01 07:00:42,215 INFO o.a.j.p.h.c.CookieManager: Settings: Delete null: true Check: true Allow variable: true Save: false Prefix: COOKIE_
2020-12-01 07:00:42,266 INFO o.a.j.p.h.s.HTTPSamplerBase: Parser for text/html is org.apache.jmeter.protocol.http.parser.LagartoBasedHtmlParser
2020-12-01 07:00:42,266 INFO o.a.j.p.h.s.HTTPSamplerBase: Parser for application/xhtml+xml is org.apache.jmeter.protocol.http.parser.LagartoBasedHtmlParser
2020-12-01 07:00:42,266 INFO o.a.j.p.h.s.HTTPSamplerBase: Parser for application/xml is org.apache.jmeter.protocol.http.parser.LagartoBasedHtmlParser
2020-12-01 07:00:42,266 INFO o.a.j.p.h.s.HTTPSamplerBase: Parser for text/xml is org.apache.jmeter.protocol.http.parser.LagartoBasedHtmlParser
2020-12-01 07:00:42,266 INFO o.a.j.p.h.s.HTTPSamplerBase: Parser for text/vnd.wap.wml is org.apache.jmeter.protocol.http.parser.RegexpHTMLParser
2020-12-01 07:00:42,266 INFO o.a.j.p.h.s.HTTPSamplerBase: Parser for text/css is org.apache.jmeter.protocol.http.parser.CssParser
2020-12-01 07:00:43,182 INFO o.a.j.e.KeyToolUtils: keytool found at 'keytool'
2020-12-01 07:00:43,183 INFO o.a.j.p.h.p.ProxyControl: HTTP(S) Test Script Recorder SSL Proxy will use keys that support embedded 3rd party resources in file /opt/apache-jmeter-5.3/bin/proxyserver.jks
2020-12-01 07:00:43,282 INFO o.a.j.JMeter: Creating summariser <summary>
2020-12-01 07:00:43,308 INFO o.a.j.e.StandardJMeterEngine: Running the test!
2020-12-01 07:00:43,309 INFO o.a.j.s.SampleEvent: List of sample_variables: []
2020-12-01 07:00:43,309 INFO o.a.j.s.SampleEvent: List of sample_variables: []
2020-12-01 07:00:43,390 INFO o.a.j.e.u.CompoundVariable: Note: Function class names must contain the string: '.functions.'
2020-12-01 07:00:43,391 INFO o.a.j.e.u.CompoundVariable: Note: Function class names must not contain the string: '.gui.'
2020-12-01 07:00:44,721 INFO o.a.j.JMeter: Running test (1606806044721)
2020-12-01 07:00:44,975 INFO o.a.j.e.StandardJMeterEngine: Starting ThreadGroup: 1 : Thread Group
2020-12-01 07:00:44,975 INFO o.a.j.e.StandardJMeterEngine: Starting 1 threads for group Thread Group.
2020-12-01 07:00:44,975 INFO o.a.j.e.StandardJMeterEngine: Thread will continue on error
2020-12-01 07:00:44,975 INFO o.a.j.t.ThreadGroup: Starting thread group... number=1 threads=1 ramp-up=1 delayedStart=false
2020-12-01 07:00:45,007 INFO o.a.j.t.ThreadGroup: Started thread group number 1
2020-12-01 07:00:45,041 INFO o.a.j.e.StandardJMeterEngine: All thread groups have been started
2020-12-01 07:00:45,081 INFO o.a.j.s.SampleResult: Note: Sample TimeStamps are START times
2020-12-01 07:00:45,083 INFO o.a.j.s.SampleResult: sampleresult.default.encoding is set to ISO-8859-1
2020-12-01 07:00:45,083 INFO o.a.j.s.SampleResult: sampleresult.useNanoTime=true
2020-12-01 07:00:45,083 INFO o.a.j.s.SampleResult: sampleresult.nanoThreadSleep=5000
2020-12-01 07:00:45,102 INFO o.a.j.t.JMeterThread: Thread started: Thread Group 1-1
2020-12-01 07:00:45,191 INFO o.a.j.p.h.s.HTTPHCAbstractImpl: Local host = jmeter-3fe1324d162e6913-wr7br
2020-12-01 07:00:45,227 INFO o.a.j.p.h.s.HTTPHC4Impl: HTTP request retry count = 0
2020-12-01 07:00:52,768 INFO o.a.j.t.JMeterThread: Thread is done: Thread Group 1-1
2020-12-01 07:00:52,768 INFO o.a.j.t.JMeterThread: Thread finished: Thread Group 1-1
2020-12-01 07:00:52,770 INFO o.a.j.e.StandardJMeterEngine: Notifying test listeners of end of test
2020-12-01 07:00:52,772 INFO o.a.j.r.Summariser: summary =     21 in 00:00:08 =    2.6/s Avg:   338 Min:     9 Max:  3851 Err:     1 (4.76%)
2020-12-01 07:00:52,776 INFO o.a.j.e.StandardJMeterEngine: Forced JVM shutdown requested at end of test
