2020-12-04 02:50:11,942 INFO o.a.j.u.JMeterUtils: Setting Locale to en_EN
2020-12-04 02:50:11,993 INFO o.a.j.JMeter: Loading user properties from: /opt/apache-jmeter-5.3/bin/user.properties
2020-12-04 02:50:11,994 INFO o.a.j.JMeter: Loading system properties from: /opt/apache-jmeter-5.3/bin/system.properties
2020-12-04 02:50:12,000 INFO o.a.j.JMeter: Setting JMeter property: gate-url=nightly-oes3-gate.opsmx.com
2020-12-04 02:50:12,001 INFO o.a.j.JMeter: Setting JMeter property: ui-url=nightly-oes3.opsmx.com
2020-12-04 02:50:12,001 INFO o.a.j.JMeter: Setting JMeter property: port=443
2020-12-04 02:50:12,001 INFO o.a.j.JMeter: Setting JMeter property: protocol=https
2020-12-04 02:50:12,001 INFO o.a.j.JMeter: Setting JMeter property: username=user2
2020-12-04 02:50:12,001 INFO o.a.j.JMeter: Setting JMeter property: password=user2password
2020-12-04 02:50:12,001 INFO o.a.j.JMeter: Setting JMeter property: endpoint=opa:8181
2020-12-04 02:50:12,001 INFO o.a.j.JMeter: Setting JMeter property: jmeterengine.force.system.exit=true
2020-12-04 02:50:12,003 INFO o.a.j.JMeter: Copyright (c) 1998-2020 The Apache Software Foundation
2020-12-04 02:50:12,003 INFO o.a.j.JMeter: Version 5.3
2020-12-04 02:50:12,003 INFO o.a.j.JMeter: java.version=1.8.0_252
2020-12-04 02:50:12,003 INFO o.a.j.JMeter: java.vm.name=OpenJDK 64-Bit Server VM
2020-12-04 02:50:12,003 INFO o.a.j.JMeter: os.name=Linux
2020-12-04 02:50:12,003 INFO o.a.j.JMeter: os.arch=amd64
2020-12-04 02:50:12,003 INFO o.a.j.JMeter: os.version=4.15.0-1092-azure
2020-12-04 02:50:12,003 INFO o.a.j.JMeter: file.encoding=UTF-8
2020-12-04 02:50:12,003 INFO o.a.j.JMeter: java.awt.headless=true
2020-12-04 02:50:12,003 INFO o.a.j.JMeter: Max memory     =1073741824
2020-12-04 02:50:12,003 INFO o.a.j.JMeter: Available Processors =1
2020-12-04 02:50:12,023 INFO o.a.j.JMeter: Default Locale=English (EN)
2020-12-04 02:50:12,023 INFO o.a.j.JMeter: JMeter  Locale=English (EN)
2020-12-04 02:50:12,023 INFO o.a.j.JMeter: JMeterHome=/opt/apache-jmeter-5.3
2020-12-04 02:50:12,024 INFO o.a.j.JMeter: user.dir  =/jmeter-testing/jmeter-scripts
2020-12-04 02:50:12,024 INFO o.a.j.JMeter: PWD       =/jmeter-testing/jmeter-scripts
2020-12-04 02:50:12,024 INFO o.a.j.JMeter: IP: 10.244.12.87 Name: jmeter-3fee9248c2b4df35-l9ddt FullName: jmeter-3fee9248c2b4df35-l9ddt
2020-12-04 02:50:12,043 INFO o.a.j.s.FileServer: Default base='/jmeter-testing/jmeter-scripts'
2020-12-04 02:50:12,062 INFO o.a.j.s.FileServer: Set new base='/jmeter-testing/jmeter-scripts'
2020-12-04 02:50:12,855 INFO o.a.j.s.SaveService: Testplan (JMX) version: 2.2. Testlog (JTL) version: 2.2
2020-12-04 02:50:12,935 INFO o.a.j.s.SaveService: Using SaveService properties file encoding UTF-8
2020-12-04 02:50:12,947 INFO o.a.j.s.SaveService: Using SaveService properties version 5.0
2020-12-04 02:50:12,966 INFO o.a.j.s.SaveService: Loading file: B-DataSource-OES3.jmx
2020-12-04 02:50:13,086 INFO o.a.j.p.h.c.CookieManager: Settings: Delete null: true Check: true Allow variable: true Save: false Prefix: COOKIE_
2020-12-04 02:50:13,148 INFO o.a.j.p.h.s.HTTPSamplerBase: Parser for text/html is org.apache.jmeter.protocol.http.parser.LagartoBasedHtmlParser
2020-12-04 02:50:13,148 INFO o.a.j.p.h.s.HTTPSamplerBase: Parser for application/xhtml+xml is org.apache.jmeter.protocol.http.parser.LagartoBasedHtmlParser
2020-12-04 02:50:13,149 INFO o.a.j.p.h.s.HTTPSamplerBase: Parser for application/xml is org.apache.jmeter.protocol.http.parser.LagartoBasedHtmlParser
2020-12-04 02:50:13,149 INFO o.a.j.p.h.s.HTTPSamplerBase: Parser for text/xml is org.apache.jmeter.protocol.http.parser.LagartoBasedHtmlParser
2020-12-04 02:50:13,149 INFO o.a.j.p.h.s.HTTPSamplerBase: Parser for text/vnd.wap.wml is org.apache.jmeter.protocol.http.parser.RegexpHTMLParser
2020-12-04 02:50:13,149 INFO o.a.j.p.h.s.HTTPSamplerBase: Parser for text/css is org.apache.jmeter.protocol.http.parser.CssParser
2020-12-04 02:50:14,044 INFO o.a.j.e.KeyToolUtils: keytool found at 'keytool'
2020-12-04 02:50:14,045 INFO o.a.j.p.h.p.ProxyControl: HTTP(S) Test Script Recorder SSL Proxy will use keys that support embedded 3rd party resources in file /opt/apache-jmeter-5.3/bin/proxyserver.jks
2020-12-04 02:50:14,154 INFO o.a.j.JMeter: Creating summariser <summary>
2020-12-04 02:50:14,232 INFO o.a.j.e.StandardJMeterEngine: Running the test!
2020-12-04 02:50:14,233 INFO o.a.j.s.SampleEvent: List of sample_variables: []
2020-12-04 02:50:14,233 INFO o.a.j.s.SampleEvent: List of sample_variables: []
2020-12-04 02:50:14,253 INFO o.a.j.e.u.CompoundVariable: Note: Function class names must contain the string: '.functions.'
2020-12-04 02:50:14,253 INFO o.a.j.e.u.CompoundVariable: Note: Function class names must not contain the string: '.gui.'
2020-12-04 02:50:15,761 INFO o.a.j.JMeter: Running test (1607050215761)
2020-12-04 02:50:15,991 INFO o.a.j.e.StandardJMeterEngine: Starting ThreadGroup: 1 : Thread Group
2020-12-04 02:50:15,991 INFO o.a.j.e.StandardJMeterEngine: Starting 1 threads for group Thread Group.
2020-12-04 02:50:15,991 INFO o.a.j.e.StandardJMeterEngine: Thread will continue on error
2020-12-04 02:50:15,991 INFO o.a.j.t.ThreadGroup: Starting thread group... number=1 threads=1 ramp-up=1 delayedStart=false
2020-12-04 02:50:16,041 INFO o.a.j.t.ThreadGroup: Started thread group number 1
2020-12-04 02:50:16,041 INFO o.a.j.e.StandardJMeterEngine: All thread groups have been started
2020-12-04 02:50:16,074 INFO o.a.j.s.SampleResult: Note: Sample TimeStamps are START times
2020-12-04 02:50:16,091 INFO o.a.j.s.SampleResult: sampleresult.default.encoding is set to ISO-8859-1
2020-12-04 02:50:16,091 INFO o.a.j.s.SampleResult: sampleresult.useNanoTime=true
2020-12-04 02:50:16,091 INFO o.a.j.s.SampleResult: sampleresult.nanoThreadSleep=5000
2020-12-04 02:50:16,093 INFO o.a.j.t.JMeterThread: Thread started: Thread Group 1-1
2020-12-04 02:50:16,231 INFO o.a.j.p.h.s.HTTPHCAbstractImpl: Local host = jmeter-3fee9248c2b4df35-l9ddt
2020-12-04 02:50:16,290 INFO o.a.j.p.h.s.HTTPHC4Impl: HTTP request retry count = 0
2020-12-04 02:50:16,574 INFO o.a.j.p.h.s.h.LazyLayeredConnectionSocketFactory: Setting up HTTPS TrustAll Socket Factory
2020-12-04 02:50:16,604 INFO o.a.j.u.JsseSSLManager: Using default SSL protocol: TLS
2020-12-04 02:50:16,611 INFO o.a.j.u.JsseSSLManager: SSL session context: per-thread
2020-12-04 02:50:16,893 INFO o.a.j.u.SSLManager: JmeterKeyStore Location:  type JKS
2020-12-04 02:50:16,975 INFO o.a.j.u.SSLManager: KeyStore created OK
2020-12-04 02:50:16,976 WARN o.a.j.u.SSLManager: Keystore file not found, loading empty keystore
2020-12-04 02:50:26,613 INFO o.a.j.t.JMeterThread: Thread is done: Thread Group 1-1
2020-12-04 02:50:26,613 INFO o.a.j.t.JMeterThread: Thread finished: Thread Group 1-1
2020-12-04 02:50:26,615 INFO o.a.j.e.StandardJMeterEngine: Notifying test listeners of end of test
2020-12-04 02:50:26,621 INFO o.a.j.r.Summariser: summary =     20 in 00:00:11 =    1.8/s Avg:   501 Min:    49 Max:  2854 Err:     0 (0.00%)
2020-12-04 02:50:26,621 INFO o.a.j.e.StandardJMeterEngine: Forced JVM shutdown requested at end of test
