2020-11-02 14:02:53,517 INFO o.a.j.u.JMeterUtils: Setting Locale to en_EN
2020-11-02 14:02:53,566 INFO o.a.j.JMeter: Loading user properties from: /opt/apache-jmeter-5.1.1/bin/user.properties
2020-11-02 14:02:53,567 INFO o.a.j.JMeter: Loading system properties from: /opt/apache-jmeter-5.1.1/bin/system.properties
2020-11-02 14:02:53,567 INFO o.a.j.JMeter: Setting JMeter property: gate-url=gitpr-gate-nightly.oes.opsmx.com
2020-11-02 14:02:53,567 INFO o.a.j.JMeter: Setting JMeter property: ui-url=gitpr-ui-nightly.oes.opsmx.com
2020-11-02 14:02:53,567 WARN o.a.j.JMeter: Removing JMeter property: port
2020-11-02 14:02:53,568 INFO o.a.j.JMeter: Setting JMeter property: protocol=http
2020-11-02 14:02:53,568 INFO o.a.j.JMeter: Setting JMeter property: username=user2
2020-11-02 14:02:53,568 INFO o.a.j.JMeter: Setting JMeter property: password=user2password
2020-11-02 14:02:53,568 INFO o.a.j.JMeter: Setting JMeter property: endpoint=opa:8181
2020-11-02 14:02:53,596 INFO o.a.j.JMeter: Copyright (c) 1998-2019 The Apache Software Foundation
2020-11-02 14:02:53,596 INFO o.a.j.JMeter: Version 5.1.1 r1855137
2020-11-02 14:02:53,596 INFO o.a.j.JMeter: java.version=1.8.0_222
2020-11-02 14:02:53,596 INFO o.a.j.JMeter: java.vm.name=OpenJDK 64-Bit Server VM
2020-11-02 14:02:53,596 INFO o.a.j.JMeter: os.name=Linux
2020-11-02 14:02:53,596 INFO o.a.j.JMeter: os.arch=amd64
2020-11-02 14:02:53,597 INFO o.a.j.JMeter: os.version=4.15.0-1092-azure
2020-11-02 14:02:53,597 INFO o.a.j.JMeter: file.encoding=UTF-8
2020-11-02 14:02:53,597 INFO o.a.j.JMeter: java.awt.headless=true
2020-11-02 14:02:53,597 INFO o.a.j.JMeter: Max memory     =1073741824
2020-11-02 14:02:53,597 INFO o.a.j.JMeter: Available Processors =1
2020-11-02 14:02:53,612 INFO o.a.j.JMeter: Default Locale=English (EN)
2020-11-02 14:02:53,612 INFO o.a.j.JMeter: JMeter  Locale=English (EN)
2020-11-02 14:02:53,612 INFO o.a.j.JMeter: JMeterHome=/opt/apache-jmeter-5.1.1
2020-11-02 14:02:53,612 INFO o.a.j.JMeter: user.dir  =/jmeter-testing/jmeter-scripts
2020-11-02 14:02:53,612 INFO o.a.j.JMeter: PWD       =/jmeter-testing/jmeter-scripts
2020-11-02 14:02:53,613 INFO o.a.j.JMeter: IP: 10.244.7.13 Name: jmeter-3fd34e5412995bbe-2qk4z FullName: jmeter-3fd34e5412995bbe-2qk4z
2020-11-02 14:02:53,623 INFO o.a.j.s.FileServer: Default base='/jmeter-testing/jmeter-scripts'
2020-11-02 14:02:53,641 INFO o.a.j.s.FileServer: Set new base='/jmeter-testing/jmeter-scripts'
2020-11-02 14:02:54,118 INFO o.a.j.s.SaveService: Testplan (JMX) version: 2.2. Testlog (JTL) version: 2.2
2020-11-02 14:02:54,161 INFO o.a.j.s.SaveService: Using SaveService properties file encoding UTF-8
2020-11-02 14:02:54,178 INFO o.a.j.s.SaveService: Using SaveService properties version 5.0
2020-11-02 14:02:54,198 INFO o.a.j.s.SaveService: Loading file: C-Application-creation.jmx
2020-11-02 14:02:54,308 INFO o.a.j.p.h.c.CookieManager: Settings: Delete null: true Check: true Allow variable: true Save: false Prefix: COOKIE_
2020-11-02 14:02:54,358 INFO o.a.j.p.h.s.HTTPSamplerBase: Parser for text/html is org.apache.jmeter.protocol.http.parser.LagartoBasedHtmlParser
2020-11-02 14:02:54,359 INFO o.a.j.p.h.s.HTTPSamplerBase: Parser for application/xhtml+xml is org.apache.jmeter.protocol.http.parser.LagartoBasedHtmlParser
2020-11-02 14:02:54,359 INFO o.a.j.p.h.s.HTTPSamplerBase: Parser for application/xml is org.apache.jmeter.protocol.http.parser.LagartoBasedHtmlParser
2020-11-02 14:02:54,359 INFO o.a.j.p.h.s.HTTPSamplerBase: Parser for text/xml is org.apache.jmeter.protocol.http.parser.LagartoBasedHtmlParser
2020-11-02 14:02:54,359 INFO o.a.j.p.h.s.HTTPSamplerBase: Parser for text/vnd.wap.wml is org.apache.jmeter.protocol.http.parser.RegexpHTMLParser
2020-11-02 14:02:54,359 INFO o.a.j.p.h.s.HTTPSamplerBase: Parser for text/css is org.apache.jmeter.protocol.http.parser.CssParser
2020-11-02 14:02:54,498 ERROR o.a.j.JMeter: Error in NonGUIDriver
java.lang.IllegalArgumentException: Problem loading XML from:'/jmeter-testing/jmeter-scripts/C-Application-creation.jmx'. 
Cause:
CannotResolveClassException: JMESPathExtractor

 Detail:com.thoughtworks.xstream.converters.ConversionException: 
---- Debugging information ----
cause-exception     : com.thoughtworks.xstream.converters.ConversionException
cause-message       : 
first-jmeter-class  : org.apache.jmeter.save.converters.HashTreeConverter.unmarshal(HashTreeConverter.java:67)
class               : org.apache.jmeter.save.ScriptWrapper
required-type       : org.apache.jmeter.save.ScriptWrapper
converter-type      : org.apache.jmeter.save.ScriptWrapperConverter
path                : /jmeterTestPlan/hashTree/hashTree/hashTree[4]/hashTree/hashTree[3]/hashTree[4]/JMESPathExtractor
line number         : 1618
version             : 5.1.1 r1855137
-------------------------------
	at org.apache.jmeter.save.SaveService.readTree(SaveService.java:459) ~[ApacheJMeter_core.jar:5.1.1 r1855137]
	at org.apache.jmeter.save.SaveService.loadTree(SaveService.java:432) ~[ApacheJMeter_core.jar:5.1.1 r1855137]
	at org.apache.jmeter.JMeter.runNonGui(JMeter.java:1004) [ApacheJMeter_core.jar:5.1.1 r1855137]
	at org.apache.jmeter.JMeter.startNonGui(JMeter.java:991) [ApacheJMeter_core.jar:5.1.1 r1855137]
	at org.apache.jmeter.JMeter.start(JMeter.java:563) [ApacheJMeter_core.jar:5.1.1 r1855137]
	at sun.reflect.NativeMethodAccessorImpl.invoke0(Native Method) ~[?:1.8.0_222]
	at sun.reflect.NativeMethodAccessorImpl.invoke(NativeMethodAccessorImpl.java:62) ~[?:1.8.0_222]
	at sun.reflect.DelegatingMethodAccessorImpl.invoke(DelegatingMethodAccessorImpl.java:43) ~[?:1.8.0_222]
	at java.lang.reflect.Method.invoke(Method.java:498) ~[?:1.8.0_222]
	at org.apache.jmeter.NewDriver.main(NewDriver.java:253) [ApacheJMeter.jar:5.1.1 r1855137]
Caused by: com.thoughtworks.xstream.converters.ConversionException: 
---- Debugging information ----
cause-exception     : com.thoughtworks.xstream.converters.ConversionException
cause-message       : 
first-jmeter-class  : org.apache.jmeter.save.converters.HashTreeConverter.unmarshal(HashTreeConverter.java:67)
class               : org.apache.jmeter.save.ScriptWrapper
required-type       : org.apache.jmeter.save.ScriptWrapper
converter-type      : org.apache.jmeter.save.ScriptWrapperConverter
path                : /jmeterTestPlan/hashTree/hashTree/hashTree[4]/hashTree/hashTree[3]/hashTree[4]/JMESPathExtractor
line number         : 1618
version             : 5.1.1 r1855137
-------------------------------
	at org.apache.jmeter.save.ScriptWrapperConverter.createConversionException(ScriptWrapperConverter.java:102) ~[ApacheJMeter_core.jar:5.1.1 r1855137]
	at org.apache.jmeter.save.ScriptWrapperConverter.unmarshal(ScriptWrapperConverter.java:96) ~[ApacheJMeter_core.jar:5.1.1 r1855137]
	at com.thoughtworks.xstream.core.TreeUnmarshaller.convert(TreeUnmarshaller.java:72) ~[xstream-1.4.11.jar:1.4.11]
	at com.thoughtworks.xstream.core.AbstractReferenceUnmarshaller.convert(AbstractReferenceUnmarshaller.java:72) ~[xstream-1.4.11.jar:1.4.11]
	at com.thoughtworks.xstream.core.TreeUnmarshaller.convertAnother(TreeUnmarshaller.java:66) ~[xstream-1.4.11.jar:1.4.11]
	at com.thoughtworks.xstream.core.TreeUnmarshaller.convertAnother(TreeUnmarshaller.java:50) ~[xstream-1.4.11.jar:1.4.11]
	at com.thoughtworks.xstream.core.TreeUnmarshaller.start(TreeUnmarshaller.java:134) ~[xstream-1.4.11.jar:1.4.11]
	at com.thoughtworks.xstream.core.AbstractTreeMarshallingStrategy.unmarshal(AbstractTreeMarshallingStrategy.java:32) ~[xstream-1.4.11.jar:1.4.11]
	at com.thoughtworks.xstream.XStream.unmarshal(XStream.java:1487) ~[xstream-1.4.11.jar:1.4.11]
	at com.thoughtworks.xstream.XStream.unmarshal(XStream.java:1467) ~[xstream-1.4.11.jar:1.4.11]
	at com.thoughtworks.xstream.XStream.fromXML(XStream.java:1338) ~[xstream-1.4.11.jar:1.4.11]
	at org.apache.jmeter.save.SaveService.readTree(SaveService.java:449) ~[ApacheJMeter_core.jar:5.1.1 r1855137]
	... 9 more
Caused by: com.thoughtworks.xstream.converters.ConversionException: 
---- Debugging information ----
cause-exception     : com.thoughtworks.xstream.mapper.CannotResolveClassException
cause-message       : JMESPathExtractor
class               : org.apache.jorphan.collections.ListedHashTree
required-type       : org.apache.jorphan.collections.ListedHashTree
converter-type      : org.apache.jmeter.save.converters.HashTreeConverter
path                : /jmeterTestPlan/hashTree/hashTree/hashTree[4]/hashTree/hashTree[3]/hashTree[4]/JMESPathExtractor
line number         : 1618
-------------------------------
	at com.thoughtworks.xstream.core.TreeUnmarshaller.convert(TreeUnmarshaller.java:77) ~[xstream-1.4.11.jar:1.4.11]
	at com.thoughtworks.xstream.core.AbstractReferenceUnmarshaller.convert(AbstractReferenceUnmarshaller.java:72) ~[xstream-1.4.11.jar:1.4.11]
	at com.thoughtworks.xstream.core.TreeUnmarshaller.convertAnother(TreeUnmarshaller.java:66) ~[xstream-1.4.11.jar:1.4.11]
	at com.thoughtworks.xstream.core.TreeUnmarshaller.convertAnother(TreeUnmarshaller.java:50) ~[xstream-1.4.11.jar:1.4.11]
	at com.thoughtworks.xstream.converters.collections.AbstractCollectionConverter.readBareItem(AbstractCollectionConverter.java:132) ~[xstream-1.4.11.jar:1.4.11]
	at com.thoughtworks.xstream.converters.collections.AbstractCollectionConverter.readItem(AbstractCollectionConverter.java:117) ~[xstream-1.4.11.jar:1.4.11]
	at org.apache.jmeter.save.converters.HashTreeConverter.unmarshal(HashTreeConverter.java:67) ~[ApacheJMeter_core.jar:5.1.1 r1855137]
	at com.thoughtworks.xstream.core.TreeUnmarshaller.convert(TreeUnmarshaller.java:72) ~[xstream-1.4.11.jar:1.4.11]
	at com.thoughtworks.xstream.core.AbstractReferenceUnmarshaller.convert(AbstractReferenceUnmarshaller.java:72) ~[xstream-1.4.11.jar:1.4.11]
	at com.thoughtworks.xstream.core.TreeUnmarshaller.convertAnother(TreeUnmarshaller.java:66) ~[xstream-1.4.11.jar:1.4.11]
	at com.thoughtworks.xstream.core.TreeUnmarshaller.convertAnother(TreeUnmarshaller.java:50) ~[xstream-1.4.11.jar:1.4.11]
	at com.thoughtworks.xstream.converters.collections.AbstractCollectionConverter.readBareItem(AbstractCollectionConverter.java:132) ~[xstream-1.4.11.jar:1.4.11]
	at com.thoughtworks.xstream.converters.collections.AbstractCollectionConverter.readItem(AbstractCollectionConverter.java:117) ~[xstream-1.4.11.jar:1.4.11]
	at org.apache.jmeter.save.converters.HashTreeConverter.unmarshal(HashTreeConverter.java:67) ~[ApacheJMeter_core.jar:5.1.1 r1855137]
	at com.thoughtworks.xstream.core.TreeUnmarshaller.convert(TreeUnmarshaller.java:72) ~[xstream-1.4.11.jar:1.4.11]
	at com.thoughtworks.xstream.core.AbstractReferenceUnmarshaller.convert(AbstractReferenceUnmarshaller.java:72) ~[xstream-1.4.11.jar:1.4.11]
	at com.thoughtworks.xstream.core.TreeUnmarshaller.convertAnother(TreeUnmarshaller.java:66) ~[xstream-1.4.11.jar:1.4.11]
	at com.thoughtworks.xstream.core.TreeUnmarshaller.convertAnother(TreeUnmarshaller.java:50) ~[xstream-1.4.11.jar:1.4.11]
	at com.thoughtworks.xstream.converters.collections.AbstractCollectionConverter.readBareItem(AbstractCollectionConverter.java:132) ~[xstream-1.4.11.jar:1.4.11]
	at com.thoughtworks.xstream.converters.collections.AbstractCollectionConverter.readItem(AbstractCollectionConverter.java:117) ~[xstream-1.4.11.jar:1.4.11]
	at org.apache.jmeter.save.converters.HashTreeConverter.unmarshal(HashTreeConverter.java:67) ~[ApacheJMeter_core.jar:5.1.1 r1855137]
	at com.thoughtworks.xstream.core.TreeUnmarshaller.convert(TreeUnmarshaller.java:72) ~[xstream-1.4.11.jar:1.4.11]
	at com.thoughtworks.xstream.core.AbstractReferenceUnmarshaller.convert(AbstractReferenceUnmarshaller.java:72) ~[xstream-1.4.11.jar:1.4.11]
	at com.thoughtworks.xstream.core.TreeUnmarshaller.convertAnother(TreeUnmarshaller.java:66) ~[xstream-1.4.11.jar:1.4.11]
	at com.thoughtworks.xstream.core.TreeUnmarshaller.convertAnother(TreeUnmarshaller.java:50) ~[xstream-1.4.11.jar:1.4.11]
	at com.thoughtworks.xstream.converters.collections.AbstractCollectionConverter.readBareItem(AbstractCollectionConverter.java:132) ~[xstream-1.4.11.jar:1.4.11]
	at com.thoughtworks.xstream.converters.collections.AbstractCollectionConverter.readItem(AbstractCollectionConverter.java:117) ~[xstream-1.4.11.jar:1.4.11]
	at org.apache.jmeter.save.converters.HashTreeConverter.unmarshal(HashTreeConverter.java:67) ~[ApacheJMeter_core.jar:5.1.1 r1855137]
	at com.thoughtworks.xstream.core.TreeUnmarshaller.convert(TreeUnmarshaller.java:72) ~[xstream-1.4.11.jar:1.4.11]
	at com.thoughtworks.xstream.core.AbstractReferenceUnmarshaller.convert(AbstractReferenceUnmarshaller.java:72) ~[xstream-1.4.11.jar:1.4.11]
	at com.thoughtworks.xstream.core.TreeUnmarshaller.convertAnother(TreeUnmarshaller.java:66) ~[xstream-1.4.11.jar:1.4.11]
	at com.thoughtworks.xstream.core.TreeUnmarshaller.convertAnother(TreeUnmarshaller.java:50) ~[xstream-1.4.11.jar:1.4.11]
	at com.thoughtworks.xstream.converters.collections.AbstractCollectionConverter.readBareItem(AbstractCollectionConverter.java:132) ~[xstream-1.4.11.jar:1.4.11]
	at com.thoughtworks.xstream.converters.collections.AbstractCollectionConverter.readItem(AbstractCollectionConverter.java:117) ~[xstream-1.4.11.jar:1.4.11]
	at org.apache.jmeter.save.converters.HashTreeConverter.unmarshal(HashTreeConverter.java:67) ~[ApacheJMeter_core.jar:5.1.1 r1855137]
	at com.thoughtworks.xstream.core.TreeUnmarshaller.convert(TreeUnmarshaller.java:72) ~[xstream-1.4.11.jar:1.4.11]
	at com.thoughtworks.xstream.core.AbstractReferenceUnmarshaller.convert(AbstractReferenceUnmarshaller.java:72) ~[xstream-1.4.11.jar:1.4.11]
	at com.thoughtworks.xstream.core.TreeUnmarshaller.convertAnother(TreeUnmarshaller.java:66) ~[xstream-1.4.11.jar:1.4.11]
	at com.thoughtworks.xstream.core.TreeUnmarshaller.convertAnother(TreeUnmarshaller.java:50) ~[xstream-1.4.11.jar:1.4.11]
	at org.apache.jmeter.save.ScriptWrapperConverter.unmarshal(ScriptWrapperConverter.java:94) ~[ApacheJMeter_core.jar:5.1.1 r1855137]
	at com.thoughtworks.xstream.core.TreeUnmarshaller.convert(TreeUnmarshaller.java:72) ~[xstream-1.4.11.jar:1.4.11]
	at com.thoughtworks.xstream.core.AbstractReferenceUnmarshaller.convert(AbstractReferenceUnmarshaller.java:72) ~[xstream-1.4.11.jar:1.4.11]
	at com.thoughtworks.xstream.core.TreeUnmarshaller.convertAnother(TreeUnmarshaller.java:66) ~[xstream-1.4.11.jar:1.4.11]
	at com.thoughtworks.xstream.core.TreeUnmarshaller.convertAnother(TreeUnmarshaller.java:50) ~[xstream-1.4.11.jar:1.4.11]
	at com.thoughtworks.xstream.core.TreeUnmarshaller.start(TreeUnmarshaller.java:134) ~[xstream-1.4.11.jar:1.4.11]
	at com.thoughtworks.xstream.core.AbstractTreeMarshallingStrategy.unmarshal(AbstractTreeMarshallingStrategy.java:32) ~[xstream-1.4.11.jar:1.4.11]
	at com.thoughtworks.xstream.XStream.unmarshal(XStream.java:1487) ~[xstream-1.4.11.jar:1.4.11]
	at com.thoughtworks.xstream.XStream.unmarshal(XStream.java:1467) ~[xstream-1.4.11.jar:1.4.11]
	at com.thoughtworks.xstream.XStream.fromXML(XStream.java:1338) ~[xstream-1.4.11.jar:1.4.11]
	at org.apache.jmeter.save.SaveService.readTree(SaveService.java:449) ~[ApacheJMeter_core.jar:5.1.1 r1855137]
	... 9 more
Caused by: com.thoughtworks.xstream.mapper.CannotResolveClassException: JMESPathExtractor
	at com.thoughtworks.xstream.mapper.DefaultMapper.realClass(DefaultMapper.java:81) ~[xstream-1.4.11.jar:1.4.11]
	at com.thoughtworks.xstream.mapper.MapperWrapper.realClass(MapperWrapper.java:125) ~[xstream-1.4.11.jar:1.4.11]
	at com.thoughtworks.xstream.mapper.DynamicProxyMapper.realClass(DynamicProxyMapper.java:55) ~[xstream-1.4.11.jar:1.4.11]
	at com.thoughtworks.xstream.mapper.MapperWrapper.realClass(MapperWrapper.java:125) ~[xstream-1.4.11.jar:1.4.11]
	at com.thoughtworks.xstream.mapper.PackageAliasingMapper.realClass(PackageAliasingMapper.java:88) ~[xstream-1.4.11.jar:1.4.11]
	at com.thoughtworks.xstream.mapper.MapperWrapper.realClass(MapperWrapper.java:125) ~[xstream-1.4.11.jar:1.4.11]
	at com.thoughtworks.xstream.mapper.ClassAliasingMapper.realClass(ClassAliasingMapper.java:79) ~[xstream-1.4.11.jar:1.4.11]
	at com.thoughtworks.xstream.mapper.MapperWrapper.realClass(MapperWrapper.java:125) ~[xstream-1.4.11.jar:1.4.11]
	at com.thoughtworks.xstream.mapper.ArrayMapper.realClass(ArrayMapper.java:74) ~[xstream-1.4.11.jar:1.4.11]
	at com.thoughtworks.xstream.mapper.MapperWrapper.realClass(MapperWrapper.java:125) ~[xstream-1.4.11.jar:1.4.11]
	at com.thoughtworks.xstream.mapper.SecurityMapper.realClass(SecurityMapper.java:71) ~[xstream-1.4.11.jar:1.4.11]
	at com.thoughtworks.xstream.mapper.MapperWrapper.realClass(MapperWrapper.java:125) ~[xstream-1.4.11.jar:1.4.11]
	at org.apache.jmeter.save.SaveService$XStreamWrapper$1.realClass(SaveService.java:98) ~[ApacheJMeter_core.jar:5.1.1 r1855137]
	at com.thoughtworks.xstream.mapper.MapperWrapper.realClass(MapperWrapper.java:125) ~[xstream-1.4.11.jar:1.4.11]
	at com.thoughtworks.xstream.mapper.CachingMapper.realClass(CachingMapper.java:47) ~[xstream-1.4.11.jar:1.4.11]
	at com.thoughtworks.xstream.core.util.HierarchicalStreams.readClassType(HierarchicalStreams.java:29) ~[xstream-1.4.11.jar:1.4.11]
	at com.thoughtworks.xstream.converters.collections.AbstractCollectionConverter.readBareItem(AbstractCollectionConverter.java:131) ~[xstream-1.4.11.jar:1.4.11]
	at com.thoughtworks.xstream.converters.collections.AbstractCollectionConverter.readItem(AbstractCollectionConverter.java:117) ~[xstream-1.4.11.jar:1.4.11]
	at org.apache.jmeter.save.converters.HashTreeConverter.unmarshal(HashTreeConverter.java:67) ~[ApacheJMeter_core.jar:5.1.1 r1855137]
	at com.thoughtworks.xstream.core.TreeUnmarshaller.convert(TreeUnmarshaller.java:72) ~[xstream-1.4.11.jar:1.4.11]
	at com.thoughtworks.xstream.core.AbstractReferenceUnmarshaller.convert(AbstractReferenceUnmarshaller.java:72) ~[xstream-1.4.11.jar:1.4.11]
	at com.thoughtworks.xstream.core.TreeUnmarshaller.convertAnother(TreeUnmarshaller.java:66) ~[xstream-1.4.11.jar:1.4.11]
	at com.thoughtworks.xstream.core.TreeUnmarshaller.convertAnother(TreeUnmarshaller.java:50) ~[xstream-1.4.11.jar:1.4.11]
	at com.thoughtworks.xstream.converters.collections.AbstractCollectionConverter.readBareItem(AbstractCollectionConverter.java:132) ~[xstream-1.4.11.jar:1.4.11]
	at com.thoughtworks.xstream.converters.collections.AbstractCollectionConverter.readItem(AbstractCollectionConverter.java:117) ~[xstream-1.4.11.jar:1.4.11]
	at org.apache.jmeter.save.converters.HashTreeConverter.unmarshal(HashTreeConverter.java:67) ~[ApacheJMeter_core.jar:5.1.1 r1855137]
	at com.thoughtworks.xstream.core.TreeUnmarshaller.convert(TreeUnmarshaller.java:72) ~[xstream-1.4.11.jar:1.4.11]
	at com.thoughtworks.xstream.core.AbstractReferenceUnmarshaller.convert(AbstractReferenceUnmarshaller.java:72) ~[xstream-1.4.11.jar:1.4.11]
	at com.thoughtworks.xstream.core.TreeUnmarshaller.convertAnother(TreeUnmarshaller.java:66) ~[xstream-1.4.11.jar:1.4.11]
	at com.thoughtworks.xstream.core.TreeUnmarshaller.convertAnother(TreeUnmarshaller.java:50) ~[xstream-1.4.11.jar:1.4.11]
	at com.thoughtworks.xstream.converters.collections.AbstractCollectionConverter.readBareItem(AbstractCollectionConverter.java:132) ~[xstream-1.4.11.jar:1.4.11]
	at com.thoughtworks.xstream.converters.collections.AbstractCollectionConverter.readItem(AbstractCollectionConverter.java:117) ~[xstream-1.4.11.jar:1.4.11]
	at org.apache.jmeter.save.converters.HashTreeConverter.unmarshal(HashTreeConverter.java:67) ~[ApacheJMeter_core.jar:5.1.1 r1855137]
	at com.thoughtworks.xstream.core.TreeUnmarshaller.convert(TreeUnmarshaller.java:72) ~[xstream-1.4.11.jar:1.4.11]
	at com.thoughtworks.xstream.core.AbstractReferenceUnmarshaller.convert(AbstractReferenceUnmarshaller.java:72) ~[xstream-1.4.11.jar:1.4.11]
	at com.thoughtworks.xstream.core.TreeUnmarshaller.convertAnother(TreeUnmarshaller.java:66) ~[xstream-1.4.11.jar:1.4.11]
	at com.thoughtworks.xstream.core.TreeUnmarshaller.convertAnother(TreeUnmarshaller.java:50) ~[xstream-1.4.11.jar:1.4.11]
	at com.thoughtworks.xstream.converters.collections.AbstractCollectionConverter.readBareItem(AbstractCollectionConverter.java:132) ~[xstream-1.4.11.jar:1.4.11]
	at com.thoughtworks.xstream.converters.collections.AbstractCollectionConverter.readItem(AbstractCollectionConverter.java:117) ~[xstream-1.4.11.jar:1.4.11]
	at org.apache.jmeter.save.converters.HashTreeConverter.unmarshal(HashTreeConverter.java:67) ~[ApacheJMeter_core.jar:5.1.1 r1855137]
	at com.thoughtworks.xstream.core.TreeUnmarshaller.convert(TreeUnmarshaller.java:72) ~[xstream-1.4.11.jar:1.4.11]
	at com.thoughtworks.xstream.core.AbstractReferenceUnmarshaller.convert(AbstractReferenceUnmarshaller.java:72) ~[xstream-1.4.11.jar:1.4.11]
	at com.thoughtworks.xstream.core.TreeUnmarshaller.convertAnother(TreeUnmarshaller.java:66) ~[xstream-1.4.11.jar:1.4.11]
	at com.thoughtworks.xstream.core.TreeUnmarshaller.convertAnother(TreeUnmarshaller.java:50) ~[xstream-1.4.11.jar:1.4.11]
	at com.thoughtworks.xstream.converters.collections.AbstractCollectionConverter.readBareItem(AbstractCollectionConverter.java:132) ~[xstream-1.4.11.jar:1.4.11]
	at com.thoughtworks.xstream.converters.collections.AbstractCollectionConverter.readItem(AbstractCollectionConverter.java:117) ~[xstream-1.4.11.jar:1.4.11]
	at org.apache.jmeter.save.converters.HashTreeConverter.unmarshal(HashTreeConverter.java:67) ~[ApacheJMeter_core.jar:5.1.1 r1855137]
	at com.thoughtworks.xstream.core.TreeUnmarshaller.convert(TreeUnmarshaller.java:72) ~[xstream-1.4.11.jar:1.4.11]
	at com.thoughtworks.xstream.core.AbstractReferenceUnmarshaller.convert(AbstractReferenceUnmarshaller.java:72) ~[xstream-1.4.11.jar:1.4.11]
	at com.thoughtworks.xstream.core.TreeUnmarshaller.convertAnother(TreeUnmarshaller.java:66) ~[xstream-1.4.11.jar:1.4.11]
	at com.thoughtworks.xstream.core.TreeUnmarshaller.convertAnother(TreeUnmarshaller.java:50) ~[xstream-1.4.11.jar:1.4.11]
	at com.thoughtworks.xstream.converters.collections.AbstractCollectionConverter.readBareItem(AbstractCollectionConverter.java:132) ~[xstream-1.4.11.jar:1.4.11]
	at com.thoughtworks.xstream.converters.collections.AbstractCollectionConverter.readItem(AbstractCollectionConverter.java:117) ~[xstream-1.4.11.jar:1.4.11]
	at org.apache.jmeter.save.converters.HashTreeConverter.unmarshal(HashTreeConverter.java:67) ~[ApacheJMeter_core.jar:5.1.1 r1855137]
	at com.thoughtworks.xstream.core.TreeUnmarshaller.convert(TreeUnmarshaller.java:72) ~[xstream-1.4.11.jar:1.4.11]
	at com.thoughtworks.xstream.core.AbstractReferenceUnmarshaller.convert(AbstractReferenceUnmarshaller.java:72) ~[xstream-1.4.11.jar:1.4.11]
	at com.thoughtworks.xstream.core.TreeUnmarshaller.convertAnother(TreeUnmarshaller.java:66) ~[xstream-1.4.11.jar:1.4.11]
	at com.thoughtworks.xstream.core.TreeUnmarshaller.convertAnother(TreeUnmarshaller.java:50) ~[xstream-1.4.11.jar:1.4.11]
	at org.apache.jmeter.save.ScriptWrapperConverter.unmarshal(ScriptWrapperConverter.java:94) ~[ApacheJMeter_core.jar:5.1.1 r1855137]
	at com.thoughtworks.xstream.core.TreeUnmarshaller.convert(TreeUnmarshaller.java:72) ~[xstream-1.4.11.jar:1.4.11]
	at com.thoughtworks.xstream.core.AbstractReferenceUnmarshaller.convert(AbstractReferenceUnmarshaller.java:72) ~[xstream-1.4.11.jar:1.4.11]
	at com.thoughtworks.xstream.core.TreeUnmarshaller.convertAnother(TreeUnmarshaller.java:66) ~[xstream-1.4.11.jar:1.4.11]
	at com.thoughtworks.xstream.core.TreeUnmarshaller.convertAnother(TreeUnmarshaller.java:50) ~[xstream-1.4.11.jar:1.4.11]
	at com.thoughtworks.xstream.core.TreeUnmarshaller.start(TreeUnmarshaller.java:134) ~[xstream-1.4.11.jar:1.4.11]
	at com.thoughtworks.xstream.core.AbstractTreeMarshallingStrategy.unmarshal(AbstractTreeMarshallingStrategy.java:32) ~[xstream-1.4.11.jar:1.4.11]
	at com.thoughtworks.xstream.XStream.unmarshal(XStream.java:1487) ~[xstream-1.4.11.jar:1.4.11]
	at com.thoughtworks.xstream.XStream.unmarshal(XStream.java:1467) ~[xstream-1.4.11.jar:1.4.11]
	at com.thoughtworks.xstream.XStream.fromXML(XStream.java:1338) ~[xstream-1.4.11.jar:1.4.11]
	at org.apache.jmeter.save.SaveService.readTree(SaveService.java:449) ~[ApacheJMeter_core.jar:5.1.1 r1855137]
	... 9 more
