2020-09-14 11:47:12,422 INFO o.a.j.u.JMeterUtils: Setting Locale to en_EN
2020-09-14 11:47:12,514 INFO o.a.j.JMeter: Loading user properties from: /opt/apache-jmeter-5.1.1/bin/user.properties
2020-09-14 11:47:12,514 INFO o.a.j.JMeter: Loading system properties from: /opt/apache-jmeter-5.1.1/bin/system.properties
2020-09-14 11:47:12,568 INFO o.a.j.JMeter: Copyright (c) 1998-2019 The Apache Software Foundation
2020-09-14 11:47:12,568 INFO o.a.j.JMeter: Version 5.1.1 r1855137
2020-09-14 11:47:12,569 INFO o.a.j.JMeter: java.version=1.8.0_222
2020-09-14 11:47:12,569 INFO o.a.j.JMeter: java.vm.name=OpenJDK 64-Bit Server VM
2020-09-14 11:47:12,569 INFO o.a.j.JMeter: os.name=Linux
2020-09-14 11:47:12,586 INFO o.a.j.JMeter: os.arch=amd64
2020-09-14 11:47:12,586 INFO o.a.j.JMeter: os.version=4.15.0-1092-azure
2020-09-14 11:47:12,586 INFO o.a.j.JMeter: file.encoding=UTF-8
2020-09-14 11:47:12,586 INFO o.a.j.JMeter: java.awt.headless=true
2020-09-14 11:47:12,586 INFO o.a.j.JMeter: Max memory     =1073741824
2020-09-14 11:47:12,595 INFO o.a.j.JMeter: Available Processors =1
2020-09-14 11:47:12,625 INFO o.a.j.JMeter: Default Locale=English (EN)
2020-09-14 11:47:12,631 INFO o.a.j.JMeter: JMeter  Locale=English (EN)
2020-09-14 11:47:12,631 INFO o.a.j.JMeter: JMeterHome=/opt/apache-jmeter-5.1.1
2020-09-14 11:47:12,631 INFO o.a.j.JMeter: user.dir  =/jmeter-testing
2020-09-14 11:47:12,631 INFO o.a.j.JMeter: PWD       =/jmeter-testing
2020-09-14 11:47:12,646 INFO o.a.j.JMeter: IP: 10.244.3.151 Name: jmeter-3fd7f7a05b147d96-4gkcj FullName: jmeter-3fd7f7a05b147d96-4gkcj
2020-09-14 11:47:12,667 INFO o.a.j.JMeter: Setting property 'jmeter.reportgenerator.outputdir' to:'/jmeter-testing/reports'
2020-09-14 11:47:12,716 INFO o.a.j.r.d.ReportGenerator: ReportGenerator will use for Parsing the separator: ','
2020-09-14 11:47:12,717 ERROR o.a.j.JMeter: An error occurred: 
java.lang.IllegalArgumentException: Cannot read test results file : /jmeter-testing/result.jtl
	at org.apache.jmeter.report.dashboard.ReportGenerator.<init>(ReportGenerator.java:134) ~[ApacheJMeter_core.jar:5.1.1 r1855137]
	at org.apache.jmeter.JMeter.start(JMeter.java:541) [ApacheJMeter_core.jar:5.1.1 r1855137]
	at sun.reflect.NativeMethodAccessorImpl.invoke0(Native Method) ~[?:1.8.0_222]
	at sun.reflect.NativeMethodAccessorImpl.invoke(NativeMethodAccessorImpl.java:62) ~[?:1.8.0_222]
	at sun.reflect.DelegatingMethodAccessorImpl.invoke(DelegatingMethodAccessorImpl.java:43) ~[?:1.8.0_222]
	at java.lang.reflect.Method.invoke(Method.java:498) ~[?:1.8.0_222]
	at org.apache.jmeter.NewDriver.main(NewDriver.java:253) [ApacheJMeter.jar:5.1.1 r1855137]
