2020-12-09 14:20:37,403 INFO o.a.j.u.JMeterUtils: Setting Locale to en_EN
2020-12-09 14:20:37,421 INFO o.a.j.JMeter: Loading user properties from: /opt/apache-jmeter-5.3/bin/user.properties
2020-12-09 14:20:37,421 INFO o.a.j.JMeter: Loading system properties from: /opt/apache-jmeter-5.3/bin/system.properties
2020-12-09 14:20:37,421 INFO o.a.j.JMeter: Setting JMeter property: gate-url=gitpr-gate-nightly.oes.opsmx.com
2020-12-09 14:20:37,421 INFO o.a.j.JMeter: Setting JMeter property: ui-url=gitpr-ui-nightly.oes.opsmx.com
2020-12-09 14:20:37,421 WARN o.a.j.JMeter: Removing JMeter property: port
2020-12-09 14:20:37,421 INFO o.a.j.JMeter: Setting JMeter property: protocol=http
2020-12-09 14:20:37,422 INFO o.a.j.JMeter: Setting JMeter property: username=user2
2020-12-09 14:20:37,422 INFO o.a.j.JMeter: Setting JMeter property: password=user2password
2020-12-09 14:20:37,422 INFO o.a.j.JMeter: Setting JMeter property: endpoint=opa:8181
2020-12-09 14:20:37,422 INFO o.a.j.JMeter: Setting JMeter property: jmeterengine.force.system.exit=true
2020-12-09 14:20:37,423 INFO o.a.j.JMeter: Copyright (c) 1998-2020 The Apache Software Foundation
2020-12-09 14:20:37,423 INFO o.a.j.JMeter: Version 5.3
2020-12-09 14:20:37,423 INFO o.a.j.JMeter: java.version=1.8.0_252
2020-12-09 14:20:37,423 INFO o.a.j.JMeter: java.vm.name=OpenJDK 64-Bit Server VM
2020-12-09 14:20:37,423 INFO o.a.j.JMeter: os.name=Linux
2020-12-09 14:20:37,423 INFO o.a.j.JMeter: os.arch=amd64
2020-12-09 14:20:37,423 INFO o.a.j.JMeter: os.version=4.15.0-1098-azure
2020-12-09 14:20:37,423 INFO o.a.j.JMeter: file.encoding=UTF-8
2020-12-09 14:20:37,423 INFO o.a.j.JMeter: java.awt.headless=true
2020-12-09 14:20:37,424 INFO o.a.j.JMeter: Max memory     =1073741824
2020-12-09 14:20:37,424 INFO o.a.j.JMeter: Available Processors =1
2020-12-09 14:20:37,431 INFO o.a.j.JMeter: Default Locale=English (EN)
2020-12-09 14:20:37,432 INFO o.a.j.JMeter: JMeter  Locale=English (EN)
2020-12-09 14:20:37,432 INFO o.a.j.JMeter: JMeterHome=/opt/apache-jmeter-5.3
2020-12-09 14:20:37,432 INFO o.a.j.JMeter: user.dir  =/jmeter-testing/jmeter-scripts
2020-12-09 14:20:37,432 INFO o.a.j.JMeter: PWD       =/jmeter-testing/jmeter-scripts
2020-12-09 14:20:37,433 INFO o.a.j.JMeter: IP: 10.244.20.238 Name: jmeter-3fcaa088fce13bb8-nnkzm FullName: jmeter-3fcaa088fce13bb8-nnkzm
2020-12-09 14:20:37,439 INFO o.a.j.s.FileServer: Default base='/jmeter-testing/jmeter-scripts'
2020-12-09 14:20:37,446 INFO o.a.j.s.FileServer: Set new base='/jmeter-testing/jmeter-scripts'
2020-12-09 14:20:37,653 INFO o.a.j.s.SaveService: Testplan (JMX) version: 2.2. Testlog (JTL) version: 2.2
2020-12-09 14:20:37,687 INFO o.a.j.s.SaveService: Using SaveService properties file encoding UTF-8
2020-12-09 14:20:37,693 INFO o.a.j.s.SaveService: Using SaveService properties version 5.0
2020-12-09 14:20:37,701 INFO o.a.j.s.SaveService: Loading file: G-sonarqube-create-delete.jmx
2020-12-09 14:20:37,749 INFO o.a.j.p.h.c.CookieManager: Settings: Delete null: true Check: true Allow variable: true Save: false Prefix: COOKIE_
2020-12-09 14:20:37,771 INFO o.a.j.p.h.s.HTTPSamplerBase: Parser for text/html is org.apache.jmeter.protocol.http.parser.LagartoBasedHtmlParser
2020-12-09 14:20:37,772 INFO o.a.j.p.h.s.HTTPSamplerBase: Parser for application/xhtml+xml is org.apache.jmeter.protocol.http.parser.LagartoBasedHtmlParser
2020-12-09 14:20:37,772 INFO o.a.j.p.h.s.HTTPSamplerBase: Parser for application/xml is org.apache.jmeter.protocol.http.parser.LagartoBasedHtmlParser
2020-12-09 14:20:37,772 INFO o.a.j.p.h.s.HTTPSamplerBase: Parser for text/xml is org.apache.jmeter.protocol.http.parser.LagartoBasedHtmlParser
2020-12-09 14:20:37,772 INFO o.a.j.p.h.s.HTTPSamplerBase: Parser for text/vnd.wap.wml is org.apache.jmeter.protocol.http.parser.RegexpHTMLParser
2020-12-09 14:20:37,772 INFO o.a.j.p.h.s.HTTPSamplerBase: Parser for text/css is org.apache.jmeter.protocol.http.parser.CssParser
2020-12-09 14:20:38,188 INFO o.a.j.e.KeyToolUtils: keytool found at 'keytool'
2020-12-09 14:20:38,189 INFO o.a.j.p.h.p.ProxyControl: HTTP(S) Test Script Recorder SSL Proxy will use keys that support embedded 3rd party resources in file /opt/apache-jmeter-5.3/bin/proxyserver.jks
2020-12-09 14:20:38,231 INFO o.a.j.JMeter: Creating summariser <summary>
2020-12-09 14:20:38,238 INFO o.a.j.e.StandardJMeterEngine: Running the test!
2020-12-09 14:20:38,239 INFO o.a.j.s.SampleEvent: List of sample_variables: []
2020-12-09 14:20:38,239 INFO o.a.j.s.SampleEvent: List of sample_variables: []
2020-12-09 14:20:38,246 INFO o.a.j.e.u.CompoundVariable: Note: Function class names must contain the string: '.functions.'
2020-12-09 14:20:38,246 INFO o.a.j.e.u.CompoundVariable: Note: Function class names must not contain the string: '.gui.'
2020-12-09 14:20:38,765 INFO o.a.j.JMeter: Running test (1607523638765)
2020-12-09 14:20:38,839 INFO o.a.j.e.StandardJMeterEngine: Starting ThreadGroup: 1 : Thread Group
2020-12-09 14:20:38,839 INFO o.a.j.e.StandardJMeterEngine: Starting 1 threads for group Thread Group.
2020-12-09 14:20:38,839 INFO o.a.j.e.StandardJMeterEngine: Thread will continue on error
2020-12-09 14:20:38,839 INFO o.a.j.t.ThreadGroup: Starting thread group... number=1 threads=1 ramp-up=1 delayedStart=false
2020-12-09 14:20:38,850 INFO o.a.j.t.ThreadGroup: Started thread group number 1
2020-12-09 14:20:38,850 INFO o.a.j.e.StandardJMeterEngine: All thread groups have been started
2020-12-09 14:20:38,853 INFO o.a.j.s.SampleResult: Note: Sample TimeStamps are START times
2020-12-09 14:20:38,854 INFO o.a.j.s.SampleResult: sampleresult.default.encoding is set to ISO-8859-1
2020-12-09 14:20:38,854 INFO o.a.j.s.SampleResult: sampleresult.useNanoTime=true
2020-12-09 14:20:38,854 INFO o.a.j.s.SampleResult: sampleresult.nanoThreadSleep=5000
2020-12-09 14:20:38,862 INFO o.a.j.t.JMeterThread: Thread started: Thread Group 1-1
2020-12-09 14:20:38,886 INFO o.a.j.p.h.s.HTTPHCAbstractImpl: Local host = jmeter-3fcaa088fce13bb8-nnkzm
2020-12-09 14:20:38,893 INFO o.a.j.p.h.s.HTTPHC4Impl: HTTP request retry count = 0
2020-12-09 14:20:39,015 INFO o.a.j.p.h.s.h.LazyLayeredConnectionSocketFactory: Setting up HTTPS TrustAll Socket Factory
2020-12-09 14:20:39,023 INFO o.a.j.u.JsseSSLManager: Using default SSL protocol: TLS
2020-12-09 14:20:39,023 INFO o.a.j.u.JsseSSLManager: SSL session context: per-thread
2020-12-09 14:20:39,099 INFO o.a.j.u.SSLManager: JmeterKeyStore Location:  type JKS
2020-12-09 14:20:39,105 INFO o.a.j.u.SSLManager: KeyStore created OK
2020-12-09 14:20:39,105 WARN o.a.j.u.SSLManager: Keystore file not found, loading empty keystore
2020-12-09 14:21:01,507 INFO o.a.j.r.Summariser: summary +     57 in 00:00:23 =    2.5/s Avg:    75 Min:     3 Max:  1174 Err:     4 (7.02%) Active: 1 Started: 1 Finished: 0
2020-12-09 14:21:10,549 INFO o.a.j.t.JMeterThread: Thread is done: Thread Group 1-1
2020-12-09 14:21:10,549 INFO o.a.j.t.JMeterThread: Thread finished: Thread Group 1-1
2020-12-09 14:21:10,551 INFO o.a.j.e.StandardJMeterEngine: Notifying test listeners of end of test
2020-12-09 14:21:10,552 INFO o.a.j.r.Summariser: summary +      3 in 00:00:09 =    0.3/s Avg:    13 Min:     6 Max:    17 Err:     0 (0.00%) Active: 0 Started: 1 Finished: 1
2020-12-09 14:21:10,552 INFO o.a.j.r.Summariser: summary =     60 in 00:00:32 =    1.9/s Avg:    72 Min:     3 Max:  1174 Err:     4 (6.67%)
2020-12-09 14:21:10,553 INFO o.a.j.e.StandardJMeterEngine: Forced JVM shutdown requested at end of test
