2020-12-09 06:56:53,176 INFO o.a.j.u.JMeterUtils: Setting Locale to en_EN
2020-12-09 06:56:53,202 INFO o.a.j.JMeter: Loading user properties from: /opt/apache-jmeter-5.3/bin/user.properties
2020-12-09 06:56:53,202 INFO o.a.j.JMeter: Loading system properties from: /opt/apache-jmeter-5.3/bin/system.properties
2020-12-09 06:56:53,203 INFO o.a.j.JMeter: Setting JMeter property: gate-url=gitpr-gate-nightly.oes.opsmx.com
2020-12-09 06:56:53,203 INFO o.a.j.JMeter: Setting JMeter property: ui-url=gitpr-ui-nightly.oes.opsmx.com
2020-12-09 06:56:53,203 WARN o.a.j.JMeter: Removing JMeter property: port
2020-12-09 06:56:53,203 INFO o.a.j.JMeter: Setting JMeter property: protocol=http
2020-12-09 06:56:53,203 INFO o.a.j.JMeter: Setting JMeter property: username=user2
2020-12-09 06:56:53,204 INFO o.a.j.JMeter: Setting JMeter property: password=user2password
2020-12-09 06:56:53,204 INFO o.a.j.JMeter: Setting JMeter property: endpoint=opa:8181
2020-12-09 06:56:53,204 INFO o.a.j.JMeter: Setting JMeter property: jmeterengine.force.system.exit=true
2020-12-09 06:56:53,206 INFO o.a.j.JMeter: Copyright (c) 1998-2020 The Apache Software Foundation
2020-12-09 06:56:53,206 INFO o.a.j.JMeter: Version 5.3
2020-12-09 06:56:53,206 INFO o.a.j.JMeter: java.version=1.8.0_252
2020-12-09 06:56:53,206 INFO o.a.j.JMeter: java.vm.name=OpenJDK 64-Bit Server VM
2020-12-09 06:56:53,206 INFO o.a.j.JMeter: os.name=Linux
2020-12-09 06:56:53,206 INFO o.a.j.JMeter: os.arch=amd64
2020-12-09 06:56:53,206 INFO o.a.j.JMeter: os.version=4.15.0-1098-azure
2020-12-09 06:56:53,206 INFO o.a.j.JMeter: file.encoding=UTF-8
2020-12-09 06:56:53,207 INFO o.a.j.JMeter: java.awt.headless=true
2020-12-09 06:56:53,207 INFO o.a.j.JMeter: Max memory     =1073741824
2020-12-09 06:56:53,207 INFO o.a.j.JMeter: Available Processors =1
2020-12-09 06:56:53,218 INFO o.a.j.JMeter: Default Locale=English (EN)
2020-12-09 06:56:53,219 INFO o.a.j.JMeter: JMeter  Locale=English (EN)
2020-12-09 06:56:53,219 INFO o.a.j.JMeter: JMeterHome=/opt/apache-jmeter-5.3
2020-12-09 06:56:53,219 INFO o.a.j.JMeter: user.dir  =/jmeter-testing/jmeter-scripts
2020-12-09 06:56:53,219 INFO o.a.j.JMeter: PWD       =/jmeter-testing/jmeter-scripts
2020-12-09 06:56:53,219 INFO o.a.j.JMeter: IP: 10.244.17.194 Name: jmeter-3fda14709ccb2d76-r2pr2 FullName: jmeter-3fda14709ccb2d76-r2pr2
2020-12-09 06:56:53,229 INFO o.a.j.s.FileServer: Default base='/jmeter-testing/jmeter-scripts'
2020-12-09 06:56:53,235 INFO o.a.j.s.FileServer: Set new base='/jmeter-testing/jmeter-scripts'
2020-12-09 06:56:53,410 INFO o.a.j.s.SaveService: Testplan (JMX) version: 2.2. Testlog (JTL) version: 2.2
2020-12-09 06:56:53,434 INFO o.a.j.s.SaveService: Using SaveService properties file encoding UTF-8
2020-12-09 06:56:53,439 INFO o.a.j.s.SaveService: Using SaveService properties version 5.0
2020-12-09 06:56:53,446 INFO o.a.j.s.SaveService: Loading file: G-sonarqube-create-delete.jmx
2020-12-09 06:56:53,488 INFO o.a.j.p.h.c.CookieManager: Settings: Delete null: true Check: true Allow variable: true Save: false Prefix: COOKIE_
2020-12-09 06:56:53,506 INFO o.a.j.p.h.s.HTTPSamplerBase: Parser for text/html is org.apache.jmeter.protocol.http.parser.LagartoBasedHtmlParser
2020-12-09 06:56:53,507 INFO o.a.j.p.h.s.HTTPSamplerBase: Parser for application/xhtml+xml is org.apache.jmeter.protocol.http.parser.LagartoBasedHtmlParser
2020-12-09 06:56:53,507 INFO o.a.j.p.h.s.HTTPSamplerBase: Parser for application/xml is org.apache.jmeter.protocol.http.parser.LagartoBasedHtmlParser
2020-12-09 06:56:53,507 INFO o.a.j.p.h.s.HTTPSamplerBase: Parser for text/xml is org.apache.jmeter.protocol.http.parser.LagartoBasedHtmlParser
2020-12-09 06:56:53,507 INFO o.a.j.p.h.s.HTTPSamplerBase: Parser for text/vnd.wap.wml is org.apache.jmeter.protocol.http.parser.RegexpHTMLParser
2020-12-09 06:56:53,507 INFO o.a.j.p.h.s.HTTPSamplerBase: Parser for text/css is org.apache.jmeter.protocol.http.parser.CssParser
2020-12-09 06:56:53,835 INFO o.a.j.e.KeyToolUtils: keytool found at 'keytool'
2020-12-09 06:56:53,835 INFO o.a.j.p.h.p.ProxyControl: HTTP(S) Test Script Recorder SSL Proxy will use keys that support embedded 3rd party resources in file /opt/apache-jmeter-5.3/bin/proxyserver.jks
2020-12-09 06:56:53,875 INFO o.a.j.JMeter: Creating summariser <summary>
2020-12-09 06:56:53,883 INFO o.a.j.e.StandardJMeterEngine: Running the test!
2020-12-09 06:56:53,884 INFO o.a.j.s.SampleEvent: List of sample_variables: []
2020-12-09 06:56:53,884 INFO o.a.j.s.SampleEvent: List of sample_variables: []
2020-12-09 06:56:53,889 INFO o.a.j.e.u.CompoundVariable: Note: Function class names must contain the string: '.functions.'
2020-12-09 06:56:53,889 INFO o.a.j.e.u.CompoundVariable: Note: Function class names must not contain the string: '.gui.'
2020-12-09 06:56:54,288 INFO o.a.j.JMeter: Running test (1607497014288)
2020-12-09 06:56:54,346 INFO o.a.j.e.StandardJMeterEngine: Starting ThreadGroup: 1 : Thread Group
2020-12-09 06:56:54,346 INFO o.a.j.e.StandardJMeterEngine: Starting 1 threads for group Thread Group.
2020-12-09 06:56:54,346 INFO o.a.j.e.StandardJMeterEngine: Thread will continue on error
2020-12-09 06:56:54,347 INFO o.a.j.t.ThreadGroup: Starting thread group... number=1 threads=1 ramp-up=1 delayedStart=false
2020-12-09 06:56:54,355 INFO o.a.j.t.ThreadGroup: Started thread group number 1
2020-12-09 06:56:54,355 INFO o.a.j.e.StandardJMeterEngine: All thread groups have been started
2020-12-09 06:56:54,359 INFO o.a.j.s.SampleResult: Note: Sample TimeStamps are START times
2020-12-09 06:56:54,359 INFO o.a.j.s.SampleResult: sampleresult.default.encoding is set to ISO-8859-1
2020-12-09 06:56:54,359 INFO o.a.j.s.SampleResult: sampleresult.useNanoTime=true
2020-12-09 06:56:54,360 INFO o.a.j.s.SampleResult: sampleresult.nanoThreadSleep=5000
2020-12-09 06:56:54,367 INFO o.a.j.t.JMeterThread: Thread started: Thread Group 1-1
2020-12-09 06:56:54,386 INFO o.a.j.p.h.s.HTTPHCAbstractImpl: Local host = jmeter-3fda14709ccb2d76-r2pr2
2020-12-09 06:56:54,394 INFO o.a.j.p.h.s.HTTPHC4Impl: HTTP request retry count = 0
2020-12-09 06:56:54,482 INFO o.a.j.p.h.s.h.LazyLayeredConnectionSocketFactory: Setting up HTTPS TrustAll Socket Factory
2020-12-09 06:56:54,489 INFO o.a.j.u.JsseSSLManager: Using default SSL protocol: TLS
2020-12-09 06:56:54,489 INFO o.a.j.u.JsseSSLManager: SSL session context: per-thread
2020-12-09 06:56:54,542 INFO o.a.j.u.SSLManager: JmeterKeyStore Location:  type JKS
2020-12-09 06:56:54,545 INFO o.a.j.u.SSLManager: KeyStore created OK
2020-12-09 06:56:54,545 WARN o.a.j.u.SSLManager: Keystore file not found, loading empty keystore
2020-12-09 06:57:01,030 INFO o.a.j.r.Summariser: summary +     52 in 00:00:07 =    7.7/s Avg:    67 Min:     1 Max:   789 Err:     0 (0.00%) Active: 1 Started: 1 Finished: 0
2020-12-09 06:57:25,189 INFO o.a.j.t.JMeterThread: Thread is done: Thread Group 1-1
2020-12-09 06:57:25,189 INFO o.a.j.t.JMeterThread: Thread finished: Thread Group 1-1
2020-12-09 06:57:25,192 INFO o.a.j.e.StandardJMeterEngine: Notifying test listeners of end of test
2020-12-09 06:57:25,192 INFO o.a.j.r.Summariser: summary +      8 in 00:00:24 =    0.3/s Avg:    13 Min:     7 Max:    17 Err:     0 (0.00%) Active: 0 Started: 1 Finished: 1
2020-12-09 06:57:25,192 INFO o.a.j.r.Summariser: summary =     60 in 00:00:31 =    1.9/s Avg:    60 Min:     1 Max:   789 Err:     0 (0.00%)
2020-12-09 06:57:25,193 INFO o.a.j.e.StandardJMeterEngine: Forced JVM shutdown requested at end of test
