2020-11-24 12:31:10,058 INFO o.a.j.u.JMeterUtils: Setting Locale to en_EN
2020-11-24 12:31:10,115 INFO o.a.j.JMeter: Loading user properties from: /opt/apache-jmeter-5.3/bin/user.properties
2020-11-24 12:31:10,116 INFO o.a.j.JMeter: Loading system properties from: /opt/apache-jmeter-5.3/bin/system.properties
2020-11-24 12:31:10,116 INFO o.a.j.JMeter: Setting JMeter property: gate-url=gitpr-gate-nightly.oes.opsmx.com
2020-11-24 12:31:10,117 INFO o.a.j.JMeter: Setting JMeter property: ui-url=gitpr-ui-nightly.oes.opsmx.com
2020-11-24 12:31:10,117 WARN o.a.j.JMeter: Removing JMeter property: port
2020-11-24 12:31:10,117 INFO o.a.j.JMeter: Setting JMeter property: protocol=http
2020-11-24 12:31:10,117 INFO o.a.j.JMeter: Setting JMeter property: username=user2
2020-11-24 12:31:10,117 INFO o.a.j.JMeter: Setting JMeter property: password=user2password
2020-11-24 12:31:10,117 INFO o.a.j.JMeter: Setting JMeter property: endpoint=opa:8181
2020-11-24 12:31:10,117 INFO o.a.j.JMeter: Setting JMeter property: jmeterengine.force.system.exit=true
2020-11-24 12:31:10,125 INFO o.a.j.JMeter: Copyright (c) 1998-2020 The Apache Software Foundation
2020-11-24 12:31:10,125 INFO o.a.j.JMeter: Version 5.3
2020-11-24 12:31:10,125 INFO o.a.j.JMeter: java.version=1.8.0_252
2020-11-24 12:31:10,125 INFO o.a.j.JMeter: java.vm.name=OpenJDK 64-Bit Server VM
2020-11-24 12:31:10,125 INFO o.a.j.JMeter: os.name=Linux
2020-11-24 12:31:10,125 INFO o.a.j.JMeter: os.arch=amd64
2020-11-24 12:31:10,125 INFO o.a.j.JMeter: os.version=4.15.0-1092-azure
2020-11-24 12:31:10,125 INFO o.a.j.JMeter: file.encoding=UTF-8
2020-11-24 12:31:10,125 INFO o.a.j.JMeter: java.awt.headless=true
2020-11-24 12:31:10,126 INFO o.a.j.JMeter: Max memory     =1073741824
2020-11-24 12:31:10,126 INFO o.a.j.JMeter: Available Processors =1
2020-11-24 12:31:10,154 INFO o.a.j.JMeter: Default Locale=English (EN)
2020-11-24 12:31:10,155 INFO o.a.j.JMeter: JMeter  Locale=English (EN)
2020-11-24 12:31:10,155 INFO o.a.j.JMeter: JMeterHome=/opt/apache-jmeter-5.3
2020-11-24 12:31:10,155 INFO o.a.j.JMeter: user.dir  =/jmeter-testing/jmeter-scripts
2020-11-24 12:31:10,155 INFO o.a.j.JMeter: PWD       =/jmeter-testing/jmeter-scripts
2020-11-24 12:31:10,156 INFO o.a.j.JMeter: IP: 10.244.9.231 Name: jmeter-3fa82c98d4f4c400-sxtxj FullName: jmeter-3fa82c98d4f4c400-sxtxj
2020-11-24 12:31:10,175 INFO o.a.j.s.FileServer: Default base='/jmeter-testing/jmeter-scripts'
2020-11-24 12:31:10,205 INFO o.a.j.s.FileServer: Set new base='/jmeter-testing/jmeter-scripts'
2020-11-24 12:31:10,643 INFO o.a.j.s.SaveService: Testplan (JMX) version: 2.2. Testlog (JTL) version: 2.2
2020-11-24 12:31:10,703 INFO o.a.j.s.SaveService: Using SaveService properties file encoding UTF-8
2020-11-24 12:31:10,714 INFO o.a.j.s.SaveService: Using SaveService properties version 5.0
2020-11-24 12:31:10,733 INFO o.a.j.s.SaveService: Loading file: B-DataSource-OES3.jmx
2020-11-24 12:31:10,842 INFO o.a.j.p.h.c.CookieManager: Settings: Delete null: true Check: true Allow variable: true Save: false Prefix: COOKIE_
2020-11-24 12:31:10,909 INFO o.a.j.p.h.s.HTTPSamplerBase: Parser for text/html is org.apache.jmeter.protocol.http.parser.LagartoBasedHtmlParser
2020-11-24 12:31:10,909 INFO o.a.j.p.h.s.HTTPSamplerBase: Parser for application/xhtml+xml is org.apache.jmeter.protocol.http.parser.LagartoBasedHtmlParser
2020-11-24 12:31:10,909 INFO o.a.j.p.h.s.HTTPSamplerBase: Parser for application/xml is org.apache.jmeter.protocol.http.parser.LagartoBasedHtmlParser
2020-11-24 12:31:10,910 INFO o.a.j.p.h.s.HTTPSamplerBase: Parser for text/xml is org.apache.jmeter.protocol.http.parser.LagartoBasedHtmlParser
2020-11-24 12:31:10,910 INFO o.a.j.p.h.s.HTTPSamplerBase: Parser for text/vnd.wap.wml is org.apache.jmeter.protocol.http.parser.RegexpHTMLParser
2020-11-24 12:31:10,910 INFO o.a.j.p.h.s.HTTPSamplerBase: Parser for text/css is org.apache.jmeter.protocol.http.parser.CssParser
2020-11-24 12:31:11,654 INFO o.a.j.e.KeyToolUtils: keytool found at 'keytool'
2020-11-24 12:31:11,655 INFO o.a.j.p.h.p.ProxyControl: HTTP(S) Test Script Recorder SSL Proxy will use keys that support embedded 3rd party resources in file /opt/apache-jmeter-5.3/bin/proxyserver.jks
2020-11-24 12:31:11,738 INFO o.a.j.JMeter: Creating summariser <summary>
2020-11-24 12:31:11,878 INFO o.a.j.e.StandardJMeterEngine: Running the test!
2020-11-24 12:31:11,878 INFO o.a.j.s.SampleEvent: List of sample_variables: []
2020-11-24 12:31:11,878 INFO o.a.j.s.SampleEvent: List of sample_variables: []
2020-11-24 12:31:11,927 INFO o.a.j.e.u.CompoundVariable: Note: Function class names must contain the string: '.functions.'
2020-11-24 12:31:11,927 INFO o.a.j.e.u.CompoundVariable: Note: Function class names must not contain the string: '.gui.'
2020-11-24 12:31:13,386 INFO o.a.j.JMeter: Running test (1606221073385)
2020-11-24 12:31:13,563 INFO o.a.j.e.StandardJMeterEngine: Starting ThreadGroup: 1 : Thread Group
2020-11-24 12:31:13,564 INFO o.a.j.e.StandardJMeterEngine: Starting 1 threads for group Thread Group.
2020-11-24 12:31:13,564 INFO o.a.j.e.StandardJMeterEngine: Thread will continue on error
2020-11-24 12:31:13,564 INFO o.a.j.t.ThreadGroup: Starting thread group... number=1 threads=1 ramp-up=1 delayedStart=false
2020-11-24 12:31:13,604 INFO o.a.j.t.ThreadGroup: Started thread group number 1
2020-11-24 12:31:13,610 INFO o.a.j.e.StandardJMeterEngine: All thread groups have been started
2020-11-24 12:31:13,634 INFO o.a.j.s.SampleResult: Note: Sample TimeStamps are START times
2020-11-24 12:31:13,635 INFO o.a.j.s.SampleResult: sampleresult.default.encoding is set to ISO-8859-1
2020-11-24 12:31:13,635 INFO o.a.j.s.SampleResult: sampleresult.useNanoTime=true
2020-11-24 12:31:13,635 INFO o.a.j.s.SampleResult: sampleresult.nanoThreadSleep=5000
2020-11-24 12:31:13,642 INFO o.a.j.t.JMeterThread: Thread started: Thread Group 1-1
2020-11-24 12:31:13,703 INFO o.a.j.p.h.s.HTTPHCAbstractImpl: Local host = jmeter-3fa82c98d4f4c400-sxtxj
2020-11-24 12:31:13,723 INFO o.a.j.p.h.s.HTTPHC4Impl: HTTP request retry count = 0
2020-11-24 12:31:26,468 INFO o.a.j.t.JMeterThread: Thread is done: Thread Group 1-1
2020-11-24 12:31:26,468 INFO o.a.j.t.JMeterThread: Thread finished: Thread Group 1-1
2020-11-24 12:31:26,470 INFO o.a.j.e.StandardJMeterEngine: Notifying test listeners of end of test
2020-11-24 12:31:26,478 INFO o.a.j.r.Summariser: summary =     21 in 00:00:13 =    1.6/s Avg:   597 Min:    28 Max:  9471 Err:     0 (0.00%)
2020-11-24 12:31:26,479 INFO o.a.j.e.StandardJMeterEngine: Forced JVM shutdown requested at end of test
