2020-10-05 02:45:20,205 INFO o.a.j.u.JMeterUtils: Setting Locale to en_EN
2020-10-05 02:45:20,340 INFO o.a.j.JMeter: Loading user properties from: /opt/apache-jmeter-5.1.1/bin/user.properties
2020-10-05 02:45:20,344 INFO o.a.j.JMeter: Loading system properties from: /opt/apache-jmeter-5.1.1/bin/system.properties
2020-10-05 02:45:20,344 INFO o.a.j.JMeter: Setting JMeter property: gate-url=nightly-oes3-gate.opsmx.com
2020-10-05 02:45:20,344 INFO o.a.j.JMeter: Setting JMeter property: ui-url=nightly-oes3.opsmx.com
2020-10-05 02:45:20,344 INFO o.a.j.JMeter: Setting JMeter property: port=443
2020-10-05 02:45:20,345 INFO o.a.j.JMeter: Setting JMeter property: protocol=https
2020-10-05 02:45:20,345 INFO o.a.j.JMeter: Setting JMeter property: username=user2
2020-10-05 02:45:20,345 INFO o.a.j.JMeter: Setting JMeter property: password=user2password
2020-10-05 02:45:20,345 INFO o.a.j.JMeter: Setting JMeter property: endpoint=opa:8181
2020-10-05 02:45:20,357 INFO o.a.j.JMeter: Copyright (c) 1998-2019 The Apache Software Foundation
2020-10-05 02:45:20,357 INFO o.a.j.JMeter: Version 5.1.1 r1855137
2020-10-05 02:45:20,357 INFO o.a.j.JMeter: java.version=1.8.0_222
2020-10-05 02:45:20,357 INFO o.a.j.JMeter: java.vm.name=OpenJDK 64-Bit Server VM
2020-10-05 02:45:20,357 INFO o.a.j.JMeter: os.name=Linux
2020-10-05 02:45:20,357 INFO o.a.j.JMeter: os.arch=amd64
2020-10-05 02:45:20,357 INFO o.a.j.JMeter: os.version=4.15.0-1092-azure
2020-10-05 02:45:20,357 INFO o.a.j.JMeter: file.encoding=UTF-8
2020-10-05 02:45:20,358 INFO o.a.j.JMeter: java.awt.headless=true
2020-10-05 02:45:20,358 INFO o.a.j.JMeter: Max memory     =1073741824
2020-10-05 02:45:20,367 INFO o.a.j.JMeter: Available Processors =1
2020-10-05 02:45:20,423 INFO o.a.j.JMeter: Default Locale=English (EN)
2020-10-05 02:45:20,424 INFO o.a.j.JMeter: JMeter  Locale=English (EN)
2020-10-05 02:45:20,424 INFO o.a.j.JMeter: JMeterHome=/opt/apache-jmeter-5.1.1
2020-10-05 02:45:20,424 INFO o.a.j.JMeter: user.dir  =/jmeter-testing/jmeter-scripts
2020-10-05 02:45:20,424 INFO o.a.j.JMeter: PWD       =/jmeter-testing/jmeter-scripts
2020-10-05 02:45:20,424 INFO o.a.j.JMeter: IP: 10.244.2.66 Name: jmeter-3fda26405b7299fa-mgnsw FullName: jmeter-3fda26405b7299fa-mgnsw
2020-10-05 02:45:20,463 INFO o.a.j.s.FileServer: Default base='/jmeter-testing/jmeter-scripts'
2020-10-05 02:45:20,475 INFO o.a.j.s.FileServer: Set new base='/jmeter-testing/jmeter-scripts'
2020-10-05 02:45:21,060 INFO o.a.j.s.SaveService: Testplan (JMX) version: 2.2. Testlog (JTL) version: 2.2
2020-10-05 02:45:21,099 INFO o.a.j.s.SaveService: Using SaveService properties file encoding UTF-8
2020-10-05 02:45:21,109 INFO o.a.j.s.SaveService: Using SaveService properties version 5.0
2020-10-05 02:45:21,129 INFO o.a.j.s.SaveService: Loading file: B-DataSource-OES3.jmx
2020-10-05 02:45:21,245 INFO o.a.j.p.h.c.CookieManager: Settings: Delete null: true Check: true Allow variable: true Save: false Prefix: COOKIE_
2020-10-05 02:45:21,291 INFO o.a.j.p.h.s.HTTPSamplerBase: Parser for text/html is org.apache.jmeter.protocol.http.parser.LagartoBasedHtmlParser
2020-10-05 02:45:21,292 INFO o.a.j.p.h.s.HTTPSamplerBase: Parser for application/xhtml+xml is org.apache.jmeter.protocol.http.parser.LagartoBasedHtmlParser
2020-10-05 02:45:21,292 INFO o.a.j.p.h.s.HTTPSamplerBase: Parser for application/xml is org.apache.jmeter.protocol.http.parser.LagartoBasedHtmlParser
2020-10-05 02:45:21,292 INFO o.a.j.p.h.s.HTTPSamplerBase: Parser for text/xml is org.apache.jmeter.protocol.http.parser.LagartoBasedHtmlParser
2020-10-05 02:45:21,292 INFO o.a.j.p.h.s.HTTPSamplerBase: Parser for text/vnd.wap.wml is org.apache.jmeter.protocol.http.parser.RegexpHTMLParser
2020-10-05 02:45:21,292 INFO o.a.j.p.h.s.HTTPSamplerBase: Parser for text/css is org.apache.jmeter.protocol.http.parser.CssParser
2020-10-05 02:45:21,953 INFO o.a.j.e.KeyToolUtils: keytool found at 'keytool'
2020-10-05 02:45:21,954 INFO o.a.j.p.h.p.ProxyControl: HTTP(S) Test Script Recorder SSL Proxy will use keys that support embedded 3rd party resources in file /opt/apache-jmeter-5.1.1/bin/proxyserver.jks
2020-10-05 02:45:22,023 INFO o.a.j.JMeter: Creating summariser <summary>
2020-10-05 02:45:22,061 INFO o.a.j.e.StandardJMeterEngine: Running the test!
2020-10-05 02:45:22,061 INFO o.a.j.s.SampleEvent: List of sample_variables: []
2020-10-05 02:45:22,061 INFO o.a.j.s.SampleEvent: List of sample_variables: []
2020-10-05 02:45:22,082 INFO o.a.j.e.u.CompoundVariable: Note: Function class names must contain the string: '.functions.'
2020-10-05 02:45:22,082 INFO o.a.j.e.u.CompoundVariable: Note: Function class names must not contain the string: '.gui.'
2020-10-05 02:45:23,474 INFO o.a.j.JMeter: Running test (1601865923473)
2020-10-05 02:45:23,634 INFO o.a.j.e.StandardJMeterEngine: Starting ThreadGroup: 1 : Thread Group
2020-10-05 02:45:23,634 INFO o.a.j.e.StandardJMeterEngine: Starting 1 threads for group Thread Group.
2020-10-05 02:45:23,634 INFO o.a.j.e.StandardJMeterEngine: Thread will continue on error
2020-10-05 02:45:23,635 INFO o.a.j.t.ThreadGroup: Starting thread group... number=1 threads=1 ramp-up=1 delayedStart=false
2020-10-05 02:45:23,653 INFO o.a.j.t.ThreadGroup: Started thread group number 1
2020-10-05 02:45:23,653 INFO o.a.j.e.StandardJMeterEngine: All thread groups have been started
2020-10-05 02:45:23,679 INFO o.a.j.s.SampleResult: Note: Sample TimeStamps are START times
2020-10-05 02:45:23,680 INFO o.a.j.s.SampleResult: sampleresult.default.encoding is set to ISO-8859-1
2020-10-05 02:45:23,682 INFO o.a.j.s.SampleResult: sampleresult.useNanoTime=true
2020-10-05 02:45:23,682 INFO o.a.j.s.SampleResult: sampleresult.nanoThreadSleep=5000
2020-10-05 02:45:23,690 INFO o.a.j.t.JMeterThread: Thread started: Thread Group 1-1
2020-10-05 02:45:23,748 INFO o.a.j.p.h.s.HTTPHCAbstractImpl: Local host = jmeter-3fda26405b7299fa-mgnsw
2020-10-05 02:45:23,767 INFO o.a.j.p.h.s.HTTPHC4Impl: HTTP request retry count = 0
2020-10-05 02:45:24,056 INFO o.a.j.p.h.s.h.LazyLayeredConnectionSocketFactory: Setting up HTTPS TrustAll Socket Factory
2020-10-05 02:45:24,073 INFO o.a.j.u.JsseSSLManager: Using default SSL protocol: TLS
2020-10-05 02:45:24,073 INFO o.a.j.u.JsseSSLManager: SSL session context: per-thread
2020-10-05 02:45:24,271 INFO o.a.j.u.SSLManager: JmeterKeyStore Location:  type JKS
2020-10-05 02:45:24,298 INFO o.a.j.u.SSLManager: KeyStore created OK
2020-10-05 02:45:24,298 WARN o.a.j.u.SSLManager: Keystore file not found, loading empty keystore
2020-10-05 02:45:30,836 INFO o.a.j.r.Summariser: summary +     11 in 00:00:07 =    1.5/s Avg:   622 Min:    49 Max:  3281 Err:     0 (0.00%) Active: 1 Started: 1 Finished: 0
2020-10-05 02:45:34,089 INFO o.a.j.t.JMeterThread: Thread is done: Thread Group 1-1
2020-10-05 02:45:34,089 INFO o.a.j.t.JMeterThread: Thread finished: Thread Group 1-1
2020-10-05 02:45:34,093 INFO o.a.j.e.StandardJMeterEngine: Notifying test listeners of end of test
2020-10-05 02:45:34,094 INFO o.a.j.r.Summariser: summary +     10 in 00:00:03 =    3.1/s Avg:   323 Min:    34 Max:   833 Err:     0 (0.00%) Active: 0 Started: 1 Finished: 1
2020-10-05 02:45:34,095 INFO o.a.j.r.Summariser: summary =     21 in 00:00:11 =    2.0/s Avg:   480 Min:    34 Max:  3281 Err:     0 (0.00%)
