2020-11-30 08:43:57,502 INFO o.a.j.u.JMeterUtils: Setting Locale to en_EN
2020-11-30 08:43:57,553 INFO o.a.j.JMeter: Loading user properties from: /opt/apache-jmeter-5.3/bin/user.properties
2020-11-30 08:43:57,553 INFO o.a.j.JMeter: Loading system properties from: /opt/apache-jmeter-5.3/bin/system.properties
2020-11-30 08:43:57,554 INFO o.a.j.JMeter: Setting JMeter property: gate-url=gitpr-gate-nightly.oes.opsmx.com
2020-11-30 08:43:57,554 INFO o.a.j.JMeter: Setting JMeter property: ui-url=gitpr-ui-nightly.oes.opsmx.com
2020-11-30 08:43:57,555 WARN o.a.j.JMeter: Removing JMeter property: port
2020-11-30 08:43:57,555 INFO o.a.j.JMeter: Setting JMeter property: protocol=http
2020-11-30 08:43:57,555 INFO o.a.j.JMeter: Setting JMeter property: username=user2
2020-11-30 08:43:57,561 INFO o.a.j.JMeter: Setting JMeter property: password=user2password
2020-11-30 08:43:57,561 INFO o.a.j.JMeter: Setting JMeter property: endpoint=opa:8181
2020-11-30 08:43:57,561 INFO o.a.j.JMeter: Setting JMeter property: jmeterengine.force.system.exit=true
2020-11-30 08:43:57,564 INFO o.a.j.JMeter: Copyright (c) 1998-2020 The Apache Software Foundation
2020-11-30 08:43:57,564 INFO o.a.j.JMeter: Version 5.3
2020-11-30 08:43:57,564 INFO o.a.j.JMeter: java.version=1.8.0_252
2020-11-30 08:43:57,564 INFO o.a.j.JMeter: java.vm.name=OpenJDK 64-Bit Server VM
2020-11-30 08:43:57,564 INFO o.a.j.JMeter: os.name=Linux
2020-11-30 08:43:57,564 INFO o.a.j.JMeter: os.arch=amd64
2020-11-30 08:43:57,564 INFO o.a.j.JMeter: os.version=4.15.0-1092-azure
2020-11-30 08:43:57,564 INFO o.a.j.JMeter: file.encoding=UTF-8
2020-11-30 08:43:57,564 INFO o.a.j.JMeter: java.awt.headless=true
2020-11-30 08:43:57,565 INFO o.a.j.JMeter: Max memory     =1073741824
2020-11-30 08:43:57,572 INFO o.a.j.JMeter: Available Processors =1
2020-11-30 08:43:57,601 INFO o.a.j.JMeter: Default Locale=English (EN)
2020-11-30 08:43:57,601 INFO o.a.j.JMeter: JMeter  Locale=English (EN)
2020-11-30 08:43:57,601 INFO o.a.j.JMeter: JMeterHome=/opt/apache-jmeter-5.3
2020-11-30 08:43:57,601 INFO o.a.j.JMeter: user.dir  =/jmeter-testing/jmeter-scripts
2020-11-30 08:43:57,602 INFO o.a.j.JMeter: PWD       =/jmeter-testing/jmeter-scripts
2020-11-30 08:43:57,603 INFO o.a.j.JMeter: IP: 10.244.15.44 Name: jmeter-3fe06f3296dfb36a-kl568 FullName: jmeter-3fe06f3296dfb36a-kl568
2020-11-30 08:43:57,621 INFO o.a.j.s.FileServer: Default base='/jmeter-testing/jmeter-scripts'
2020-11-30 08:43:57,648 INFO o.a.j.s.FileServer: Set new base='/jmeter-testing/jmeter-scripts'
2020-11-30 08:43:58,103 INFO o.a.j.s.SaveService: Testplan (JMX) version: 2.2. Testlog (JTL) version: 2.2
2020-11-30 08:43:58,180 INFO o.a.j.s.SaveService: Using SaveService properties file encoding UTF-8
2020-11-30 08:43:58,195 INFO o.a.j.s.SaveService: Using SaveService properties version 5.0
2020-11-30 08:43:58,209 INFO o.a.j.s.SaveService: Loading file: B-DataSource-OES3.jmx
2020-11-30 08:43:58,322 INFO o.a.j.p.h.c.CookieManager: Settings: Delete null: true Check: true Allow variable: true Save: false Prefix: COOKIE_
2020-11-30 08:43:58,370 INFO o.a.j.p.h.s.HTTPSamplerBase: Parser for text/html is org.apache.jmeter.protocol.http.parser.LagartoBasedHtmlParser
2020-11-30 08:43:58,370 INFO o.a.j.p.h.s.HTTPSamplerBase: Parser for application/xhtml+xml is org.apache.jmeter.protocol.http.parser.LagartoBasedHtmlParser
2020-11-30 08:43:58,370 INFO o.a.j.p.h.s.HTTPSamplerBase: Parser for application/xml is org.apache.jmeter.protocol.http.parser.LagartoBasedHtmlParser
2020-11-30 08:43:58,370 INFO o.a.j.p.h.s.HTTPSamplerBase: Parser for text/xml is org.apache.jmeter.protocol.http.parser.LagartoBasedHtmlParser
2020-11-30 08:43:58,370 INFO o.a.j.p.h.s.HTTPSamplerBase: Parser for text/vnd.wap.wml is org.apache.jmeter.protocol.http.parser.RegexpHTMLParser
2020-11-30 08:43:58,370 INFO o.a.j.p.h.s.HTTPSamplerBase: Parser for text/css is org.apache.jmeter.protocol.http.parser.CssParser
2020-11-30 08:43:59,073 INFO o.a.j.e.KeyToolUtils: keytool found at 'keytool'
2020-11-30 08:43:59,074 INFO o.a.j.p.h.p.ProxyControl: HTTP(S) Test Script Recorder SSL Proxy will use keys that support embedded 3rd party resources in file /opt/apache-jmeter-5.3/bin/proxyserver.jks
2020-11-30 08:43:59,175 INFO o.a.j.JMeter: Creating summariser <summary>
2020-11-30 08:43:59,249 INFO o.a.j.e.StandardJMeterEngine: Running the test!
2020-11-30 08:43:59,249 INFO o.a.j.s.SampleEvent: List of sample_variables: []
2020-11-30 08:43:59,250 INFO o.a.j.s.SampleEvent: List of sample_variables: []
2020-11-30 08:43:59,269 INFO o.a.j.e.u.CompoundVariable: Note: Function class names must contain the string: '.functions.'
2020-11-30 08:43:59,269 INFO o.a.j.e.u.CompoundVariable: Note: Function class names must not contain the string: '.gui.'
2020-11-30 08:44:00,498 INFO o.a.j.JMeter: Running test (1606725840498)
2020-11-30 08:44:00,730 INFO o.a.j.e.StandardJMeterEngine: Starting ThreadGroup: 1 : Thread Group
2020-11-30 08:44:00,730 INFO o.a.j.e.StandardJMeterEngine: Starting 1 threads for group Thread Group.
2020-11-30 08:44:00,730 INFO o.a.j.e.StandardJMeterEngine: Thread will continue on error
2020-11-30 08:44:00,731 INFO o.a.j.t.ThreadGroup: Starting thread group... number=1 threads=1 ramp-up=1 delayedStart=false
2020-11-30 08:44:00,762 INFO o.a.j.t.ThreadGroup: Started thread group number 1
2020-11-30 08:44:00,762 INFO o.a.j.e.StandardJMeterEngine: All thread groups have been started
2020-11-30 08:44:00,780 INFO o.a.j.s.SampleResult: Note: Sample TimeStamps are START times
2020-11-30 08:44:00,786 INFO o.a.j.s.SampleResult: sampleresult.default.encoding is set to ISO-8859-1
2020-11-30 08:44:00,786 INFO o.a.j.s.SampleResult: sampleresult.useNanoTime=true
2020-11-30 08:44:00,786 INFO o.a.j.s.SampleResult: sampleresult.nanoThreadSleep=5000
2020-11-30 08:44:00,790 INFO o.a.j.t.JMeterThread: Thread started: Thread Group 1-1
2020-11-30 08:44:00,856 INFO o.a.j.p.h.s.HTTPHCAbstractImpl: Local host = jmeter-3fe06f3296dfb36a-kl568
2020-11-30 08:44:00,868 INFO o.a.j.p.h.s.HTTPHC4Impl: HTTP request retry count = 0
2020-11-30 08:44:01,380 INFO o.a.j.r.Summariser: summary +      1 in 00:00:01 =    1.1/s Avg:   318 Min:   318 Max:   318 Err:     0 (0.00%) Active: 1 Started: 1 Finished: 0
2020-11-30 08:44:04,009 INFO o.a.j.t.JMeterThread: Thread is done: Thread Group 1-1
2020-11-30 08:44:04,009 INFO o.a.j.t.JMeterThread: Thread finished: Thread Group 1-1
2020-11-30 08:44:04,011 INFO o.a.j.e.StandardJMeterEngine: Notifying test listeners of end of test
2020-11-30 08:44:04,011 INFO o.a.j.r.Summariser: summary +     20 in 00:00:03 =    7.6/s Avg:   128 Min:    48 Max:   328 Err:    13 (65.00%) Active: 0 Started: 1 Finished: 1
2020-11-30 08:44:04,012 INFO o.a.j.r.Summariser: summary =     21 in 00:00:04 =    6.0/s Avg:   137 Min:    48 Max:   328 Err:    13 (61.90%)
2020-11-30 08:44:04,012 INFO o.a.j.e.StandardJMeterEngine: Forced JVM shutdown requested at end of test
