2020-12-14 12:58:27,266 INFO o.a.j.u.JMeterUtils: Setting Locale to en_EN
2020-12-14 12:58:27,288 INFO o.a.j.JMeter: Loading user properties from: /opt/apache-jmeter-5.3/bin/user.properties
2020-12-14 12:58:27,289 INFO o.a.j.JMeter: Loading system properties from: /opt/apache-jmeter-5.3/bin/system.properties
2020-12-14 12:58:27,289 INFO o.a.j.JMeter: Setting JMeter property: gate-url=gitpr-gate-nightly.oes.opsmx.com
2020-12-14 12:58:27,289 INFO o.a.j.JMeter: Setting JMeter property: ui-url=gitpr-ui-nightly.oes.opsmx.com
2020-12-14 12:58:27,289 WARN o.a.j.JMeter: Removing JMeter property: port
2020-12-14 12:58:27,289 INFO o.a.j.JMeter: Setting JMeter property: protocol=http
2020-12-14 12:58:27,289 INFO o.a.j.JMeter: Setting JMeter property: username=user2
2020-12-14 12:58:27,289 INFO o.a.j.JMeter: Setting JMeter property: password=user2password
2020-12-14 12:58:27,290 INFO o.a.j.JMeter: Setting JMeter property: endpoint=opa:8181
2020-12-14 12:58:27,290 INFO o.a.j.JMeter: Setting JMeter property: jmeterengine.force.system.exit=true
2020-12-14 12:58:27,291 INFO o.a.j.JMeter: Copyright (c) 1998-2020 The Apache Software Foundation
2020-12-14 12:58:27,291 INFO o.a.j.JMeter: Version 5.3
2020-12-14 12:58:27,291 INFO o.a.j.JMeter: java.version=1.8.0_252
2020-12-14 12:58:27,291 INFO o.a.j.JMeter: java.vm.name=OpenJDK 64-Bit Server VM
2020-12-14 12:58:27,291 INFO o.a.j.JMeter: os.name=Linux
2020-12-14 12:58:27,291 INFO o.a.j.JMeter: os.arch=amd64
2020-12-14 12:58:27,292 INFO o.a.j.JMeter: os.version=4.15.0-1098-azure
2020-12-14 12:58:27,292 INFO o.a.j.JMeter: file.encoding=UTF-8
2020-12-14 12:58:27,292 INFO o.a.j.JMeter: java.awt.headless=true
2020-12-14 12:58:27,292 INFO o.a.j.JMeter: Max memory     =1073741824
2020-12-14 12:58:27,292 INFO o.a.j.JMeter: Available Processors =1
2020-12-14 12:58:27,300 INFO o.a.j.JMeter: Default Locale=English (EN)
2020-12-14 12:58:27,300 INFO o.a.j.JMeter: JMeter  Locale=English (EN)
2020-12-14 12:58:27,300 INFO o.a.j.JMeter: JMeterHome=/opt/apache-jmeter-5.3
2020-12-14 12:58:27,300 INFO o.a.j.JMeter: user.dir  =/jmeter-testing/jmeter-scripts
2020-12-14 12:58:27,300 INFO o.a.j.JMeter: PWD       =/jmeter-testing/jmeter-scripts
2020-12-14 12:58:27,301 INFO o.a.j.JMeter: IP: 10.244.19.11 Name: jmeter-3fe091b5f98cb87f-mhjnw FullName: jmeter-3fe091b5f98cb87f-mhjnw
2020-12-14 12:58:27,307 INFO o.a.j.s.FileServer: Default base='/jmeter-testing/jmeter-scripts'
2020-12-14 12:58:27,314 INFO o.a.j.s.FileServer: Set new base='/jmeter-testing/jmeter-scripts'
2020-12-14 12:58:27,494 INFO o.a.j.s.SaveService: Testplan (JMX) version: 2.2. Testlog (JTL) version: 2.2
2020-12-14 12:58:27,525 INFO o.a.j.s.SaveService: Using SaveService properties file encoding UTF-8
2020-12-14 12:58:27,531 INFO o.a.j.s.SaveService: Using SaveService properties version 5.0
2020-12-14 12:58:27,540 INFO o.a.j.s.SaveService: Loading file: G-sonarqube-create-delete.jmx
2020-12-14 12:58:27,586 INFO o.a.j.p.h.c.CookieManager: Settings: Delete null: true Check: true Allow variable: true Save: false Prefix: COOKIE_
2020-12-14 12:58:27,606 INFO o.a.j.p.h.s.HTTPSamplerBase: Parser for text/html is org.apache.jmeter.protocol.http.parser.LagartoBasedHtmlParser
2020-12-14 12:58:27,606 INFO o.a.j.p.h.s.HTTPSamplerBase: Parser for application/xhtml+xml is org.apache.jmeter.protocol.http.parser.LagartoBasedHtmlParser
2020-12-14 12:58:27,606 INFO o.a.j.p.h.s.HTTPSamplerBase: Parser for application/xml is org.apache.jmeter.protocol.http.parser.LagartoBasedHtmlParser
2020-12-14 12:58:27,606 INFO o.a.j.p.h.s.HTTPSamplerBase: Parser for text/xml is org.apache.jmeter.protocol.http.parser.LagartoBasedHtmlParser
2020-12-14 12:58:27,606 INFO o.a.j.p.h.s.HTTPSamplerBase: Parser for text/vnd.wap.wml is org.apache.jmeter.protocol.http.parser.RegexpHTMLParser
2020-12-14 12:58:27,607 INFO o.a.j.p.h.s.HTTPSamplerBase: Parser for text/css is org.apache.jmeter.protocol.http.parser.CssParser
2020-12-14 12:58:28,037 INFO o.a.j.e.KeyToolUtils: keytool found at 'keytool'
2020-12-14 12:58:28,038 INFO o.a.j.p.h.p.ProxyControl: HTTP(S) Test Script Recorder SSL Proxy will use keys that support embedded 3rd party resources in file /opt/apache-jmeter-5.3/bin/proxyserver.jks
2020-12-14 12:58:28,086 INFO o.a.j.JMeter: Creating summariser <summary>
2020-12-14 12:58:28,092 INFO o.a.j.e.StandardJMeterEngine: Running the test!
2020-12-14 12:58:28,093 INFO o.a.j.s.SampleEvent: List of sample_variables: []
2020-12-14 12:58:28,093 INFO o.a.j.s.SampleEvent: List of sample_variables: []
2020-12-14 12:58:28,100 INFO o.a.j.e.u.CompoundVariable: Note: Function class names must contain the string: '.functions.'
2020-12-14 12:58:28,100 INFO o.a.j.e.u.CompoundVariable: Note: Function class names must not contain the string: '.gui.'
2020-12-14 12:58:28,587 INFO o.a.j.JMeter: Running test (1607950708587)
2020-12-14 12:58:28,661 INFO o.a.j.e.StandardJMeterEngine: Starting ThreadGroup: 1 : Thread Group
2020-12-14 12:58:28,661 INFO o.a.j.e.StandardJMeterEngine: Starting 1 threads for group Thread Group.
2020-12-14 12:58:28,661 INFO o.a.j.e.StandardJMeterEngine: Thread will continue on error
2020-12-14 12:58:28,662 INFO o.a.j.t.ThreadGroup: Starting thread group... number=1 threads=1 ramp-up=1 delayedStart=false
2020-12-14 12:58:28,681 INFO o.a.j.t.ThreadGroup: Started thread group number 1
2020-12-14 12:58:28,682 INFO o.a.j.e.StandardJMeterEngine: All thread groups have been started
2020-12-14 12:58:28,690 INFO o.a.j.s.SampleResult: Note: Sample TimeStamps are START times
2020-12-14 12:58:28,692 INFO o.a.j.s.SampleResult: sampleresult.default.encoding is set to ISO-8859-1
2020-12-14 12:58:28,692 INFO o.a.j.s.SampleResult: sampleresult.useNanoTime=true
2020-12-14 12:58:28,692 INFO o.a.j.s.SampleResult: sampleresult.nanoThreadSleep=5000
2020-12-14 12:58:28,703 INFO o.a.j.t.JMeterThread: Thread started: Thread Group 1-1
2020-12-14 12:58:28,737 INFO o.a.j.p.h.s.HTTPHCAbstractImpl: Local host = jmeter-3fe091b5f98cb87f-mhjnw
2020-12-14 12:58:28,746 INFO o.a.j.p.h.s.HTTPHC4Impl: HTTP request retry count = 0
2020-12-14 12:58:28,885 INFO o.a.j.p.h.s.h.LazyLayeredConnectionSocketFactory: Setting up HTTPS TrustAll Socket Factory
2020-12-14 12:58:28,903 INFO o.a.j.u.JsseSSLManager: Using default SSL protocol: TLS
2020-12-14 12:58:28,903 INFO o.a.j.u.JsseSSLManager: SSL session context: per-thread
2020-12-14 12:58:28,978 INFO o.a.j.u.SSLManager: JmeterKeyStore Location:  type JKS
2020-12-14 12:58:28,983 INFO o.a.j.u.SSLManager: KeyStore created OK
2020-12-14 12:58:28,983 WARN o.a.j.u.SSLManager: Keystore file not found, loading empty keystore
2020-12-14 12:58:31,667 INFO o.a.j.r.Summariser: summary +      9 in 00:00:03 =    2.9/s Avg:   313 Min:     3 Max:  2143 Err:     0 (0.00%) Active: 1 Started: 1 Finished: 0
2020-12-14 12:59:01,845 INFO o.a.j.r.Summariser: summary +     51 in 00:00:30 =    1.7/s Avg:    60 Min:     5 Max:  2047 Err:     2 (3.92%) Active: 1 Started: 1 Finished: 0
2020-12-14 12:59:01,845 INFO o.a.j.r.Summariser: summary =     60 in 00:00:33 =    1.8/s Avg:    98 Min:     3 Max:  2143 Err:     2 (3.33%)
2020-12-14 12:59:01,845 INFO o.a.j.t.JMeterThread: Thread is done: Thread Group 1-1
2020-12-14 12:59:01,846 INFO o.a.j.t.JMeterThread: Thread finished: Thread Group 1-1
2020-12-14 12:59:01,848 INFO o.a.j.e.StandardJMeterEngine: Notifying test listeners of end of test
2020-12-14 12:59:01,848 INFO o.a.j.r.Summariser: summary =     60 in 00:00:33 =    1.8/s Avg:    98 Min:     3 Max:  2143 Err:     2 (3.33%)
2020-12-14 12:59:01,849 INFO o.a.j.e.StandardJMeterEngine: Forced JVM shutdown requested at end of test
