2020-12-09 06:35:19,869 INFO o.a.j.u.JMeterUtils: Setting Locale to en_EN
2020-12-09 06:35:19,884 INFO o.a.j.JMeter: Loading user properties from: /opt/apache-jmeter-5.3/bin/user.properties
2020-12-09 06:35:19,884 INFO o.a.j.JMeter: Loading system properties from: /opt/apache-jmeter-5.3/bin/system.properties
2020-12-09 06:35:19,885 INFO o.a.j.JMeter: Setting JMeter property: gate-url=gitpr-gate-nightly.oes.opsmx.com
2020-12-09 06:35:19,885 INFO o.a.j.JMeter: Setting JMeter property: ui-url=gitpr-ui-nightly.oes.opsmx.com
2020-12-09 06:35:19,885 WARN o.a.j.JMeter: Removing JMeter property: port
2020-12-09 06:35:19,885 INFO o.a.j.JMeter: Setting JMeter property: protocol=http
2020-12-09 06:35:19,885 INFO o.a.j.JMeter: Setting JMeter property: username=user2
2020-12-09 06:35:19,885 INFO o.a.j.JMeter: Setting JMeter property: password=user2password
2020-12-09 06:35:19,885 INFO o.a.j.JMeter: Setting JMeter property: endpoint=opa:8181
2020-12-09 06:35:19,885 INFO o.a.j.JMeter: Setting JMeter property: jmeterengine.force.system.exit=true
2020-12-09 06:35:19,886 INFO o.a.j.JMeter: Copyright (c) 1998-2020 The Apache Software Foundation
2020-12-09 06:35:19,887 INFO o.a.j.JMeter: Version 5.3
2020-12-09 06:35:19,887 INFO o.a.j.JMeter: java.version=1.8.0_252
2020-12-09 06:35:19,887 INFO o.a.j.JMeter: java.vm.name=OpenJDK 64-Bit Server VM
2020-12-09 06:35:19,887 INFO o.a.j.JMeter: os.name=Linux
2020-12-09 06:35:19,887 INFO o.a.j.JMeter: os.arch=amd64
2020-12-09 06:35:19,887 INFO o.a.j.JMeter: os.version=4.15.0-1098-azure
2020-12-09 06:35:19,887 INFO o.a.j.JMeter: file.encoding=UTF-8
2020-12-09 06:35:19,887 INFO o.a.j.JMeter: java.awt.headless=true
2020-12-09 06:35:19,887 INFO o.a.j.JMeter: Max memory     =1073741824
2020-12-09 06:35:19,887 INFO o.a.j.JMeter: Available Processors =1
2020-12-09 06:35:19,895 INFO o.a.j.JMeter: Default Locale=English (EN)
2020-12-09 06:35:19,895 INFO o.a.j.JMeter: JMeter  Locale=English (EN)
2020-12-09 06:35:19,895 INFO o.a.j.JMeter: JMeterHome=/opt/apache-jmeter-5.3
2020-12-09 06:35:19,895 INFO o.a.j.JMeter: user.dir  =/jmeter-testing/jmeter-scripts
2020-12-09 06:35:19,896 INFO o.a.j.JMeter: PWD       =/jmeter-testing/jmeter-scripts
2020-12-09 06:35:19,896 INFO o.a.j.JMeter: IP: 10.244.17.191 Name: jmeter-3fde2fcee237f1c4-h8mtm FullName: jmeter-3fde2fcee237f1c4-h8mtm
2020-12-09 06:35:19,902 INFO o.a.j.s.FileServer: Default base='/jmeter-testing/jmeter-scripts'
2020-12-09 06:35:19,907 INFO o.a.j.s.FileServer: Set new base='/jmeter-testing/jmeter-scripts'
2020-12-09 06:35:20,058 INFO o.a.j.s.SaveService: Testplan (JMX) version: 2.2. Testlog (JTL) version: 2.2
2020-12-09 06:35:20,087 INFO o.a.j.s.SaveService: Using SaveService properties file encoding UTF-8
2020-12-09 06:35:20,093 INFO o.a.j.s.SaveService: Using SaveService properties version 5.0
2020-12-09 06:35:20,100 INFO o.a.j.s.SaveService: Loading file: G-sonarqube-create-delete.jmx
2020-12-09 06:35:20,146 INFO o.a.j.p.h.c.CookieManager: Settings: Delete null: true Check: true Allow variable: true Save: false Prefix: COOKIE_
2020-12-09 06:35:20,167 INFO o.a.j.p.h.s.HTTPSamplerBase: Parser for text/html is org.apache.jmeter.protocol.http.parser.LagartoBasedHtmlParser
2020-12-09 06:35:20,167 INFO o.a.j.p.h.s.HTTPSamplerBase: Parser for application/xhtml+xml is org.apache.jmeter.protocol.http.parser.LagartoBasedHtmlParser
2020-12-09 06:35:20,167 INFO o.a.j.p.h.s.HTTPSamplerBase: Parser for application/xml is org.apache.jmeter.protocol.http.parser.LagartoBasedHtmlParser
2020-12-09 06:35:20,167 INFO o.a.j.p.h.s.HTTPSamplerBase: Parser for text/xml is org.apache.jmeter.protocol.http.parser.LagartoBasedHtmlParser
2020-12-09 06:35:20,167 INFO o.a.j.p.h.s.HTTPSamplerBase: Parser for text/vnd.wap.wml is org.apache.jmeter.protocol.http.parser.RegexpHTMLParser
2020-12-09 06:35:20,167 INFO o.a.j.p.h.s.HTTPSamplerBase: Parser for text/css is org.apache.jmeter.protocol.http.parser.CssParser
2020-12-09 06:35:20,466 INFO o.a.j.e.KeyToolUtils: keytool found at 'keytool'
2020-12-09 06:35:20,467 INFO o.a.j.p.h.p.ProxyControl: HTTP(S) Test Script Recorder SSL Proxy will use keys that support embedded 3rd party resources in file /opt/apache-jmeter-5.3/bin/proxyserver.jks
2020-12-09 06:35:20,513 INFO o.a.j.JMeter: Creating summariser <summary>
2020-12-09 06:35:20,519 INFO o.a.j.e.StandardJMeterEngine: Running the test!
2020-12-09 06:35:20,520 INFO o.a.j.s.SampleEvent: List of sample_variables: []
2020-12-09 06:35:20,520 INFO o.a.j.s.SampleEvent: List of sample_variables: []
2020-12-09 06:35:20,524 INFO o.a.j.e.u.CompoundVariable: Note: Function class names must contain the string: '.functions.'
2020-12-09 06:35:20,525 INFO o.a.j.e.u.CompoundVariable: Note: Function class names must not contain the string: '.gui.'
2020-12-09 06:35:20,930 INFO o.a.j.JMeter: Running test (1607495720930)
2020-12-09 06:35:20,994 INFO o.a.j.e.StandardJMeterEngine: Starting ThreadGroup: 1 : Thread Group
2020-12-09 06:35:20,994 INFO o.a.j.e.StandardJMeterEngine: Starting 1 threads for group Thread Group.
2020-12-09 06:35:20,994 INFO o.a.j.e.StandardJMeterEngine: Thread will continue on error
2020-12-09 06:35:20,995 INFO o.a.j.t.ThreadGroup: Starting thread group... number=1 threads=1 ramp-up=1 delayedStart=false
2020-12-09 06:35:21,006 INFO o.a.j.t.ThreadGroup: Started thread group number 1
2020-12-09 06:35:21,006 INFO o.a.j.e.StandardJMeterEngine: All thread groups have been started
2020-12-09 06:35:21,018 INFO o.a.j.s.SampleResult: Note: Sample TimeStamps are START times
2020-12-09 06:35:21,018 INFO o.a.j.s.SampleResult: sampleresult.default.encoding is set to ISO-8859-1
2020-12-09 06:35:21,018 INFO o.a.j.s.SampleResult: sampleresult.useNanoTime=true
2020-12-09 06:35:21,019 INFO o.a.j.s.SampleResult: sampleresult.nanoThreadSleep=5000
2020-12-09 06:35:21,030 INFO o.a.j.t.JMeterThread: Thread started: Thread Group 1-1
2020-12-09 06:35:21,055 INFO o.a.j.p.h.s.HTTPHCAbstractImpl: Local host = jmeter-3fde2fcee237f1c4-h8mtm
2020-12-09 06:35:21,062 INFO o.a.j.p.h.s.HTTPHC4Impl: HTTP request retry count = 0
2020-12-09 06:35:21,195 INFO o.a.j.p.h.s.h.LazyLayeredConnectionSocketFactory: Setting up HTTPS TrustAll Socket Factory
2020-12-09 06:35:21,202 INFO o.a.j.u.JsseSSLManager: Using default SSL protocol: TLS
2020-12-09 06:35:21,202 INFO o.a.j.u.JsseSSLManager: SSL session context: per-thread
2020-12-09 06:35:21,269 INFO o.a.j.u.SSLManager: JmeterKeyStore Location:  type JKS
2020-12-09 06:35:21,273 INFO o.a.j.u.SSLManager: KeyStore created OK
2020-12-09 06:35:21,273 WARN o.a.j.u.SSLManager: Keystore file not found, loading empty keystore
2020-12-09 06:35:30,376 INFO o.a.j.r.Summariser: summary +     53 in 00:00:09 =    5.6/s Avg:    59 Min:     2 Max:   637 Err:     0 (0.00%) Active: 1 Started: 1 Finished: 0
2020-12-09 06:35:51,492 INFO o.a.j.t.JMeterThread: Thread is done: Thread Group 1-1
2020-12-09 06:35:51,492 INFO o.a.j.t.JMeterThread: Thread finished: Thread Group 1-1
2020-12-09 06:35:51,493 INFO o.a.j.e.StandardJMeterEngine: Notifying test listeners of end of test
2020-12-09 06:35:51,494 INFO o.a.j.r.Summariser: summary +      7 in 00:00:21 =    0.3/s Avg:    15 Min:     6 Max:    22 Err:     0 (0.00%) Active: 0 Started: 1 Finished: 1
2020-12-09 06:35:51,494 INFO o.a.j.r.Summariser: summary =     60 in 00:00:31 =    2.0/s Avg:    54 Min:     2 Max:   637 Err:     0 (0.00%)
2020-12-09 06:35:51,495 INFO o.a.j.e.StandardJMeterEngine: Forced JVM shutdown requested at end of test
