2020-11-13 03:46:49,247 INFO o.a.j.u.JMeterUtils: Setting Locale to en_EN
2020-11-13 03:46:49,296 INFO o.a.j.JMeter: Loading user properties from: /opt/apache-jmeter-5.3/bin/user.properties
2020-11-13 03:46:49,297 INFO o.a.j.JMeter: Loading system properties from: /opt/apache-jmeter-5.3/bin/system.properties
2020-11-13 03:46:49,297 INFO o.a.j.JMeter: Setting JMeter property: gate-url=nightly-oes3-gate.opsmx.com
2020-11-13 03:46:49,297 INFO o.a.j.JMeter: Setting JMeter property: ui-url=nightly-oes3.opsmx.com
2020-11-13 03:46:49,297 INFO o.a.j.JMeter: Setting JMeter property: port=443
2020-11-13 03:46:49,297 INFO o.a.j.JMeter: Setting JMeter property: protocol=https
2020-11-13 03:46:49,297 INFO o.a.j.JMeter: Setting JMeter property: username=user2
2020-11-13 03:46:49,297 INFO o.a.j.JMeter: Setting JMeter property: password=user2password
2020-11-13 03:46:49,303 INFO o.a.j.JMeter: Setting JMeter property: endpoint=opa:8181
2020-11-13 03:46:49,303 INFO o.a.j.JMeter: Setting JMeter property: jmeterengine.force.system.exit=true
2020-11-13 03:46:49,305 INFO o.a.j.JMeter: Copyright (c) 1998-2020 The Apache Software Foundation
2020-11-13 03:46:49,305 INFO o.a.j.JMeter: Version 5.3
2020-11-13 03:46:49,305 INFO o.a.j.JMeter: java.version=1.8.0_252
2020-11-13 03:46:49,305 INFO o.a.j.JMeter: java.vm.name=OpenJDK 64-Bit Server VM
2020-11-13 03:46:49,305 INFO o.a.j.JMeter: os.name=Linux
2020-11-13 03:46:49,305 INFO o.a.j.JMeter: os.arch=amd64
2020-11-13 03:46:49,305 INFO o.a.j.JMeter: os.version=4.15.0-1092-azure
2020-11-13 03:46:49,305 INFO o.a.j.JMeter: file.encoding=UTF-8
2020-11-13 03:46:49,305 INFO o.a.j.JMeter: java.awt.headless=true
2020-11-13 03:46:49,306 INFO o.a.j.JMeter: Max memory     =1073741824
2020-11-13 03:46:49,306 INFO o.a.j.JMeter: Available Processors =1
2020-11-13 03:46:49,325 INFO o.a.j.JMeter: Default Locale=English (EN)
2020-11-13 03:46:49,326 INFO o.a.j.JMeter: JMeter  Locale=English (EN)
2020-11-13 03:46:49,326 INFO o.a.j.JMeter: JMeterHome=/opt/apache-jmeter-5.3
2020-11-13 03:46:49,326 INFO o.a.j.JMeter: user.dir  =/jmeter-testing/jmeter-scripts
2020-11-13 03:46:49,326 INFO o.a.j.JMeter: PWD       =/jmeter-testing/jmeter-scripts
2020-11-13 03:46:49,326 INFO o.a.j.JMeter: IP: 10.244.7.104 Name: jmeter-3fe89d1193be7916-qcq9z FullName: jmeter-3fe89d1193be7916-qcq9z
2020-11-13 03:46:49,354 INFO o.a.j.s.FileServer: Default base='/jmeter-testing/jmeter-scripts'
2020-11-13 03:46:49,366 INFO o.a.j.s.FileServer: Set new base='/jmeter-testing/jmeter-scripts'
2020-11-13 03:46:49,896 INFO o.a.j.s.SaveService: Testplan (JMX) version: 2.2. Testlog (JTL) version: 2.2
2020-11-13 03:46:49,975 INFO o.a.j.s.SaveService: Using SaveService properties file encoding UTF-8
2020-11-13 03:46:50,001 INFO o.a.j.s.SaveService: Using SaveService properties version 5.0
2020-11-13 03:46:50,015 INFO o.a.j.s.SaveService: Loading file: B-DataSource-OES3.jmx
2020-11-13 03:46:50,133 INFO o.a.j.p.h.c.CookieManager: Settings: Delete null: true Check: true Allow variable: true Save: false Prefix: COOKIE_
2020-11-13 03:46:50,193 INFO o.a.j.p.h.s.HTTPSamplerBase: Parser for text/html is org.apache.jmeter.protocol.http.parser.LagartoBasedHtmlParser
2020-11-13 03:46:50,193 INFO o.a.j.p.h.s.HTTPSamplerBase: Parser for application/xhtml+xml is org.apache.jmeter.protocol.http.parser.LagartoBasedHtmlParser
2020-11-13 03:46:50,194 INFO o.a.j.p.h.s.HTTPSamplerBase: Parser for application/xml is org.apache.jmeter.protocol.http.parser.LagartoBasedHtmlParser
2020-11-13 03:46:50,194 INFO o.a.j.p.h.s.HTTPSamplerBase: Parser for text/xml is org.apache.jmeter.protocol.http.parser.LagartoBasedHtmlParser
2020-11-13 03:46:50,194 INFO o.a.j.p.h.s.HTTPSamplerBase: Parser for text/vnd.wap.wml is org.apache.jmeter.protocol.http.parser.RegexpHTMLParser
2020-11-13 03:46:50,194 INFO o.a.j.p.h.s.HTTPSamplerBase: Parser for text/css is org.apache.jmeter.protocol.http.parser.CssParser
2020-11-13 03:46:50,968 INFO o.a.j.e.KeyToolUtils: keytool found at 'keytool'
2020-11-13 03:46:50,969 INFO o.a.j.p.h.p.ProxyControl: HTTP(S) Test Script Recorder SSL Proxy will use keys that support embedded 3rd party resources in file /opt/apache-jmeter-5.3/bin/proxyserver.jks
2020-11-13 03:46:51,106 INFO o.a.j.JMeter: Creating summariser <summary>
2020-11-13 03:46:51,186 INFO o.a.j.e.StandardJMeterEngine: Running the test!
2020-11-13 03:46:51,189 INFO o.a.j.s.SampleEvent: List of sample_variables: []
2020-11-13 03:46:51,189 INFO o.a.j.s.SampleEvent: List of sample_variables: []
2020-11-13 03:46:51,219 INFO o.a.j.e.u.CompoundVariable: Note: Function class names must contain the string: '.functions.'
2020-11-13 03:46:51,219 INFO o.a.j.e.u.CompoundVariable: Note: Function class names must not contain the string: '.gui.'
2020-11-13 03:46:54,141 INFO o.a.j.JMeter: Running test (1605239214140)
2020-11-13 03:46:54,325 INFO o.a.j.e.StandardJMeterEngine: Starting ThreadGroup: 1 : Thread Group
2020-11-13 03:46:54,326 INFO o.a.j.e.StandardJMeterEngine: Starting 1 threads for group Thread Group.
2020-11-13 03:46:54,326 INFO o.a.j.e.StandardJMeterEngine: Thread will continue on error
2020-11-13 03:46:54,330 INFO o.a.j.t.ThreadGroup: Starting thread group... number=1 threads=1 ramp-up=1 delayedStart=false
2020-11-13 03:46:54,353 INFO o.a.j.t.ThreadGroup: Started thread group number 1
2020-11-13 03:46:54,353 INFO o.a.j.e.StandardJMeterEngine: All thread groups have been started
2020-11-13 03:46:54,391 INFO o.a.j.s.SampleResult: Note: Sample TimeStamps are START times
2020-11-13 03:46:54,392 INFO o.a.j.s.SampleResult: sampleresult.default.encoding is set to ISO-8859-1
2020-11-13 03:46:54,392 INFO o.a.j.s.SampleResult: sampleresult.useNanoTime=true
2020-11-13 03:46:54,392 INFO o.a.j.s.SampleResult: sampleresult.nanoThreadSleep=5000
2020-11-13 03:46:54,399 INFO o.a.j.t.JMeterThread: Thread started: Thread Group 1-1
2020-11-13 03:46:54,480 INFO o.a.j.p.h.s.HTTPHCAbstractImpl: Local host = jmeter-3fe89d1193be7916-qcq9z
2020-11-13 03:46:54,510 INFO o.a.j.p.h.s.HTTPHC4Impl: HTTP request retry count = 0
2020-11-13 03:46:54,797 INFO o.a.j.p.h.s.h.LazyLayeredConnectionSocketFactory: Setting up HTTPS TrustAll Socket Factory
2020-11-13 03:46:54,811 INFO o.a.j.u.JsseSSLManager: Using default SSL protocol: TLS
2020-11-13 03:46:54,812 INFO o.a.j.u.JsseSSLManager: SSL session context: per-thread
2020-11-13 03:46:55,138 INFO o.a.j.u.SSLManager: JmeterKeyStore Location:  type JKS
2020-11-13 03:46:55,148 INFO o.a.j.u.SSLManager: KeyStore created OK
2020-11-13 03:46:55,148 WARN o.a.j.u.SSLManager: Keystore file not found, loading empty keystore
2020-11-13 03:47:00,580 INFO o.a.j.r.Summariser: summary +     15 in 00:00:06 =    2.3/s Avg:   387 Min:    71 Max:  1471 Err:     1 (6.67%) Active: 1 Started: 1 Finished: 0
2020-11-13 03:47:01,790 INFO o.a.j.t.JMeterThread: Thread is done: Thread Group 1-1
2020-11-13 03:47:01,791 INFO o.a.j.t.JMeterThread: Thread finished: Thread Group 1-1
2020-11-13 03:47:01,821 INFO o.a.j.e.StandardJMeterEngine: Notifying test listeners of end of test
2020-11-13 03:47:01,822 INFO o.a.j.r.Summariser: summary +      6 in 00:00:01 =    4.8/s Avg:   200 Min:    43 Max:   303 Err:     1 (16.67%) Active: 0 Started: 1 Finished: 1
2020-11-13 03:47:01,823 INFO o.a.j.r.Summariser: summary =     21 in 00:00:08 =    2.7/s Avg:   334 Min:    43 Max:  1471 Err:     2 (9.52%)
2020-11-13 03:47:01,849 INFO o.a.j.e.StandardJMeterEngine: Forced JVM shutdown requested at end of test
