2020-10-13 13:47:47,957 INFO o.a.j.u.JMeterUtils: Setting Locale to en_EN
2020-10-13 13:47:48,117 INFO o.a.j.JMeter: Loading user properties from: /opt/apache-jmeter-5.1.1/bin/user.properties
2020-10-13 13:47:48,125 INFO o.a.j.JMeter: Loading system properties from: /opt/apache-jmeter-5.1.1/bin/system.properties
2020-10-13 13:47:48,125 INFO o.a.j.JMeter: Setting JMeter property: gate-url=gitpr-gate-nightly.oes.opsmx.com
2020-10-13 13:47:48,125 INFO o.a.j.JMeter: Setting JMeter property: ui-url=gitpr-ui-nightly.oes.opsmx.com
2020-10-13 13:47:48,125 WARN o.a.j.JMeter: Removing JMeter property: port
2020-10-13 13:47:48,126 INFO o.a.j.JMeter: Setting JMeter property: protocol=http
2020-10-13 13:47:48,126 INFO o.a.j.JMeter: Setting JMeter property: username=user2
2020-10-13 13:47:48,126 INFO o.a.j.JMeter: Setting JMeter property: password=user2password
2020-10-13 13:47:48,126 INFO o.a.j.JMeter: Setting JMeter property: endpoint=opa:8181
2020-10-13 13:47:48,193 INFO o.a.j.JMeter: Copyright (c) 1998-2019 The Apache Software Foundation
2020-10-13 13:47:48,194 INFO o.a.j.JMeter: Version 5.1.1 r1855137
2020-10-13 13:47:48,194 INFO o.a.j.JMeter: java.version=1.8.0_222
2020-10-13 13:47:48,194 INFO o.a.j.JMeter: java.vm.name=OpenJDK 64-Bit Server VM
2020-10-13 13:47:48,194 INFO o.a.j.JMeter: os.name=Linux
2020-10-13 13:47:48,194 INFO o.a.j.JMeter: os.arch=amd64
2020-10-13 13:47:48,194 INFO o.a.j.JMeter: os.version=4.15.0-1092-azure
2020-10-13 13:47:48,194 INFO o.a.j.JMeter: file.encoding=UTF-8
2020-10-13 13:47:48,194 INFO o.a.j.JMeter: java.awt.headless=true
2020-10-13 13:47:48,194 INFO o.a.j.JMeter: Max memory     =1073741824
2020-10-13 13:47:48,194 INFO o.a.j.JMeter: Available Processors =1
2020-10-13 13:47:48,295 INFO o.a.j.JMeter: Default Locale=English (EN)
2020-10-13 13:47:48,296 INFO o.a.j.JMeter: JMeter  Locale=English (EN)
2020-10-13 13:47:48,296 INFO o.a.j.JMeter: JMeterHome=/opt/apache-jmeter-5.1.1
2020-10-13 13:47:48,296 INFO o.a.j.JMeter: user.dir  =/jmeter-testing/jmeter-scripts
2020-10-13 13:47:48,296 INFO o.a.j.JMeter: PWD       =/jmeter-testing/jmeter-scripts
2020-10-13 13:47:48,374 INFO o.a.j.JMeter: IP: 10.244.4.144 Name: jmeter-3fd74048d58c3704-xzf2d FullName: jmeter-3fd74048d58c3704-xzf2d
2020-10-13 13:47:48,509 INFO o.a.j.s.FileServer: Default base='/jmeter-testing/jmeter-scripts'
2020-10-13 13:47:48,545 INFO o.a.j.s.FileServer: Set new base='/jmeter-testing/jmeter-scripts'
2020-10-13 13:47:50,217 INFO o.a.j.s.SaveService: Testplan (JMX) version: 2.2. Testlog (JTL) version: 2.2
2020-10-13 13:47:50,291 INFO o.a.j.s.SaveService: Using SaveService properties file encoding UTF-8
2020-10-13 13:47:50,320 INFO o.a.j.s.SaveService: Using SaveService properties version 5.0
2020-10-13 13:47:50,341 INFO o.a.j.s.SaveService: Loading file: B-DataSource-OES3.jmx
2020-10-13 13:47:50,491 INFO o.a.j.p.h.c.CookieManager: Settings: Delete null: true Check: true Allow variable: true Save: false Prefix: COOKIE_
2020-10-13 13:47:50,640 INFO o.a.j.p.h.s.HTTPSamplerBase: Parser for text/html is org.apache.jmeter.protocol.http.parser.LagartoBasedHtmlParser
2020-10-13 13:47:50,640 INFO o.a.j.p.h.s.HTTPSamplerBase: Parser for application/xhtml+xml is org.apache.jmeter.protocol.http.parser.LagartoBasedHtmlParser
2020-10-13 13:47:50,640 INFO o.a.j.p.h.s.HTTPSamplerBase: Parser for application/xml is org.apache.jmeter.protocol.http.parser.LagartoBasedHtmlParser
2020-10-13 13:47:50,640 INFO o.a.j.p.h.s.HTTPSamplerBase: Parser for text/xml is org.apache.jmeter.protocol.http.parser.LagartoBasedHtmlParser
2020-10-13 13:47:50,640 INFO o.a.j.p.h.s.HTTPSamplerBase: Parser for text/vnd.wap.wml is org.apache.jmeter.protocol.http.parser.RegexpHTMLParser
2020-10-13 13:47:50,664 INFO o.a.j.p.h.s.HTTPSamplerBase: Parser for text/css is org.apache.jmeter.protocol.http.parser.CssParser
2020-10-13 13:47:53,025 INFO o.a.j.e.KeyToolUtils: keytool found at 'keytool'
2020-10-13 13:47:53,036 INFO o.a.j.p.h.p.ProxyControl: HTTP(S) Test Script Recorder SSL Proxy will use keys that support embedded 3rd party resources in file /opt/apache-jmeter-5.1.1/bin/proxyserver.jks
2020-10-13 13:47:53,239 INFO o.a.j.JMeter: Creating summariser <summary>
2020-10-13 13:47:53,294 INFO o.a.j.e.StandardJMeterEngine: Running the test!
2020-10-13 13:47:53,394 INFO o.a.j.s.SampleEvent: List of sample_variables: []
2020-10-13 13:47:53,394 INFO o.a.j.s.SampleEvent: List of sample_variables: []
2020-10-13 13:47:53,425 INFO o.a.j.e.u.CompoundVariable: Note: Function class names must contain the string: '.functions.'
2020-10-13 13:47:53,425 INFO o.a.j.e.u.CompoundVariable: Note: Function class names must not contain the string: '.gui.'
2020-10-13 13:48:00,457 INFO o.a.j.JMeter: Running test (1602596880457)
2020-10-13 13:48:01,602 INFO o.a.j.e.StandardJMeterEngine: Starting ThreadGroup: 1 : Thread Group
2020-10-13 13:48:01,602 INFO o.a.j.e.StandardJMeterEngine: Starting 1 threads for group Thread Group.
2020-10-13 13:48:01,603 INFO o.a.j.e.StandardJMeterEngine: Thread will continue on error
2020-10-13 13:48:01,604 INFO o.a.j.t.ThreadGroup: Starting thread group... number=1 threads=1 ramp-up=1 delayedStart=false
2020-10-13 13:48:01,643 INFO o.a.j.t.ThreadGroup: Started thread group number 1
2020-10-13 13:48:01,643 INFO o.a.j.e.StandardJMeterEngine: All thread groups have been started
2020-10-13 13:48:01,730 INFO o.a.j.s.SampleResult: Note: Sample TimeStamps are START times
2020-10-13 13:48:01,731 INFO o.a.j.s.SampleResult: sampleresult.default.encoding is set to ISO-8859-1
2020-10-13 13:48:01,731 INFO o.a.j.s.SampleResult: sampleresult.useNanoTime=true
2020-10-13 13:48:01,731 INFO o.a.j.s.SampleResult: sampleresult.nanoThreadSleep=5000
2020-10-13 13:48:01,768 INFO o.a.j.t.JMeterThread: Thread started: Thread Group 1-1
2020-10-13 13:48:01,888 INFO o.a.j.p.h.s.HTTPHCAbstractImpl: Local host = jmeter-3fd74048d58c3704-xzf2d
2020-10-13 13:48:01,984 INFO o.a.j.p.h.s.HTTPHC4Impl: HTTP request retry count = 0
2020-10-13 13:48:03,590 INFO o.a.j.r.Summariser: summary +      1 in 00:00:03 =    0.3/s Avg:   978 Min:   978 Max:   978 Err:     0 (0.00%) Active: 1 Started: 1 Finished: 0
2020-10-13 13:48:14,120 INFO o.a.j.t.JMeterThread: Thread is done: Thread Group 1-1
2020-10-13 13:48:14,123 INFO o.a.j.t.JMeterThread: Thread finished: Thread Group 1-1
2020-10-13 13:48:14,190 INFO o.a.j.e.StandardJMeterEngine: Notifying test listeners of end of test
2020-10-13 13:48:14,201 INFO o.a.j.r.Summariser: summary +     20 in 00:00:11 =    1.9/s Avg:   519 Min:    67 Max:  5003 Err:     0 (0.00%) Active: 0 Started: 1 Finished: 1
2020-10-13 13:48:14,211 INFO o.a.j.r.Summariser: summary =     21 in 00:00:14 =    1.5/s Avg:   541 Min:    67 Max:  5003 Err:     0 (0.00%)
