2020-10-29 12:41:32,718 INFO o.a.j.u.JMeterUtils: Setting Locale to en_EN
2020-10-29 12:41:32,764 INFO o.a.j.JMeter: Loading user properties from: /opt/apache-jmeter-5.1.1/bin/user.properties
2020-10-29 12:41:32,765 INFO o.a.j.JMeter: Loading system properties from: /opt/apache-jmeter-5.1.1/bin/system.properties
2020-10-29 12:41:32,765 INFO o.a.j.JMeter: Setting JMeter property: gate-url=gitpr-gate-nightly.oes.opsmx.com
2020-10-29 12:41:32,765 INFO o.a.j.JMeter: Setting JMeter property: ui-url=gitpr-ui-nightly.oes.opsmx.com
2020-10-29 12:41:32,766 WARN o.a.j.JMeter: Removing JMeter property: port
2020-10-29 12:41:32,766 INFO o.a.j.JMeter: Setting JMeter property: protocol=http
2020-10-29 12:41:32,766 INFO o.a.j.JMeter: Setting JMeter property: username=user2
2020-10-29 12:41:32,766 INFO o.a.j.JMeter: Setting JMeter property: password=user2password
2020-10-29 12:41:32,766 INFO o.a.j.JMeter: Setting JMeter property: endpoint=opa:8181
2020-10-29 12:41:32,794 INFO o.a.j.JMeter: Copyright (c) 1998-2019 The Apache Software Foundation
2020-10-29 12:41:32,794 INFO o.a.j.JMeter: Version 5.1.1 r1855137
2020-10-29 12:41:32,794 INFO o.a.j.JMeter: java.version=1.8.0_222
2020-10-29 12:41:32,794 INFO o.a.j.JMeter: java.vm.name=OpenJDK 64-Bit Server VM
2020-10-29 12:41:32,794 INFO o.a.j.JMeter: os.name=Linux
2020-10-29 12:41:32,794 INFO o.a.j.JMeter: os.arch=amd64
2020-10-29 12:41:32,794 INFO o.a.j.JMeter: os.version=4.15.0-1092-azure
2020-10-29 12:41:32,795 INFO o.a.j.JMeter: file.encoding=UTF-8
2020-10-29 12:41:32,795 INFO o.a.j.JMeter: java.awt.headless=true
2020-10-29 12:41:32,795 INFO o.a.j.JMeter: Max memory     =1073741824
2020-10-29 12:41:32,795 INFO o.a.j.JMeter: Available Processors =1
2020-10-29 12:41:32,822 INFO o.a.j.JMeter: Default Locale=English (EN)
2020-10-29 12:41:32,822 INFO o.a.j.JMeter: JMeter  Locale=English (EN)
2020-10-29 12:41:32,822 INFO o.a.j.JMeter: JMeterHome=/opt/apache-jmeter-5.1.1
2020-10-29 12:41:32,823 INFO o.a.j.JMeter: user.dir  =/jmeter-testing/jmeter-scripts
2020-10-29 12:41:32,823 INFO o.a.j.JMeter: PWD       =/jmeter-testing/jmeter-scripts
2020-10-29 12:41:32,823 INFO o.a.j.JMeter: IP: 10.244.2.7 Name: jmeter-3fe80f5b7b1eb44a-kh9wj FullName: jmeter-3fe80f5b7b1eb44a-kh9wj
2020-10-29 12:41:32,832 INFO o.a.j.s.FileServer: Default base='/jmeter-testing/jmeter-scripts'
2020-10-29 12:41:32,844 INFO o.a.j.s.FileServer: Set new base='/jmeter-testing/jmeter-scripts'
2020-10-29 12:41:33,292 INFO o.a.j.s.SaveService: Testplan (JMX) version: 2.2. Testlog (JTL) version: 2.2
2020-10-29 12:41:33,332 INFO o.a.j.s.SaveService: Using SaveService properties file encoding UTF-8
2020-10-29 12:41:33,343 INFO o.a.j.s.SaveService: Using SaveService properties version 5.0
2020-10-29 12:41:33,362 INFO o.a.j.s.SaveService: Loading file: B-DataSource-OES3.jmx
2020-10-29 12:41:33,470 INFO o.a.j.p.h.c.CookieManager: Settings: Delete null: true Check: true Allow variable: true Save: false Prefix: COOKIE_
2020-10-29 12:41:33,519 INFO o.a.j.p.h.s.HTTPSamplerBase: Parser for text/html is org.apache.jmeter.protocol.http.parser.LagartoBasedHtmlParser
2020-10-29 12:41:33,519 INFO o.a.j.p.h.s.HTTPSamplerBase: Parser for application/xhtml+xml is org.apache.jmeter.protocol.http.parser.LagartoBasedHtmlParser
2020-10-29 12:41:33,519 INFO o.a.j.p.h.s.HTTPSamplerBase: Parser for application/xml is org.apache.jmeter.protocol.http.parser.LagartoBasedHtmlParser
2020-10-29 12:41:33,520 INFO o.a.j.p.h.s.HTTPSamplerBase: Parser for text/xml is org.apache.jmeter.protocol.http.parser.LagartoBasedHtmlParser
2020-10-29 12:41:33,520 INFO o.a.j.p.h.s.HTTPSamplerBase: Parser for text/vnd.wap.wml is org.apache.jmeter.protocol.http.parser.RegexpHTMLParser
2020-10-29 12:41:33,520 INFO o.a.j.p.h.s.HTTPSamplerBase: Parser for text/css is org.apache.jmeter.protocol.http.parser.CssParser
2020-10-29 12:41:34,246 INFO o.a.j.e.KeyToolUtils: keytool found at 'keytool'
2020-10-29 12:41:34,247 INFO o.a.j.p.h.p.ProxyControl: HTTP(S) Test Script Recorder SSL Proxy will use keys that support embedded 3rd party resources in file /opt/apache-jmeter-5.1.1/bin/proxyserver.jks
2020-10-29 12:41:34,369 INFO o.a.j.JMeter: Creating summariser <summary>
2020-10-29 12:41:34,419 INFO o.a.j.e.StandardJMeterEngine: Running the test!
2020-10-29 12:41:34,427 INFO o.a.j.s.SampleEvent: List of sample_variables: []
2020-10-29 12:41:34,427 INFO o.a.j.s.SampleEvent: List of sample_variables: []
2020-10-29 12:41:34,456 INFO o.a.j.e.u.CompoundVariable: Note: Function class names must contain the string: '.functions.'
2020-10-29 12:41:34,456 INFO o.a.j.e.u.CompoundVariable: Note: Function class names must not contain the string: '.gui.'
2020-10-29 12:41:35,823 INFO o.a.j.JMeter: Running test (1603975295823)
2020-10-29 12:41:36,003 INFO o.a.j.e.StandardJMeterEngine: Starting ThreadGroup: 1 : Thread Group
2020-10-29 12:41:36,003 INFO o.a.j.e.StandardJMeterEngine: Starting 1 threads for group Thread Group.
2020-10-29 12:41:36,003 INFO o.a.j.e.StandardJMeterEngine: Thread will continue on error
2020-10-29 12:41:36,003 INFO o.a.j.t.ThreadGroup: Starting thread group... number=1 threads=1 ramp-up=1 delayedStart=false
2020-10-29 12:41:36,040 INFO o.a.j.t.ThreadGroup: Started thread group number 1
2020-10-29 12:41:36,040 INFO o.a.j.e.StandardJMeterEngine: All thread groups have been started
2020-10-29 12:41:36,060 INFO o.a.j.s.SampleResult: Note: Sample TimeStamps are START times
2020-10-29 12:41:36,060 INFO o.a.j.s.SampleResult: sampleresult.default.encoding is set to ISO-8859-1
2020-10-29 12:41:36,061 INFO o.a.j.s.SampleResult: sampleresult.useNanoTime=true
2020-10-29 12:41:36,061 INFO o.a.j.s.SampleResult: sampleresult.nanoThreadSleep=5000
2020-10-29 12:41:36,063 INFO o.a.j.t.JMeterThread: Thread started: Thread Group 1-1
2020-10-29 12:41:36,147 INFO o.a.j.p.h.s.HTTPHCAbstractImpl: Local host = jmeter-3fe80f5b7b1eb44a-kh9wj
2020-10-29 12:41:36,165 INFO o.a.j.p.h.s.HTTPHC4Impl: HTTP request retry count = 0
2020-10-29 12:41:37,771 INFO o.a.j.t.JMeterThread: Thread is done: Thread Group 1-1
2020-10-29 12:41:37,771 INFO o.a.j.t.JMeterThread: Thread finished: Thread Group 1-1
2020-10-29 12:41:37,772 INFO o.a.j.e.StandardJMeterEngine: Notifying test listeners of end of test
2020-10-29 12:41:37,780 INFO o.a.j.r.Summariser: summary =     21 in 00:00:02 =   10.8/s Avg:    65 Min:    14 Max:   161 Err:     0 (0.00%)
