2020-09-22 08:32:30,828 INFO o.a.j.u.JMeterUtils: Setting Locale to en_EN
2020-09-22 08:32:30,871 INFO o.a.j.JMeter: Loading user properties from: /opt/apache-jmeter-5.1.1/bin/user.properties
2020-09-22 08:32:30,871 INFO o.a.j.JMeter: Loading system properties from: /opt/apache-jmeter-5.1.1/bin/system.properties
2020-09-22 08:32:30,871 INFO o.a.j.JMeter: Setting JMeter property: gate-url=40.64.111.180
2020-09-22 08:32:30,871 INFO o.a.j.JMeter: Setting JMeter property: ui-url=40.64.111.207
2020-09-22 08:32:30,872 INFO o.a.j.JMeter: Setting JMeter property: port=8084
2020-09-22 08:32:30,872 INFO o.a.j.JMeter: Setting JMeter property: protocol=http
2020-09-22 08:32:30,872 INFO o.a.j.JMeter: Setting JMeter property: username=user2
2020-09-22 08:32:30,872 INFO o.a.j.JMeter: Setting JMeter property: password=user2password
2020-09-22 08:32:30,872 INFO o.a.j.JMeter: Setting JMeter property: endpoint=opa-svc:8181
2020-09-22 08:32:30,891 INFO o.a.j.JMeter: Copyright (c) 1998-2019 The Apache Software Foundation
2020-09-22 08:32:30,892 INFO o.a.j.JMeter: Version 5.1.1 r1855137
2020-09-22 08:32:30,892 INFO o.a.j.JMeter: java.version=1.8.0_222
2020-09-22 08:32:30,892 INFO o.a.j.JMeter: java.vm.name=OpenJDK 64-Bit Server VM
2020-09-22 08:32:30,892 INFO o.a.j.JMeter: os.name=Linux
2020-09-22 08:32:30,892 INFO o.a.j.JMeter: os.arch=amd64
2020-09-22 08:32:30,892 INFO o.a.j.JMeter: os.version=4.15.0-1092-azure
2020-09-22 08:32:30,892 INFO o.a.j.JMeter: file.encoding=UTF-8
2020-09-22 08:32:30,892 INFO o.a.j.JMeter: java.awt.headless=true
2020-09-22 08:32:30,898 INFO o.a.j.JMeter: Max memory     =1073741824
2020-09-22 08:32:30,899 INFO o.a.j.JMeter: Available Processors =1
2020-09-22 08:32:30,911 INFO o.a.j.JMeter: Default Locale=English (EN)
2020-09-22 08:32:30,912 INFO o.a.j.JMeter: JMeter  Locale=English (EN)
2020-09-22 08:32:30,912 INFO o.a.j.JMeter: JMeterHome=/opt/apache-jmeter-5.1.1
2020-09-22 08:32:30,912 INFO o.a.j.JMeter: user.dir  =/jmeter-testing/jmeter-scripts
2020-09-22 08:32:30,912 INFO o.a.j.JMeter: PWD       =/jmeter-testing/jmeter-scripts
2020-09-22 08:32:30,918 INFO o.a.j.JMeter: IP: 10.244.3.44 Name: jmeter-3fdfa9ae0bb04cc8-5mqmh FullName: jmeter-3fdfa9ae0bb04cc8-5mqmh
2020-09-22 08:32:30,922 INFO o.a.j.s.FileServer: Default base='/jmeter-testing/jmeter-scripts'
2020-09-22 08:32:30,967 INFO o.a.j.s.FileServer: Set new base='/jmeter-testing/jmeter-scripts'
2020-09-22 08:32:31,482 INFO o.a.j.s.SaveService: Testplan (JMX) version: 2.2. Testlog (JTL) version: 2.2
2020-09-22 08:32:31,527 INFO o.a.j.s.SaveService: Using SaveService properties file encoding UTF-8
2020-09-22 08:32:31,539 INFO o.a.j.s.SaveService: Using SaveService properties version 5.0
2020-09-22 08:32:31,557 INFO o.a.j.s.SaveService: Loading file: B-DataSource-OES3.jmx
2020-09-22 08:32:31,669 INFO o.a.j.p.h.c.CookieManager: Settings: Delete null: true Check: true Allow variable: true Save: false Prefix: COOKIE_
2020-09-22 08:32:31,718 INFO o.a.j.p.h.s.HTTPSamplerBase: Parser for text/html is org.apache.jmeter.protocol.http.parser.LagartoBasedHtmlParser
2020-09-22 08:32:31,719 INFO o.a.j.p.h.s.HTTPSamplerBase: Parser for application/xhtml+xml is org.apache.jmeter.protocol.http.parser.LagartoBasedHtmlParser
2020-09-22 08:32:31,724 INFO o.a.j.p.h.s.HTTPSamplerBase: Parser for application/xml is org.apache.jmeter.protocol.http.parser.LagartoBasedHtmlParser
2020-09-22 08:32:31,724 INFO o.a.j.p.h.s.HTTPSamplerBase: Parser for text/xml is org.apache.jmeter.protocol.http.parser.LagartoBasedHtmlParser
2020-09-22 08:32:31,724 INFO o.a.j.p.h.s.HTTPSamplerBase: Parser for text/vnd.wap.wml is org.apache.jmeter.protocol.http.parser.RegexpHTMLParser
2020-09-22 08:32:31,725 INFO o.a.j.p.h.s.HTTPSamplerBase: Parser for text/css is org.apache.jmeter.protocol.http.parser.CssParser
2020-09-22 08:32:32,787 INFO o.a.j.e.KeyToolUtils: keytool found at 'keytool'
2020-09-22 08:32:32,789 INFO o.a.j.p.h.p.ProxyControl: HTTP(S) Test Script Recorder SSL Proxy will use keys that support embedded 3rd party resources in file /opt/apache-jmeter-5.1.1/bin/proxyserver.jks
2020-09-22 08:32:32,874 INFO o.a.j.JMeter: Creating summariser <summary>
2020-09-22 08:32:32,932 INFO o.a.j.e.StandardJMeterEngine: Running the test!
2020-09-22 08:32:32,933 INFO o.a.j.s.SampleEvent: List of sample_variables: []
2020-09-22 08:32:32,933 INFO o.a.j.s.SampleEvent: List of sample_variables: []
2020-09-22 08:32:33,029 INFO o.a.j.e.u.CompoundVariable: Note: Function class names must contain the string: '.functions.'
2020-09-22 08:32:33,029 INFO o.a.j.e.u.CompoundVariable: Note: Function class names must not contain the string: '.gui.'
2020-09-22 08:32:34,648 INFO o.a.j.JMeter: Running test (1600763554648)
2020-09-22 08:32:34,834 INFO o.a.j.e.StandardJMeterEngine: Starting ThreadGroup: 1 : Thread Group
2020-09-22 08:32:34,834 INFO o.a.j.e.StandardJMeterEngine: Starting 1 threads for group Thread Group.
2020-09-22 08:32:34,834 INFO o.a.j.e.StandardJMeterEngine: Thread will continue on error
2020-09-22 08:32:34,834 INFO o.a.j.t.ThreadGroup: Starting thread group... number=1 threads=1 ramp-up=1 delayedStart=false
2020-09-22 08:32:34,875 INFO o.a.j.t.ThreadGroup: Started thread group number 1
2020-09-22 08:32:34,875 INFO o.a.j.e.StandardJMeterEngine: All thread groups have been started
2020-09-22 08:32:34,904 INFO o.a.j.s.SampleResult: Note: Sample TimeStamps are START times
2020-09-22 08:32:34,904 INFO o.a.j.s.SampleResult: sampleresult.default.encoding is set to ISO-8859-1
2020-09-22 08:32:34,905 INFO o.a.j.s.SampleResult: sampleresult.useNanoTime=true
2020-09-22 08:32:34,905 INFO o.a.j.s.SampleResult: sampleresult.nanoThreadSleep=5000
2020-09-22 08:32:34,912 INFO o.a.j.t.JMeterThread: Thread started: Thread Group 1-1
2020-09-22 08:32:35,008 INFO o.a.j.p.h.s.HTTPHCAbstractImpl: Local host = jmeter-3fdfa9ae0bb04cc8-5mqmh
2020-09-22 08:32:35,021 INFO o.a.j.p.h.s.HTTPHC4Impl: HTTP request retry count = 0
2020-09-22 08:50:02,061 INFO o.a.j.r.Summariser: summary +      8 in 00:17:27 =    0.0/s Avg: 130853 Min: 129375 Max: 131074 Err:     8 (100.00%) Active: 1 Started: 1 Finished: 0
2020-09-22 08:56:35,276 INFO o.a.j.r.Summariser: summary +      3 in 00:06:33 =    0.0/s Avg: 131070 Min: 131062 Max: 131075 Err:     3 (100.00%) Active: 1 Started: 1 Finished: 0
2020-09-22 08:56:35,276 INFO o.a.j.r.Summariser: summary =     11 in 00:24:01 =    0.0/s Avg: 130912 Min: 129375 Max: 131075 Err:    11 (100.00%)
2020-09-22 09:07:30,636 INFO o.a.j.r.Summariser: summary +      5 in 00:10:55 =    0.0/s Avg: 131070 Min: 131070 Max: 131071 Err:     5 (100.00%) Active: 1 Started: 1 Finished: 0
2020-09-22 09:07:30,636 INFO o.a.j.r.Summariser: summary =     16 in 00:34:56 =    0.0/s Avg: 130962 Min: 129375 Max: 131075 Err:    16 (100.00%)
2020-09-22 09:14:03,852 INFO o.a.j.r.Summariser: summary +      3 in 00:06:33 =    0.0/s Avg: 131070 Min: 131063 Max: 131078 Err:     3 (100.00%) Active: 1 Started: 1 Finished: 0
2020-09-22 09:14:03,852 INFO o.a.j.r.Summariser: summary =     19 in 00:41:29 =    0.0/s Avg: 130979 Min: 129375 Max: 131078 Err:    19 (100.00%)
2020-09-22 09:14:03,853 INFO o.a.j.t.JMeterThread: Thread is done: Thread Group 1-1
2020-09-22 09:14:03,853 INFO o.a.j.t.JMeterThread: Thread finished: Thread Group 1-1
2020-09-22 09:14:03,853 INFO o.a.j.e.StandardJMeterEngine: Notifying test listeners of end of test
2020-09-22 09:14:03,855 INFO o.a.j.r.Summariser: summary =     19 in 00:41:29 =    0.0/s Avg: 130979 Min: 129375 Max: 131078 Err:    19 (100.00%)
