2020-11-20 17:24:36,273 INFO o.a.j.u.JMeterUtils: Setting Locale to en_EN
2020-11-20 17:24:36,322 INFO o.a.j.JMeter: Loading user properties from: /opt/apache-jmeter-5.3/bin/user.properties
2020-11-20 17:24:36,322 INFO o.a.j.JMeter: Loading system properties from: /opt/apache-jmeter-5.3/bin/system.properties
2020-11-20 17:24:36,323 INFO o.a.j.JMeter: Setting JMeter property: gate-url=gitpr-gate-nightly.oes.opsmx.com
2020-11-20 17:24:36,323 INFO o.a.j.JMeter: Setting JMeter property: ui-url=gitpr-ui-nightly.oes.opsmx.com
2020-11-20 17:24:36,323 WARN o.a.j.JMeter: Removing JMeter property: port
2020-11-20 17:24:36,323 INFO o.a.j.JMeter: Setting JMeter property: protocol=http
2020-11-20 17:24:36,323 INFO o.a.j.JMeter: Setting JMeter property: username=user2
2020-11-20 17:24:36,323 INFO o.a.j.JMeter: Setting JMeter property: password=user2password
2020-11-20 17:24:36,323 INFO o.a.j.JMeter: Setting JMeter property: endpoint=opa:8181
2020-11-20 17:24:36,323 INFO o.a.j.JMeter: Setting JMeter property: jmeterengine.force.system.exit=true
2020-11-20 17:24:36,331 INFO o.a.j.JMeter: Copyright (c) 1998-2020 The Apache Software Foundation
2020-11-20 17:24:36,331 INFO o.a.j.JMeter: Version 5.3
2020-11-20 17:24:36,331 INFO o.a.j.JMeter: java.version=1.8.0_252
2020-11-20 17:24:36,331 INFO o.a.j.JMeter: java.vm.name=OpenJDK 64-Bit Server VM
2020-11-20 17:24:36,331 INFO o.a.j.JMeter: os.name=Linux
2020-11-20 17:24:36,331 INFO o.a.j.JMeter: os.arch=amd64
2020-11-20 17:24:36,331 INFO o.a.j.JMeter: os.version=4.15.0-1092-azure
2020-11-20 17:24:36,331 INFO o.a.j.JMeter: file.encoding=UTF-8
2020-11-20 17:24:36,332 INFO o.a.j.JMeter: java.awt.headless=true
2020-11-20 17:24:36,332 INFO o.a.j.JMeter: Max memory     =1073741824
2020-11-20 17:24:36,332 INFO o.a.j.JMeter: Available Processors =1
2020-11-20 17:24:36,351 INFO o.a.j.JMeter: Default Locale=English (EN)
2020-11-20 17:24:36,351 INFO o.a.j.JMeter: JMeter  Locale=English (EN)
2020-11-20 17:24:36,351 INFO o.a.j.JMeter: JMeterHome=/opt/apache-jmeter-5.3
2020-11-20 17:24:36,352 INFO o.a.j.JMeter: user.dir  =/jmeter-testing/jmeter-scripts
2020-11-20 17:24:36,352 INFO o.a.j.JMeter: PWD       =/jmeter-testing/jmeter-scripts
2020-11-20 17:24:36,352 INFO o.a.j.JMeter: IP: 10.244.10.39 Name: jmeter-3fc8266accc38918-jgzgk FullName: jmeter-3fc8266accc38918-jgzgk
2020-11-20 17:24:36,372 INFO o.a.j.s.FileServer: Default base='/jmeter-testing/jmeter-scripts'
2020-11-20 17:24:36,392 INFO o.a.j.s.FileServer: Set new base='/jmeter-testing/jmeter-scripts'
2020-11-20 17:24:36,912 INFO o.a.j.s.SaveService: Testplan (JMX) version: 2.2. Testlog (JTL) version: 2.2
2020-11-20 17:24:36,980 INFO o.a.j.s.SaveService: Using SaveService properties file encoding UTF-8
2020-11-20 17:24:36,997 INFO o.a.j.s.SaveService: Using SaveService properties version 5.0
2020-11-20 17:24:37,016 INFO o.a.j.s.SaveService: Loading file: B-DataSource-OES3.jmx
2020-11-20 17:24:37,132 INFO o.a.j.p.h.c.CookieManager: Settings: Delete null: true Check: true Allow variable: true Save: false Prefix: COOKIE_
2020-11-20 17:24:37,179 INFO o.a.j.p.h.s.HTTPSamplerBase: Parser for text/html is org.apache.jmeter.protocol.http.parser.LagartoBasedHtmlParser
2020-11-20 17:24:37,180 INFO o.a.j.p.h.s.HTTPSamplerBase: Parser for application/xhtml+xml is org.apache.jmeter.protocol.http.parser.LagartoBasedHtmlParser
2020-11-20 17:24:37,184 INFO o.a.j.p.h.s.HTTPSamplerBase: Parser for application/xml is org.apache.jmeter.protocol.http.parser.LagartoBasedHtmlParser
2020-11-20 17:24:37,184 INFO o.a.j.p.h.s.HTTPSamplerBase: Parser for text/xml is org.apache.jmeter.protocol.http.parser.LagartoBasedHtmlParser
2020-11-20 17:24:37,184 INFO o.a.j.p.h.s.HTTPSamplerBase: Parser for text/vnd.wap.wml is org.apache.jmeter.protocol.http.parser.RegexpHTMLParser
2020-11-20 17:24:37,184 INFO o.a.j.p.h.s.HTTPSamplerBase: Parser for text/css is org.apache.jmeter.protocol.http.parser.CssParser
2020-11-20 17:24:37,842 INFO o.a.j.e.KeyToolUtils: keytool found at 'keytool'
2020-11-20 17:24:37,843 INFO o.a.j.p.h.p.ProxyControl: HTTP(S) Test Script Recorder SSL Proxy will use keys that support embedded 3rd party resources in file /opt/apache-jmeter-5.3/bin/proxyserver.jks
2020-11-20 17:24:37,941 INFO o.a.j.JMeter: Creating summariser <summary>
2020-11-20 17:24:37,968 INFO o.a.j.e.StandardJMeterEngine: Running the test!
2020-11-20 17:24:37,974 INFO o.a.j.s.SampleEvent: List of sample_variables: []
2020-11-20 17:24:37,975 INFO o.a.j.s.SampleEvent: List of sample_variables: []
2020-11-20 17:24:38,041 INFO o.a.j.e.u.CompoundVariable: Note: Function class names must contain the string: '.functions.'
2020-11-20 17:24:38,041 INFO o.a.j.e.u.CompoundVariable: Note: Function class names must not contain the string: '.gui.'
2020-11-20 17:24:39,546 INFO o.a.j.JMeter: Running test (1605893079546)
2020-11-20 17:24:39,714 INFO o.a.j.e.StandardJMeterEngine: Starting ThreadGroup: 1 : Thread Group
2020-11-20 17:24:39,715 INFO o.a.j.e.StandardJMeterEngine: Starting 1 threads for group Thread Group.
2020-11-20 17:24:39,715 INFO o.a.j.e.StandardJMeterEngine: Thread will continue on error
2020-11-20 17:24:39,715 INFO o.a.j.t.ThreadGroup: Starting thread group... number=1 threads=1 ramp-up=1 delayedStart=false
2020-11-20 17:24:39,736 INFO o.a.j.t.ThreadGroup: Started thread group number 1
2020-11-20 17:24:39,736 INFO o.a.j.e.StandardJMeterEngine: All thread groups have been started
2020-11-20 17:24:39,765 INFO o.a.j.s.SampleResult: Note: Sample TimeStamps are START times
2020-11-20 17:24:39,772 INFO o.a.j.s.SampleResult: sampleresult.default.encoding is set to ISO-8859-1
2020-11-20 17:24:39,772 INFO o.a.j.s.SampleResult: sampleresult.useNanoTime=true
2020-11-20 17:24:39,772 INFO o.a.j.s.SampleResult: sampleresult.nanoThreadSleep=5000
2020-11-20 17:24:39,774 INFO o.a.j.t.JMeterThread: Thread started: Thread Group 1-1
2020-11-20 17:24:40,006 INFO o.a.j.p.h.s.HTTPHCAbstractImpl: Local host = jmeter-3fc8266accc38918-jgzgk
2020-11-20 17:24:40,051 INFO o.a.j.p.h.s.HTTPHC4Impl: HTTP request retry count = 0
2020-11-20 17:24:59,335 INFO o.a.j.t.JMeterThread: Thread is done: Thread Group 1-1
2020-11-20 17:24:59,336 INFO o.a.j.t.JMeterThread: Thread finished: Thread Group 1-1
2020-11-20 17:24:59,337 INFO o.a.j.e.StandardJMeterEngine: Notifying test listeners of end of test
2020-11-20 17:24:59,339 INFO o.a.j.r.Summariser: summary =     21 in 00:00:20 =    1.1/s Avg:   898 Min:    39 Max: 15577 Err:     1 (4.76%)
2020-11-20 17:24:59,346 INFO o.a.j.e.StandardJMeterEngine: Forced JVM shutdown requested at end of test
