2020-09-26 02:46:15,985 INFO o.a.j.u.JMeterUtils: Setting Locale to en_EN
2020-09-26 02:46:16,052 INFO o.a.j.JMeter: Loading user properties from: /opt/apache-jmeter-5.1.1/bin/user.properties
2020-09-26 02:46:16,053 INFO o.a.j.JMeter: Loading system properties from: /opt/apache-jmeter-5.1.1/bin/system.properties
2020-09-26 02:46:16,055 INFO o.a.j.JMeter: Setting JMeter property: gate-url=nightly-oes3-gate.opsmx.com
2020-09-26 02:46:16,055 INFO o.a.j.JMeter: Setting JMeter property: ui-url=nightly-oes3.opsmx.com
2020-09-26 02:46:16,061 INFO o.a.j.JMeter: Setting JMeter property: port=443
2020-09-26 02:46:16,062 INFO o.a.j.JMeter: Setting JMeter property: protocol=https
2020-09-26 02:46:16,062 INFO o.a.j.JMeter: Setting JMeter property: username=user2
2020-09-26 02:46:16,062 INFO o.a.j.JMeter: Setting JMeter property: password=user2password
2020-09-26 02:46:16,062 INFO o.a.j.JMeter: Setting JMeter property: endpoint=opa:8181
2020-09-26 02:46:16,083 INFO o.a.j.JMeter: Copyright (c) 1998-2019 The Apache Software Foundation
2020-09-26 02:46:16,084 INFO o.a.j.JMeter: Version 5.1.1 r1855137
2020-09-26 02:46:16,084 INFO o.a.j.JMeter: java.version=1.8.0_222
2020-09-26 02:46:16,084 INFO o.a.j.JMeter: java.vm.name=OpenJDK 64-Bit Server VM
2020-09-26 02:46:16,084 INFO o.a.j.JMeter: os.name=Linux
2020-09-26 02:46:16,085 INFO o.a.j.JMeter: os.arch=amd64
2020-09-26 02:46:16,085 INFO o.a.j.JMeter: os.version=4.15.0-1092-azure
2020-09-26 02:46:16,085 INFO o.a.j.JMeter: file.encoding=UTF-8
2020-09-26 02:46:16,085 INFO o.a.j.JMeter: java.awt.headless=true
2020-09-26 02:46:16,091 INFO o.a.j.JMeter: Max memory     =1073741824
2020-09-26 02:46:16,091 INFO o.a.j.JMeter: Available Processors =1
2020-09-26 02:46:16,103 INFO o.a.j.JMeter: Default Locale=English (EN)
2020-09-26 02:46:16,103 INFO o.a.j.JMeter: JMeter  Locale=English (EN)
2020-09-26 02:46:16,104 INFO o.a.j.JMeter: JMeterHome=/opt/apache-jmeter-5.1.1
2020-09-26 02:46:16,104 INFO o.a.j.JMeter: user.dir  =/jmeter-testing/jmeter-scripts
2020-09-26 02:46:16,104 INFO o.a.j.JMeter: PWD       =/jmeter-testing/jmeter-scripts
2020-09-26 02:46:16,104 INFO o.a.j.JMeter: IP: 10.244.1.153 Name: jmeter-3fb428a3326664a8-wq9jn FullName: jmeter-3fb428a3326664a8-wq9jn
2020-09-26 02:46:16,114 INFO o.a.j.s.FileServer: Default base='/jmeter-testing/jmeter-scripts'
2020-09-26 02:46:16,133 INFO o.a.j.s.FileServer: Set new base='/jmeter-testing/jmeter-scripts'
2020-09-26 02:46:17,138 INFO o.a.j.s.SaveService: Testplan (JMX) version: 2.2. Testlog (JTL) version: 2.2
2020-09-26 02:46:17,202 INFO o.a.j.s.SaveService: Using SaveService properties file encoding UTF-8
2020-09-26 02:46:17,220 INFO o.a.j.s.SaveService: Using SaveService properties version 5.0
2020-09-26 02:46:17,239 INFO o.a.j.s.SaveService: Loading file: B-DataSource-OES3.jmx
2020-09-26 02:46:17,346 INFO o.a.j.p.h.c.CookieManager: Settings: Delete null: true Check: true Allow variable: true Save: false Prefix: COOKIE_
2020-09-26 02:46:17,417 INFO o.a.j.p.h.s.HTTPSamplerBase: Parser for text/html is org.apache.jmeter.protocol.http.parser.LagartoBasedHtmlParser
2020-09-26 02:46:17,419 INFO o.a.j.p.h.s.HTTPSamplerBase: Parser for application/xhtml+xml is org.apache.jmeter.protocol.http.parser.LagartoBasedHtmlParser
2020-09-26 02:46:17,419 INFO o.a.j.p.h.s.HTTPSamplerBase: Parser for application/xml is org.apache.jmeter.protocol.http.parser.LagartoBasedHtmlParser
2020-09-26 02:46:17,419 INFO o.a.j.p.h.s.HTTPSamplerBase: Parser for text/xml is org.apache.jmeter.protocol.http.parser.LagartoBasedHtmlParser
2020-09-26 02:46:17,419 INFO o.a.j.p.h.s.HTTPSamplerBase: Parser for text/vnd.wap.wml is org.apache.jmeter.protocol.http.parser.RegexpHTMLParser
2020-09-26 02:46:17,420 INFO o.a.j.p.h.s.HTTPSamplerBase: Parser for text/css is org.apache.jmeter.protocol.http.parser.CssParser
2020-09-26 02:46:18,268 INFO o.a.j.e.KeyToolUtils: keytool found at 'keytool'
2020-09-26 02:46:18,268 INFO o.a.j.p.h.p.ProxyControl: HTTP(S) Test Script Recorder SSL Proxy will use keys that support embedded 3rd party resources in file /opt/apache-jmeter-5.1.1/bin/proxyserver.jks
2020-09-26 02:46:18,596 INFO o.a.j.JMeter: Creating summariser <summary>
2020-09-26 02:46:18,615 INFO o.a.j.e.StandardJMeterEngine: Running the test!
2020-09-26 02:46:18,616 INFO o.a.j.s.SampleEvent: List of sample_variables: []
2020-09-26 02:46:18,616 INFO o.a.j.s.SampleEvent: List of sample_variables: []
2020-09-26 02:46:18,645 INFO o.a.j.e.u.CompoundVariable: Note: Function class names must contain the string: '.functions.'
2020-09-26 02:46:18,645 INFO o.a.j.e.u.CompoundVariable: Note: Function class names must not contain the string: '.gui.'
2020-09-26 02:46:21,357 INFO o.a.j.JMeter: Running test (1601088381357)
2020-09-26 02:46:21,878 INFO o.a.j.e.StandardJMeterEngine: Starting ThreadGroup: 1 : Thread Group
2020-09-26 02:46:21,879 INFO o.a.j.e.StandardJMeterEngine: Starting 1 threads for group Thread Group.
2020-09-26 02:46:21,879 INFO o.a.j.e.StandardJMeterEngine: Thread will continue on error
2020-09-26 02:46:21,879 INFO o.a.j.t.ThreadGroup: Starting thread group... number=1 threads=1 ramp-up=1 delayedStart=false
2020-09-26 02:46:21,935 INFO o.a.j.t.ThreadGroup: Started thread group number 1
2020-09-26 02:46:21,935 INFO o.a.j.e.StandardJMeterEngine: All thread groups have been started
2020-09-26 02:46:21,955 INFO o.a.j.s.SampleResult: Note: Sample TimeStamps are START times
2020-09-26 02:46:21,955 INFO o.a.j.s.SampleResult: sampleresult.default.encoding is set to ISO-8859-1
2020-09-26 02:46:21,956 INFO o.a.j.s.SampleResult: sampleresult.useNanoTime=true
2020-09-26 02:46:21,962 INFO o.a.j.s.SampleResult: sampleresult.nanoThreadSleep=5000
2020-09-26 02:46:21,963 INFO o.a.j.t.JMeterThread: Thread started: Thread Group 1-1
2020-09-26 02:46:22,021 INFO o.a.j.p.h.s.HTTPHCAbstractImpl: Local host = jmeter-3fb428a3326664a8-wq9jn
2020-09-26 02:46:22,034 INFO o.a.j.p.h.s.HTTPHC4Impl: HTTP request retry count = 0
2020-09-26 02:46:22,321 INFO o.a.j.p.h.s.h.LazyLayeredConnectionSocketFactory: Setting up HTTPS TrustAll Socket Factory
2020-09-26 02:46:22,344 INFO o.a.j.u.JsseSSLManager: Using default SSL protocol: TLS
2020-09-26 02:46:22,344 INFO o.a.j.u.JsseSSLManager: SSL session context: per-thread
2020-09-26 02:46:22,558 INFO o.a.j.u.SSLManager: JmeterKeyStore Location:  type JKS
2020-09-26 02:46:22,578 INFO o.a.j.u.SSLManager: KeyStore created OK
2020-09-26 02:46:22,578 WARN o.a.j.u.SSLManager: Keystore file not found, loading empty keystore
2020-09-26 02:46:30,116 INFO o.a.j.r.Summariser: summary +     17 in 00:00:09 =    1.9/s Avg:   453 Min:    18 Max:  3918 Err:     0 (0.00%) Active: 1 Started: 1 Finished: 0
2020-09-26 02:46:30,478 INFO o.a.j.t.JMeterThread: Thread is done: Thread Group 1-1
2020-09-26 02:46:30,485 INFO o.a.j.t.JMeterThread: Thread finished: Thread Group 1-1
2020-09-26 02:46:30,545 INFO o.a.j.e.StandardJMeterEngine: Notifying test listeners of end of test
2020-09-26 02:46:30,547 INFO o.a.j.r.Summariser: summary +      4 in 00:00:00 =    9.3/s Avg:    88 Min:    65 Max:   111 Err:     0 (0.00%) Active: 0 Started: 1 Finished: 1
2020-09-26 02:46:30,547 INFO o.a.j.r.Summariser: summary =     21 in 00:00:09 =    2.3/s Avg:   384 Min:    18 Max:  3918 Err:     0 (0.00%)
