2020-11-12 03:53:57,238 INFO o.a.j.u.JMeterUtils: Setting Locale to en_EN
2020-11-12 03:53:57,286 INFO o.a.j.JMeter: Loading user properties from: /opt/apache-jmeter-5.3/bin/user.properties
2020-11-12 03:53:57,287 INFO o.a.j.JMeter: Loading system properties from: /opt/apache-jmeter-5.3/bin/system.properties
2020-11-12 03:53:57,287 INFO o.a.j.JMeter: Setting JMeter property: gate-url=nightly-oes3-gate.opsmx.com
2020-11-12 03:53:57,287 INFO o.a.j.JMeter: Setting JMeter property: ui-url=nightly-oes3.opsmx.com
2020-11-12 03:53:57,287 INFO o.a.j.JMeter: Setting JMeter property: port=443
2020-11-12 03:53:57,287 INFO o.a.j.JMeter: Setting JMeter property: protocol=https
2020-11-12 03:53:57,287 INFO o.a.j.JMeter: Setting JMeter property: username=user2
2020-11-12 03:53:57,287 INFO o.a.j.JMeter: Setting JMeter property: password=user2password
2020-11-12 03:53:57,287 INFO o.a.j.JMeter: Setting JMeter property: endpoint=opa:8181
2020-11-12 03:53:57,288 INFO o.a.j.JMeter: Setting JMeter property: jmeterengine.force.system.exit=true
2020-11-12 03:53:57,296 INFO o.a.j.JMeter: Copyright (c) 1998-2020 The Apache Software Foundation
2020-11-12 03:53:57,296 INFO o.a.j.JMeter: Version 5.3
2020-11-12 03:53:57,296 INFO o.a.j.JMeter: java.version=1.8.0_252
2020-11-12 03:53:57,296 INFO o.a.j.JMeter: java.vm.name=OpenJDK 64-Bit Server VM
2020-11-12 03:53:57,297 INFO o.a.j.JMeter: os.name=Linux
2020-11-12 03:53:57,297 INFO o.a.j.JMeter: os.arch=amd64
2020-11-12 03:53:57,297 INFO o.a.j.JMeter: os.version=4.15.0-1092-azure
2020-11-12 03:53:57,297 INFO o.a.j.JMeter: file.encoding=UTF-8
2020-11-12 03:53:57,297 INFO o.a.j.JMeter: java.awt.headless=true
2020-11-12 03:53:57,297 INFO o.a.j.JMeter: Max memory     =1073741824
2020-11-12 03:53:57,297 INFO o.a.j.JMeter: Available Processors =1
2020-11-12 03:53:57,325 INFO o.a.j.JMeter: Default Locale=English (EN)
2020-11-12 03:53:57,326 INFO o.a.j.JMeter: JMeter  Locale=English (EN)
2020-11-12 03:53:57,326 INFO o.a.j.JMeter: JMeterHome=/opt/apache-jmeter-5.3
2020-11-12 03:53:57,326 INFO o.a.j.JMeter: user.dir  =/jmeter-testing/jmeter-scripts
2020-11-12 03:53:57,326 INFO o.a.j.JMeter: PWD       =/jmeter-testing/jmeter-scripts
2020-11-12 03:53:57,327 INFO o.a.j.JMeter: IP: 10.244.8.198 Name: jmeter-3faaef5df8c55500-ghlv9 FullName: jmeter-3faaef5df8c55500-ghlv9
2020-11-12 03:53:57,346 INFO o.a.j.s.FileServer: Default base='/jmeter-testing/jmeter-scripts'
2020-11-12 03:53:57,366 INFO o.a.j.s.FileServer: Set new base='/jmeter-testing/jmeter-scripts'
2020-11-12 03:53:58,001 INFO o.a.j.s.SaveService: Testplan (JMX) version: 2.2. Testlog (JTL) version: 2.2
2020-11-12 03:53:58,172 INFO o.a.j.s.SaveService: Using SaveService properties file encoding UTF-8
2020-11-12 03:53:58,183 INFO o.a.j.s.SaveService: Using SaveService properties version 5.0
2020-11-12 03:53:58,211 INFO o.a.j.s.SaveService: Loading file: C-Application-creation.jmx
2020-11-12 03:53:58,379 INFO o.a.j.p.h.c.CookieManager: Settings: Delete null: true Check: true Allow variable: true Save: false Prefix: COOKIE_
2020-11-12 03:53:58,429 INFO o.a.j.p.h.s.HTTPSamplerBase: Parser for text/html is org.apache.jmeter.protocol.http.parser.LagartoBasedHtmlParser
2020-11-12 03:53:58,434 INFO o.a.j.p.h.s.HTTPSamplerBase: Parser for application/xhtml+xml is org.apache.jmeter.protocol.http.parser.LagartoBasedHtmlParser
2020-11-12 03:53:58,435 INFO o.a.j.p.h.s.HTTPSamplerBase: Parser for application/xml is org.apache.jmeter.protocol.http.parser.LagartoBasedHtmlParser
2020-11-12 03:53:58,435 INFO o.a.j.p.h.s.HTTPSamplerBase: Parser for text/xml is org.apache.jmeter.protocol.http.parser.LagartoBasedHtmlParser
2020-11-12 03:53:58,435 INFO o.a.j.p.h.s.HTTPSamplerBase: Parser for text/vnd.wap.wml is org.apache.jmeter.protocol.http.parser.RegexpHTMLParser
2020-11-12 03:53:58,435 INFO o.a.j.p.h.s.HTTPSamplerBase: Parser for text/css is org.apache.jmeter.protocol.http.parser.CssParser
2020-11-12 03:54:00,060 INFO o.a.j.e.KeyToolUtils: keytool found at 'keytool'
2020-11-12 03:54:00,061 INFO o.a.j.p.h.p.ProxyControl: HTTP(S) Test Script Recorder SSL Proxy will use keys that support embedded 3rd party resources in file /opt/apache-jmeter-5.3/bin/proxyserver.jks
2020-11-12 03:54:00,226 INFO o.a.j.JMeter: Creating summariser <summary>
2020-11-12 03:54:00,288 INFO o.a.j.e.StandardJMeterEngine: Running the test!
2020-11-12 03:54:00,289 INFO o.a.j.s.SampleEvent: List of sample_variables: []
2020-11-12 03:54:00,289 INFO o.a.j.s.SampleEvent: List of sample_variables: []
2020-11-12 03:54:00,352 INFO o.a.j.e.u.CompoundVariable: Note: Function class names must contain the string: '.functions.'
2020-11-12 03:54:00,352 INFO o.a.j.e.u.CompoundVariable: Note: Function class names must not contain the string: '.gui.'
2020-11-12 03:54:01,712 INFO o.a.j.JMeter: Running test (1605153241711)
2020-11-12 03:54:01,992 INFO o.a.j.e.StandardJMeterEngine: Starting ThreadGroup: 1 : Thread Group
2020-11-12 03:54:01,992 INFO o.a.j.e.StandardJMeterEngine: Starting 1 threads for group Thread Group.
2020-11-12 03:54:01,993 INFO o.a.j.e.StandardJMeterEngine: Thread will continue on error
2020-11-12 03:54:01,993 INFO o.a.j.t.ThreadGroup: Starting thread group... number=1 threads=1 ramp-up=1 delayedStart=false
2020-11-12 03:54:02,035 INFO o.a.j.t.ThreadGroup: Started thread group number 1
2020-11-12 03:54:02,035 INFO o.a.j.e.StandardJMeterEngine: All thread groups have been started
2020-11-12 03:54:02,064 INFO o.a.j.s.SampleResult: Note: Sample TimeStamps are START times
2020-11-12 03:54:02,073 INFO o.a.j.s.SampleResult: sampleresult.default.encoding is set to ISO-8859-1
2020-11-12 03:54:02,073 INFO o.a.j.s.SampleResult: sampleresult.useNanoTime=true
2020-11-12 03:54:02,073 INFO o.a.j.s.SampleResult: sampleresult.nanoThreadSleep=5000
2020-11-12 03:54:02,082 INFO o.a.j.t.JMeterThread: Thread started: Thread Group 1-1
2020-11-12 03:54:02,161 INFO o.a.j.p.h.s.HTTPHCAbstractImpl: Local host = jmeter-3faaef5df8c55500-ghlv9
2020-11-12 03:54:02,181 INFO o.a.j.p.h.s.HTTPHC4Impl: HTTP request retry count = 0
2020-11-12 03:54:02,503 INFO o.a.j.p.h.s.h.LazyLayeredConnectionSocketFactory: Setting up HTTPS TrustAll Socket Factory
2020-11-12 03:54:02,526 INFO o.a.j.u.JsseSSLManager: Using default SSL protocol: TLS
2020-11-12 03:54:02,526 INFO o.a.j.u.JsseSSLManager: SSL session context: per-thread
2020-11-12 03:54:02,705 INFO o.a.j.u.SSLManager: JmeterKeyStore Location:  type JKS
2020-11-12 03:54:02,720 INFO o.a.j.u.SSLManager: KeyStore created OK
2020-11-12 03:54:02,720 WARN o.a.j.u.SSLManager: Keystore file not found, loading empty keystore
2020-11-12 03:54:03,641 INFO o.a.j.r.Summariser: summary +      1 in 00:00:02 =    0.5/s Avg:  1212 Min:  1212 Max:  1212 Err:     1 (100.00%) Active: 1 Started: 1 Finished: 0
2020-11-12 03:54:03,887 ERROR o.a.j.e.j.j.JMESPathExtractor: Error processing JSON content in JSON JMESPath Extractor, message: Unexpected character ('<' (code 60)): expected a valid value (JSON String, Number, Array, Object or token 'null', 'true' or 'false')
 at [Source: (String)"<html>
<head><title>503 Service Temporarily Unavailable</title></head>
<body>
<center><h1>503 Service Temporarily Unavailable</h1></center>
<hr><center>openresty/1.15.8.2</center>
</body>
</html>
"; line: 1, column: 2]
2020-11-12 03:54:04,196 INFO o.a.j.t.JMeterThread: Thread is done: Thread Group 1-1
2020-11-12 03:54:04,203 INFO o.a.j.t.JMeterThread: Thread finished: Thread Group 1-1
2020-11-12 03:54:04,206 INFO o.a.j.e.StandardJMeterEngine: Notifying test listeners of end of test
2020-11-12 03:54:04,553 INFO o.a.j.r.Summariser: summary +     55 in 00:00:01 =   60.9/s Avg:     6 Min:     1 Max:    17 Err:    54 (98.18%) Active: 0 Started: 1 Finished: 1
2020-11-12 03:54:04,553 INFO o.a.j.r.Summariser: summary =     56 in 00:00:03 =   19.7/s Avg:    27 Min:     1 Max:  1212 Err:    55 (98.21%)
2020-11-12 03:54:04,554 INFO o.a.j.e.StandardJMeterEngine: Forced JVM shutdown requested at end of test
