2020-09-17 13:21:57,321 INFO o.a.j.u.JMeterUtils: Setting Locale to en_EN
2020-09-17 13:21:57,488 INFO o.a.j.JMeter: Loading user properties from: /opt/apache-jmeter-5.1.1/bin/user.properties
2020-09-17 13:21:57,488 INFO o.a.j.JMeter: Loading system properties from: /opt/apache-jmeter-5.1.1/bin/system.properties
2020-09-17 13:21:57,488 INFO o.a.j.JMeter: Setting JMeter property: gate-url=40.64.111.180
2020-09-17 13:21:57,489 INFO o.a.j.JMeter: Setting JMeter property: ui-url=40.64.111.207
2020-09-17 13:21:57,489 INFO o.a.j.JMeter: Setting JMeter property: port=8084
2020-09-17 13:21:57,489 INFO o.a.j.JMeter: Setting JMeter property: protocol=http
2020-09-17 13:21:57,502 INFO o.a.j.JMeter: Setting JMeter property: username=user2
2020-09-17 13:21:57,502 INFO o.a.j.JMeter: Setting JMeter property: password=user2password
2020-09-17 13:21:57,502 INFO o.a.j.JMeter: Setting JMeter property: endpoint=opa-svc:8181
2020-09-17 13:21:57,522 INFO o.a.j.JMeter: Copyright (c) 1998-2019 The Apache Software Foundation
2020-09-17 13:21:57,522 INFO o.a.j.JMeter: Version 5.1.1 r1855137
2020-09-17 13:21:57,523 INFO o.a.j.JMeter: java.version=1.8.0_222
2020-09-17 13:21:57,523 INFO o.a.j.JMeter: java.vm.name=OpenJDK 64-Bit Server VM
2020-09-17 13:21:57,523 INFO o.a.j.JMeter: os.name=Linux
2020-09-17 13:21:57,523 INFO o.a.j.JMeter: os.arch=amd64
2020-09-17 13:21:57,523 INFO o.a.j.JMeter: os.version=4.15.0-1092-azure
2020-09-17 13:21:57,523 INFO o.a.j.JMeter: file.encoding=UTF-8
2020-09-17 13:21:57,523 INFO o.a.j.JMeter: java.awt.headless=true
2020-09-17 13:21:57,523 INFO o.a.j.JMeter: Max memory     =1073741824
2020-09-17 13:21:57,523 INFO o.a.j.JMeter: Available Processors =1
2020-09-17 13:21:57,561 INFO o.a.j.JMeter: Default Locale=English (EN)
2020-09-17 13:21:57,562 INFO o.a.j.JMeter: JMeter  Locale=English (EN)
2020-09-17 13:21:57,562 INFO o.a.j.JMeter: JMeterHome=/opt/apache-jmeter-5.1.1
2020-09-17 13:21:57,562 INFO o.a.j.JMeter: user.dir  =/jmeter-testing/jmeter-scripts
2020-09-17 13:21:57,563 INFO o.a.j.JMeter: PWD       =/jmeter-testing/jmeter-scripts
2020-09-17 13:21:57,563 INFO o.a.j.JMeter: IP: 10.244.4.106 Name: jmeter-3fdff040da918940-zvrwl FullName: jmeter-3fdff040da918940-zvrwl
2020-09-17 13:21:57,580 INFO o.a.j.s.FileServer: Default base='/jmeter-testing/jmeter-scripts'
2020-09-17 13:21:57,618 INFO o.a.j.s.FileServer: Set new base='/jmeter-testing/jmeter-scripts'
2020-09-17 13:22:00,587 INFO o.a.j.s.SaveService: Testplan (JMX) version: 2.2. Testlog (JTL) version: 2.2
2020-09-17 13:22:01,093 INFO o.a.j.s.SaveService: Using SaveService properties file encoding UTF-8
2020-09-17 13:22:01,132 INFO o.a.j.s.SaveService: Using SaveService properties version 5.0
2020-09-17 13:22:01,161 INFO o.a.j.s.SaveService: Loading file: B-DataSource-OES3.jmx
2020-09-17 13:22:01,822 INFO o.a.j.p.h.c.CookieManager: Settings: Delete null: true Check: true Allow variable: true Save: false Prefix: COOKIE_
2020-09-17 13:22:02,168 INFO o.a.j.p.h.s.HTTPSamplerBase: Parser for text/html is org.apache.jmeter.protocol.http.parser.LagartoBasedHtmlParser
2020-09-17 13:22:02,168 INFO o.a.j.p.h.s.HTTPSamplerBase: Parser for application/xhtml+xml is org.apache.jmeter.protocol.http.parser.LagartoBasedHtmlParser
2020-09-17 13:22:02,169 INFO o.a.j.p.h.s.HTTPSamplerBase: Parser for application/xml is org.apache.jmeter.protocol.http.parser.LagartoBasedHtmlParser
2020-09-17 13:22:02,169 INFO o.a.j.p.h.s.HTTPSamplerBase: Parser for text/xml is org.apache.jmeter.protocol.http.parser.LagartoBasedHtmlParser
2020-09-17 13:22:02,169 INFO o.a.j.p.h.s.HTTPSamplerBase: Parser for text/vnd.wap.wml is org.apache.jmeter.protocol.http.parser.RegexpHTMLParser
2020-09-17 13:22:02,169 INFO o.a.j.p.h.s.HTTPSamplerBase: Parser for text/css is org.apache.jmeter.protocol.http.parser.CssParser
2020-09-17 13:22:05,832 INFO o.a.j.e.KeyToolUtils: keytool found at 'keytool'
2020-09-17 13:22:05,833 INFO o.a.j.p.h.p.ProxyControl: HTTP(S) Test Script Recorder SSL Proxy will use keys that support embedded 3rd party resources in file /opt/apache-jmeter-5.1.1/bin/proxyserver.jks
2020-09-17 13:22:06,351 INFO o.a.j.JMeter: Creating summariser <summary>
2020-09-17 13:22:06,368 INFO o.a.j.e.StandardJMeterEngine: Running the test!
2020-09-17 13:22:06,391 INFO o.a.j.s.SampleEvent: List of sample_variables: []
2020-09-17 13:22:06,391 INFO o.a.j.s.SampleEvent: List of sample_variables: []
2020-09-17 13:22:06,614 INFO o.a.j.e.u.CompoundVariable: Note: Function class names must contain the string: '.functions.'
2020-09-17 13:22:06,622 INFO o.a.j.e.u.CompoundVariable: Note: Function class names must not contain the string: '.gui.'
2020-09-17 13:22:13,621 INFO o.a.j.JMeter: Running test (1600348933620)
2020-09-17 13:22:14,262 INFO o.a.j.e.StandardJMeterEngine: Starting ThreadGroup: 1 : Thread Group
2020-09-17 13:22:14,262 INFO o.a.j.e.StandardJMeterEngine: Starting 1 threads for group Thread Group.
2020-09-17 13:22:14,262 INFO o.a.j.e.StandardJMeterEngine: Thread will continue on error
2020-09-17 13:22:14,262 INFO o.a.j.t.ThreadGroup: Starting thread group... number=1 threads=1 ramp-up=1 delayedStart=false
2020-09-17 13:22:14,332 INFO o.a.j.t.ThreadGroup: Started thread group number 1
2020-09-17 13:22:14,332 INFO o.a.j.e.StandardJMeterEngine: All thread groups have been started
2020-09-17 13:22:14,384 INFO o.a.j.s.SampleResult: Note: Sample TimeStamps are START times
2020-09-17 13:22:14,384 INFO o.a.j.s.SampleResult: sampleresult.default.encoding is set to ISO-8859-1
2020-09-17 13:22:14,384 INFO o.a.j.s.SampleResult: sampleresult.useNanoTime=true
2020-09-17 13:22:14,384 INFO o.a.j.s.SampleResult: sampleresult.nanoThreadSleep=5000
2020-09-17 13:22:14,405 INFO o.a.j.t.JMeterThread: Thread started: Thread Group 1-1
2020-09-17 13:22:14,758 INFO o.a.j.p.h.s.HTTPHCAbstractImpl: Local host = jmeter-3fdff040da918940-zvrwl
2020-09-17 13:22:14,839 INFO o.a.j.p.h.s.HTTPHC4Impl: HTTP request retry count = 0
2020-09-17 13:22:30,212 INFO o.a.j.r.Summariser: summary +     13 in 00:00:17 =    0.8/s Avg:  1073 Min:  1007 Max:  1560 Err:    13 (100.00%) Active: 1 Started: 1 Finished: 0
2020-09-17 13:22:37,567 INFO o.a.j.t.JMeterThread: Thread is done: Thread Group 1-1
2020-09-17 13:22:37,568 INFO o.a.j.t.JMeterThread: Thread finished: Thread Group 1-1
2020-09-17 13:22:37,575 INFO o.a.j.e.StandardJMeterEngine: Notifying test listeners of end of test
2020-09-17 13:22:37,576 INFO o.a.j.r.Summariser: summary +      7 in 00:00:07 =    1.0/s Avg:  1038 Min:  1004 Max:  1122 Err:     7 (100.00%) Active: 0 Started: 1 Finished: 1
2020-09-17 13:22:37,577 INFO o.a.j.r.Summariser: summary =     20 in 00:00:24 =    0.8/s Avg:  1061 Min:  1004 Max:  1560 Err:    20 (100.00%)
