2020-12-08 03:48:37,310 INFO o.a.j.u.JMeterUtils: Setting Locale to en_EN
2020-12-08 03:48:37,333 INFO o.a.j.JMeter: Loading user properties from: /opt/apache-jmeter-5.3/bin/user.properties
2020-12-08 03:48:37,333 INFO o.a.j.JMeter: Loading system properties from: /opt/apache-jmeter-5.3/bin/system.properties
2020-12-08 03:48:37,334 INFO o.a.j.JMeter: Setting JMeter property: gate-url=nightly-oes3-gate.opsmx.com
2020-12-08 03:48:37,334 INFO o.a.j.JMeter: Setting JMeter property: ui-url=nightly-oes3.opsmx.com
2020-12-08 03:48:37,334 INFO o.a.j.JMeter: Setting JMeter property: port=443
2020-12-08 03:48:37,334 INFO o.a.j.JMeter: Setting JMeter property: protocol=https
2020-12-08 03:48:37,334 INFO o.a.j.JMeter: Setting JMeter property: username=user2
2020-12-08 03:48:37,334 INFO o.a.j.JMeter: Setting JMeter property: password=user2password
2020-12-08 03:48:37,334 INFO o.a.j.JMeter: Setting JMeter property: endpoint=opa:8181
2020-12-08 03:48:37,334 INFO o.a.j.JMeter: Setting JMeter property: jmeterengine.force.system.exit=true
2020-12-08 03:48:37,336 INFO o.a.j.JMeter: Copyright (c) 1998-2020 The Apache Software Foundation
2020-12-08 03:48:37,337 INFO o.a.j.JMeter: Version 5.3
2020-12-08 03:48:37,337 INFO o.a.j.JMeter: java.version=1.8.0_252
2020-12-08 03:48:37,337 INFO o.a.j.JMeter: java.vm.name=OpenJDK 64-Bit Server VM
2020-12-08 03:48:37,337 INFO o.a.j.JMeter: os.name=Linux
2020-12-08 03:48:37,337 INFO o.a.j.JMeter: os.arch=amd64
2020-12-08 03:48:37,337 INFO o.a.j.JMeter: os.version=4.15.0-1098-azure
2020-12-08 03:48:37,337 INFO o.a.j.JMeter: file.encoding=UTF-8
2020-12-08 03:48:37,337 INFO o.a.j.JMeter: java.awt.headless=true
2020-12-08 03:48:37,338 INFO o.a.j.JMeter: Max memory     =1073741824
2020-12-08 03:48:37,338 INFO o.a.j.JMeter: Available Processors =1
2020-12-08 03:48:37,350 INFO o.a.j.JMeter: Default Locale=English (EN)
2020-12-08 03:48:37,351 INFO o.a.j.JMeter: JMeter  Locale=English (EN)
2020-12-08 03:48:37,351 INFO o.a.j.JMeter: JMeterHome=/opt/apache-jmeter-5.3
2020-12-08 03:48:37,351 INFO o.a.j.JMeter: user.dir  =/jmeter-testing/jmeter-scripts
2020-12-08 03:48:37,351 INFO o.a.j.JMeter: PWD       =/jmeter-testing/jmeter-scripts
2020-12-08 03:48:37,351 INFO o.a.j.JMeter: IP: 10.244.20.118 Name: jmeter-3fe5f27ed88c9da0-qvkmb FullName: jmeter-3fe5f27ed88c9da0-qvkmb
2020-12-08 03:48:37,361 INFO o.a.j.s.FileServer: Default base='/jmeter-testing/jmeter-scripts'
2020-12-08 03:48:37,369 INFO o.a.j.s.FileServer: Set new base='/jmeter-testing/jmeter-scripts'
2020-12-08 03:48:37,615 INFO o.a.j.s.SaveService: Testplan (JMX) version: 2.2. Testlog (JTL) version: 2.2
2020-12-08 03:48:37,657 INFO o.a.j.s.SaveService: Using SaveService properties file encoding UTF-8
2020-12-08 03:48:37,666 INFO o.a.j.s.SaveService: Using SaveService properties version 5.0
2020-12-08 03:48:37,675 INFO o.a.j.s.SaveService: Loading file: B-DataSource-OES3.jmx
2020-12-08 03:48:37,739 INFO o.a.j.p.h.c.CookieManager: Settings: Delete null: true Check: true Allow variable: true Save: false Prefix: COOKIE_
2020-12-08 03:48:37,772 INFO o.a.j.p.h.s.HTTPSamplerBase: Parser for text/html is org.apache.jmeter.protocol.http.parser.LagartoBasedHtmlParser
2020-12-08 03:48:37,773 INFO o.a.j.p.h.s.HTTPSamplerBase: Parser for application/xhtml+xml is org.apache.jmeter.protocol.http.parser.LagartoBasedHtmlParser
2020-12-08 03:48:37,773 INFO o.a.j.p.h.s.HTTPSamplerBase: Parser for application/xml is org.apache.jmeter.protocol.http.parser.LagartoBasedHtmlParser
2020-12-08 03:48:37,773 INFO o.a.j.p.h.s.HTTPSamplerBase: Parser for text/xml is org.apache.jmeter.protocol.http.parser.LagartoBasedHtmlParser
2020-12-08 03:48:37,773 INFO o.a.j.p.h.s.HTTPSamplerBase: Parser for text/vnd.wap.wml is org.apache.jmeter.protocol.http.parser.RegexpHTMLParser
2020-12-08 03:48:37,774 INFO o.a.j.p.h.s.HTTPSamplerBase: Parser for text/css is org.apache.jmeter.protocol.http.parser.CssParser
2020-12-08 03:48:38,209 INFO o.a.j.e.KeyToolUtils: keytool found at 'keytool'
2020-12-08 03:48:38,211 INFO o.a.j.p.h.p.ProxyControl: HTTP(S) Test Script Recorder SSL Proxy will use keys that support embedded 3rd party resources in file /opt/apache-jmeter-5.3/bin/proxyserver.jks
2020-12-08 03:48:38,261 INFO o.a.j.JMeter: Creating summariser <summary>
2020-12-08 03:48:38,300 INFO o.a.j.e.StandardJMeterEngine: Running the test!
2020-12-08 03:48:38,301 INFO o.a.j.s.SampleEvent: List of sample_variables: []
2020-12-08 03:48:38,301 INFO o.a.j.s.SampleEvent: List of sample_variables: []
2020-12-08 03:48:38,310 INFO o.a.j.e.u.CompoundVariable: Note: Function class names must contain the string: '.functions.'
2020-12-08 03:48:38,313 INFO o.a.j.e.u.CompoundVariable: Note: Function class names must not contain the string: '.gui.'
2020-12-08 03:48:39,014 INFO o.a.j.JMeter: Running test (1607399319014)
2020-12-08 03:48:39,110 INFO o.a.j.e.StandardJMeterEngine: Starting ThreadGroup: 1 : Thread Group
2020-12-08 03:48:39,111 INFO o.a.j.e.StandardJMeterEngine: Starting 1 threads for group Thread Group.
2020-12-08 03:48:39,111 INFO o.a.j.e.StandardJMeterEngine: Thread will continue on error
2020-12-08 03:48:39,111 INFO o.a.j.t.ThreadGroup: Starting thread group... number=1 threads=1 ramp-up=1 delayedStart=false
2020-12-08 03:48:39,126 INFO o.a.j.t.ThreadGroup: Started thread group number 1
2020-12-08 03:48:39,126 INFO o.a.j.e.StandardJMeterEngine: All thread groups have been started
2020-12-08 03:48:39,136 INFO o.a.j.s.SampleResult: Note: Sample TimeStamps are START times
2020-12-08 03:48:39,137 INFO o.a.j.s.SampleResult: sampleresult.default.encoding is set to ISO-8859-1
2020-12-08 03:48:39,137 INFO o.a.j.s.SampleResult: sampleresult.useNanoTime=true
2020-12-08 03:48:39,137 INFO o.a.j.s.SampleResult: sampleresult.nanoThreadSleep=5000
2020-12-08 03:48:39,143 INFO o.a.j.t.JMeterThread: Thread started: Thread Group 1-1
2020-12-08 03:48:39,178 INFO o.a.j.p.h.s.HTTPHCAbstractImpl: Local host = jmeter-3fe5f27ed88c9da0-qvkmb
2020-12-08 03:48:39,193 INFO o.a.j.p.h.s.HTTPHC4Impl: HTTP request retry count = 0
2020-12-08 03:48:39,382 INFO o.a.j.p.h.s.h.LazyLayeredConnectionSocketFactory: Setting up HTTPS TrustAll Socket Factory
2020-12-08 03:48:39,394 INFO o.a.j.u.JsseSSLManager: Using default SSL protocol: TLS
2020-12-08 03:48:39,394 INFO o.a.j.u.JsseSSLManager: SSL session context: per-thread
2020-12-08 03:48:39,485 INFO o.a.j.u.SSLManager: JmeterKeyStore Location:  type JKS
2020-12-08 03:48:39,491 INFO o.a.j.u.SSLManager: KeyStore created OK
2020-12-08 03:48:39,491 WARN o.a.j.u.SSLManager: Keystore file not found, loading empty keystore
2020-12-08 03:48:40,901 INFO o.a.j.t.JMeterThread: Thread is done: Thread Group 1-1
2020-12-08 03:48:40,901 INFO o.a.j.t.JMeterThread: Thread finished: Thread Group 1-1
2020-12-08 03:48:40,904 INFO o.a.j.e.StandardJMeterEngine: Notifying test listeners of end of test
2020-12-08 03:48:40,906 INFO o.a.j.r.Summariser: summary =     20 in 00:00:02 =   10.6/s Avg:    78 Min:     6 Max:   588 Err:     0 (0.00%)
2020-12-08 03:48:40,907 INFO o.a.j.e.StandardJMeterEngine: Forced JVM shutdown requested at end of test
