2020-11-20 08:33:51,251 INFO o.a.j.u.JMeterUtils: Setting Locale to en_EN
2020-11-20 08:33:51,293 INFO o.a.j.JMeter: Loading user properties from: /opt/apache-jmeter-5.3/bin/user.properties
2020-11-20 08:33:51,293 INFO o.a.j.JMeter: Loading system properties from: /opt/apache-jmeter-5.3/bin/system.properties
2020-11-20 08:33:51,293 INFO o.a.j.JMeter: Setting JMeter property: gate-url=gitpr-gate-nightly.oes.opsmx.com
2020-11-20 08:33:51,299 INFO o.a.j.JMeter: Setting JMeter property: ui-url=gitpr-ui-nightly.oes.opsmx.com
2020-11-20 08:33:51,299 WARN o.a.j.JMeter: Removing JMeter property: port
2020-11-20 08:33:51,300 INFO o.a.j.JMeter: Setting JMeter property: protocol=http
2020-11-20 08:33:51,300 INFO o.a.j.JMeter: Setting JMeter property: username=user2
2020-11-20 08:33:51,300 INFO o.a.j.JMeter: Setting JMeter property: password=user2password
2020-11-20 08:33:51,300 INFO o.a.j.JMeter: Setting JMeter property: endpoint=opa:8181
2020-11-20 08:33:51,300 INFO o.a.j.JMeter: Setting JMeter property: jmeterengine.force.system.exit=true
2020-11-20 08:33:51,302 INFO o.a.j.JMeter: Copyright (c) 1998-2020 The Apache Software Foundation
2020-11-20 08:33:51,302 INFO o.a.j.JMeter: Version 5.3
2020-11-20 08:33:51,302 INFO o.a.j.JMeter: java.version=1.8.0_252
2020-11-20 08:33:51,302 INFO o.a.j.JMeter: java.vm.name=OpenJDK 64-Bit Server VM
2020-11-20 08:33:51,302 INFO o.a.j.JMeter: os.name=Linux
2020-11-20 08:33:51,303 INFO o.a.j.JMeter: os.arch=amd64
2020-11-20 08:33:51,303 INFO o.a.j.JMeter: os.version=4.15.0-1092-azure
2020-11-20 08:33:51,303 INFO o.a.j.JMeter: file.encoding=UTF-8
2020-11-20 08:33:51,303 INFO o.a.j.JMeter: java.awt.headless=true
2020-11-20 08:33:51,303 INFO o.a.j.JMeter: Max memory     =1073741824
2020-11-20 08:33:51,303 INFO o.a.j.JMeter: Available Processors =1
2020-11-20 08:33:51,332 INFO o.a.j.JMeter: Default Locale=English (EN)
2020-11-20 08:33:51,340 INFO o.a.j.JMeter: JMeter  Locale=English (EN)
2020-11-20 08:33:51,340 INFO o.a.j.JMeter: JMeterHome=/opt/apache-jmeter-5.3
2020-11-20 08:33:51,340 INFO o.a.j.JMeter: user.dir  =/jmeter-testing/jmeter-scripts
2020-11-20 08:33:51,340 INFO o.a.j.JMeter: PWD       =/jmeter-testing/jmeter-scripts
2020-11-20 08:33:51,340 INFO o.a.j.JMeter: IP: 10.244.10.221 Name: jmeter-3fe60112ed07e5d0-cqt46 FullName: jmeter-3fe60112ed07e5d0-cqt46
2020-11-20 08:33:51,360 INFO o.a.j.s.FileServer: Default base='/jmeter-testing/jmeter-scripts'
2020-11-20 08:33:51,378 INFO o.a.j.s.FileServer: Set new base='/jmeter-testing/jmeter-scripts'
2020-11-20 08:33:51,903 INFO o.a.j.s.SaveService: Testplan (JMX) version: 2.2. Testlog (JTL) version: 2.2
2020-11-20 08:33:51,977 INFO o.a.j.s.SaveService: Using SaveService properties file encoding UTF-8
2020-11-20 08:33:51,989 INFO o.a.j.s.SaveService: Using SaveService properties version 5.0
2020-11-20 08:33:52,008 INFO o.a.j.s.SaveService: Loading file: B-DataSource-OES3.jmx
2020-11-20 08:33:52,122 INFO o.a.j.p.h.c.CookieManager: Settings: Delete null: true Check: true Allow variable: true Save: false Prefix: COOKIE_
2020-11-20 08:33:52,173 INFO o.a.j.p.h.s.HTTPSamplerBase: Parser for text/html is org.apache.jmeter.protocol.http.parser.LagartoBasedHtmlParser
2020-11-20 08:33:52,173 INFO o.a.j.p.h.s.HTTPSamplerBase: Parser for application/xhtml+xml is org.apache.jmeter.protocol.http.parser.LagartoBasedHtmlParser
2020-11-20 08:33:52,173 INFO o.a.j.p.h.s.HTTPSamplerBase: Parser for application/xml is org.apache.jmeter.protocol.http.parser.LagartoBasedHtmlParser
2020-11-20 08:33:52,173 INFO o.a.j.p.h.s.HTTPSamplerBase: Parser for text/xml is org.apache.jmeter.protocol.http.parser.LagartoBasedHtmlParser
2020-11-20 08:33:52,173 INFO o.a.j.p.h.s.HTTPSamplerBase: Parser for text/vnd.wap.wml is org.apache.jmeter.protocol.http.parser.RegexpHTMLParser
2020-11-20 08:33:52,173 INFO o.a.j.p.h.s.HTTPSamplerBase: Parser for text/css is org.apache.jmeter.protocol.http.parser.CssParser
2020-11-20 08:33:52,860 INFO o.a.j.e.KeyToolUtils: keytool found at 'keytool'
2020-11-20 08:33:52,861 INFO o.a.j.p.h.p.ProxyControl: HTTP(S) Test Script Recorder SSL Proxy will use keys that support embedded 3rd party resources in file /opt/apache-jmeter-5.3/bin/proxyserver.jks
2020-11-20 08:33:52,963 INFO o.a.j.JMeter: Creating summariser <summary>
2020-11-20 08:33:53,088 INFO o.a.j.e.StandardJMeterEngine: Running the test!
2020-11-20 08:33:53,089 INFO o.a.j.s.SampleEvent: List of sample_variables: []
2020-11-20 08:33:53,090 INFO o.a.j.s.SampleEvent: List of sample_variables: []
2020-11-20 08:33:53,126 INFO o.a.j.e.u.CompoundVariable: Note: Function class names must contain the string: '.functions.'
2020-11-20 08:33:53,126 INFO o.a.j.e.u.CompoundVariable: Note: Function class names must not contain the string: '.gui.'
2020-11-20 08:33:54,559 INFO o.a.j.JMeter: Running test (1605861234559)
2020-11-20 08:33:54,722 INFO o.a.j.e.StandardJMeterEngine: Starting ThreadGroup: 1 : Thread Group
2020-11-20 08:33:54,722 INFO o.a.j.e.StandardJMeterEngine: Starting 1 threads for group Thread Group.
2020-11-20 08:33:54,722 INFO o.a.j.e.StandardJMeterEngine: Thread will continue on error
2020-11-20 08:33:54,723 INFO o.a.j.t.ThreadGroup: Starting thread group... number=1 threads=1 ramp-up=1 delayedStart=false
2020-11-20 08:33:54,749 INFO o.a.j.t.ThreadGroup: Started thread group number 1
2020-11-20 08:33:54,750 INFO o.a.j.e.StandardJMeterEngine: All thread groups have been started
2020-11-20 08:33:54,762 INFO o.a.j.s.SampleResult: Note: Sample TimeStamps are START times
2020-11-20 08:33:54,763 INFO o.a.j.s.SampleResult: sampleresult.default.encoding is set to ISO-8859-1
2020-11-20 08:33:54,763 INFO o.a.j.s.SampleResult: sampleresult.useNanoTime=true
2020-11-20 08:33:54,763 INFO o.a.j.s.SampleResult: sampleresult.nanoThreadSleep=5000
2020-11-20 08:33:54,772 INFO o.a.j.t.JMeterThread: Thread started: Thread Group 1-1
2020-11-20 08:33:54,844 INFO o.a.j.p.h.s.HTTPHCAbstractImpl: Local host = jmeter-3fe60112ed07e5d0-cqt46
2020-11-20 08:33:54,862 INFO o.a.j.p.h.s.HTTPHC4Impl: HTTP request retry count = 0
2020-11-20 08:34:00,213 INFO o.a.j.r.Summariser: summary +     13 in 00:00:06 =    2.3/s Avg:   387 Min:    20 Max:  2757 Err:     0 (0.00%) Active: 1 Started: 1 Finished: 0
2020-11-20 08:34:00,785 INFO o.a.j.t.JMeterThread: Thread is done: Thread Group 1-1
2020-11-20 08:34:00,785 INFO o.a.j.t.JMeterThread: Thread finished: Thread Group 1-1
2020-11-20 08:34:00,786 INFO o.a.j.e.StandardJMeterEngine: Notifying test listeners of end of test
2020-11-20 08:34:00,787 INFO o.a.j.r.Summariser: summary +      8 in 00:00:01 =   13.7/s Avg:    70 Min:    15 Max:   124 Err:     0 (0.00%) Active: 0 Started: 1 Finished: 1
2020-11-20 08:34:00,788 INFO o.a.j.r.Summariser: summary =     21 in 00:00:06 =    3.4/s Avg:   266 Min:    15 Max:  2757 Err:     0 (0.00%)
2020-11-20 08:34:00,794 INFO o.a.j.e.StandardJMeterEngine: Forced JVM shutdown requested at end of test
