2020-12-10 05:18:48,986 INFO o.a.j.u.JMeterUtils: Setting Locale to en_EN
2020-12-10 05:18:49,002 INFO o.a.j.JMeter: Loading user properties from: /opt/apache-jmeter-5.3/bin/user.properties
2020-12-10 05:18:49,002 INFO o.a.j.JMeter: Loading system properties from: /opt/apache-jmeter-5.3/bin/system.properties
2020-12-10 05:18:49,003 INFO o.a.j.JMeter: Setting JMeter property: gate-url=gitpr-gate-nightly.oes.opsmx.com
2020-12-10 05:18:49,003 INFO o.a.j.JMeter: Setting JMeter property: ui-url=gitpr-ui-nightly.oes.opsmx.com
2020-12-10 05:18:49,003 WARN o.a.j.JMeter: Removing JMeter property: port
2020-12-10 05:18:49,003 INFO o.a.j.JMeter: Setting JMeter property: protocol=http
2020-12-10 05:18:49,003 INFO o.a.j.JMeter: Setting JMeter property: username=user2
2020-12-10 05:18:49,003 INFO o.a.j.JMeter: Setting JMeter property: password=user2password
2020-12-10 05:18:49,003 INFO o.a.j.JMeter: Setting JMeter property: endpoint=opa:8181
2020-12-10 05:18:49,003 INFO o.a.j.JMeter: Setting JMeter property: jmeterengine.force.system.exit=true
2020-12-10 05:18:49,004 INFO o.a.j.JMeter: Copyright (c) 1998-2020 The Apache Software Foundation
2020-12-10 05:18:49,004 INFO o.a.j.JMeter: Version 5.3
2020-12-10 05:18:49,004 INFO o.a.j.JMeter: java.version=1.8.0_252
2020-12-10 05:18:49,004 INFO o.a.j.JMeter: java.vm.name=OpenJDK 64-Bit Server VM
2020-12-10 05:18:49,004 INFO o.a.j.JMeter: os.name=Linux
2020-12-10 05:18:49,005 INFO o.a.j.JMeter: os.arch=amd64
2020-12-10 05:18:49,005 INFO o.a.j.JMeter: os.version=4.15.0-1098-azure
2020-12-10 05:18:49,005 INFO o.a.j.JMeter: file.encoding=UTF-8
2020-12-10 05:18:49,005 INFO o.a.j.JMeter: java.awt.headless=true
2020-12-10 05:18:49,005 INFO o.a.j.JMeter: Max memory     =1073741824
2020-12-10 05:18:49,005 INFO o.a.j.JMeter: Available Processors =1
2020-12-10 05:18:49,012 INFO o.a.j.JMeter: Default Locale=English (EN)
2020-12-10 05:18:49,012 INFO o.a.j.JMeter: JMeter  Locale=English (EN)
2020-12-10 05:18:49,013 INFO o.a.j.JMeter: JMeterHome=/opt/apache-jmeter-5.3
2020-12-10 05:18:49,013 INFO o.a.j.JMeter: user.dir  =/jmeter-testing/jmeter-scripts
2020-12-10 05:18:49,013 INFO o.a.j.JMeter: PWD       =/jmeter-testing/jmeter-scripts
2020-12-10 05:18:49,013 INFO o.a.j.JMeter: IP: 10.244.21.195 Name: jmeter-3fd20837640d7128-rlhrn FullName: jmeter-3fd20837640d7128-rlhrn
2020-12-10 05:18:49,019 INFO o.a.j.s.FileServer: Default base='/jmeter-testing/jmeter-scripts'
2020-12-10 05:18:49,025 INFO o.a.j.s.FileServer: Set new base='/jmeter-testing/jmeter-scripts'
2020-12-10 05:18:49,195 INFO o.a.j.s.SaveService: Testplan (JMX) version: 2.2. Testlog (JTL) version: 2.2
2020-12-10 05:18:49,220 INFO o.a.j.s.SaveService: Using SaveService properties file encoding UTF-8
2020-12-10 05:18:49,225 INFO o.a.j.s.SaveService: Using SaveService properties version 5.0
2020-12-10 05:18:49,233 INFO o.a.j.s.SaveService: Loading file: G-sonarqube-create-delete.jmx
2020-12-10 05:18:49,273 INFO o.a.j.p.h.c.CookieManager: Settings: Delete null: true Check: true Allow variable: true Save: false Prefix: COOKIE_
2020-12-10 05:18:49,292 INFO o.a.j.p.h.s.HTTPSamplerBase: Parser for text/html is org.apache.jmeter.protocol.http.parser.LagartoBasedHtmlParser
2020-12-10 05:18:49,292 INFO o.a.j.p.h.s.HTTPSamplerBase: Parser for application/xhtml+xml is org.apache.jmeter.protocol.http.parser.LagartoBasedHtmlParser
2020-12-10 05:18:49,293 INFO o.a.j.p.h.s.HTTPSamplerBase: Parser for application/xml is org.apache.jmeter.protocol.http.parser.LagartoBasedHtmlParser
2020-12-10 05:18:49,293 INFO o.a.j.p.h.s.HTTPSamplerBase: Parser for text/xml is org.apache.jmeter.protocol.http.parser.LagartoBasedHtmlParser
2020-12-10 05:18:49,293 INFO o.a.j.p.h.s.HTTPSamplerBase: Parser for text/vnd.wap.wml is org.apache.jmeter.protocol.http.parser.RegexpHTMLParser
2020-12-10 05:18:49,293 INFO o.a.j.p.h.s.HTTPSamplerBase: Parser for text/css is org.apache.jmeter.protocol.http.parser.CssParser
2020-12-10 05:18:49,604 INFO o.a.j.e.KeyToolUtils: keytool found at 'keytool'
2020-12-10 05:18:49,605 INFO o.a.j.p.h.p.ProxyControl: HTTP(S) Test Script Recorder SSL Proxy will use keys that support embedded 3rd party resources in file /opt/apache-jmeter-5.3/bin/proxyserver.jks
2020-12-10 05:18:49,642 INFO o.a.j.JMeter: Creating summariser <summary>
2020-12-10 05:18:49,648 INFO o.a.j.e.StandardJMeterEngine: Running the test!
2020-12-10 05:18:49,649 INFO o.a.j.s.SampleEvent: List of sample_variables: []
2020-12-10 05:18:49,649 INFO o.a.j.s.SampleEvent: List of sample_variables: []
2020-12-10 05:18:49,655 INFO o.a.j.e.u.CompoundVariable: Note: Function class names must contain the string: '.functions.'
2020-12-10 05:18:49,655 INFO o.a.j.e.u.CompoundVariable: Note: Function class names must not contain the string: '.gui.'
2020-12-10 05:18:50,066 INFO o.a.j.JMeter: Running test (1607577530066)
2020-12-10 05:18:50,137 INFO o.a.j.e.StandardJMeterEngine: Starting ThreadGroup: 1 : Thread Group
2020-12-10 05:18:50,138 INFO o.a.j.e.StandardJMeterEngine: Starting 1 threads for group Thread Group.
2020-12-10 05:18:50,138 INFO o.a.j.e.StandardJMeterEngine: Thread will continue on error
2020-12-10 05:18:50,138 INFO o.a.j.t.ThreadGroup: Starting thread group... number=1 threads=1 ramp-up=1 delayedStart=false
2020-12-10 05:18:50,148 INFO o.a.j.t.ThreadGroup: Started thread group number 1
2020-12-10 05:18:50,148 INFO o.a.j.e.StandardJMeterEngine: All thread groups have been started
2020-12-10 05:18:50,151 INFO o.a.j.s.SampleResult: Note: Sample TimeStamps are START times
2020-12-10 05:18:50,151 INFO o.a.j.s.SampleResult: sampleresult.default.encoding is set to ISO-8859-1
2020-12-10 05:18:50,152 INFO o.a.j.s.SampleResult: sampleresult.useNanoTime=true
2020-12-10 05:18:50,152 INFO o.a.j.s.SampleResult: sampleresult.nanoThreadSleep=5000
2020-12-10 05:18:50,159 INFO o.a.j.t.JMeterThread: Thread started: Thread Group 1-1
2020-12-10 05:18:50,184 INFO o.a.j.p.h.s.HTTPHCAbstractImpl: Local host = jmeter-3fd20837640d7128-rlhrn
2020-12-10 05:18:50,192 INFO o.a.j.p.h.s.HTTPHC4Impl: HTTP request retry count = 0
2020-12-10 05:18:50,303 INFO o.a.j.p.h.s.h.LazyLayeredConnectionSocketFactory: Setting up HTTPS TrustAll Socket Factory
2020-12-10 05:18:50,313 INFO o.a.j.u.JsseSSLManager: Using default SSL protocol: TLS
2020-12-10 05:18:50,313 INFO o.a.j.u.JsseSSLManager: SSL session context: per-thread
2020-12-10 05:18:50,390 INFO o.a.j.u.SSLManager: JmeterKeyStore Location:  type JKS
2020-12-10 05:18:50,394 INFO o.a.j.u.SSLManager: KeyStore created OK
2020-12-10 05:18:50,394 WARN o.a.j.u.SSLManager: Keystore file not found, loading empty keystore
2020-12-10 05:19:00,206 INFO o.a.j.r.Summariser: summary +     53 in 00:00:10 =    5.2/s Avg:    72 Min:     2 Max:  1312 Err:     4 (7.55%) Active: 1 Started: 1 Finished: 0
2020-12-10 05:19:21,329 INFO o.a.j.t.JMeterThread: Thread is done: Thread Group 1-1
2020-12-10 05:19:21,329 INFO o.a.j.t.JMeterThread: Thread finished: Thread Group 1-1
2020-12-10 05:19:21,331 INFO o.a.j.e.StandardJMeterEngine: Notifying test listeners of end of test
2020-12-10 05:19:21,332 INFO o.a.j.r.Summariser: summary +      7 in 00:00:21 =    0.3/s Avg:    16 Min:     6 Max:    21 Err:     0 (0.00%) Active: 0 Started: 1 Finished: 1
2020-12-10 05:19:21,332 INFO o.a.j.r.Summariser: summary =     60 in 00:00:31 =    1.9/s Avg:    66 Min:     2 Max:  1312 Err:     4 (6.67%)
2020-12-10 05:19:21,332 INFO o.a.j.e.StandardJMeterEngine: Forced JVM shutdown requested at end of test
