2020-10-23 02:02:37,621 INFO o.a.j.u.JMeterUtils: Setting Locale to en_EN
2020-10-23 02:02:37,673 INFO o.a.j.JMeter: Loading user properties from: /opt/apache-jmeter-5.1.1/bin/user.properties
2020-10-23 02:02:37,673 INFO o.a.j.JMeter: Loading system properties from: /opt/apache-jmeter-5.1.1/bin/system.properties
2020-10-23 02:02:37,674 INFO o.a.j.JMeter: Setting JMeter property: gate-url=nightly-oes3-gate.opsmx.com
2020-10-23 02:02:37,674 INFO o.a.j.JMeter: Setting JMeter property: ui-url=nightly-oes3.opsmx.com
2020-10-23 02:02:37,674 INFO o.a.j.JMeter: Setting JMeter property: port=443
2020-10-23 02:02:37,674 INFO o.a.j.JMeter: Setting JMeter property: protocol=https
2020-10-23 02:02:37,674 INFO o.a.j.JMeter: Setting JMeter property: username=user2
2020-10-23 02:02:37,674 INFO o.a.j.JMeter: Setting JMeter property: password=user2password
2020-10-23 02:02:37,674 INFO o.a.j.JMeter: Setting JMeter property: endpoint=opa:8181
2020-10-23 02:02:37,691 INFO o.a.j.JMeter: Copyright (c) 1998-2019 The Apache Software Foundation
2020-10-23 02:02:37,691 INFO o.a.j.JMeter: Version 5.1.1 r1855137
2020-10-23 02:02:37,691 INFO o.a.j.JMeter: java.version=1.8.0_222
2020-10-23 02:02:37,691 INFO o.a.j.JMeter: java.vm.name=OpenJDK 64-Bit Server VM
2020-10-23 02:02:37,691 INFO o.a.j.JMeter: os.name=Linux
2020-10-23 02:02:37,692 INFO o.a.j.JMeter: os.arch=amd64
2020-10-23 02:02:37,692 INFO o.a.j.JMeter: os.version=4.15.0-1092-azure
2020-10-23 02:02:37,692 INFO o.a.j.JMeter: file.encoding=UTF-8
2020-10-23 02:02:37,692 INFO o.a.j.JMeter: java.awt.headless=true
2020-10-23 02:02:37,692 INFO o.a.j.JMeter: Max memory     =1073741824
2020-10-23 02:02:37,692 INFO o.a.j.JMeter: Available Processors =1
2020-10-23 02:02:37,710 INFO o.a.j.JMeter: Default Locale=English (EN)
2020-10-23 02:02:37,711 INFO o.a.j.JMeter: JMeter  Locale=English (EN)
2020-10-23 02:02:37,711 INFO o.a.j.JMeter: JMeterHome=/opt/apache-jmeter-5.1.1
2020-10-23 02:02:37,711 INFO o.a.j.JMeter: user.dir  =/jmeter-testing/jmeter-scripts
2020-10-23 02:02:37,717 INFO o.a.j.JMeter: PWD       =/jmeter-testing/jmeter-scripts
2020-10-23 02:02:37,718 INFO o.a.j.JMeter: IP: 10.244.5.61 Name: jmeter-3fc8c4d780b383e4-qhkc6 FullName: jmeter-3fc8c4d780b383e4-qhkc6
2020-10-23 02:02:37,728 INFO o.a.j.s.FileServer: Default base='/jmeter-testing/jmeter-scripts'
2020-10-23 02:02:37,768 INFO o.a.j.s.FileServer: Set new base='/jmeter-testing/jmeter-scripts'
2020-10-23 02:02:38,356 INFO o.a.j.s.SaveService: Testplan (JMX) version: 2.2. Testlog (JTL) version: 2.2
2020-10-23 02:02:38,421 INFO o.a.j.s.SaveService: Using SaveService properties file encoding UTF-8
2020-10-23 02:02:38,433 INFO o.a.j.s.SaveService: Using SaveService properties version 5.0
2020-10-23 02:02:38,481 INFO o.a.j.s.SaveService: Loading file: B-DataSource-OES3.jmx
2020-10-23 02:02:38,660 INFO o.a.j.p.h.c.CookieManager: Settings: Delete null: true Check: true Allow variable: true Save: false Prefix: COOKIE_
2020-10-23 02:02:38,726 INFO o.a.j.p.h.s.HTTPSamplerBase: Parser for text/html is org.apache.jmeter.protocol.http.parser.LagartoBasedHtmlParser
2020-10-23 02:02:38,726 INFO o.a.j.p.h.s.HTTPSamplerBase: Parser for application/xhtml+xml is org.apache.jmeter.protocol.http.parser.LagartoBasedHtmlParser
2020-10-23 02:02:38,726 INFO o.a.j.p.h.s.HTTPSamplerBase: Parser for application/xml is org.apache.jmeter.protocol.http.parser.LagartoBasedHtmlParser
2020-10-23 02:02:38,726 INFO o.a.j.p.h.s.HTTPSamplerBase: Parser for text/xml is org.apache.jmeter.protocol.http.parser.LagartoBasedHtmlParser
2020-10-23 02:02:38,726 INFO o.a.j.p.h.s.HTTPSamplerBase: Parser for text/vnd.wap.wml is org.apache.jmeter.protocol.http.parser.RegexpHTMLParser
2020-10-23 02:02:38,727 INFO o.a.j.p.h.s.HTTPSamplerBase: Parser for text/css is org.apache.jmeter.protocol.http.parser.CssParser
2020-10-23 02:02:39,824 INFO o.a.j.e.KeyToolUtils: keytool found at 'keytool'
2020-10-23 02:02:39,825 INFO o.a.j.p.h.p.ProxyControl: HTTP(S) Test Script Recorder SSL Proxy will use keys that support embedded 3rd party resources in file /opt/apache-jmeter-5.1.1/bin/proxyserver.jks
2020-10-23 02:02:39,913 INFO o.a.j.JMeter: Creating summariser <summary>
2020-10-23 02:02:39,954 INFO o.a.j.e.StandardJMeterEngine: Running the test!
2020-10-23 02:02:39,964 INFO o.a.j.s.SampleEvent: List of sample_variables: []
2020-10-23 02:02:39,964 INFO o.a.j.s.SampleEvent: List of sample_variables: []
2020-10-23 02:02:40,049 INFO o.a.j.e.u.CompoundVariable: Note: Function class names must contain the string: '.functions.'
2020-10-23 02:02:40,050 INFO o.a.j.e.u.CompoundVariable: Note: Function class names must not contain the string: '.gui.'
2020-10-23 02:02:42,171 INFO o.a.j.JMeter: Running test (1603418562171)
2020-10-23 02:02:42,416 INFO o.a.j.e.StandardJMeterEngine: Starting ThreadGroup: 1 : Thread Group
2020-10-23 02:02:42,426 INFO o.a.j.e.StandardJMeterEngine: Starting 1 threads for group Thread Group.
2020-10-23 02:02:42,427 INFO o.a.j.e.StandardJMeterEngine: Thread will continue on error
2020-10-23 02:02:42,427 INFO o.a.j.t.ThreadGroup: Starting thread group... number=1 threads=1 ramp-up=1 delayedStart=false
2020-10-23 02:02:42,505 INFO o.a.j.t.ThreadGroup: Started thread group number 1
2020-10-23 02:02:42,505 INFO o.a.j.e.StandardJMeterEngine: All thread groups have been started
2020-10-23 02:02:42,528 INFO o.a.j.s.SampleResult: Note: Sample TimeStamps are START times
2020-10-23 02:02:42,544 INFO o.a.j.s.SampleResult: sampleresult.default.encoding is set to ISO-8859-1
2020-10-23 02:02:42,544 INFO o.a.j.s.SampleResult: sampleresult.useNanoTime=true
2020-10-23 02:02:42,544 INFO o.a.j.s.SampleResult: sampleresult.nanoThreadSleep=5000
2020-10-23 02:02:42,545 INFO o.a.j.t.JMeterThread: Thread started: Thread Group 1-1
2020-10-23 02:02:42,678 INFO o.a.j.p.h.s.HTTPHCAbstractImpl: Local host = jmeter-3fc8c4d780b383e4-qhkc6
2020-10-23 02:02:42,724 INFO o.a.j.p.h.s.HTTPHC4Impl: HTTP request retry count = 0
2020-10-23 02:02:43,295 INFO o.a.j.p.h.s.h.LazyLayeredConnectionSocketFactory: Setting up HTTPS TrustAll Socket Factory
2020-10-23 02:02:43,334 INFO o.a.j.u.JsseSSLManager: Using default SSL protocol: TLS
2020-10-23 02:02:43,340 INFO o.a.j.u.JsseSSLManager: SSL session context: per-thread
2020-10-23 02:02:43,597 INFO o.a.j.u.SSLManager: JmeterKeyStore Location:  type JKS
2020-10-23 02:02:43,617 INFO o.a.j.u.SSLManager: KeyStore created OK
2020-10-23 02:02:43,617 WARN o.a.j.u.SSLManager: Keystore file not found, loading empty keystore
2020-10-23 02:02:50,358 INFO o.a.j.t.JMeterThread: Thread is done: Thread Group 1-1
2020-10-23 02:02:50,358 INFO o.a.j.t.JMeterThread: Thread finished: Thread Group 1-1
2020-10-23 02:02:50,360 INFO o.a.j.e.StandardJMeterEngine: Notifying test listeners of end of test
2020-10-23 02:02:50,376 INFO o.a.j.r.Summariser: summary =     21 in 00:00:08 =    2.6/s Avg:   330 Min:    69 Max:  1982 Err:     0 (0.00%)
