2020-12-12 03:53:49,642 INFO o.a.j.u.JMeterUtils: Setting Locale to en_EN
2020-12-12 03:53:49,660 INFO o.a.j.JMeter: Loading user properties from: /opt/apache-jmeter-5.3/bin/user.properties
2020-12-12 03:53:49,660 INFO o.a.j.JMeter: Loading system properties from: /opt/apache-jmeter-5.3/bin/system.properties
2020-12-12 03:53:49,661 INFO o.a.j.JMeter: Setting JMeter property: gate-url=nightly-oes3-gate.opsmx.com
2020-12-12 03:53:49,661 INFO o.a.j.JMeter: Setting JMeter property: ui-url=nightly-oes3.opsmx.com
2020-12-12 03:53:49,661 INFO o.a.j.JMeter: Setting JMeter property: port=443
2020-12-12 03:53:49,661 INFO o.a.j.JMeter: Setting JMeter property: protocol=https
2020-12-12 03:53:49,661 INFO o.a.j.JMeter: Setting JMeter property: username=user2
2020-12-12 03:53:49,661 INFO o.a.j.JMeter: Setting JMeter property: password=user2password
2020-12-12 03:53:49,661 INFO o.a.j.JMeter: Setting JMeter property: endpoint=opa:8181
2020-12-12 03:53:49,661 INFO o.a.j.JMeter: Setting JMeter property: jmeterengine.force.system.exit=true
2020-12-12 03:53:49,662 INFO o.a.j.JMeter: Copyright (c) 1998-2020 The Apache Software Foundation
2020-12-12 03:53:49,662 INFO o.a.j.JMeter: Version 5.3
2020-12-12 03:53:49,663 INFO o.a.j.JMeter: java.version=1.8.0_252
2020-12-12 03:53:49,663 INFO o.a.j.JMeter: java.vm.name=OpenJDK 64-Bit Server VM
2020-12-12 03:53:49,663 INFO o.a.j.JMeter: os.name=Linux
2020-12-12 03:53:49,663 INFO o.a.j.JMeter: os.arch=amd64
2020-12-12 03:53:49,663 INFO o.a.j.JMeter: os.version=4.15.0-1098-azure
2020-12-12 03:53:49,663 INFO o.a.j.JMeter: file.encoding=UTF-8
2020-12-12 03:53:49,663 INFO o.a.j.JMeter: java.awt.headless=true
2020-12-12 03:53:49,663 INFO o.a.j.JMeter: Max memory     =1073741824
2020-12-12 03:53:49,663 INFO o.a.j.JMeter: Available Processors =1
2020-12-12 03:53:49,672 INFO o.a.j.JMeter: Default Locale=English (EN)
2020-12-12 03:53:49,672 INFO o.a.j.JMeter: JMeter  Locale=English (EN)
2020-12-12 03:53:49,672 INFO o.a.j.JMeter: JMeterHome=/opt/apache-jmeter-5.3
2020-12-12 03:53:49,672 INFO o.a.j.JMeter: user.dir  =/jmeter-testing/jmeter-scripts
2020-12-12 03:53:49,673 INFO o.a.j.JMeter: PWD       =/jmeter-testing/jmeter-scripts
2020-12-12 03:53:49,673 INFO o.a.j.JMeter: IP: 10.244.20.46 Name: jmeter-3fd31dd9511d9ec4-jpl7x FullName: jmeter-3fd31dd9511d9ec4-jpl7x
2020-12-12 03:53:49,680 INFO o.a.j.s.FileServer: Default base='/jmeter-testing/jmeter-scripts'
2020-12-12 03:53:49,687 INFO o.a.j.s.FileServer: Set new base='/jmeter-testing/jmeter-scripts'
2020-12-12 03:53:49,890 INFO o.a.j.s.SaveService: Testplan (JMX) version: 2.2. Testlog (JTL) version: 2.2
2020-12-12 03:53:49,932 INFO o.a.j.s.SaveService: Using SaveService properties file encoding UTF-8
2020-12-12 03:53:49,941 INFO o.a.j.s.SaveService: Using SaveService properties version 5.0
2020-12-12 03:53:49,954 INFO o.a.j.s.SaveService: Loading file: G-sonarqube-create-delete.jmx
2020-12-12 03:53:50,008 INFO o.a.j.p.h.c.CookieManager: Settings: Delete null: true Check: true Allow variable: true Save: false Prefix: COOKIE_
2020-12-12 03:53:50,030 INFO o.a.j.p.h.s.HTTPSamplerBase: Parser for text/html is org.apache.jmeter.protocol.http.parser.LagartoBasedHtmlParser
2020-12-12 03:53:50,030 INFO o.a.j.p.h.s.HTTPSamplerBase: Parser for application/xhtml+xml is org.apache.jmeter.protocol.http.parser.LagartoBasedHtmlParser
2020-12-12 03:53:50,030 INFO o.a.j.p.h.s.HTTPSamplerBase: Parser for application/xml is org.apache.jmeter.protocol.http.parser.LagartoBasedHtmlParser
2020-12-12 03:53:50,030 INFO o.a.j.p.h.s.HTTPSamplerBase: Parser for text/xml is org.apache.jmeter.protocol.http.parser.LagartoBasedHtmlParser
2020-12-12 03:53:50,031 INFO o.a.j.p.h.s.HTTPSamplerBase: Parser for text/vnd.wap.wml is org.apache.jmeter.protocol.http.parser.RegexpHTMLParser
2020-12-12 03:53:50,031 INFO o.a.j.p.h.s.HTTPSamplerBase: Parser for text/css is org.apache.jmeter.protocol.http.parser.CssParser
2020-12-12 03:53:50,427 INFO o.a.j.e.KeyToolUtils: keytool found at 'keytool'
2020-12-12 03:53:50,428 INFO o.a.j.p.h.p.ProxyControl: HTTP(S) Test Script Recorder SSL Proxy will use keys that support embedded 3rd party resources in file /opt/apache-jmeter-5.3/bin/proxyserver.jks
2020-12-12 03:53:50,478 INFO o.a.j.JMeter: Creating summariser <summary>
2020-12-12 03:53:50,487 INFO o.a.j.e.StandardJMeterEngine: Running the test!
2020-12-12 03:53:50,488 INFO o.a.j.s.SampleEvent: List of sample_variables: []
2020-12-12 03:53:50,488 INFO o.a.j.s.SampleEvent: List of sample_variables: []
2020-12-12 03:53:50,495 INFO o.a.j.e.u.CompoundVariable: Note: Function class names must contain the string: '.functions.'
2020-12-12 03:53:50,495 INFO o.a.j.e.u.CompoundVariable: Note: Function class names must not contain the string: '.gui.'
2020-12-12 03:53:50,962 INFO o.a.j.JMeter: Running test (1607745230962)
2020-12-12 03:53:51,036 INFO o.a.j.e.StandardJMeterEngine: Starting ThreadGroup: 1 : Thread Group
2020-12-12 03:53:51,036 INFO o.a.j.e.StandardJMeterEngine: Starting 1 threads for group Thread Group.
2020-12-12 03:53:51,036 INFO o.a.j.e.StandardJMeterEngine: Thread will continue on error
2020-12-12 03:53:51,036 INFO o.a.j.t.ThreadGroup: Starting thread group... number=1 threads=1 ramp-up=1 delayedStart=false
2020-12-12 03:53:51,048 INFO o.a.j.t.ThreadGroup: Started thread group number 1
2020-12-12 03:53:51,048 INFO o.a.j.e.StandardJMeterEngine: All thread groups have been started
2020-12-12 03:53:51,052 INFO o.a.j.s.SampleResult: Note: Sample TimeStamps are START times
2020-12-12 03:53:51,053 INFO o.a.j.s.SampleResult: sampleresult.default.encoding is set to ISO-8859-1
2020-12-12 03:53:51,053 INFO o.a.j.s.SampleResult: sampleresult.useNanoTime=true
2020-12-12 03:53:51,053 INFO o.a.j.s.SampleResult: sampleresult.nanoThreadSleep=5000
2020-12-12 03:53:51,059 INFO o.a.j.t.JMeterThread: Thread started: Thread Group 1-1
2020-12-12 03:53:51,084 INFO o.a.j.p.h.s.HTTPHCAbstractImpl: Local host = jmeter-3fd31dd9511d9ec4-jpl7x
2020-12-12 03:53:51,093 INFO o.a.j.p.h.s.HTTPHC4Impl: HTTP request retry count = 0
2020-12-12 03:53:51,248 INFO o.a.j.p.h.s.h.LazyLayeredConnectionSocketFactory: Setting up HTTPS TrustAll Socket Factory
2020-12-12 03:53:51,256 INFO o.a.j.u.JsseSSLManager: Using default SSL protocol: TLS
2020-12-12 03:53:51,256 INFO o.a.j.u.JsseSSLManager: SSL session context: per-thread
2020-12-12 03:53:51,337 INFO o.a.j.u.SSLManager: JmeterKeyStore Location:  type JKS
2020-12-12 03:53:51,341 INFO o.a.j.u.SSLManager: KeyStore created OK
2020-12-12 03:53:51,341 WARN o.a.j.u.SSLManager: Keystore file not found, loading empty keystore
2020-12-12 03:54:00,025 INFO o.a.j.r.Summariser: summary +     53 in 00:00:09 =    5.8/s Avg:    51 Min:     2 Max:   700 Err:     0 (0.00%) Active: 1 Started: 1 Finished: 0
2020-12-12 03:54:21,178 INFO o.a.j.t.JMeterThread: Thread is done: Thread Group 1-1
2020-12-12 03:54:21,179 INFO o.a.j.t.JMeterThread: Thread finished: Thread Group 1-1
2020-12-12 03:54:21,180 INFO o.a.j.e.StandardJMeterEngine: Notifying test listeners of end of test
2020-12-12 03:54:21,181 INFO o.a.j.r.Summariser: summary +      7 in 00:00:21 =    0.3/s Avg:    20 Min:     9 Max:    29 Err:     0 (0.00%) Active: 0 Started: 1 Finished: 1
2020-12-12 03:54:21,181 INFO o.a.j.r.Summariser: summary =     60 in 00:00:30 =    2.0/s Avg:    47 Min:     2 Max:   700 Err:     0 (0.00%)
2020-12-12 03:54:21,182 INFO o.a.j.e.StandardJMeterEngine: Forced JVM shutdown requested at end of test
