2020-11-30 09:55:04,751 INFO o.a.j.u.JMeterUtils: Setting Locale to en_EN
2020-11-30 09:55:04,791 INFO o.a.j.JMeter: Loading user properties from: /opt/apache-jmeter-5.3/bin/user.properties
2020-11-30 09:55:04,792 INFO o.a.j.JMeter: Loading system properties from: /opt/apache-jmeter-5.3/bin/system.properties
2020-11-30 09:55:04,793 INFO o.a.j.JMeter: Setting JMeter property: gate-url=gitpr-gate-nightly.oes.opsmx.com
2020-11-30 09:55:04,793 INFO o.a.j.JMeter: Setting JMeter property: ui-url=gitpr-ui-nightly.oes.opsmx.com
2020-11-30 09:55:04,793 WARN o.a.j.JMeter: Removing JMeter property: port
2020-11-30 09:55:04,793 INFO o.a.j.JMeter: Setting JMeter property: protocol=http
2020-11-30 09:55:04,793 INFO o.a.j.JMeter: Setting JMeter property: username=user2
2020-11-30 09:55:04,794 INFO o.a.j.JMeter: Setting JMeter property: password=user2password
2020-11-30 09:55:04,794 INFO o.a.j.JMeter: Setting JMeter property: endpoint=opa:8181
2020-11-30 09:55:04,794 INFO o.a.j.JMeter: Setting JMeter property: jmeterengine.force.system.exit=true
2020-11-30 09:55:04,800 INFO o.a.j.JMeter: Copyright (c) 1998-2020 The Apache Software Foundation
2020-11-30 09:55:04,800 INFO o.a.j.JMeter: Version 5.3
2020-11-30 09:55:04,800 INFO o.a.j.JMeter: java.version=1.8.0_252
2020-11-30 09:55:04,801 INFO o.a.j.JMeter: java.vm.name=OpenJDK 64-Bit Server VM
2020-11-30 09:55:04,801 INFO o.a.j.JMeter: os.name=Linux
2020-11-30 09:55:04,801 INFO o.a.j.JMeter: os.arch=amd64
2020-11-30 09:55:04,801 INFO o.a.j.JMeter: os.version=4.15.0-1092-azure
2020-11-30 09:55:04,801 INFO o.a.j.JMeter: file.encoding=UTF-8
2020-11-30 09:55:04,801 INFO o.a.j.JMeter: java.awt.headless=true
2020-11-30 09:55:04,801 INFO o.a.j.JMeter: Max memory     =1073741824
2020-11-30 09:55:04,801 INFO o.a.j.JMeter: Available Processors =1
2020-11-30 09:55:04,821 INFO o.a.j.JMeter: Default Locale=English (EN)
2020-11-30 09:55:04,822 INFO o.a.j.JMeter: JMeter  Locale=English (EN)
2020-11-30 09:55:04,822 INFO o.a.j.JMeter: JMeterHome=/opt/apache-jmeter-5.3
2020-11-30 09:55:04,822 INFO o.a.j.JMeter: user.dir  =/jmeter-testing/jmeter-scripts
2020-11-30 09:55:04,822 INFO o.a.j.JMeter: PWD       =/jmeter-testing/jmeter-scripts
2020-11-30 09:55:04,823 INFO o.a.j.JMeter: IP: 10.244.15.61 Name: jmeter-3fb782a9f8b02210-nssbz FullName: jmeter-3fb782a9f8b02210-nssbz
2020-11-30 09:55:04,841 INFO o.a.j.s.FileServer: Default base='/jmeter-testing/jmeter-scripts'
2020-11-30 09:55:04,859 INFO o.a.j.s.FileServer: Set new base='/jmeter-testing/jmeter-scripts'
2020-11-30 09:55:05,324 INFO o.a.j.s.SaveService: Testplan (JMX) version: 2.2. Testlog (JTL) version: 2.2
2020-11-30 09:55:05,429 INFO o.a.j.s.SaveService: Using SaveService properties file encoding UTF-8
2020-11-30 09:55:05,440 INFO o.a.j.s.SaveService: Using SaveService properties version 5.0
2020-11-30 09:55:05,459 INFO o.a.j.s.SaveService: Loading file: B-DataSource-OES3.jmx
2020-11-30 09:55:05,576 INFO o.a.j.p.h.c.CookieManager: Settings: Delete null: true Check: true Allow variable: true Save: false Prefix: COOKIE_
2020-11-30 09:55:05,632 INFO o.a.j.p.h.s.HTTPSamplerBase: Parser for text/html is org.apache.jmeter.protocol.http.parser.LagartoBasedHtmlParser
2020-11-30 09:55:05,633 INFO o.a.j.p.h.s.HTTPSamplerBase: Parser for application/xhtml+xml is org.apache.jmeter.protocol.http.parser.LagartoBasedHtmlParser
2020-11-30 09:55:05,633 INFO o.a.j.p.h.s.HTTPSamplerBase: Parser for application/xml is org.apache.jmeter.protocol.http.parser.LagartoBasedHtmlParser
2020-11-30 09:55:05,633 INFO o.a.j.p.h.s.HTTPSamplerBase: Parser for text/xml is org.apache.jmeter.protocol.http.parser.LagartoBasedHtmlParser
2020-11-30 09:55:05,633 INFO o.a.j.p.h.s.HTTPSamplerBase: Parser for text/vnd.wap.wml is org.apache.jmeter.protocol.http.parser.RegexpHTMLParser
2020-11-30 09:55:05,633 INFO o.a.j.p.h.s.HTTPSamplerBase: Parser for text/css is org.apache.jmeter.protocol.http.parser.CssParser
2020-11-30 09:55:06,308 INFO o.a.j.e.KeyToolUtils: keytool found at 'keytool'
2020-11-30 09:55:06,309 INFO o.a.j.p.h.p.ProxyControl: HTTP(S) Test Script Recorder SSL Proxy will use keys that support embedded 3rd party resources in file /opt/apache-jmeter-5.3/bin/proxyserver.jks
2020-11-30 09:55:06,428 INFO o.a.j.JMeter: Creating summariser <summary>
2020-11-30 09:55:06,520 INFO o.a.j.e.StandardJMeterEngine: Running the test!
2020-11-30 09:55:06,521 INFO o.a.j.s.SampleEvent: List of sample_variables: []
2020-11-30 09:55:06,521 INFO o.a.j.s.SampleEvent: List of sample_variables: []
2020-11-30 09:55:06,529 INFO o.a.j.e.u.CompoundVariable: Note: Function class names must contain the string: '.functions.'
2020-11-30 09:55:06,529 INFO o.a.j.e.u.CompoundVariable: Note: Function class names must not contain the string: '.gui.'
2020-11-30 09:55:07,754 INFO o.a.j.JMeter: Running test (1606730107754)
2020-11-30 09:55:07,930 INFO o.a.j.e.StandardJMeterEngine: Starting ThreadGroup: 1 : Thread Group
2020-11-30 09:55:07,931 INFO o.a.j.e.StandardJMeterEngine: Starting 1 threads for group Thread Group.
2020-11-30 09:55:07,932 INFO o.a.j.e.StandardJMeterEngine: Thread will continue on error
2020-11-30 09:55:07,932 INFO o.a.j.t.ThreadGroup: Starting thread group... number=1 threads=1 ramp-up=1 delayedStart=false
2020-11-30 09:55:07,956 INFO o.a.j.t.ThreadGroup: Started thread group number 1
2020-11-30 09:55:07,956 INFO o.a.j.e.StandardJMeterEngine: All thread groups have been started
2020-11-30 09:55:07,998 INFO o.a.j.s.SampleResult: Note: Sample TimeStamps are START times
2020-11-30 09:55:07,999 INFO o.a.j.s.SampleResult: sampleresult.default.encoding is set to ISO-8859-1
2020-11-30 09:55:07,999 INFO o.a.j.s.SampleResult: sampleresult.useNanoTime=true
2020-11-30 09:55:07,999 INFO o.a.j.s.SampleResult: sampleresult.nanoThreadSleep=5000
2020-11-30 09:55:08,002 INFO o.a.j.t.JMeterThread: Thread started: Thread Group 1-1
2020-11-30 09:55:08,063 INFO o.a.j.p.h.s.HTTPHCAbstractImpl: Local host = jmeter-3fb782a9f8b02210-nssbz
2020-11-30 09:55:08,088 INFO o.a.j.p.h.s.HTTPHC4Impl: HTTP request retry count = 0
2020-11-30 09:55:25,807 INFO o.a.j.t.JMeterThread: Thread is done: Thread Group 1-1
2020-11-30 09:55:25,807 INFO o.a.j.t.JMeterThread: Thread finished: Thread Group 1-1
2020-11-30 09:55:25,808 INFO o.a.j.e.StandardJMeterEngine: Notifying test listeners of end of test
2020-11-30 09:55:25,810 INFO o.a.j.r.Summariser: summary =     21 in 00:00:18 =    1.2/s Avg:   832 Min:    32 Max:  1636 Err:    13 (61.90%)
2020-11-30 09:55:25,816 INFO o.a.j.e.StandardJMeterEngine: Forced JVM shutdown requested at end of test
