2020-12-14 12:05:49,336 INFO o.a.j.u.JMeterUtils: Setting Locale to en_EN
2020-12-14 12:05:49,350 INFO o.a.j.JMeter: Loading user properties from: /opt/apache-jmeter-5.3/bin/user.properties
2020-12-14 12:05:49,350 INFO o.a.j.JMeter: Loading system properties from: /opt/apache-jmeter-5.3/bin/system.properties
2020-12-14 12:05:49,350 INFO o.a.j.JMeter: Setting JMeter property: gate-url=nightly-oes3-gate.opsmx.com
2020-12-14 12:05:49,350 INFO o.a.j.JMeter: Setting JMeter property: ui-url=nightly-oes3.opsmx.com
2020-12-14 12:05:49,350 INFO o.a.j.JMeter: Setting JMeter property: port=443
2020-12-14 12:05:49,350 INFO o.a.j.JMeter: Setting JMeter property: protocol=https
2020-12-14 12:05:49,351 INFO o.a.j.JMeter: Setting JMeter property: username=user2
2020-12-14 12:05:49,351 INFO o.a.j.JMeter: Setting JMeter property: password=user2password
2020-12-14 12:05:49,351 INFO o.a.j.JMeter: Setting JMeter property: endpoint=opa:8181
2020-12-14 12:05:49,351 INFO o.a.j.JMeter: Setting JMeter property: jmeterengine.force.system.exit=true
2020-12-14 12:05:49,352 INFO o.a.j.JMeter: Copyright (c) 1998-2020 The Apache Software Foundation
2020-12-14 12:05:49,352 INFO o.a.j.JMeter: Version 5.3
2020-12-14 12:05:49,352 INFO o.a.j.JMeter: java.version=1.8.0_252
2020-12-14 12:05:49,352 INFO o.a.j.JMeter: java.vm.name=OpenJDK 64-Bit Server VM
2020-12-14 12:05:49,352 INFO o.a.j.JMeter: os.name=Linux
2020-12-14 12:05:49,352 INFO o.a.j.JMeter: os.arch=amd64
2020-12-14 12:05:49,352 INFO o.a.j.JMeter: os.version=4.4.0-194-generic
2020-12-14 12:05:49,352 INFO o.a.j.JMeter: file.encoding=UTF-8
2020-12-14 12:05:49,353 INFO o.a.j.JMeter: java.awt.headless=true
2020-12-14 12:05:49,353 INFO o.a.j.JMeter: Max memory     =1073741824
2020-12-14 12:05:49,353 INFO o.a.j.JMeter: Available Processors =6
2020-12-14 12:05:49,358 INFO o.a.j.JMeter: Default Locale=English (EN)
2020-12-14 12:05:49,358 INFO o.a.j.JMeter: JMeter  Locale=English (EN)
2020-12-14 12:05:49,358 INFO o.a.j.JMeter: JMeterHome=/opt/apache-jmeter-5.3
2020-12-14 12:05:49,358 INFO o.a.j.JMeter: user.dir  =/jmeter-testing/jmeter-scripts
2020-12-14 12:05:49,359 INFO o.a.j.JMeter: PWD       =/jmeter-testing/jmeter-scripts
2020-12-14 12:05:49,359 INFO o.a.j.JMeter: IP: 172.17.0.4 Name: 367b3186e105 FullName: 367b3186e105
2020-12-14 12:05:49,364 INFO o.a.j.s.FileServer: Default base='/jmeter-testing/jmeter-scripts'
2020-12-14 12:05:49,369 INFO o.a.j.s.FileServer: Set new base='/jmeter-testing/jmeter-scripts'
2020-12-14 12:05:49,505 INFO o.a.j.s.SaveService: Testplan (JMX) version: 2.2. Testlog (JTL) version: 2.2
2020-12-14 12:05:49,526 INFO o.a.j.s.SaveService: Using SaveService properties file encoding UTF-8
2020-12-14 12:05:49,531 INFO o.a.j.s.SaveService: Using SaveService properties version 5.0
2020-12-14 12:05:49,540 INFO o.a.j.s.SaveService: Loading file: G-sonarqube-create-delete.jmx
2020-12-14 12:05:49,583 INFO o.a.j.p.h.c.CookieManager: Settings: Delete null: true Check: true Allow variable: true Save: false Prefix: COOKIE_
2020-12-14 12:05:49,600 INFO o.a.j.p.h.s.HTTPSamplerBase: Parser for text/html is org.apache.jmeter.protocol.http.parser.LagartoBasedHtmlParser
2020-12-14 12:05:49,600 INFO o.a.j.p.h.s.HTTPSamplerBase: Parser for application/xhtml+xml is org.apache.jmeter.protocol.http.parser.LagartoBasedHtmlParser
2020-12-14 12:05:49,600 INFO o.a.j.p.h.s.HTTPSamplerBase: Parser for application/xml is org.apache.jmeter.protocol.http.parser.LagartoBasedHtmlParser
2020-12-14 12:05:49,600 INFO o.a.j.p.h.s.HTTPSamplerBase: Parser for text/xml is org.apache.jmeter.protocol.http.parser.LagartoBasedHtmlParser
2020-12-14 12:05:49,600 INFO o.a.j.p.h.s.HTTPSamplerBase: Parser for text/vnd.wap.wml is org.apache.jmeter.protocol.http.parser.RegexpHTMLParser
2020-12-14 12:05:49,600 INFO o.a.j.p.h.s.HTTPSamplerBase: Parser for text/css is org.apache.jmeter.protocol.http.parser.CssParser
2020-12-14 12:05:49,877 INFO o.a.j.e.KeyToolUtils: keytool found at 'keytool'
2020-12-14 12:05:49,878 INFO o.a.j.p.h.p.ProxyControl: HTTP(S) Test Script Recorder SSL Proxy will use keys that support embedded 3rd party resources in file /opt/apache-jmeter-5.3/bin/proxyserver.jks
2020-12-14 12:05:49,909 INFO o.a.j.JMeter: Creating summariser <summary>
2020-12-14 12:05:49,915 INFO o.a.j.e.StandardJMeterEngine: Running the test!
2020-12-14 12:05:49,915 INFO o.a.j.s.SampleEvent: List of sample_variables: []
2020-12-14 12:05:49,916 INFO o.a.j.s.SampleEvent: List of sample_variables: []
2020-12-14 12:05:49,921 INFO o.a.j.e.u.CompoundVariable: Note: Function class names must contain the string: '.functions.'
2020-12-14 12:05:49,921 INFO o.a.j.e.u.CompoundVariable: Note: Function class names must not contain the string: '.gui.'
2020-12-14 12:05:50,272 INFO o.a.j.JMeter: Running test (1607947550272)
2020-12-14 12:05:50,319 INFO o.a.j.e.StandardJMeterEngine: Starting ThreadGroup: 1 : Thread Group
2020-12-14 12:05:50,319 INFO o.a.j.e.StandardJMeterEngine: Starting 1 threads for group Thread Group.
2020-12-14 12:05:50,319 INFO o.a.j.e.StandardJMeterEngine: Thread will continue on error
2020-12-14 12:05:50,319 INFO o.a.j.t.ThreadGroup: Starting thread group... number=1 threads=1 ramp-up=1 delayedStart=false
2020-12-14 12:05:50,327 INFO o.a.j.t.ThreadGroup: Started thread group number 1
2020-12-14 12:05:50,327 INFO o.a.j.e.StandardJMeterEngine: All thread groups have been started
2020-12-14 12:05:50,330 INFO o.a.j.s.SampleResult: Note: Sample TimeStamps are START times
2020-12-14 12:05:50,330 INFO o.a.j.s.SampleResult: sampleresult.default.encoding is set to ISO-8859-1
2020-12-14 12:05:50,330 INFO o.a.j.s.SampleResult: sampleresult.useNanoTime=true
2020-12-14 12:05:50,330 INFO o.a.j.s.SampleResult: sampleresult.nanoThreadSleep=5000
2020-12-14 12:05:50,335 INFO o.a.j.t.JMeterThread: Thread started: Thread Group 1-1
2020-12-14 12:05:50,354 INFO o.a.j.p.h.s.HTTPHCAbstractImpl: Local host = 367b3186e105
2020-12-14 12:05:50,359 INFO o.a.j.p.h.s.HTTPHC4Impl: HTTP request retry count = 0
2020-12-14 12:05:50,431 INFO o.a.j.p.h.s.h.LazyLayeredConnectionSocketFactory: Setting up HTTPS TrustAll Socket Factory
2020-12-14 12:05:50,436 INFO o.a.j.u.JsseSSLManager: Using default SSL protocol: TLS
2020-12-14 12:05:50,436 INFO o.a.j.u.JsseSSLManager: SSL session context: per-thread
2020-12-14 12:05:50,836 INFO o.a.j.u.SSLManager: JmeterKeyStore Location:  type JKS
2020-12-14 12:05:50,840 INFO o.a.j.u.SSLManager: KeyStore created OK
2020-12-14 12:05:50,840 WARN o.a.j.u.SSLManager: Keystore file not found, loading empty keystore
2020-12-14 12:06:00,048 INFO o.a.j.r.Summariser: summary +     22 in 00:00:10 =    2.3/s Avg:   435 Min:   284 Max:  1660 Err:     0 (0.00%) Active: 1 Started: 1 Finished: 0
2020-12-14 12:06:31,330 INFO o.a.j.r.Summariser: summary +     35 in 00:00:31 =    1.1/s Avg:   375 Min:   275 Max:  1162 Err:     0 (0.00%) Active: 1 Started: 1 Finished: 0
2020-12-14 12:06:31,331 INFO o.a.j.r.Summariser: summary =     57 in 00:00:41 =    1.4/s Avg:   398 Min:   275 Max:  1660 Err:     0 (0.00%)
2020-12-14 12:06:41,212 INFO o.a.j.t.JMeterThread: Thread is done: Thread Group 1-1
2020-12-14 12:06:41,213 INFO o.a.j.t.JMeterThread: Thread finished: Thread Group 1-1
2020-12-14 12:06:41,223 INFO o.a.j.e.StandardJMeterEngine: Notifying test listeners of end of test
2020-12-14 12:06:41,226 INFO o.a.j.r.Summariser: summary +      3 in 00:00:10 =    0.3/s Avg:   289 Min:   271 Max:   300 Err:     0 (0.00%) Active: 0 Started: 1 Finished: 1
2020-12-14 12:06:41,226 INFO o.a.j.r.Summariser: summary =     60 in 00:00:51 =    1.2/s Avg:   393 Min:   271 Max:  1660 Err:     0 (0.00%)
2020-12-14 12:06:41,227 INFO o.a.j.e.StandardJMeterEngine: Forced JVM shutdown requested at end of test
