2020-09-15 06:51:26,723 INFO o.a.j.u.JMeterUtils: Setting Locale to en_EN
2020-09-15 06:51:27,034 INFO o.a.j.JMeter: Loading user properties from: /opt/apache-jmeter-5.1.1/bin/user.properties
2020-09-15 06:51:27,034 INFO o.a.j.JMeter: Loading system properties from: /opt/apache-jmeter-5.1.1/bin/system.properties
2020-09-15 06:51:27,083 INFO o.a.j.JMeter: Setting JMeter property: gate-url=http://oestest3-gate.engineering.opsmx.net
2020-09-15 06:51:27,084 INFO o.a.j.JMeter: Setting JMeter property: ui-url=http://40.125.124.76
2020-09-15 06:51:27,084 INFO o.a.j.JMeter: Setting JMeter property: port=8084
2020-09-15 06:51:27,084 INFO o.a.j.JMeter: Setting JMeter property: protocol=http
2020-09-15 06:51:27,084 INFO o.a.j.JMeter: Setting JMeter property: username=user2
2020-09-15 06:51:27,085 INFO o.a.j.JMeter: Setting JMeter property: password=user2password
2020-09-15 06:51:27,085 INFO o.a.j.JMeter: Setting JMeter property: endpoint=ops-svc:8181
2020-09-15 06:51:27,135 INFO o.a.j.JMeter: Copyright (c) 1998-2019 The Apache Software Foundation
2020-09-15 06:51:27,135 INFO o.a.j.JMeter: Version 5.1.1 r1855137
2020-09-15 06:51:27,135 INFO o.a.j.JMeter: java.version=1.8.0_222
2020-09-15 06:51:27,136 INFO o.a.j.JMeter: java.vm.name=OpenJDK 64-Bit Server VM
2020-09-15 06:51:27,136 INFO o.a.j.JMeter: os.name=Linux
2020-09-15 06:51:27,136 INFO o.a.j.JMeter: os.arch=amd64
2020-09-15 06:51:27,136 INFO o.a.j.JMeter: os.version=4.15.0-1092-azure
2020-09-15 06:51:27,136 INFO o.a.j.JMeter: file.encoding=UTF-8
2020-09-15 06:51:27,136 INFO o.a.j.JMeter: java.awt.headless=true
2020-09-15 06:51:27,142 INFO o.a.j.JMeter: Max memory     =1073741824
2020-09-15 06:51:27,155 INFO o.a.j.JMeter: Available Processors =1
2020-09-15 06:51:27,232 INFO o.a.j.JMeter: Default Locale=English (EN)
2020-09-15 06:51:27,233 INFO o.a.j.JMeter: JMeter  Locale=English (EN)
2020-09-15 06:51:27,233 INFO o.a.j.JMeter: JMeterHome=/opt/apache-jmeter-5.1.1
2020-09-15 06:51:27,233 INFO o.a.j.JMeter: user.dir  =/jmeter-testing/jmeter-scripts
2020-09-15 06:51:27,233 INFO o.a.j.JMeter: PWD       =/jmeter-testing/jmeter-scripts
2020-09-15 06:51:27,234 INFO o.a.j.JMeter: IP: 10.244.3.175 Name: jmeter-3fd2632d75f8d688-mdf6r FullName: jmeter-3fd2632d75f8d688-mdf6r
2020-09-15 06:51:27,264 INFO o.a.j.s.FileServer: Default base='/jmeter-testing/jmeter-scripts'
2020-09-15 06:51:27,323 INFO o.a.j.s.FileServer: Set new base='/jmeter-testing/jmeter-scripts'
2020-09-15 06:51:28,439 INFO o.a.j.s.SaveService: Testplan (JMX) version: 2.2. Testlog (JTL) version: 2.2
2020-09-15 06:51:28,515 INFO o.a.j.s.SaveService: Using SaveService properties file encoding UTF-8
2020-09-15 06:51:28,535 INFO o.a.j.s.SaveService: Using SaveService properties version 5.0
2020-09-15 06:51:28,556 INFO o.a.j.s.SaveService: Loading file: B-DataSource-OES3.jmx
2020-09-15 06:51:28,684 INFO o.a.j.p.h.c.CookieManager: Settings: Delete null: true Check: true Allow variable: true Save: false Prefix: COOKIE_
2020-09-15 06:51:28,747 INFO o.a.j.p.h.s.HTTPSamplerBase: Parser for text/html is org.apache.jmeter.protocol.http.parser.LagartoBasedHtmlParser
2020-09-15 06:51:28,747 INFO o.a.j.p.h.s.HTTPSamplerBase: Parser for application/xhtml+xml is org.apache.jmeter.protocol.http.parser.LagartoBasedHtmlParser
2020-09-15 06:51:28,747 INFO o.a.j.p.h.s.HTTPSamplerBase: Parser for application/xml is org.apache.jmeter.protocol.http.parser.LagartoBasedHtmlParser
2020-09-15 06:51:28,747 INFO o.a.j.p.h.s.HTTPSamplerBase: Parser for text/xml is org.apache.jmeter.protocol.http.parser.LagartoBasedHtmlParser
2020-09-15 06:51:28,747 INFO o.a.j.p.h.s.HTTPSamplerBase: Parser for text/vnd.wap.wml is org.apache.jmeter.protocol.http.parser.RegexpHTMLParser
2020-09-15 06:51:28,747 INFO o.a.j.p.h.s.HTTPSamplerBase: Parser for text/css is org.apache.jmeter.protocol.http.parser.CssParser
2020-09-15 06:51:29,805 INFO o.a.j.e.KeyToolUtils: keytool found at 'keytool'
2020-09-15 06:51:29,805 INFO o.a.j.p.h.p.ProxyControl: HTTP(S) Test Script Recorder SSL Proxy will use keys that support embedded 3rd party resources in file /opt/apache-jmeter-5.1.1/bin/proxyserver.jks
2020-09-15 06:51:30,019 INFO o.a.j.JMeter: Creating summariser <summary>
2020-09-15 06:51:30,057 INFO o.a.j.e.StandardJMeterEngine: Running the test!
2020-09-15 06:51:30,058 INFO o.a.j.s.SampleEvent: List of sample_variables: []
2020-09-15 06:51:30,058 INFO o.a.j.s.SampleEvent: List of sample_variables: []
2020-09-15 06:51:30,136 INFO o.a.j.e.u.CompoundVariable: Note: Function class names must contain the string: '.functions.'
2020-09-15 06:51:30,136 INFO o.a.j.e.u.CompoundVariable: Note: Function class names must not contain the string: '.gui.'
2020-09-15 06:51:31,646 INFO o.a.j.JMeter: Running test (1600152691645)
2020-09-15 06:51:31,879 INFO o.a.j.e.StandardJMeterEngine: Starting ThreadGroup: 1 : Thread Group
2020-09-15 06:51:31,879 INFO o.a.j.e.StandardJMeterEngine: Starting 1 threads for group Thread Group.
2020-09-15 06:51:31,879 INFO o.a.j.e.StandardJMeterEngine: Thread will continue on error
2020-09-15 06:51:31,879 INFO o.a.j.t.ThreadGroup: Starting thread group... number=1 threads=1 ramp-up=1 delayedStart=false
2020-09-15 06:51:31,946 INFO o.a.j.t.ThreadGroup: Started thread group number 1
2020-09-15 06:51:31,946 INFO o.a.j.e.StandardJMeterEngine: All thread groups have been started
2020-09-15 06:51:31,977 INFO o.a.j.s.SampleResult: Note: Sample TimeStamps are START times
2020-09-15 06:51:31,977 INFO o.a.j.s.SampleResult: sampleresult.default.encoding is set to ISO-8859-1
2020-09-15 06:51:31,977 INFO o.a.j.s.SampleResult: sampleresult.useNanoTime=true
2020-09-15 06:51:31,977 INFO o.a.j.s.SampleResult: sampleresult.nanoThreadSleep=5000
2020-09-15 06:51:31,984 INFO o.a.j.t.JMeterThread: Thread started: Thread Group 1-1
2020-09-15 06:51:32,034 INFO o.a.j.r.Summariser: summary +      1 in 00:00:00 =    2.6/s Avg:     0 Min:     0 Max:     0 Err:     1 (100.00%) Active: 1 Started: 1 Finished: 0
2020-09-15 06:51:32,072 INFO o.a.j.t.JMeterThread: Thread is done: Thread Group 1-1
2020-09-15 06:51:32,072 INFO o.a.j.t.JMeterThread: Thread finished: Thread Group 1-1
2020-09-15 06:51:32,072 INFO o.a.j.e.StandardJMeterEngine: Notifying test listeners of end of test
2020-09-15 06:51:32,074 INFO o.a.j.r.Summariser: summary +     19 in 00:00:00 =  487.2/s Avg:     0 Min:     0 Max:     0 Err:    19 (100.00%) Active: 0 Started: 1 Finished: 1
2020-09-15 06:51:32,074 INFO o.a.j.r.Summariser: summary =     20 in 00:00:00 =   46.6/s Avg:     0 Min:     0 Max:     0 Err:    20 (100.00%)
