2020-09-08 08:08:53,045 INFO o.a.j.u.JMeterUtils: Setting Locale to en_EN
2020-09-08 08:08:53,086 INFO o.a.j.JMeter: Loading user properties from: /opt/apache-jmeter-5.1.1/bin/user.properties
2020-09-08 08:08:53,086 INFO o.a.j.JMeter: Loading system properties from: /opt/apache-jmeter-5.1.1/bin/system.properties
2020-09-08 08:08:53,103 INFO o.a.j.JMeter: Setting JMeter property: gate-url=oes-demo-api.opsmx.com
2020-09-08 08:08:53,103 INFO o.a.j.JMeter: Setting JMeter property: ui-url=oes-demo.opsmx.com
2020-09-08 08:08:53,103 INFO o.a.j.JMeter: Setting JMeter property: port=443
2020-09-08 08:08:53,103 INFO o.a.j.JMeter: Setting JMeter property: protocol=https
2020-09-08 08:08:53,103 INFO o.a.j.JMeter: Setting JMeter property: username=admin
2020-09-08 08:08:53,103 INFO o.a.j.JMeter: Setting JMeter property: password=opsmx@123
2020-09-08 08:08:53,104 INFO o.a.j.JMeter: Setting JMeter property: endpoint=opa-svc.oes3:8181
2020-09-08 08:08:53,134 INFO o.a.j.JMeter: Copyright (c) 1998-2019 The Apache Software Foundation
2020-09-08 08:08:53,134 INFO o.a.j.JMeter: Version 5.1.1 r1855137
2020-09-08 08:08:53,134 INFO o.a.j.JMeter: java.version=1.8.0_222
2020-09-08 08:08:53,134 INFO o.a.j.JMeter: java.vm.name=OpenJDK 64-Bit Server VM
2020-09-08 08:08:53,134 INFO o.a.j.JMeter: os.name=Linux
2020-09-08 08:08:53,134 INFO o.a.j.JMeter: os.arch=amd64
2020-09-08 08:08:53,135 INFO o.a.j.JMeter: os.version=4.15.0-1092-azure
2020-09-08 08:08:53,135 INFO o.a.j.JMeter: file.encoding=UTF-8
2020-09-08 08:08:53,135 INFO o.a.j.JMeter: java.awt.headless=true
2020-09-08 08:08:53,136 INFO o.a.j.JMeter: Max memory     =1073741824
2020-09-08 08:08:53,136 INFO o.a.j.JMeter: Available Processors =1
2020-09-08 08:08:53,165 INFO o.a.j.JMeter: Default Locale=English (EN)
2020-09-08 08:08:53,166 INFO o.a.j.JMeter: JMeter  Locale=English (EN)
2020-09-08 08:08:53,166 INFO o.a.j.JMeter: JMeterHome=/opt/apache-jmeter-5.1.1
2020-09-08 08:08:53,166 INFO o.a.j.JMeter: user.dir  =/jmeter-testing/jmeter-scripts
2020-09-08 08:08:53,172 INFO o.a.j.JMeter: PWD       =/jmeter-testing/jmeter-scripts
2020-09-08 08:08:53,173 INFO o.a.j.JMeter: IP: 10.244.3.90 Name: jmeter-3feee2b421e452ea-c22vj FullName: jmeter-3feee2b421e452ea-c22vj
2020-09-08 08:08:53,195 INFO o.a.j.s.FileServer: Default base='/jmeter-testing/jmeter-scripts'
2020-09-08 08:08:53,225 INFO o.a.j.s.FileServer: Set new base='/jmeter-testing/jmeter-scripts'
2020-09-08 08:08:53,771 INFO o.a.j.s.SaveService: Testplan (JMX) version: 2.2. Testlog (JTL) version: 2.2
2020-09-08 08:08:53,820 INFO o.a.j.s.SaveService: Using SaveService properties file encoding UTF-8
2020-09-08 08:08:53,832 INFO o.a.j.s.SaveService: Using SaveService properties version 5.0
2020-09-08 08:08:53,851 INFO o.a.j.s.SaveService: Loading file: F-oes-policy-edit-and-delete.jmx
2020-09-08 08:08:54,089 INFO o.a.j.p.h.c.CookieManager: Settings: Delete null: true Check: true Allow variable: true Save: false Prefix: COOKIE_
2020-09-08 08:08:54,217 INFO o.a.j.p.h.s.HTTPSamplerBase: Parser for text/html is org.apache.jmeter.protocol.http.parser.LagartoBasedHtmlParser
2020-09-08 08:08:54,217 INFO o.a.j.p.h.s.HTTPSamplerBase: Parser for application/xhtml+xml is org.apache.jmeter.protocol.http.parser.LagartoBasedHtmlParser
2020-09-08 08:08:54,217 INFO o.a.j.p.h.s.HTTPSamplerBase: Parser for application/xml is org.apache.jmeter.protocol.http.parser.LagartoBasedHtmlParser
2020-09-08 08:08:54,217 INFO o.a.j.p.h.s.HTTPSamplerBase: Parser for text/xml is org.apache.jmeter.protocol.http.parser.LagartoBasedHtmlParser
2020-09-08 08:08:54,217 INFO o.a.j.p.h.s.HTTPSamplerBase: Parser for text/vnd.wap.wml is org.apache.jmeter.protocol.http.parser.RegexpHTMLParser
2020-09-08 08:08:54,217 INFO o.a.j.p.h.s.HTTPSamplerBase: Parser for text/css is org.apache.jmeter.protocol.http.parser.CssParser
2020-09-08 08:08:55,656 INFO o.a.j.e.KeyToolUtils: keytool found at 'keytool'
2020-09-08 08:08:55,656 INFO o.a.j.p.h.p.ProxyControl: HTTP(S) Test Script Recorder SSL Proxy will use keys that support embedded 3rd party resources in file /opt/apache-jmeter-5.1.1/bin/proxyserver.jks
2020-09-08 08:08:55,722 INFO o.a.j.JMeter: Creating summariser <summary>
2020-09-08 08:08:55,767 INFO o.a.j.e.StandardJMeterEngine: Running the test!
2020-09-08 08:08:55,768 INFO o.a.j.s.SampleEvent: List of sample_variables: []
2020-09-08 08:08:55,768 INFO o.a.j.s.SampleEvent: List of sample_variables: []
2020-09-08 08:08:55,814 INFO o.a.j.e.u.CompoundVariable: Note: Function class names must contain the string: '.functions.'
2020-09-08 08:08:55,814 INFO o.a.j.e.u.CompoundVariable: Note: Function class names must not contain the string: '.gui.'
2020-09-08 08:08:58,490 INFO o.a.j.JMeter: Running test (1599552538490)
2020-09-08 08:08:58,678 INFO o.a.j.e.StandardJMeterEngine: Starting ThreadGroup: 1 : Thread Group
2020-09-08 08:08:58,678 INFO o.a.j.e.StandardJMeterEngine: Starting 1 threads for group Thread Group.
2020-09-08 08:08:58,678 INFO o.a.j.e.StandardJMeterEngine: Thread will continue on error
2020-09-08 08:08:58,679 INFO o.a.j.t.ThreadGroup: Starting thread group... number=1 threads=1 ramp-up=1 delayedStart=false
2020-09-08 08:08:58,717 INFO o.a.j.t.ThreadGroup: Started thread group number 1
2020-09-08 08:08:58,717 INFO o.a.j.e.StandardJMeterEngine: All thread groups have been started
2020-09-08 08:08:58,747 INFO o.a.j.s.SampleResult: Note: Sample TimeStamps are START times
2020-09-08 08:08:58,748 INFO o.a.j.s.SampleResult: sampleresult.default.encoding is set to ISO-8859-1
2020-09-08 08:08:58,748 INFO o.a.j.s.SampleResult: sampleresult.useNanoTime=true
2020-09-08 08:08:58,748 INFO o.a.j.s.SampleResult: sampleresult.nanoThreadSleep=5000
2020-09-08 08:08:58,760 INFO o.a.j.t.JMeterThread: Thread started: Thread Group 1-1
2020-09-08 08:08:58,878 INFO o.a.j.p.h.s.HTTPHCAbstractImpl: Local host = jmeter-3feee2b421e452ea-c22vj
2020-09-08 08:08:58,898 INFO o.a.j.p.h.s.HTTPHC4Impl: HTTP request retry count = 0
2020-09-08 08:08:59,169 INFO o.a.j.p.h.s.h.LazyLayeredConnectionSocketFactory: Setting up HTTPS TrustAll Socket Factory
2020-09-08 08:08:59,183 INFO o.a.j.u.JsseSSLManager: Using default SSL protocol: TLS
2020-09-08 08:08:59,184 INFO o.a.j.u.JsseSSLManager: SSL session context: per-thread
2020-09-08 08:08:59,412 INFO o.a.j.u.SSLManager: JmeterKeyStore Location:  type JKS
2020-09-08 08:08:59,429 INFO o.a.j.u.SSLManager: KeyStore created OK
2020-09-08 08:08:59,429 WARN o.a.j.u.SSLManager: Keystore file not found, loading empty keystore
2020-09-08 08:09:00,479 INFO o.a.j.r.Summariser: summary +      1 in 00:00:02 =    0.5/s Avg:  1358 Min:  1358 Max:  1358 Err:     1 (100.00%) Active: 1 Started: 1 Finished: 0
2020-09-08 08:09:03,529 INFO o.a.j.t.JMeterThread: Thread is done: Thread Group 1-1
2020-09-08 08:09:03,529 INFO o.a.j.t.JMeterThread: Thread finished: Thread Group 1-1
2020-09-08 08:09:03,530 INFO o.a.j.e.StandardJMeterEngine: Notifying test listeners of end of test
2020-09-08 08:09:03,532 INFO o.a.j.r.Summariser: summary +     29 in 00:00:03 =    9.5/s Avg:   102 Min:    54 Max:   297 Err:     0 (0.00%) Active: 0 Started: 1 Finished: 1
2020-09-08 08:09:03,532 INFO o.a.j.r.Summariser: summary =     30 in 00:00:05 =    5.9/s Avg:   144 Min:    54 Max:  1358 Err:     1 (3.33%)
